# JRE version: OpenJDK Runtime Environment (11.0.15) (build 11.0.15+0-b2043.56-9505619)
# Java VM: OpenJDK 64-Bit Server VM (11.0.15+0-b2043.56-9505619, mixed mode, tiered, compressed oops, g1 gc, windows-amd64)
Heap:
 garbage-first heap   total 227328K, used 163088K [0x0000000080000000, 0x0000000100000000)
  region size 1024K, 69 young (70656K), 7 survivors (7168K)
 Metaspace       used 96796K, capacity 99429K, committed 99712K, reserved 1136640K
  class space    used 12410K, capacity 13385K, committed 13440K, reserved 1048576K
GC Heap History (20 events):
Event: 27.945 GC heap before
{Heap before GC invocations=21 (full 0):
 garbage-first heap   total 189440K, used 145123K [0x0000000080000000, 0x0000000100000000)
  region size 1024K, 101 young (103424K), 9 survivors (9216K)
 Metaspace       used 68805K, capacity 70614K, committed 70784K, reserved 1110016K
  class space    used 8655K, capacity 9329K, committed 9344K, reserved 1048576K
}
Event: 27.969 GC heap after
{Heap after GC invocations=22 (full 0):
 garbage-first heap   total 189440K, used 55639K [0x0000000080000000, 0x0000000100000000)
  region size 1024K, 8 young (8192K), 8 survivors (8192K)
 Metaspace       used 68805K, capacity 70614K, committed 70784K, reserved 1110016K
  class space    used 8655K, capacity 9329K, committed 9344K, reserved 1048576K
}
Event: 29.868 GC heap before
{Heap before GC invocations=22 (full 0):
 garbage-first heap   total 189440K, used 148823K [0x0000000080000000, 0x0000000100000000)
  region size 1024K, 99 young (101376K), 8 survivors (8192K)
 Metaspace       used 73257K, capacity 75133K, committed 75264K, reserved 1114112K
  class space    used 9431K, capacity 10128K, committed 10240K, reserved 1048576K
}
Event: 29.892 GC heap after
{Heap after GC invocations=23 (full 0):
 garbage-first heap   total 227328K, used 57949K [0x0000000080000000, 0x0000000100000000)
  region size 1024K, 7 young (7168K), 7 survivors (7168K)
 Metaspace       used 73257K, capacity 75133K, committed 75264K, reserved 1114112K
  class space    used 9431K, capacity 10128K, committed 10240K, reserved 1048576K
}
Event: 31.786 GC heap before
{Heap before GC invocations=23 (full 0):
 garbage-first heap   total 227328K, used 168541K [0x0000000080000000, 0x0000000100000000)
  region size 1024K, 115 young (117760K), 7 survivors (7168K)
 Metaspace       used 76617K, capacity 78664K, committed 78848K, reserved 1118208K
  class space    used 9933K, capacity 10685K, committed 10752K, reserved 1048576K
}
Event: 31.811 GC heap after
{Heap after GC invocations=24 (full 0):
 garbage-first heap   total 227328K, used 62708K [0x0000000080000000, 0x0000000100000000)
  region size 1024K, 12 young (12288K), 12 survivors (12288K)
 Metaspace       used 76617K, capacity 78664K, committed 78848K, reserved 1118208K
  class space    used 9933K, capacity 10685K, committed 10752K, reserved 1048576K
}
Event: 34.199 GC heap before
{Heap before GC invocations=24 (full 0):
 garbage-first heap   total 227328K, used 173300K [0x0000000080000000, 0x0000000100000000)
  region size 1024K, 120 young (122880K), 12 survivors (12288K)
 Metaspace       used 81722K, capacity 83779K, committed 83840K, reserved 1122304K
  class space    used 10634K, capacity 11387K, committed 11392K, reserved 1048576K
}
Event: 34.227 GC heap after
{Heap after GC invocations=25 (full 0):
 garbage-first heap   total 227328K, used 65478K [0x0000000080000000, 0x0000000100000000)
  region size 1024K, 10 young (10240K), 10 survivors (10240K)
 Metaspace       used 81722K, capacity 83779K, committed 83840K, reserved 1122304K
  class space    used 10634K, capacity 11387K, committed 11392K, reserved 1048576K
}
Event: 35.904 GC heap before
{Heap before GC invocations=25 (full 0):
 garbage-first heap   total 227328K, used 178118K [0x0000000080000000, 0x0000000100000000)
  region size 1024K, 119 young (121856K), 10 survivors (10240K)
 Metaspace       used 83717K, capacity 85913K, committed 86144K, reserved 1124352K
  class space    used 10844K, capacity 11623K, committed 11648K, reserved 1048576K
}
Event: 35.969 GC heap after
{Heap after GC invocations=26 (full 0):
 garbage-first heap   total 227328K, used 77824K [0x0000000080000000, 0x0000000100000000)
  region size 1024K, 15 young (15360K), 15 survivors (15360K)
 Metaspace       used 83717K, capacity 85913K, committed 86144K, reserved 1124352K
  class space    used 10844K, capacity 11623K, committed 11648K, reserved 1048576K
}
Event: 38.175 GC heap before
{Heap before GC invocations=26 (full 0):
 garbage-first heap   total 227328K, used 178176K [0x0000000080000000, 0x0000000100000000)
  region size 1024K, 114 young (116736K), 15 survivors (15360K)
 Metaspace       used 87540K, capacity 90134K, committed 90496K, reserved 1128448K
  class space    used 11340K, capacity 12294K, committed 12416K, reserved 1048576K
}
Event: 38.222 GC heap after
{Heap after GC invocations=27 (full 0):
 garbage-first heap   total 227328K, used 84570K [0x0000000080000000, 0x0000000100000000)
  region size 1024K, 6 young (6144K), 6 survivors (6144K)
 Metaspace       used 87540K, capacity 90134K, committed 90496K, reserved 1128448K
  class space    used 11340K, capacity 12294K, committed 12416K, reserved 1048576K
}
Event: 40.952 GC heap before
{Heap before GC invocations=27 (full 0):
 garbage-first heap   total 227328K, used 182874K [0x0000000080000000, 0x0000000100000000)
  region size 1024K, 102 young (104448K), 6 survivors (6144K)
 Metaspace       used 88485K, capacity 91020K, committed 91264K, reserved 1128448K
  class space    used 11395K, capacity 12364K, committed 12416K, reserved 1048576K
}
Event: 40.982 GC heap after
{Heap after GC invocations=28 (full 0):
 garbage-first heap   total 227328K, used 90050K [0x0000000080000000, 0x0000000100000000)
  region size 1024K, 12 young (12288K), 12 survivors (12288K)
 Metaspace       used 88485K, capacity 91020K, committed 91264K, reserved 1128448K
  class space    used 11395K, capacity 12364K, committed 12416K, reserved 1048576K
}
Event: 43.048 GC heap before
{Heap before GC invocations=28 (full 0):
 garbage-first heap   total 227328K, used 183234K [0x0000000080000000, 0x0000000100000000)
  region size 1024K, 104 young (106496K), 12 survivors (12288K)
 Metaspace       used 92060K, capacity 94693K, committed 94720K, reserved 1130496K
  class space    used 11817K, capacity 12794K, committed 12800K, reserved 1048576K
}
Event: 43.085 GC heap after
{Heap after GC invocations=29 (full 0):
 garbage-first heap   total 227328K, used 94826K [0x0000000080000000, 0x0000000100000000)
  region size 1024K, 11 young (11264K), 11 survivors (11264K)
 Metaspace       used 92060K, capacity 94693K, committed 94720K, reserved 1130496K
  class space    used 11817K, capacity 12794K, committed 12800K, reserved 1048576K
}
Event: 44.739 GC heap before
{Heap before GC invocations=29 (full 0):
 garbage-first heap   total 227328K, used 184938K [0x0000000080000000, 0x0000000100000000)
  region size 1024K, 100 young (102400K), 11 survivors (11264K)
 Metaspace       used 93632K, capacity 96315K, committed 96512K, reserved 1132544K
  class space    used 12029K, capacity 13032K, committed 13056K, reserved 1048576K
}
Event: 44.767 GC heap after
{Heap after GC invocations=30 (full 0):
 garbage-first heap   total 227328K, used 97935K [0x0000000080000000, 0x0000000100000000)
  region size 1024K, 8 young (8192K), 8 survivors (8192K)
 Metaspace       used 93632K, capacity 96315K, committed 96512K, reserved 1132544K
  class space    used 12029K, capacity 13032K, committed 13056K, reserved 1048576K
}
Event: 46.023 GC heap before
{Heap before GC invocations=30 (full 0):
 garbage-first heap   total 227328K, used 187023K [0x0000000080000000, 0x0000000100000000)
  region size 1024K, 96 young (98304K), 8 survivors (8192K)
 Metaspace       used 96469K, capacity 99094K, committed 99200K, reserved 1134592K
  class space    used 12377K, capacity 13383K, committed 13440K, reserved 1048576K
}
Event: 46.048 GC heap after
{Heap after GC invocations=31 (full 0):
 garbage-first heap   total 227328K, used 101648K [0x0000000080000000, 0x0000000100000000)
  region size 1024K, 7 young (7168K), 7 survivors (7168K)
 Metaspace       used 96469K, capacity 99094K, committed 99200K, reserved 1134592K
  class space    used 12377K, capacity 13383K, committed 13440K, reserved 1048576K
}

