# JRE version: OpenJDK Runtime Environment (11.0.15) (build 11.0.15+0-b2043.56-9505619)
# Java VM: OpenJDK 64-Bit Server VM (11.0.15+0-b2043.56-9505619, mixed mode, tiered, compressed oops, g1 gc, windows-amd64)
Heap:
 garbage-first heap   total 131072K, used 48352K [0x0000000080000000, 0x0000000100000000)
  region size 1024K, 33 young (33792K), 2 survivors (2048K)
 Metaspace       used 21928K, capacity 22372K, committed 22528K, reserved 1069056K
  class space    used 2599K, capacity 2781K, committed 2816K, reserved 1048576K
GC Heap History (10 events):
Event: 1.784 GC heap before
{Heap before GC invocations=0 (full 0):
 garbage-first heap   total 131072K, used 14336K [0x0000000080000000, 0x0000000100000000)
  region size 1024K, 14 young (14336K), 0 survivors (0K)
 Metaspace       used 8276K, capacity 8378K, committed 8448K, reserved 1056768K
  class space    used 716K, capacity 747K, committed 768K, reserved 1048576K
}
Event: 1.797 GC heap after
{Heap after GC invocations=1 (full 0):
 garbage-first heap   total 131072K, used 1623K [0x0000000080000000, 0x0000000100000000)
  region size 1024K, 2 young (2048K), 2 survivors (2048K)
 Metaspace       used 8276K, capacity 8378K, committed 8448K, reserved 1056768K
  class space    used 716K, capacity 747K, committed 768K, reserved 1048576K
}
Event: 4.729 GC heap before
{Heap before GC invocations=1 (full 0):
 garbage-first heap   total 131072K, used 82519K [0x0000000080000000, 0x0000000100000000)
  region size 1024K, 76 young (77824K), 2 survivors (2048K)
 Metaspace       used 12488K, capacity 12743K, committed 12928K, reserved 1060864K
  class space    used 1251K, capacity 1356K, committed 1408K, reserved 1048576K
}
Event: 4.742 GC heap after
{Heap after GC invocations=2 (full 0):
 garbage-first heap   total 131072K, used 9789K [0x0000000080000000, 0x0000000100000000)
  region size 1024K, 7 young (7168K), 7 survivors (7168K)
 Metaspace       used 12488K, capacity 12743K, committed 12928K, reserved 1060864K
  class space    used 1251K, capacity 1356K, committed 1408K, reserved 1048576K
}
Event: 6.554 GC heap before
{Heap before GC invocations=2 (full 0):
 garbage-first heap   total 131072K, used 80445K [0x0000000080000000, 0x0000000100000000)
  region size 1024K, 76 young (77824K), 7 survivors (7168K)
 Metaspace       used 14611K, capacity 14970K, committed 15232K, reserved 1062912K
  class space    used 1531K, capacity 1651K, committed 1664K, reserved 1048576K
}
Event: 6.567 GC heap after
{Heap after GC invocations=3 (full 0):
 garbage-first heap   total 131072K, used 15253K [0x0000000080000000, 0x0000000100000000)
  region size 1024K, 10 young (10240K), 10 survivors (10240K)
 Metaspace       used 14611K, capacity 14970K, committed 15232K, reserved 1062912K
  class space    used 1531K, capacity 1651K, committed 1664K, reserved 1048576K
}
Event: 11.409 GC heap before
{Heap before GC invocations=3 (full 0):
 garbage-first heap   total 131072K, used 82837K [0x0000000080000000, 0x0000000100000000)
  region size 1024K, 76 young (77824K), 10 survivors (10240K)
 Metaspace       used 18666K, capacity 19029K, committed 19200K, reserved 1067008K
  class space    used 2099K, capacity 2239K, committed 2304K, reserved 1048576K
}
Event: 11.534 GC heap after
{Heap after GC invocations=4 (full 0):
 garbage-first heap   total 131072K, used 16558K [0x0000000080000000, 0x0000000100000000)
  region size 1024K, 7 young (7168K), 7 survivors (7168K)
 Metaspace       used 18666K, capacity 19029K, committed 19200K, reserved 1067008K
  class space    used 2099K, capacity 2239K, committed 2304K, reserved 1048576K
}
Event: 12.629 GC heap before
{Heap before GC invocations=4 (full 0):
 garbage-first heap   total 131072K, used 58542K [0x0000000080000000, 0x0000000100000000)
  region size 1024K, 49 young (50176K), 7 survivors (7168K)
 Metaspace       used 20827K, capacity 21217K, committed 21248K, reserved 1069056K
  class space    used 2397K, capacity 2544K, committed 2560K, reserved 1048576K
}
Event: 12.639 GC heap after
{Heap after GC invocations=5 (full 0):
 garbage-first heap   total 131072K, used 17632K [0x0000000080000000, 0x0000000100000000)
  region size 1024K, 2 young (2048K), 2 survivors (2048K)
 Metaspace       used 20827K, capacity 21217K, committed 21248K, reserved 1069056K
  class space    used 2397K, capacity 2544K, committed 2560K, reserved 1048576K
}

