# JRE version: OpenJDK Runtime Environment (11.0.15) (build 11.0.15+0-b2043.56-9505619)
# Java VM: OpenJDK 64-Bit Server VM (11.0.15+0-b2043.56-9505619, mixed mode, tiered, compressed oops, g1 gc, windows-amd64)
Heap:
 garbage-first heap   total 189440K, used 60782K [0x0000000080000000, 0x0000000100000000)
  region size 1024K, 31 young (31744K), 12 survivors (12288K)
 Metaspace       used 54069K, capacity 55697K, committed 55808K, reserved 1097728K
  class space    used 6814K, capacity 7372K, committed 7424K, reserved 1048576K
GC Heap History (20 events):
Event: 9.099 GC heap before
{Heap before GC invocations=6 (full 0):
 garbage-first heap   total 131072K, used 93657K [0x0000000080000000, 0x0000000100000000)
  region size 1024K, 76 young (77824K), 2 survivors (2048K)
 Metaspace       used 23738K, capacity 24237K, committed 24448K, reserved 1071104K
  class space    used 2915K, capacity 3094K, committed 3200K, reserved 1048576K
}
Event: 9.106 GC heap after
{Heap after GC invocations=7 (full 0):
 garbage-first heap   total 131072K, used 18845K [0x0000000080000000, 0x0000000100000000)
  region size 1024K, 3 young (3072K), 3 survivors (3072K)
 Metaspace       used 23738K, capacity 24237K, committed 24448K, reserved 1071104K
  class space    used 2915K, capacity 3094K, committed 3200K, reserved 1048576K
}
Event: 10.256 GC heap before
{Heap before GC invocations=7 (full 0):
 garbage-first heap   total 131072K, used 93597K [0x0000000080000000, 0x0000000100000000)
  region size 1024K, 76 young (77824K), 3 survivors (3072K)
 Metaspace       used 27381K, capacity 28029K, committed 28160K, reserved 1073152K
  class space    used 3485K, capacity 3728K, committed 3840K, reserved 1048576K
}
Event: 10.264 GC heap after
{Heap after GC invocations=8 (full 0):
 garbage-first heap   total 131072K, used 20056K [0x0000000080000000, 0x0000000100000000)
  region size 1024K, 5 young (5120K), 5 survivors (5120K)
 Metaspace       used 27381K, capacity 28029K, committed 28160K, reserved 1073152K
  class space    used 3485K, capacity 3728K, committed 3840K, reserved 1048576K
}
Event: 11.244 GC heap before
{Heap before GC invocations=8 (full 0):
 garbage-first heap   total 131072K, used 92760K [0x0000000080000000, 0x0000000100000000)
  region size 1024K, 76 young (77824K), 5 survivors (5120K)
 Metaspace       used 30378K, capacity 31124K, committed 31488K, reserved 1077248K
  class space    used 3941K, capacity 4232K, committed 4352K, reserved 1048576K
}
Event: 11.260 GC heap after
{Heap after GC invocations=9 (full 0):
 garbage-first heap   total 131072K, used 21135K [0x0000000080000000, 0x0000000100000000)
  region size 1024K, 6 young (6144K), 6 survivors (6144K)
 Metaspace       used 30378K, capacity 31124K, committed 31488K, reserved 1077248K
  class space    used 3941K, capacity 4232K, committed 4352K, reserved 1048576K
}
Event: 12.297 GC heap before
{Heap before GC invocations=9 (full 0):
 garbage-first heap   total 131072K, used 92815K [0x0000000080000000, 0x0000000100000000)
  region size 1024K, 76 young (77824K), 6 survivors (6144K)
 Metaspace       used 33991K, capacity 34846K, committed 35072K, reserved 1079296K
  class space    used 4489K, capacity 4812K, committed 4864K, reserved 1048576K
}
Event: 12.314 GC heap after
{Heap after GC invocations=10 (full 0):
 garbage-first heap   total 157696K, used 22677K [0x0000000080000000, 0x0000000100000000)
  region size 1024K, 7 young (7168K), 7 survivors (7168K)
 Metaspace       used 33991K, capacity 34846K, committed 35072K, reserved 1079296K
  class space    used 4489K, capacity 4812K, committed 4864K, reserved 1048576K
}
Event: 12.556 GC heap before
{Heap before GC invocations=10 (full 0):
 garbage-first heap   total 157696K, used 38037K [0x0000000080000000, 0x0000000100000000)
  region size 1024K, 24 young (24576K), 7 survivors (7168K)
 Metaspace       used 34855K, capacity 35687K, committed 35840K, reserved 1081344K
  class space    used 4553K, capacity 4880K, committed 4992K, reserved 1048576K
}
Event: 12.580 GC heap after
{Heap after GC invocations=11 (full 0):
 garbage-first heap   total 157696K, used 23081K [0x0000000080000000, 0x0000000100000000)
  region size 1024K, 6 young (6144K), 6 survivors (6144K)
 Metaspace       used 34855K, capacity 35687K, committed 35840K, reserved 1081344K
  class space    used 4553K, capacity 4880K, committed 4992K, reserved 1048576K
}
Event: 13.478 GC heap before
{Heap before GC invocations=12 (full 0):
 garbage-first heap   total 157696K, used 110121K [0x0000000080000000, 0x0000000100000000)
  region size 1024K, 92 young (94208K), 6 survivors (6144K)
 Metaspace       used 39422K, capacity 40379K, committed 40448K, reserved 1085440K
  class space    used 5009K, capacity 5357K, committed 5376K, reserved 1048576K
}
Event: 13.500 GC heap after
{Heap after GC invocations=13 (full 0):
 garbage-first heap   total 157696K, used 25884K [0x0000000080000000, 0x0000000100000000)
  region size 1024K, 9 young (9216K), 9 survivors (9216K)
 Metaspace       used 39422K, capacity 40379K, committed 40448K, reserved 1085440K
  class space    used 5009K, capacity 5357K, committed 5376K, reserved 1048576K
}
Event: 14.523 GC heap before
{Heap before GC invocations=13 (full 0):
 garbage-first heap   total 157696K, used 120092K [0x0000000080000000, 0x0000000100000000)
  region size 1024K, 92 young (94208K), 9 survivors (9216K)
 Metaspace       used 41945K, capacity 43014K, committed 43136K, reserved 1087488K
  class space    used 5265K, capacity 5657K, committed 5760K, reserved 1048576K
}
Event: 14.551 GC heap after
{Heap after GC invocations=14 (full 0):
 garbage-first heap   total 157696K, used 29095K [0x0000000080000000, 0x0000000100000000)
  region size 1024K, 9 young (9216K), 9 survivors (9216K)
 Metaspace       used 41945K, capacity 43014K, committed 43136K, reserved 1087488K
  class space    used 5265K, capacity 5657K, committed 5760K, reserved 1048576K
}
Event: 15.545 GC heap before
{Heap before GC invocations=14 (full 0):
 garbage-first heap   total 157696K, used 116135K [0x0000000080000000, 0x0000000100000000)
  region size 1024K, 92 young (94208K), 9 survivors (9216K)
 Metaspace       used 45010K, capacity 46227K, committed 46336K, reserved 1089536K
  class space    used 5713K, capacity 6132K, committed 6144K, reserved 1048576K
}
Event: 15.572 GC heap after
{Heap after GC invocations=15 (full 0):
 garbage-first heap   total 189440K, used 35325K [0x0000000080000000, 0x0000000100000000)
  region size 1024K, 11 young (11264K), 11 survivors (11264K)
 Metaspace       used 45010K, capacity 46227K, committed 46336K, reserved 1089536K
  class space    used 5713K, capacity 6132K, committed 6144K, reserved 1048576K
}
Event: 16.741 GC heap before
{Heap before GC invocations=15 (full 0):
 garbage-first heap   total 189440K, used 135677K [0x0000000080000000, 0x0000000100000000)
  region size 1024K, 108 young (110592K), 11 survivors (11264K)
 Metaspace       used 49262K, capacity 50673K, committed 50816K, reserved 1093632K
  class space    used 6249K, capacity 6724K, committed 6784K, reserved 1048576K
}
Event: 16.760 GC heap after
{Heap after GC invocations=16 (full 0):
 garbage-first heap   total 189440K, used 33573K [0x0000000080000000, 0x0000000100000000)
  region size 1024K, 5 young (5120K), 5 survivors (5120K)
 Metaspace       used 49262K, capacity 50673K, committed 50816K, reserved 1093632K
  class space    used 6249K, capacity 6724K, committed 6784K, reserved 1048576K
}
Event: 18.748 GC heap before
{Heap before GC invocations=16 (full 0):
 garbage-first heap   total 189440K, used 145189K [0x0000000080000000, 0x0000000100000000)
  region size 1024K, 111 young (113664K), 5 survivors (5120K)
 Metaspace       used 53155K, capacity 54719K, committed 54912K, reserved 1097728K
  class space    used 6697K, capacity 7238K, committed 7296K, reserved 1048576K
}
Event: 18.767 GC heap after
{Heap after GC invocations=17 (full 0):
 garbage-first heap   total 189440K, used 42350K [0x0000000080000000, 0x0000000100000000)
  region size 1024K, 12 young (12288K), 12 survivors (12288K)
 Metaspace       used 53155K, capacity 54719K, committed 54912K, reserved 1097728K
  class space    used 6697K, capacity 7238K, committed 7296K, reserved 1048576K
}

