# JRE version: OpenJDK Runtime Environment (11.0.15) (build 11.0.15+0-b2043.56-9505619)
# Java VM: OpenJDK 64-Bit Server VM (11.0.15+0-b2043.56-9505619, mixed mode, tiered, compressed oops, g1 gc, windows-amd64)
Heap:
 garbage-first heap   total 273408K, used 144926K [0x0000000080000000, 0x0000000100000000)
  region size 1024K, 34 young (34816K), 10 survivors (10240K)
 Metaspace       used 77473K, capacity 79632K, committed 79868K, reserved 1118208K
  class space    used 9996K, capacity 10786K, committed 10828K, reserved 1048576K
GC Heap History (20 events):
Event: 9.183 GC heap before
{Heap before GC invocations=15 (full 0):
 garbage-first heap   total 189440K, used 101186K [0x0000000080000000, 0x0000000100000000)
  region size 1024K, 21 young (21504K), 5 survivors (5120K)
 Metaspace       used 48600K, capacity 50029K, committed 50172K, reserved 1093632K
  class space    used 6182K, capacity 6698K, committed 6732K, reserved 1048576K
}
Event: 9.193 GC heap after
{Heap after GC invocations=16 (full 0):
 garbage-first heap   total 189440K, used 86812K [0x0000000080000000, 0x0000000100000000)
  region size 1024K, 4 young (4096K), 4 survivors (4096K)
 Metaspace       used 48600K, capacity 50029K, committed 50172K, reserved 1093632K
  class space    used 6182K, capacity 6698K, committed 6732K, reserved 1048576K
}
Event: 10.307 GC heap before
{Heap before GC invocations=17 (full 0):
 garbage-first heap   total 189440K, used 147228K [0x0000000080000000, 0x0000000100000000)
  region size 1024K, 58 young (59392K), 4 survivors (4096K)
 Metaspace       used 52034K, capacity 53656K, committed 53756K, reserved 1095680K
  class space    used 6677K, capacity 7244K, committed 7244K, reserved 1048576K
}
Event: 10.319 GC heap after
{Heap after GC invocations=18 (full 0):
 garbage-first heap   total 189440K, used 95231K [0x0000000080000000, 0x0000000100000000)
  region size 1024K, 8 young (8192K), 8 survivors (8192K)
 Metaspace       used 52034K, capacity 53656K, committed 53756K, reserved 1095680K
  class space    used 6677K, capacity 7244K, committed 7244K, reserved 1048576K
}
Event: 10.606 GC heap before
{Heap before GC invocations=18 (full 0):
 garbage-first heap   total 189440K, used 108543K [0x0000000080000000, 0x0000000100000000)
  region size 1024K, 23 young (23552K), 8 survivors (8192K)
 Metaspace       used 52295K, capacity 53980K, committed 54140K, reserved 1095680K
  class space    used 6688K, capacity 7283K, committed 7372K, reserved 1048576K
}
Event: 10.621 GC heap after
{Heap after GC invocations=19 (full 0):
 garbage-first heap   total 189440K, used 96187K [0x0000000080000000, 0x0000000100000000)
  region size 1024K, 6 young (6144K), 6 survivors (6144K)
 Metaspace       used 52295K, capacity 53980K, committed 54140K, reserved 1095680K
  class space    used 6688K, capacity 7283K, committed 7372K, reserved 1048576K
}
Event: 10.800 GC heap before
{Heap before GC invocations=20 (full 0):
 garbage-first heap   total 189440K, used 105403K [0x0000000080000000, 0x0000000100000000)
  region size 1024K, 15 young (15360K), 6 survivors (6144K)
 Metaspace       used 52720K, capacity 54394K, committed 54652K, reserved 1097728K
  class space    used 6753K, capacity 7357K, committed 7372K, reserved 1048576K
}
Event: 10.815 GC heap after
{Heap after GC invocations=21 (full 0):
 garbage-first heap   total 227328K, used 102840K [0x0000000080000000, 0x0000000100000000)
  region size 1024K, 8 young (8192K), 8 survivors (8192K)
 Metaspace       used 52720K, capacity 54394K, committed 54652K, reserved 1097728K
  class space    used 6753K, capacity 7357K, committed 7372K, reserved 1048576K
}
Event: 12.317 GC heap before
{Heap before GC invocations=22 (full 0):
 garbage-first heap   total 227328K, used 173496K [0x0000000080000000, 0x0000000100000000)
  region size 1024K, 76 young (77824K), 8 survivors (8192K)
 Metaspace       used 61914K, capacity 63974K, committed 64124K, reserved 1105920K
  class space    used 7878K, capacity 8635K, committed 8652K, reserved 1048576K
}
Event: 12.329 GC heap after
{Heap after GC invocations=23 (full 0):
 garbage-first heap   total 227328K, used 106934K [0x0000000080000000, 0x0000000100000000)
  region size 1024K, 9 young (9216K), 9 survivors (9216K)
 Metaspace       used 61914K, capacity 63974K, committed 64124K, reserved 1105920K
  class space    used 7878K, capacity 8635K, committed 8652K, reserved 1048576K
}
Event: 12.630 GC heap before
{Heap before GC invocations=23 (full 0):
 garbage-first heap   total 227328K, used 123318K [0x0000000080000000, 0x0000000100000000)
  region size 1024K, 22 young (22528K), 9 survivors (9216K)
 Metaspace       used 63750K, capacity 65737K, committed 65916K, reserved 1105920K
  class space    used 8081K, capacity 8796K, committed 8908K, reserved 1048576K
}
Event: 12.641 GC heap after
{Heap after GC invocations=24 (full 0):
 garbage-first heap   total 227328K, used 112623K [0x0000000080000000, 0x0000000100000000)
  region size 1024K, 7 young (7168K), 7 survivors (7168K)
 Metaspace       used 63750K, capacity 65737K, committed 65916K, reserved 1105920K
  class space    used 8081K, capacity 8796K, committed 8908K, reserved 1048576K
}
Event: 13.665 GC heap before
{Heap before GC invocations=25 (full 0):
 garbage-first heap   total 227328K, used 167919K [0x0000000080000000, 0x0000000100000000)
  region size 1024K, 58 young (59392K), 7 survivors (7168K)
 Metaspace       used 67188K, capacity 69211K, committed 69372K, reserved 1110016K
  class space    used 8536K, capacity 9259K, committed 9292K, reserved 1048576K
}
Event: 13.680 GC heap after
{Heap after GC invocations=26 (full 0):
 garbage-first heap   total 227328K, used 112456K [0x0000000080000000, 0x0000000100000000)
  region size 1024K, 6 young (6144K), 6 survivors (6144K)
 Metaspace       used 67188K, capacity 69211K, committed 69372K, reserved 1110016K
  class space    used 8536K, capacity 9259K, committed 9292K, reserved 1048576K
}
Event: 13.760 GC heap before
{Heap before GC invocations=26 (full 0):
 garbage-first heap   total 227328K, used 115528K [0x0000000080000000, 0x0000000100000000)
  region size 1024K, 10 young (10240K), 6 survivors (6144K)
 Metaspace       used 67500K, capacity 69442K, committed 69756K, reserved 1110016K
  class space    used 8576K, capacity 9292K, committed 9420K, reserved 1048576K
}
Event: 13.772 GC heap after
{Heap after GC invocations=27 (full 0):
 garbage-first heap   total 273408K, used 113262K [0x0000000080000000, 0x0000000100000000)
  region size 1024K, 4 young (4096K), 4 survivors (4096K)
 Metaspace       used 67500K, capacity 69442K, committed 69756K, reserved 1110016K
  class space    used 8576K, capacity 9292K, committed 9420K, reserved 1048576K
}
Event: 14.787 GC heap before
{Heap before GC invocations=28 (full 0):
 garbage-first heap   total 273408K, used 189038K [0x0000000080000000, 0x0000000100000000)
  region size 1024K, 77 young (78848K), 4 survivors (4096K)
 Metaspace       used 70141K, capacity 72286K, committed 72444K, reserved 1112064K
  class space    used 8932K, capacity 9700K, committed 9804K, reserved 1048576K
}
Event: 14.804 GC heap after
{Heap after GC invocations=29 (full 0):
 garbage-first heap   total 273408K, used 117304K [0x0000000080000000, 0x0000000100000000)
  region size 1024K, 8 young (8192K), 8 survivors (8192K)
 Metaspace       used 70141K, capacity 72286K, committed 72444K, reserved 1112064K
  class space    used 8932K, capacity 9700K, committed 9804K, reserved 1048576K
}
Event: 16.029 GC heap before
{Heap before GC invocations=29 (full 0):
 garbage-first heap   total 273408K, used 195128K [0x0000000080000000, 0x0000000100000000)
  region size 1024K, 84 young (86016K), 8 survivors (8192K)
 Metaspace       used 75802K, capacity 77981K, committed 78204K, reserved 1116160K
  class space    used 9879K, capacity 10668K, committed 10700K, reserved 1048576K
}
Event: 16.047 GC heap after
{Heap after GC invocations=30 (full 0):
 garbage-first heap   total 273408K, used 122398K [0x0000000080000000, 0x0000000100000000)
  region size 1024K, 10 young (10240K), 10 survivors (10240K)
 Metaspace       used 75802K, capacity 77981K, committed 78204K, reserved 1116160K
  class space    used 9879K, capacity 10668K, committed 10700K, reserved 1048576K
}

