# JRE version: OpenJDK Runtime Environment (11.0.15) (build 11.0.15+0-b2043.56-9505619)
# Java VM: OpenJDK 64-Bit Server VM (11.0.15+0-b2043.56-9505619, mixed mode, tiered, compressed oops, g1 gc, windows-amd64)
Heap:
 garbage-first heap   total 157696K, used 107541K [0x0000000080000000, 0x0000000100000000)
  region size 1024K, 89 young (91136K), 10 survivors (10240K)
 Metaspace       used 44598K, capacity 45774K, committed 46080K, reserved 1089536K
  class space    used 5667K, capacity 6060K, committed 6144K, reserved 1048576K
GC Heap History (20 events):
Event: 5.624 GC heap before
{Heap before GC invocations=2 (full 0):
 garbage-first heap   total 131072K, used 81862K [0x0000000080000000, 0x0000000100000000)
  region size 1024K, 76 young (77824K), 7 survivors (7168K)
 Metaspace       used 14578K, capacity 14906K, committed 14976K, reserved 1062912K
  class space    used 1527K, capacity 1651K, committed 1664K, reserved 1048576K
}
Event: 5.638 GC heap after
{Heap after GC invocations=3 (full 0):
 garbage-first heap   total 131072K, used 15032K [0x0000000080000000, 0x0000000100000000)
  region size 1024K, 10 young (10240K), 10 survivors (10240K)
 Metaspace       used 14578K, capacity 14906K, committed 14976K, reserved 1062912K
  class space    used 1527K, capacity 1651K, committed 1664K, reserved 1048576K
}
Event: 8.313 GC heap before
{Heap before GC invocations=3 (full 0):
 garbage-first heap   total 131072K, used 82616K [0x0000000080000000, 0x0000000100000000)
  region size 1024K, 76 young (77824K), 10 survivors (10240K)
 Metaspace       used 18685K, capacity 19157K, committed 19456K, reserved 1067008K
  class space    used 2102K, capacity 2239K, committed 2304K, reserved 1048576K
}
Event: 8.355 GC heap after
{Heap after GC invocations=4 (full 0):
 garbage-first heap   total 131072K, used 16831K [0x0000000080000000, 0x0000000100000000)
  region size 1024K, 2 young (2048K), 2 survivors (2048K)
 Metaspace       used 18685K, capacity 19157K, committed 19456K, reserved 1067008K
  class space    used 2102K, capacity 2239K, committed 2304K, reserved 1048576K
}
Event: 9.093 GC heap before
{Heap before GC invocations=4 (full 0):
 garbage-first heap   total 131072K, used 58815K [0x0000000080000000, 0x0000000100000000)
  region size 1024K, 44 young (45056K), 2 survivors (2048K)
 Metaspace       used 20819K, capacity 21217K, committed 21248K, reserved 1069056K
  class space    used 2397K, capacity 2544K, committed 2560K, reserved 1048576K
}
Event: 9.101 GC heap after
{Heap after GC invocations=5 (full 0):
 garbage-first heap   total 131072K, used 17039K [0x0000000080000000, 0x0000000100000000)
  region size 1024K, 2 young (2048K), 2 survivors (2048K)
 Metaspace       used 20819K, capacity 21217K, committed 21248K, reserved 1069056K
  class space    used 2397K, capacity 2544K, committed 2560K, reserved 1048576K
}
Event: 10.382 GC heap before
{Heap before GC invocations=6 (full 0):
 garbage-first heap   total 131072K, used 91791K [0x0000000080000000, 0x0000000100000000)
  region size 1024K, 75 young (76800K), 2 survivors (2048K)
 Metaspace       used 23724K, capacity 24189K, committed 24448K, reserved 1071104K
  class space    used 2912K, capacity 3094K, committed 3200K, reserved 1048576K
}
Event: 10.389 GC heap after
{Heap after GC invocations=7 (full 0):
 garbage-first heap   total 131072K, used 17902K [0x0000000080000000, 0x0000000100000000)
  region size 1024K, 3 young (3072K), 3 survivors (3072K)
 Metaspace       used 23724K, capacity 24189K, committed 24448K, reserved 1071104K
  class space    used 2912K, capacity 3094K, committed 3200K, reserved 1048576K
}
Event: 11.658 GC heap before
{Heap before GC invocations=7 (full 0):
 garbage-first heap   total 131072K, used 92654K [0x0000000080000000, 0x0000000100000000)
  region size 1024K, 76 young (77824K), 3 survivors (3072K)
 Metaspace       used 27273K, capacity 27878K, committed 28032K, reserved 1073152K
  class space    used 3471K, capacity 3712K, committed 3712K, reserved 1048576K
}
Event: 11.667 GC heap after
{Heap after GC invocations=8 (full 0):
 garbage-first heap   total 131072K, used 19481K [0x0000000080000000, 0x0000000100000000)
  region size 1024K, 5 young (5120K), 5 survivors (5120K)
 Metaspace       used 27273K, capacity 27878K, committed 28032K, reserved 1073152K
  class space    used 3471K, capacity 3712K, committed 3712K, reserved 1048576K
}
Event: 12.942 GC heap before
{Heap before GC invocations=8 (full 0):
 garbage-first heap   total 131072K, used 92185K [0x0000000080000000, 0x0000000100000000)
  region size 1024K, 76 young (77824K), 5 survivors (5120K)
 Metaspace       used 30323K, capacity 31035K, committed 31104K, reserved 1077248K
  class space    used 3931K, capacity 4197K, committed 4224K, reserved 1048576K
}
Event: 12.962 GC heap after
{Heap after GC invocations=9 (full 0):
 garbage-first heap   total 131072K, used 20037K [0x0000000080000000, 0x0000000100000000)
  region size 1024K, 5 young (5120K), 5 survivors (5120K)
 Metaspace       used 30323K, capacity 31035K, committed 31104K, reserved 1077248K
  class space    used 3931K, capacity 4197K, committed 4224K, reserved 1048576K
}
Event: 14.089 GC heap before
{Heap before GC invocations=9 (full 0):
 garbage-first heap   total 131072K, used 92741K [0x0000000080000000, 0x0000000100000000)
  region size 1024K, 76 young (77824K), 5 survivors (5120K)
 Metaspace       used 33864K, capacity 34637K, committed 34816K, reserved 1079296K
  class space    used 4464K, capacity 4779K, committed 4864K, reserved 1048576K
}
Event: 14.103 GC heap after
{Heap after GC invocations=10 (full 0):
 garbage-first heap   total 131072K, used 21847K [0x0000000080000000, 0x0000000100000000)
  region size 1024K, 7 young (7168K), 7 survivors (7168K)
 Metaspace       used 33864K, capacity 34637K, committed 34816K, reserved 1079296K
  class space    used 4464K, capacity 4779K, committed 4864K, reserved 1048576K
}
Event: 14.473 GC heap before
{Heap before GC invocations=10 (full 0):
 garbage-first heap   total 131072K, used 41303K [0x0000000080000000, 0x0000000100000000)
  region size 1024K, 27 young (27648K), 7 survivors (7168K)
 Metaspace       used 34946K, capacity 35704K, committed 35840K, reserved 1081344K
  class space    used 4568K, capacity 4880K, committed 4992K, reserved 1048576K
}
Event: 14.496 GC heap after
{Heap after GC invocations=11 (full 0):
 garbage-first heap   total 131072K, used 22345K [0x0000000080000000, 0x0000000100000000)
  region size 1024K, 6 young (6144K), 6 survivors (6144K)
 Metaspace       used 34946K, capacity 35704K, committed 35840K, reserved 1081344K
  class space    used 4568K, capacity 4880K, committed 4992K, reserved 1048576K
}
Event: 15.578 GC heap before
{Heap before GC invocations=12 (full 0):
 garbage-first heap   total 131072K, used 93001K [0x0000000080000000, 0x0000000100000000)
  region size 1024K, 76 young (77824K), 6 survivors (6144K)
 Metaspace       used 38682K, capacity 39596K, committed 39680K, reserved 1083392K
  class space    used 4946K, capacity 5305K, committed 5376K, reserved 1048576K
}
Event: 15.594 GC heap after
{Heap after GC invocations=13 (full 0):
 garbage-first heap   total 157696K, used 24104K [0x0000000080000000, 0x0000000100000000)
  region size 1024K, 7 young (7168K), 7 survivors (7168K)
 Metaspace       used 38682K, capacity 39596K, committed 39680K, reserved 1083392K
  class space    used 4946K, capacity 5305K, committed 5376K, reserved 1048576K
}
Event: 16.851 GC heap before
{Heap before GC invocations=13 (full 0):
 garbage-first heap   total 157696K, used 120360K [0x0000000080000000, 0x0000000100000000)
  region size 1024K, 92 young (94208K), 7 survivors (7168K)
 Metaspace       used 41633K, capacity 42659K, committed 42752K, reserved 1087488K
  class space    used 5204K, capacity 5617K, committed 5632K, reserved 1048576K
}
Event: 16.870 GC heap after
{Heap after GC invocations=14 (full 0):
 garbage-first heap   total 157696K, used 27669K [0x0000000080000000, 0x0000000100000000)
  region size 1024K, 10 young (10240K), 10 survivors (10240K)
 Metaspace       used 41633K, capacity 42659K, committed 42752K, reserved 1087488K
  class space    used 5204K, capacity 5617K, committed 5632K, reserved 1048576K
}

