# JRE version: OpenJDK Runtime Environment (11.0.15) (build 11.0.15+0-b2043.56-9505619)
# Java VM: OpenJDK 64-Bit Server VM (11.0.15+0-b2043.56-9505619, mixed mode, tiered, compressed oops, g1 gc, windows-amd64)
Heap:
 garbage-first heap   total 131072K, used 30544K [0x0000000080000000, 0x0000000100000000)
  region size 1024K, 12 young (12288K), 8 survivors (8192K)
 Metaspace       used 41472K, capacity 42517K, committed 42752K, reserved 1087488K
  class space    used 5174K, capacity 5576K, committed 5632K, reserved 1048576K
GC Heap History (20 events):
Event: 17.410 GC heap before
{Heap before GC invocations=2 (full 0):
 garbage-first heap   total 131072K, used 80606K [0x0000000080000000, 0x0000000100000000)
  region size 1024K, 76 young (77824K), 7 survivors (7168K)
 Metaspace       used 14690K, capacity 15017K, committed 15232K, reserved 1062912K
  class space    used 1532K, capacity 1651K, committed 1664K, reserved 1048576K
}
Event: 17.427 GC heap after
{Heap after GC invocations=3 (full 0):
 garbage-first heap   total 131072K, used 15426K [0x0000000080000000, 0x0000000100000000)
  region size 1024K, 10 young (10240K), 10 survivors (10240K)
 Metaspace       used 14690K, capacity 15017K, committed 15232K, reserved 1062912K
  class space    used 1532K, capacity 1651K, committed 1664K, reserved 1048576K
}
Event: 24.693 GC heap before
{Heap before GC invocations=3 (full 0):
 garbage-first heap   total 131072K, used 83010K [0x0000000080000000, 0x0000000100000000)
  region size 1024K, 76 young (77824K), 10 survivors (10240K)
 Metaspace       used 18809K, capacity 19203K, committed 19456K, reserved 1067008K
  class space    used 2124K, capacity 2239K, committed 2304K, reserved 1048576K
}
Event: 24.747 GC heap after
{Heap after GC invocations=4 (full 0):
 garbage-first heap   total 131072K, used 16593K [0x0000000080000000, 0x0000000100000000)
  region size 1024K, 7 young (7168K), 7 survivors (7168K)
 Metaspace       used 18809K, capacity 19203K, committed 19456K, reserved 1067008K
  class space    used 2124K, capacity 2239K, committed 2304K, reserved 1048576K
}
Event: 25.763 GC heap before
{Heap before GC invocations=4 (full 0):
 garbage-first heap   total 131072K, used 55505K [0x0000000080000000, 0x0000000100000000)
  region size 1024K, 46 young (47104K), 7 survivors (7168K)
 Metaspace       used 20788K, capacity 21199K, committed 21248K, reserved 1069056K
  class space    used 2393K, capacity 2544K, committed 2560K, reserved 1048576K
}
Event: 25.776 GC heap after
{Heap after GC invocations=5 (full 0):
 garbage-first heap   total 131072K, used 17495K [0x0000000080000000, 0x0000000100000000)
  region size 1024K, 2 young (2048K), 2 survivors (2048K)
 Metaspace       used 20788K, capacity 21199K, committed 21248K, reserved 1069056K
  class space    used 2393K, capacity 2544K, committed 2560K, reserved 1048576K
}
Event: 27.380 GC heap before
{Heap before GC invocations=6 (full 0):
 garbage-first heap   total 131072K, used 93271K [0x0000000080000000, 0x0000000100000000)
  region size 1024K, 76 young (77824K), 2 survivors (2048K)
 Metaspace       used 23791K, capacity 24235K, committed 24448K, reserved 1071104K
  class space    used 2917K, capacity 3094K, committed 3200K, reserved 1048576K
}
Event: 27.389 GC heap after
{Heap after GC invocations=7 (full 0):
 garbage-first heap   total 131072K, used 18389K [0x0000000080000000, 0x0000000100000000)
  region size 1024K, 3 young (3072K), 3 survivors (3072K)
 Metaspace       used 23791K, capacity 24235K, committed 24448K, reserved 1071104K
  class space    used 2917K, capacity 3094K, committed 3200K, reserved 1048576K
}
Event: 30.092 GC heap before
{Heap before GC invocations=7 (full 0):
 garbage-first heap   total 131072K, used 93141K [0x0000000080000000, 0x0000000100000000)
  region size 1024K, 76 young (77824K), 3 survivors (3072K)
 Metaspace       used 27422K, capacity 28101K, committed 28416K, reserved 1073152K
  class space    used 3489K, capacity 3731K, committed 3840K, reserved 1048576K
}
Event: 30.103 GC heap after
{Heap after GC invocations=8 (full 0):
 garbage-first heap   total 131072K, used 19677K [0x0000000080000000, 0x0000000100000000)
  region size 1024K, 5 young (5120K), 5 survivors (5120K)
 Metaspace       used 27422K, capacity 28101K, committed 28416K, reserved 1073152K
  class space    used 3489K, capacity 3731K, committed 3840K, reserved 1048576K
}
Event: 32.611 GC heap before
{Heap before GC invocations=8 (full 0):
 garbage-first heap   total 131072K, used 92381K [0x0000000080000000, 0x0000000100000000)
  region size 1024K, 76 young (77824K), 5 survivors (5120K)
 Metaspace       used 30479K, capacity 31186K, committed 31488K, reserved 1077248K
  class space    used 3945K, capacity 4232K, committed 4352K, reserved 1048576K
}
Event: 32.624 GC heap after
{Heap after GC invocations=9 (full 0):
 garbage-first heap   total 131072K, used 20460K [0x0000000080000000, 0x0000000100000000)
  region size 1024K, 5 young (5120K), 5 survivors (5120K)
 Metaspace       used 30479K, capacity 31186K, committed 31488K, reserved 1077248K
  class space    used 3945K, capacity 4232K, committed 4352K, reserved 1048576K
}
Event: 38.119 GC heap before
{Heap before GC invocations=9 (full 0):
 garbage-first heap   total 131072K, used 93164K [0x0000000080000000, 0x0000000100000000)
  region size 1024K, 76 young (77824K), 5 survivors (5120K)
 Metaspace       used 34193K, capacity 35008K, committed 35072K, reserved 1079296K
  class space    used 4516K, capacity 4825K, committed 4864K, reserved 1048576K
}
Event: 38.131 GC heap after
{Heap after GC invocations=10 (full 0):
 garbage-first heap   total 131072K, used 22548K [0x0000000080000000, 0x0000000100000000)
  region size 1024K, 7 young (7168K), 7 survivors (7168K)
 Metaspace       used 34193K, capacity 35008K, committed 35072K, reserved 1079296K
  class space    used 4516K, capacity 4825K, committed 4864K, reserved 1048576K
}
Event: 39.805 GC heap before
{Heap before GC invocations=10 (full 0):
 garbage-first heap   total 131072K, used 34836K [0x0000000080000000, 0x0000000100000000)
  region size 1024K, 21 young (21504K), 7 survivors (7168K)
 Metaspace       used 34896K, capacity 35688K, committed 35840K, reserved 1081344K
  class space    used 4557K, capacity 4880K, committed 4992K, reserved 1048576K
}
Event: 39.824 GC heap after
{Heap after GC invocations=11 (full 0):
 garbage-first heap   total 131072K, used 22796K [0x0000000080000000, 0x0000000100000000)
  region size 1024K, 6 young (6144K), 6 survivors (6144K)
 Metaspace       used 34896K, capacity 35688K, committed 35840K, reserved 1081344K
  class space    used 4557K, capacity 4880K, committed 4992K, reserved 1048576K
}
Event: 42.855 GC heap before
{Heap before GC invocations=12 (full 0):
 garbage-first heap   total 131072K, used 92428K [0x0000000080000000, 0x0000000100000000)
  region size 1024K, 75 young (76800K), 6 survivors (6144K)
 Metaspace       used 38758K, capacity 39710K, committed 39936K, reserved 1083392K
  class space    used 4947K, capacity 5305K, committed 5376K, reserved 1048576K
}
Event: 42.870 GC heap after
{Heap after GC invocations=13 (full 0):
 garbage-first heap   total 131072K, used 24237K [0x0000000080000000, 0x0000000100000000)
  region size 1024K, 6 young (6144K), 6 survivors (6144K)
 Metaspace       used 38758K, capacity 39710K, committed 39936K, reserved 1083392K
  class space    used 4947K, capacity 5305K, committed 5376K, reserved 1048576K
}
Event: 44.670 GC heap before
{Heap before GC invocations=13 (full 0):
 garbage-first heap   total 131072K, used 106157K [0x0000000080000000, 0x0000000100000000)
  region size 1024K, 76 young (77824K), 6 survivors (6144K)
 Metaspace       used 41266K, capacity 42313K, committed 42496K, reserved 1085440K
  class space    used 5159K, capacity 5572K, committed 5632K, reserved 1048576K
}
Event: 44.692 GC heap after
{Heap after GC invocations=14 (full 0):
 garbage-first heap   total 131072K, used 27472K [0x0000000080000000, 0x0000000100000000)
  region size 1024K, 8 young (8192K), 8 survivors (8192K)
 Metaspace       used 41266K, capacity 42313K, committed 42496K, reserved 1085440K
  class space    used 5159K, capacity 5572K, committed 5632K, reserved 1048576K
}

