# JRE version: OpenJDK Runtime Environment (11.0.15) (build 11.0.15+0-b2043.56-9505619)
# Java VM: OpenJDK 64-Bit Server VM (11.0.15+0-b2043.56-9505619, mixed mode, tiered, compressed oops, g1 gc, windows-amd64)
Heap:
 garbage-first heap   total 227328K, used 53441K [0x0000000080000000, 0x0000000100000000)
  region size 1024K, 7 young (7168K), 7 survivors (7168K)
 Metaspace       used 67134K, capacity 68980K, committed 69068K, reserved 1110016K
  class space    used 8454K, capacity 9133K, committed 9164K, reserved 1048576K
GC Heap History (20 events):
Event: 10.791 GC heap after
{Heap after GC invocations=10 (full 0):
 garbage-first heap   total 157696K, used 22478K [0x0000000080000000, 0x0000000100000000)
  region size 1024K, 8 young (8192K), 8 survivors (8192K)
 Metaspace       used 34905K, capacity 35718K, committed 35840K, reserved 1081344K
  class space    used 4573K, capacity 4912K, committed 4992K, reserved 1048576K
}
Event: 11.518 GC heap before
{Heap before GC invocations=11 (full 0):
 garbage-first heap   total 157696K, used 107470K [0x0000000080000000, 0x0000000100000000)
  region size 1024K, 92 young (94208K), 8 survivors (8192K)
 Metaspace       used 39413K, capacity 40410K, committed 40576K, reserved 1085440K
  class space    used 5014K, capacity 5389K, committed 5504K, reserved 1048576K
}
Event: 11.532 GC heap after
{Heap after GC invocations=12 (full 0):
 garbage-first heap   total 157696K, used 25153K [0x0000000080000000, 0x0000000100000000)
  region size 1024K, 9 young (9216K), 9 survivors (9216K)
 Metaspace       used 39413K, capacity 40410K, committed 40576K, reserved 1085440K
  class space    used 5014K, capacity 5389K, committed 5504K, reserved 1048576K
}
Event: 12.310 GC heap before
{Heap before GC invocations=12 (full 0):
 garbage-first heap   total 157696K, used 120385K [0x0000000080000000, 0x0000000100000000)
  region size 1024K, 92 young (94208K), 9 survivors (9216K)
 Metaspace       used 41927K, capacity 43013K, committed 43136K, reserved 1087488K
  class space    used 5268K, capacity 5657K, committed 5760K, reserved 1048576K
}
Event: 12.336 GC heap after
{Heap after GC invocations=13 (full 0):
 garbage-first heap   total 157696K, used 28275K [0x0000000080000000, 0x0000000100000000)
  region size 1024K, 9 young (9216K), 9 survivors (9216K)
 Metaspace       used 41927K, capacity 43013K, committed 43136K, reserved 1087488K
  class space    used 5268K, capacity 5657K, committed 5760K, reserved 1048576K
}
Event: 13.075 GC heap before
{Heap before GC invocations=13 (full 0):
 garbage-first heap   total 157696K, used 114291K [0x0000000080000000, 0x0000000100000000)
  region size 1024K, 92 young (94208K), 9 survivors (9216K)
 Metaspace       used 44967K, capacity 46162K, committed 46336K, reserved 1089536K
  class space    used 5714K, capacity 6132K, committed 6144K, reserved 1048576K
}
Event: 13.095 GC heap after
{Heap after GC invocations=14 (full 0):
 garbage-first heap   total 189440K, used 35134K [0x0000000080000000, 0x0000000100000000)
  region size 1024K, 11 young (11264K), 11 survivors (11264K)
 Metaspace       used 44967K, capacity 46162K, committed 46336K, reserved 1089536K
  class space    used 5714K, capacity 6132K, committed 6144K, reserved 1048576K
}
Event: 14.056 GC heap before
{Heap before GC invocations=14 (full 0):
 garbage-first heap   total 189440K, used 138558K [0x0000000080000000, 0x0000000100000000)
  region size 1024K, 111 young (113664K), 11 survivors (11264K)
 Metaspace       used 49326K, capacity 50681K, committed 50816K, reserved 1093632K
  class space    used 6263K, capacity 6727K, committed 6784K, reserved 1048576K
}
Event: 14.082 GC heap after
{Heap after GC invocations=15 (full 0):
 garbage-first heap   total 189440K, used 32942K [0x0000000080000000, 0x0000000100000000)
  region size 1024K, 5 young (5120K), 5 survivors (5120K)
 Metaspace       used 49326K, capacity 50681K, committed 50816K, reserved 1093632K
  class space    used 6263K, capacity 6727K, committed 6784K, reserved 1048576K
}
Event: 15.596 GC heap before
{Heap before GC invocations=15 (full 0):
 garbage-first heap   total 189440K, used 143534K [0x0000000080000000, 0x0000000100000000)
  region size 1024K, 111 young (113664K), 5 survivors (5120K)
 Metaspace       used 53223K, capacity 54715K, committed 54912K, reserved 1097728K
  class space    used 6708K, capacity 7237K, committed 7296K, reserved 1048576K
}
Event: 15.607 GC heap after
{Heap after GC invocations=16 (full 0):
 garbage-first heap   total 189440K, used 41721K [0x0000000080000000, 0x0000000100000000)
  region size 1024K, 12 young (12288K), 12 survivors (12288K)
 Metaspace       used 53223K, capacity 54715K, committed 54912K, reserved 1097728K
  class space    used 6708K, capacity 7237K, committed 7296K, reserved 1048576K
}
Event: 16.462 GC heap before
{Heap before GC invocations=16 (full 0):
 garbage-first heap   total 189440K, used 143097K [0x0000000080000000, 0x0000000100000000)
  region size 1024K, 111 young (113664K), 12 survivors (12288K)
 Metaspace       used 58297K, capacity 60036K, committed 60160K, reserved 1101824K
  class space    used 7271K, capacity 7886K, committed 7936K, reserved 1048576K
}
Event: 16.480 GC heap after
{Heap after GC invocations=17 (full 0):
 garbage-first heap   total 189440K, used 43550K [0x0000000080000000, 0x0000000100000000)
  region size 1024K, 2 young (2048K), 2 survivors (2048K)
 Metaspace       used 58297K, capacity 60036K, committed 60160K, reserved 1101824K
  class space    used 7271K, capacity 7886K, committed 7936K, reserved 1048576K
}
Event: 16.512 GC heap before
{Heap before GC invocations=17 (full 0):
 garbage-first heap   total 189440K, used 46622K [0x0000000080000000, 0x0000000100000000)
  region size 1024K, 6 young (6144K), 2 survivors (2048K)
 Metaspace       used 58473K, capacity 60132K, committed 60160K, reserved 1101824K
  class space    used 7307K, capacity 7918K, committed 7936K, reserved 1048576K
}
Event: 16.517 GC heap after
{Heap after GC invocations=18 (full 0):
 garbage-first heap   total 189440K, used 43277K [0x0000000080000000, 0x0000000100000000)
  region size 1024K, 2 young (2048K), 2 survivors (2048K)
 Metaspace       used 58473K, capacity 60132K, committed 60160K, reserved 1101824K
  class space    used 7307K, capacity 7918K, committed 7936K, reserved 1048576K
}
Event: 17.351 GC heap before
{Heap before GC invocations=19 (full 0):
 garbage-first heap   total 189440K, used 126221K [0x0000000080000000, 0x0000000100000000)
  region size 1024K, 78 young (79872K), 2 survivors (2048K)
 Metaspace       used 62214K, capacity 63924K, committed 64076K, reserved 1105920K
  class space    used 7796K, capacity 8419K, committed 8524K, reserved 1048576K
}
Event: 17.362 GC heap after
{Heap after GC invocations=20 (full 0):
 garbage-first heap   total 189440K, used 51926K [0x0000000080000000, 0x0000000100000000)
  region size 1024K, 8 young (8192K), 8 survivors (8192K)
 Metaspace       used 62214K, capacity 63924K, committed 64076K, reserved 1105920K
  class space    used 7796K, capacity 8419K, committed 8524K, reserved 1048576K
}
Event: 18.316 GC heap before
{Heap before GC invocations=20 (full 0):
 garbage-first heap   total 189440K, used 130774K [0x0000000080000000, 0x0000000100000000)
  region size 1024K, 83 young (84992K), 8 survivors (8192K)
 Metaspace       used 65301K, capacity 67066K, committed 67276K, reserved 1107968K
  class space    used 8184K, capacity 8820K, committed 8908K, reserved 1048576K
}
Event: 18.329 GC heap after
{Heap after GC invocations=21 (full 0):
 garbage-first heap   total 189440K, used 49705K [0x0000000080000000, 0x0000000100000000)
  region size 1024K, 3 young (3072K), 3 survivors (3072K)
 Metaspace       used 65301K, capacity 67066K, committed 67276K, reserved 1107968K
  class space    used 8184K, capacity 8820K, committed 8908K, reserved 1048576K
}
Event: 19.086 GC heap before
{Heap before GC invocations=21 (full 0):
 garbage-first heap   total 189440K, used 132649K [0x0000000080000000, 0x0000000100000000)
  region size 1024K, 84 young (86016K), 3 survivors (3072K)
 Metaspace       used 67134K, capacity 68980K, committed 69068K, reserved 1110016K
  class space    used 8454K, capacity 9133K, committed 9164K, reserved 1048576K
}

