# JRE version: OpenJDK Runtime Environment (11.0.15) (build 11.0.15+0-b2043.56-9505619)
# Java VM: OpenJDK 64-Bit Server VM (11.0.15+0-b2043.56-9505619, mixed mode, tiered, compressed oops, g1 gc, windows-amd64)
Heap:
 garbage-first heap   total 273408K, used 79045K [0x0000000080000000, 0x0000000100000000)
  region size 1024K, 16 young (16384K), 16 survivors (16384K)
 Metaspace       used 85728K, capacity 88111K, committed 88268K, reserved 1126400K
  class space    used 11106K, capacity 11955K, committed 11980K, reserved 1048576K
GC Heap History (20 events):
Event: 15.278 GC heap after
{Heap after GC invocations=16 (full 0):
 garbage-first heap   total 157696K, used 31754K [0x0000000080000000, 0x0000000100000000)
  region size 1024K, 5 young (5120K), 5 survivors (5120K)
 Metaspace       used 47289K, capacity 48595K, committed 48768K, reserved 1091584K
  class space    used 5974K, capacity 6408K, committed 6528K, reserved 1048576K
}
Event: 16.537 GC heap before
{Heap before GC invocations=16 (full 0):
 garbage-first heap   total 157696K, used 115722K [0x0000000080000000, 0x0000000100000000)
  region size 1024K, 87 young (89088K), 5 survivors (5120K)
 Metaspace       used 50255K, capacity 51700K, committed 51968K, reserved 1093632K
  class space    used 6326K, capacity 6844K, committed 6912K, reserved 1048576K
}
Event: 16.553 GC heap after
{Heap after GC invocations=17 (full 0):
 garbage-first heap   total 189440K, used 33764K [0x0000000080000000, 0x0000000100000000)
  region size 1024K, 7 young (7168K), 7 survivors (7168K)
 Metaspace       used 50255K, capacity 51700K, committed 51968K, reserved 1093632K
  class space    used 6326K, capacity 6844K, committed 6912K, reserved 1048576K
}
Event: 17.972 GC heap before
{Heap before GC invocations=17 (full 0):
 garbage-first heap   total 189440K, used 134116K [0x0000000080000000, 0x0000000100000000)
  region size 1024K, 103 young (105472K), 7 survivors (7168K)
 Metaspace       used 54416K, capacity 55951K, committed 56192K, reserved 1097728K
  class space    used 6875K, capacity 7432K, committed 7552K, reserved 1048576K
}
Event: 17.986 GC heap after
{Heap after GC invocations=18 (full 0):
 garbage-first heap   total 189440K, used 42101K [0x0000000080000000, 0x0000000100000000)
  region size 1024K, 13 young (13312K), 13 survivors (13312K)
 Metaspace       used 54416K, capacity 55951K, committed 56192K, reserved 1097728K
  class space    used 6875K, capacity 7432K, committed 7552K, reserved 1048576K
}
Event: 18.805 GC heap before
{Heap before GC invocations=18 (full 0):
 garbage-first heap   total 189440K, used 120949K [0x0000000080000000, 0x0000000100000000)
  region size 1024K, 91 young (93184K), 13 survivors (13312K)
 Metaspace       used 58359K, capacity 60047K, committed 60160K, reserved 1101824K
  class space    used 7274K, capacity 7886K, committed 7936K, reserved 1048576K
}
Event: 18.830 GC heap after
{Heap after GC invocations=19 (full 0):
 garbage-first heap   total 189440K, used 44302K [0x0000000080000000, 0x0000000100000000)
  region size 1024K, 9 young (9216K), 9 survivors (9216K)
 Metaspace       used 58359K, capacity 60047K, committed 60160K, reserved 1101824K
  class space    used 7274K, capacity 7886K, committed 7936K, reserved 1048576K
}
Event: 20.022 GC heap before
{Heap before GC invocations=20 (full 0):
 garbage-first heap   total 189440K, used 147726K [0x0000000080000000, 0x0000000100000000)
  region size 1024K, 103 young (105472K), 9 survivors (9216K)
 Metaspace       used 62772K, capacity 64534K, committed 64716K, reserved 1105920K
  class space    used 7891K, capacity 8554K, committed 8652K, reserved 1048576K
}
Event: 20.035 GC heap after
{Heap after GC invocations=21 (full 0):
 garbage-first heap   total 189440K, used 47440K [0x0000000080000000, 0x0000000100000000)
  region size 1024K, 6 young (6144K), 6 survivors (6144K)
 Metaspace       used 62772K, capacity 64534K, committed 64716K, reserved 1105920K
  class space    used 7891K, capacity 8554K, committed 8652K, reserved 1048576K
}
Event: 21.222 GC heap before
{Heap before GC invocations=21 (full 0):
 garbage-first heap   total 189440K, used 144720K [0x0000000080000000, 0x0000000100000000)
  region size 1024K, 100 young (102400K), 6 survivors (6144K)
 Metaspace       used 66751K, capacity 68524K, committed 68684K, reserved 1110016K
  class space    used 8377K, capacity 9022K, committed 9036K, reserved 1048576K
}
Event: 21.237 GC heap after
{Heap after GC invocations=22 (full 0):
 garbage-first heap   total 189440K, used 50232K [0x0000000080000000, 0x0000000100000000)
  region size 1024K, 9 young (9216K), 9 survivors (9216K)
 Metaspace       used 66751K, capacity 68524K, committed 68684K, reserved 1110016K
  class space    used 8377K, capacity 9022K, committed 9036K, reserved 1048576K
}
Event: 22.322 GC heap before
{Heap before GC invocations=22 (full 0):
 garbage-first heap   total 189440K, used 146488K [0x0000000080000000, 0x0000000100000000)
  region size 1024K, 103 young (105472K), 9 survivors (9216K)
 Metaspace       used 68996K, capacity 70833K, committed 71116K, reserved 1112064K
  class space    used 8690K, capacity 9363K, committed 9420K, reserved 1048576K
}
Event: 22.344 GC heap after
{Heap after GC invocations=23 (full 0):
 garbage-first heap   total 227328K, used 55139K [0x0000000080000000, 0x0000000100000000)
  region size 1024K, 8 young (8192K), 8 survivors (8192K)
 Metaspace       used 68996K, capacity 70833K, committed 71116K, reserved 1112064K
  class space    used 8690K, capacity 9363K, committed 9420K, reserved 1048576K
}
Event: 23.776 GC heap before
{Heap before GC invocations=23 (full 0):
 garbage-first heap   total 227328K, used 168803K [0x0000000080000000, 0x0000000100000000)
  region size 1024K, 119 young (121856K), 8 survivors (8192K)
 Metaspace       used 73789K, capacity 75732K, committed 75852K, reserved 1114112K
  class space    used 9505K, capacity 10203K, committed 10316K, reserved 1048576K
}
Event: 23.799 GC heap after
{Heap after GC invocations=24 (full 0):
 garbage-first heap   total 227328K, used 58211K [0x0000000080000000, 0x0000000100000000)
  region size 1024K, 11 young (11264K), 11 survivors (11264K)
 Metaspace       used 73789K, capacity 75732K, committed 75852K, reserved 1114112K
  class space    used 9505K, capacity 10203K, committed 10316K, reserved 1048576K
}
Event: 25.166 GC heap before
{Heap before GC invocations=24 (full 0):
 garbage-first heap   total 227328K, used 174947K [0x0000000080000000, 0x0000000100000000)
  region size 1024K, 125 young (128000K), 11 survivors (11264K)
 Metaspace       used 77914K, capacity 79934K, committed 80076K, reserved 1118208K
  class space    used 10117K, capacity 10855K, committed 10956K, reserved 1048576K
}
Event: 25.189 GC heap after
{Heap after GC invocations=25 (full 0):
 garbage-first heap   total 227328K, used 62817K [0x0000000080000000, 0x0000000100000000)
  region size 1024K, 13 young (13312K), 13 survivors (13312K)
 Metaspace       used 77914K, capacity 79934K, committed 80076K, reserved 1118208K
  class space    used 10117K, capacity 10855K, committed 10956K, reserved 1048576K
}
Event: 26.848 GC heap before
{Heap before GC invocations=25 (full 0):
 garbage-first heap   total 227328K, used 179553K [0x0000000080000000, 0x0000000100000000)
  region size 1024K, 127 young (130048K), 13 survivors (13312K)
 Metaspace       used 82930K, capacity 85123K, committed 85324K, reserved 1122304K
  class space    used 10778K, capacity 11554K, committed 11596K, reserved 1048576K
}
Event: 26.875 GC heap after
{Heap after GC invocations=26 (full 0):
 garbage-first heap   total 227328K, used 67569K [0x0000000080000000, 0x0000000100000000)
  region size 1024K, 13 young (13312K), 13 survivors (13312K)
 Metaspace       used 82930K, capacity 85123K, committed 85324K, reserved 1122304K
  class space    used 10778K, capacity 11554K, committed 11596K, reserved 1048576K
}
Event: 28.106 GC heap before
{Heap before GC invocations=26 (full 0):
 garbage-first heap   total 227328K, used 183281K [0x0000000080000000, 0x0000000100000000)
  region size 1024K, 126 young (129024K), 13 survivors (13312K)
 Metaspace       used 85728K, capacity 88111K, committed 88268K, reserved 1126400K
  class space    used 11106K, capacity 11955K, committed 11980K, reserved 1048576K
}

