# JRE version: OpenJDK Runtime Environment (11.0.15) (build 11.0.15+0-b2043.56-9505619)
# Java VM: OpenJDK 64-Bit Server VM (11.0.15+0-b2043.56-9505619, mixed mode, tiered, compressed oops, g1 gc, windows-amd64)
Heap:
 garbage-first heap   total 273408K, used 96669K [0x0000000080000000, 0x0000000100000000)
  region size 1024K, 8 young (8192K), 8 survivors (8192K)
 Metaspace       used 92147K, capacity 95139K, committed 95308K, reserved 1132544K
  class space    used 11925K, capacity 13029K, committed 13132K, reserved 1048576K
GC Heap History (20 events):
Event: 28.440 GC heap after
{Heap after GC invocations=25 (full 0):
 garbage-first heap   total 157696K, used 52232K [0x0000000080000000, 0x0000000100000000)
  region size 1024K, 4 young (4096K), 4 survivors (4096K)
 Metaspace       used 64993K, capacity 66987K, committed 67148K, reserved 1107968K
  class space    used 8202K, capacity 8925K, committed 9036K, reserved 1048576K
}
Event: 29.574 GC heap before
{Heap before GC invocations=25 (full 0):
 garbage-first heap   total 157696K, used 132104K [0x0000000080000000, 0x0000000100000000)
  region size 1024K, 75 young (76800K), 4 survivors (4096K)
 Metaspace       used 67647K, capacity 69650K, committed 69708K, reserved 1110016K
  class space    used 8536K, capacity 9276K, committed 9292K, reserved 1048576K
}
Event: 29.588 GC heap after
{Heap after GC invocations=26 (full 0):
 garbage-first heap   total 157696K, used 56561K [0x0000000080000000, 0x0000000100000000)
  region size 1024K, 9 young (9216K), 9 survivors (9216K)
 Metaspace       used 67647K, capacity 69650K, committed 69708K, reserved 1110016K
  class space    used 8536K, capacity 9276K, committed 9292K, reserved 1048576K
}
Event: 30.762 GC heap before
{Heap before GC invocations=26 (full 0):
 garbage-first heap   total 157696K, used 127217K [0x0000000080000000, 0x0000000100000000)
  region size 1024K, 77 young (78848K), 9 survivors (9216K)
 Metaspace       used 70108K, capacity 72193K, committed 72396K, reserved 1112064K
  class space    used 8845K, capacity 9650K, committed 9676K, reserved 1048576K
}
Event: 30.783 GC heap after
{Heap after GC invocations=27 (full 0):
 garbage-first heap   total 189440K, used 59564K [0x0000000080000000, 0x0000000100000000)
  region size 1024K, 8 young (8192K), 8 survivors (8192K)
 Metaspace       used 70108K, capacity 72193K, committed 72396K, reserved 1112064K
  class space    used 8845K, capacity 9650K, committed 9676K, reserved 1048576K
}
Event: 32.167 GC heap before
{Heap before GC invocations=27 (full 0):
 garbage-first heap   total 189440K, used 143532K [0x0000000080000000, 0x0000000100000000)
  region size 1024K, 90 young (92160K), 8 survivors (8192K)
 Metaspace       used 71528K, capacity 73688K, committed 73932K, reserved 1114112K
  class space    used 9056K, capacity 9865K, committed 9932K, reserved 1048576K
}
Event: 32.185 GC heap after
{Heap after GC invocations=28 (full 0):
 garbage-first heap   total 189440K, used 63306K [0x0000000080000000, 0x0000000100000000)
  region size 1024K, 7 young (7168K), 7 survivors (7168K)
 Metaspace       used 71528K, capacity 73688K, committed 73932K, reserved 1114112K
  class space    used 9056K, capacity 9865K, committed 9932K, reserved 1048576K
}
Event: 33.296 GC heap before
{Heap before GC invocations=28 (full 0):
 garbage-first heap   total 189440K, used 147274K [0x0000000080000000, 0x0000000100000000)
  region size 1024K, 89 young (91136K), 7 survivors (7168K)
 Metaspace       used 74810K, capacity 77003K, committed 77260K, reserved 1116160K
  class space    used 9590K, capacity 10391K, committed 10444K, reserved 1048576K
}
Event: 33.311 GC heap after
{Heap after GC invocations=29 (full 0):
 garbage-first heap   total 189440K, used 64619K [0x0000000080000000, 0x0000000100000000)
  region size 1024K, 6 young (6144K), 6 survivors (6144K)
 Metaspace       used 74810K, capacity 77003K, committed 77260K, reserved 1116160K
  class space    used 9590K, capacity 10391K, committed 10444K, reserved 1048576K
}
Event: 34.670 GC heap before
{Heap before GC invocations=29 (full 0):
 garbage-first heap   total 189440K, used 149611K [0x0000000080000000, 0x0000000100000000)
  region size 1024K, 89 young (91136K), 6 survivors (6144K)
 Metaspace       used 77685K, capacity 79891K, committed 80076K, reserved 1118208K
  class space    used 10077K, capacity 10902K, committed 10956K, reserved 1048576K
}
Event: 34.694 GC heap after
{Heap after GC invocations=30 (full 0):
 garbage-first heap   total 189440K, used 67573K [0x0000000080000000, 0x0000000100000000)
  region size 1024K, 9 young (9216K), 9 survivors (9216K)
 Metaspace       used 77685K, capacity 79891K, committed 80076K, reserved 1118208K
  class space    used 10077K, capacity 10902K, committed 10956K, reserved 1048576K
}
Event: 36.271 GC heap before
{Heap before GC invocations=30 (full 0):
 garbage-first heap   total 189440K, used 151541K [0x0000000080000000, 0x0000000100000000)
  region size 1024K, 91 young (93184K), 9 survivors (9216K)
 Metaspace       used 80463K, capacity 82872K, committed 83148K, reserved 1120256K
  class space    used 10475K, capacity 11379K, committed 11468K, reserved 1048576K
}
Event: 36.304 GC heap after
{Heap after GC invocations=31 (full 0):
 garbage-first heap   total 227328K, used 70898K [0x0000000080000000, 0x0000000100000000)
  region size 1024K, 8 young (8192K), 8 survivors (8192K)
 Metaspace       used 80463K, capacity 82872K, committed 83148K, reserved 1120256K
  class space    used 10475K, capacity 11379K, committed 11468K, reserved 1048576K
}
Event: 38.525 GC heap before
{Heap before GC invocations=31 (full 0):
 garbage-first heap   total 227328K, used 173298K [0x0000000080000000, 0x0000000100000000)
  region size 1024K, 108 young (110592K), 8 survivors (8192K)
 Metaspace       used 84480K, capacity 86932K, committed 86988K, reserved 1124352K
  class space    used 11050K, capacity 11941K, committed 11980K, reserved 1048576K
}
Event: 38.548 GC heap after
{Heap after GC invocations=32 (full 0):
 garbage-first heap   total 227328K, used 73505K [0x0000000080000000, 0x0000000100000000)
  region size 1024K, 9 young (9216K), 9 survivors (9216K)
 Metaspace       used 84480K, capacity 86932K, committed 86988K, reserved 1124352K
  class space    used 11050K, capacity 11941K, committed 11980K, reserved 1048576K
}
Event: 40.387 GC heap before
{Heap before GC invocations=32 (full 0):
 garbage-first heap   total 227328K, used 177953K [0x0000000080000000, 0x0000000100000000)
  region size 1024K, 111 young (113664K), 9 survivors (9216K)
 Metaspace       used 86891K, capacity 89506K, committed 89676K, reserved 1126400K
  class space    used 11347K, capacity 12341K, committed 12364K, reserved 1048576K
}
Event: 40.430 GC heap after
{Heap after GC invocations=33 (full 0):
 garbage-first heap   total 227328K, used 81794K [0x0000000080000000, 0x0000000100000000)
  region size 1024K, 14 young (14336K), 14 survivors (14336K)
 Metaspace       used 86891K, capacity 89506K, committed 89676K, reserved 1126400K
  class space    used 11347K, capacity 12341K, committed 12364K, reserved 1048576K
}
Event: 42.773 GC heap before
{Heap before GC invocations=33 (full 0):
 garbage-first heap   total 227328K, used 183170K [0x0000000080000000, 0x0000000100000000)
  region size 1024K, 113 young (115712K), 14 survivors (14336K)
 Metaspace       used 90459K, capacity 93276K, committed 93516K, reserved 1130496K
  class space    used 11806K, capacity 12853K, committed 12876K, reserved 1048576K
}
Event: 42.829 GC heap after
{Heap after GC invocations=34 (full 0):
 garbage-first heap   total 227328K, used 88979K [0x0000000080000000, 0x0000000100000000)
  region size 1024K, 8 young (8192K), 8 survivors (8192K)
 Metaspace       used 90459K, capacity 93276K, committed 93516K, reserved 1130496K
  class space    used 11806K, capacity 12853K, committed 12876K, reserved 1048576K
}
Event: 48.329 GC heap before
{Heap before GC invocations=34 (full 0):
 garbage-first heap   total 227328K, used 182163K [0x0000000080000000, 0x0000000100000000)
  region size 1024K, 100 young (102400K), 8 survivors (8192K)
 Metaspace       used 92147K, capacity 95139K, committed 95308K, reserved 1132544K
  class space    used 11925K, capacity 13029K, committed 13132K, reserved 1048576K
}

