# JRE version: OpenJDK Runtime Environment (11.0.15) (build 11.0.15+0-b2043.56-9505619)
# Java VM: OpenJDK 64-Bit Server VM (11.0.15+0-b2043.56-9505619, mixed mode, tiered, compressed oops, g1 gc, windows-amd64)
Heap:
 garbage-first heap   total 349184K, used 267833K [0x0000000080000000, 0x0000000100000000)
  region size 1024K, 59 young (60416K), 1 survivors (1024K)
 Metaspace       used 154971K, capacity 160477K, committed 160676K, reserved 1189888K
  class space    used 18651K, capacity 20429K, committed 20556K, reserved 1048576K
GC Heap History (20 events):
Event: 958.898 GC heap before
{Heap before GC invocations=134 (full 0):
 garbage-first heap   total 349184K, used 291140K [0x0000000080000000, 0x0000000100000000)
  region size 1024K, 93 young (95232K), 8 survivors (8192K)
 Metaspace       used 134559K, capacity 139358K, committed 139556K, reserved 1171456K
  class space    used 16419K, capacity 18029K, committed 18124K, reserved 1048576K
}
Event: 958.958 GC heap after
{Heap after GC invocations=135 (full 0):
 garbage-first heap   total 349184K, used 204460K [0x0000000080000000, 0x0000000100000000)
  region size 1024K, 7 young (7168K), 7 survivors (7168K)
 Metaspace       used 134559K, capacity 139358K, committed 139556K, reserved 1171456K
  class space    used 16419K, capacity 18029K, committed 18124K, reserved 1048576K
}
Event: 968.611 GC heap before
{Heap before GC invocations=136 (full 0):
 garbage-first heap   total 349184K, used 290476K [0x0000000080000000, 0x0000000100000000)
  region size 1024K, 93 young (95232K), 7 survivors (7168K)
 Metaspace       used 139483K, capacity 144316K, committed 144420K, reserved 1175552K
  class space    used 16929K, capacity 18572K, committed 18636K, reserved 1048576K
}
Event: 968.634 GC heap after
{Heap after GC invocations=137 (full 0):
 garbage-first heap   total 349184K, used 205165K [0x0000000080000000, 0x0000000100000000)
  region size 1024K, 10 young (10240K), 10 survivors (10240K)
 Metaspace       used 139483K, capacity 144316K, committed 144420K, reserved 1175552K
  class space    used 16929K, capacity 18572K, committed 18636K, reserved 1048576K
}
Event: 969.540 GC heap before
{Heap before GC invocations=137 (full 0):
 garbage-first heap   total 349184K, used 212333K [0x0000000080000000, 0x0000000100000000)
  region size 1024K, 17 young (17408K), 10 survivors (10240K)
 Metaspace       used 139666K, capacity 144512K, committed 144676K, reserved 1175552K
  class space    used 16945K, capacity 18573K, committed 18636K, reserved 1048576K
}
Event: 969.644 GC heap after
{Heap after GC invocations=138 (full 0):
 garbage-first heap   total 349184K, used 198082K [0x0000000080000000, 0x0000000100000000)
  region size 1024K, 2 young (2048K), 2 survivors (2048K)
 Metaspace       used 139666K, capacity 144512K, committed 144676K, reserved 1175552K
  class space    used 16945K, capacity 18573K, committed 18636K, reserved 1048576K
}
Event: 1461.993 GC heap before
{Heap before GC invocations=138 (full 0):
 garbage-first heap   total 349184K, used 292290K [0x0000000080000000, 0x0000000100000000)
  region size 1024K, 95 young (97280K), 2 survivors (2048K)
 Metaspace       used 142189K, capacity 147314K, committed 147364K, reserved 1177600K
  class space    used 17283K, capacity 18983K, committed 19020K, reserved 1048576K
}
Event: 1462.136 GC heap after
{Heap after GC invocations=139 (full 0):
 garbage-first heap   total 349184K, used 203342K [0x0000000080000000, 0x0000000100000000)
  region size 1024K, 7 young (7168K), 7 survivors (7168K)
 Metaspace       used 142189K, capacity 147314K, committed 147364K, reserved 1177600K
  class space    used 17283K, capacity 18983K, committed 19020K, reserved 1048576K
}
Event: 1462.175 GC heap before
{Heap before GC invocations=139 (full 0):
 garbage-first heap   total 349184K, used 210510K [0x0000000080000000, 0x0000000100000000)
  region size 1024K, 15 young (15360K), 7 survivors (7168K)
 Metaspace       used 142495K, capacity 147602K, committed 147748K, reserved 1177600K
  class space    used 17312K, capacity 19015K, committed 19148K, reserved 1048576K
}
Event: 1462.229 GC heap after
{Heap after GC invocations=140 (full 0):
 garbage-first heap   total 349184K, used 204529K [0x0000000080000000, 0x0000000100000000)
  region size 1024K, 2 young (2048K), 2 survivors (2048K)
 Metaspace       used 142495K, capacity 147602K, committed 147748K, reserved 1177600K
  class space    used 17312K, capacity 19015K, committed 19148K, reserved 1048576K
}
Event: 1464.217 GC heap before
{Heap before GC invocations=141 (full 0):
 garbage-first heap   total 349184K, used 284401K [0x0000000080000000, 0x0000000100000000)
  region size 1024K, 82 young (83968K), 2 survivors (2048K)
 Metaspace       used 146761K, capacity 151826K, committed 151972K, reserved 1181696K
  class space    used 17738K, capacity 19436K, committed 19532K, reserved 1048576K
}
Event: 1464.232 GC heap after
{Heap after GC invocations=142 (full 0):
 garbage-first heap   total 349184K, used 204263K [0x0000000080000000, 0x0000000100000000)
  region size 1024K, 4 young (4096K), 4 survivors (4096K)
 Metaspace       used 146761K, capacity 151826K, committed 151972K, reserved 1181696K
  class space    used 17738K, capacity 19436K, committed 19532K, reserved 1048576K
}
Event: 1464.874 GC heap before
{Heap before GC invocations=142 (full 0):
 garbage-first heap   total 349184K, used 217575K [0x0000000080000000, 0x0000000100000000)
  region size 1024K, 17 young (17408K), 4 survivors (4096K)
 Metaspace       used 147145K, capacity 152190K, committed 152484K, reserved 1181696K
  class space    used 17783K, capacity 19472K, committed 19532K, reserved 1048576K
}
Event: 1464.917 GC heap after
{Heap after GC invocations=143 (full 0):
 garbage-first heap   total 349184K, used 200254K [0x0000000080000000, 0x0000000100000000)
  region size 1024K, 1 young (1024K), 1 survivors (1024K)
 Metaspace       used 147145K, capacity 152190K, committed 152484K, reserved 1181696K
  class space    used 17783K, capacity 19472K, committed 19532K, reserved 1048576K
}
Event: 1683.712 GC heap before
{Heap before GC invocations=143 (full 0):
 garbage-first heap   total 349184K, used 273982K [0x0000000080000000, 0x0000000100000000)
  region size 1024K, 75 young (76800K), 1 survivors (1024K)
 Metaspace       used 149382K, capacity 154848K, committed 155172K, reserved 1185792K
  class space    used 18072K, capacity 19838K, committed 19916K, reserved 1048576K
}
Event: 1683.772 GC heap after
{Heap after GC invocations=144 (full 0):
 garbage-first heap   total 349184K, used 206150K [0x0000000080000000, 0x0000000100000000)
  region size 1024K, 7 young (7168K), 7 survivors (7168K)
 Metaspace       used 149382K, capacity 154848K, committed 155172K, reserved 1185792K
  class space    used 18072K, capacity 19838K, committed 19916K, reserved 1048576K
}
Event: 1689.109 GC heap before
{Heap before GC invocations=145 (full 0):
 garbage-first heap   total 349184K, used 290118K [0x0000000080000000, 0x0000000100000000)
  region size 1024K, 88 young (90112K), 7 survivors (7168K)
 Metaspace       used 153669K, capacity 159047K, committed 159140K, reserved 1187840K
  class space    used 18483K, capacity 20230K, committed 20300K, reserved 1048576K
}
Event: 1689.178 GC heap after
{Heap after GC invocations=146 (full 0):
 garbage-first heap   total 349184K, used 210317K [0x0000000080000000, 0x0000000100000000)
  region size 1024K, 5 young (5120K), 5 survivors (5120K)
 Metaspace       used 153669K, capacity 159047K, committed 159140K, reserved 1187840K
  class space    used 18483K, capacity 20230K, committed 20300K, reserved 1048576K
}
Event: 1689.395 GC heap before
{Heap before GC invocations=146 (full 0):
 garbage-first heap   total 349184K, used 222605K [0x0000000080000000, 0x0000000100000000)
  region size 1024K, 17 young (17408K), 5 survivors (5120K)
 Metaspace       used 154008K, capacity 159399K, committed 159652K, reserved 1189888K
  class space    used 18517K, capacity 20262K, committed 20300K, reserved 1048576K
}
Event: 1689.428 GC heap after
{Heap after GC invocations=147 (full 0):
 garbage-first heap   total 349184K, used 210489K [0x0000000080000000, 0x0000000100000000)
  region size 1024K, 1 young (1024K), 1 survivors (1024K)
 Metaspace       used 154008K, capacity 159399K, committed 159652K, reserved 1189888K
  class space    used 18517K, capacity 20262K, committed 20300K, reserved 1048576K
}

