# JRE version: OpenJDK Runtime Environment (11.0.15) (build 11.0.15+0-b2043.56-9505619)
# Java VM: OpenJDK 64-Bit Server VM (11.0.15+0-b2043.56-9505619, mixed mode, tiered, compressed oops, g1 gc, windows-amd64)
Heap:
 garbage-first heap   total 195584K, used 81427K [0x0000000080000000, 0x0000000100000000)
  region size 1024K, 57 young (58368K), 8 survivors (8192K)
 Metaspace       used 50419K, capacity 51886K, committed 51968K, reserved 1093632K
  class space    used 6358K, capacity 6862K, committed 6912K, reserved 1048576K
GC Heap History (20 events):
Event: 6.731 GC heap before
{Heap before GC invocations=4 (full 0):
 garbage-first heap   total 131072K, used 58307K [0x0000000080000000, 0x0000000100000000)
  region size 1024K, 48 young (49152K), 6 survivors (6144K)
 Metaspace       used 20803K, capacity 21216K, committed 21248K, reserved 1069056K
  class space    used 2398K, capacity 2544K, committed 2560K, reserved 1048576K
}
Event: 6.741 GC heap after
{Heap after GC invocations=5 (full 0):
 garbage-first heap   total 131072K, used 17567K [0x0000000080000000, 0x0000000100000000)
  region size 1024K, 2 young (2048K), 2 survivors (2048K)
 Metaspace       used 20803K, capacity 21216K, committed 21248K, reserved 1069056K
  class space    used 2398K, capacity 2544K, committed 2560K, reserved 1048576K
}
Event: 7.503 GC heap before
{Heap before GC invocations=6 (full 0):
 garbage-first heap   total 131072K, used 84127K [0x0000000080000000, 0x0000000100000000)
  region size 1024K, 67 young (68608K), 2 survivors (2048K)
 Metaspace       used 23467K, capacity 24028K, committed 24064K, reserved 1071104K
  class space    used 2868K, capacity 3062K, committed 3072K, reserved 1048576K
}
Event: 7.509 GC heap after
{Heap after GC invocations=7 (full 0):
 garbage-first heap   total 131072K, used 18324K [0x0000000080000000, 0x0000000100000000)
  region size 1024K, 3 young (3072K), 3 survivors (3072K)
 Metaspace       used 23467K, capacity 24028K, committed 24064K, reserved 1071104K
  class space    used 2868K, capacity 3062K, committed 3072K, reserved 1048576K
}
Event: 8.361 GC heap before
{Heap before GC invocations=7 (full 0):
 garbage-first heap   total 131072K, used 86932K [0x0000000080000000, 0x0000000100000000)
  region size 1024K, 70 young (71680K), 3 survivors (3072K)
 Metaspace       used 26647K, capacity 27312K, committed 27520K, reserved 1073152K
  class space    used 3368K, capacity 3609K, committed 3712K, reserved 1048576K
}
Event: 8.372 GC heap after
{Heap after GC invocations=8 (full 0):
 garbage-first heap   total 131072K, used 19527K [0x0000000080000000, 0x0000000100000000)
  region size 1024K, 4 young (4096K), 4 survivors (4096K)
 Metaspace       used 26647K, capacity 27312K, committed 27520K, reserved 1073152K
  class space    used 3368K, capacity 3609K, committed 3712K, reserved 1048576K
}
Event: 9.295 GC heap before
{Heap before GC invocations=8 (full 0):
 garbage-first heap   total 131072K, used 90183K [0x0000000080000000, 0x0000000100000000)
  region size 1024K, 73 young (74752K), 4 survivors (4096K)
 Metaspace       used 29837K, capacity 30530K, committed 30848K, reserved 1075200K
  class space    used 3857K, capacity 4112K, committed 4224K, reserved 1048576K
}
Event: 9.306 GC heap after
{Heap after GC invocations=9 (full 0):
 garbage-first heap   total 162816K, used 20495K [0x0000000080000000, 0x0000000100000000)
  region size 1024K, 5 young (5120K), 5 survivors (5120K)
 Metaspace       used 29837K, capacity 30530K, committed 30848K, reserved 1075200K
  class space    used 3857K, capacity 4112K, committed 4224K, reserved 1048576K
}
Event: 10.163 GC heap before
{Heap before GC invocations=9 (full 0):
 garbage-first heap   total 162816K, used 103439K [0x0000000080000000, 0x0000000100000000)
  region size 1024K, 86 young (88064K), 5 survivors (5120K)
 Metaspace       used 33797K, capacity 34634K, committed 34816K, reserved 1079296K
  class space    used 4462K, capacity 4779K, committed 4864K, reserved 1048576K
}
Event: 10.172 GC heap after
{Heap after GC invocations=10 (full 0):
 garbage-first heap   total 162816K, used 22108K [0x0000000080000000, 0x0000000100000000)
  region size 1024K, 7 young (7168K), 7 survivors (7168K)
 Metaspace       used 33797K, capacity 34634K, committed 34816K, reserved 1079296K
  class space    used 4462K, capacity 4779K, committed 4864K, reserved 1048576K
}
Event: 10.437 GC heap before
{Heap before GC invocations=10 (full 0):
 garbage-first heap   total 162816K, used 43612K [0x0000000080000000, 0x0000000100000000)
  region size 1024K, 29 young (29696K), 7 survivors (7168K)
 Metaspace       used 34917K, capacity 35734K, committed 35840K, reserved 1081344K
  class space    used 4573K, capacity 4912K, committed 4992K, reserved 1048576K
}
Event: 10.450 GC heap after
{Heap after GC invocations=11 (full 0):
 garbage-first heap   total 162816K, used 23046K [0x0000000080000000, 0x0000000100000000)
  region size 1024K, 7 young (7168K), 7 survivors (7168K)
 Metaspace       used 34917K, capacity 35734K, committed 35840K, reserved 1081344K
  class space    used 4573K, capacity 4912K, committed 4992K, reserved 1048576K
}
Event: 11.300 GC heap before
{Heap before GC invocations=12 (full 0):
 garbage-first heap   total 162816K, used 109062K [0x0000000080000000, 0x0000000100000000)
  region size 1024K, 92 young (94208K), 7 survivors (7168K)
 Metaspace       used 39424K, capacity 40425K, committed 40576K, reserved 1085440K
  class space    used 5014K, capacity 5389K, committed 5504K, reserved 1048576K
}
Event: 11.314 GC heap after
{Heap after GC invocations=13 (full 0):
 garbage-first heap   total 162816K, used 26301K [0x0000000080000000, 0x0000000100000000)
  region size 1024K, 10 young (10240K), 10 survivors (10240K)
 Metaspace       used 39424K, capacity 40425K, committed 40576K, reserved 1085440K
  class space    used 5014K, capacity 5389K, committed 5504K, reserved 1048576K
}
Event: 12.220 GC heap before
{Heap before GC invocations=13 (full 0):
 garbage-first heap   total 162816K, used 123581K [0x0000000080000000, 0x0000000100000000)
  region size 1024K, 95 young (97280K), 10 survivors (10240K)
 Metaspace       used 41993K, capacity 43042K, committed 43392K, reserved 1087488K
  class space    used 5272K, capacity 5660K, committed 5760K, reserved 1048576K
}
Event: 12.243 GC heap after
{Heap after GC invocations=14 (full 0):
 garbage-first heap   total 162816K, used 28950K [0x0000000080000000, 0x0000000100000000)
  region size 1024K, 10 young (10240K), 10 survivors (10240K)
 Metaspace       used 41993K, capacity 43042K, committed 43392K, reserved 1087488K
  class space    used 5272K, capacity 5660K, committed 5760K, reserved 1048576K
}
Event: 13.004 GC heap before
{Heap before GC invocations=14 (full 0):
 garbage-first heap   total 162816K, used 118038K [0x0000000080000000, 0x0000000100000000)
  region size 1024K, 95 young (97280K), 10 survivors (10240K)
 Metaspace       used 45543K, capacity 46690K, committed 46848K, reserved 1089536K
  class space    used 5714K, capacity 6132K, committed 6144K, reserved 1048576K
}
Event: 13.019 GC heap after
{Heap after GC invocations=15 (full 0):
 garbage-first heap   total 162816K, used 32034K [0x0000000080000000, 0x0000000100000000)
  region size 1024K, 9 young (9216K), 9 survivors (9216K)
 Metaspace       used 45543K, capacity 46690K, committed 46848K, reserved 1089536K
  class space    used 5714K, capacity 6132K, committed 6144K, reserved 1048576K
}
Event: 13.845 GC heap before
{Heap before GC invocations=15 (full 0):
 garbage-first heap   total 162816K, used 120098K [0x0000000080000000, 0x0000000100000000)
  region size 1024K, 95 young (97280K), 9 survivors (9216K)
 Metaspace       used 48885K, capacity 50262K, committed 50560K, reserved 1093632K
  class space    used 6197K, capacity 6685K, committed 6784K, reserved 1048576K
}
Event: 13.861 GC heap after
{Heap after GC invocations=16 (full 0):
 garbage-first heap   total 195584K, used 32275K [0x0000000080000000, 0x0000000100000000)
  region size 1024K, 8 young (8192K), 8 survivors (8192K)
 Metaspace       used 48885K, capacity 50262K, committed 50560K, reserved 1093632K
  class space    used 6197K, capacity 6685K, committed 6784K, reserved 1048576K
}

