# JRE version: OpenJDK Runtime Environment (11.0.15) (build 11.0.15+0-b2043.56-9505619)
# Java VM: OpenJDK 64-Bit Server VM (11.0.15+0-b2043.56-9505619, mixed mode, tiered, compressed oops, g1 gc, windows-amd64)
Heap:
 garbage-first heap   total 227328K, used 173309K [0x0000000080000000, 0x0000000100000000)
  region size 1024K, 48 young (49152K), 1 survivors (1024K)
 Metaspace       used 110435K, capacity 113271K, committed 113828K, reserved 1148928K
  class space    used 13617K, capacity 14660K, committed 14848K, reserved 1048576K
GC Heap History (20 events):
Event: 123.673 GC heap before
{Heap before GC invocations=47 (full 0):
 garbage-first heap   total 227328K, used 183309K [0x0000000080000000, 0x0000000100000000)
  region size 1024K, 67 young (68608K), 5 survivors (5120K)
 Metaspace       used 104405K, capacity 107226K, committed 107300K, reserved 1142784K
  class space    used 13062K, capacity 14141K, committed 14208K, reserved 1048576K
}
Event: 123.690 GC heap after
{Heap after GC invocations=48 (full 0):
 garbage-first heap   total 227328K, used 124486K [0x0000000080000000, 0x0000000100000000)
  region size 1024K, 8 young (8192K), 8 survivors (8192K)
 Metaspace       used 104405K, capacity 107226K, committed 107300K, reserved 1142784K
  class space    used 13062K, capacity 14141K, committed 14208K, reserved 1048576K
}
Event: 2349.675 GC heap before
{Heap before GC invocations=49 (full 0):
 garbage-first heap   total 227328K, used 203334K [0x0000000080000000, 0x0000000100000000)
  region size 1024K, 69 young (70656K), 8 survivors (8192K)
 Metaspace       used 104809K, capacity 107703K, committed 107812K, reserved 1142784K
  class space    used 13068K, capacity 14146K, committed 14208K, reserved 1048576K
}
Event: 2349.825 GC heap after
{Heap after GC invocations=50 (full 0):
 garbage-first heap   total 227328K, used 121356K [0x0000000080000000, 0x0000000100000000)
  region size 1024K, 2 young (2048K), 2 survivors (2048K)
 Metaspace       used 104809K, capacity 107703K, committed 107812K, reserved 1142784K
  class space    used 13068K, capacity 14146K, committed 14208K, reserved 1048576K
}
Event: 2355.039 GC heap before
{Heap before GC invocations=50 (full 0):
 garbage-first heap   total 227328K, used 129548K [0x0000000080000000, 0x0000000100000000)
  region size 1024K, 11 young (11264K), 2 survivors (2048K)
 Metaspace       used 104820K, capacity 107703K, committed 107812K, reserved 1142784K
  class space    used 13068K, capacity 14146K, committed 14208K, reserved 1048576K
}
Event: 2355.184 GC heap after
{Heap after GC invocations=51 (full 0):
 garbage-first heap   total 227328K, used 114231K [0x0000000080000000, 0x0000000100000000)
  region size 1024K, 1 young (1024K), 1 survivors (1024K)
 Metaspace       used 104820K, capacity 107703K, committed 107812K, reserved 1142784K
  class space    used 13068K, capacity 14146K, committed 14208K, reserved 1048576K
}
Event: 2758.080 GC heap before
{Heap before GC invocations=51 (full 0):
 garbage-first heap   total 227328K, used 183863K [0x0000000080000000, 0x0000000100000000)
  region size 1024K, 71 young (72704K), 1 survivors (1024K)
 Metaspace       used 105256K, capacity 108119K, committed 108324K, reserved 1142784K
  class space    used 13096K, capacity 14175K, committed 14208K, reserved 1048576K
}
Event: 2758.154 GC heap after
{Heap after GC invocations=52 (full 0):
 garbage-first heap   total 227328K, used 120794K [0x0000000080000000, 0x0000000100000000)
  region size 1024K, 8 young (8192K), 8 survivors (8192K)
 Metaspace       used 105256K, capacity 108119K, committed 108324K, reserved 1142784K
  class space    used 13096K, capacity 14175K, committed 14208K, reserved 1048576K
}
Event: 2761.632 GC heap before
{Heap before GC invocations=53 (full 0):
 garbage-first heap   total 227328K, used 187354K [0x0000000080000000, 0x0000000100000000)
  region size 1024K, 72 young (73728K), 8 survivors (8192K)
 Metaspace       used 106675K, capacity 109365K, committed 110116K, reserved 1144832K
  class space    used 13229K, capacity 14194K, committed 14464K, reserved 1048576K
}
Event: 2761.721 GC heap after
{Heap after GC invocations=54 (full 0):
 garbage-first heap   total 227328K, used 137611K [0x0000000080000000, 0x0000000100000000)
  region size 1024K, 9 young (9216K), 9 survivors (9216K)
 Metaspace       used 106675K, capacity 109365K, committed 110116K, reserved 1144832K
  class space    used 13229K, capacity 14194K, committed 14464K, reserved 1048576K
}
Event: 2761.743 GC heap before
{Heap before GC invocations=54 (full 0):
 garbage-first heap   total 227328K, used 138635K [0x0000000080000000, 0x0000000100000000)
  region size 1024K, 11 young (11264K), 9 survivors (9216K)
 Metaspace       used 106803K, capacity 109429K, committed 110116K, reserved 1144832K
  class space    used 13240K, capacity 14194K, committed 14464K, reserved 1048576K
}
Event: 2761.850 GC heap after
{Heap after GC invocations=55 (full 0):
 garbage-first heap   total 227328K, used 128416K [0x0000000080000000, 0x0000000100000000)
  region size 1024K, 2 young (2048K), 2 survivors (2048K)
 Metaspace       used 106803K, capacity 109429K, committed 110116K, reserved 1144832K
  class space    used 13240K, capacity 14194K, committed 14464K, reserved 1048576K
}
Event: 2762.102 GC heap before
{Heap before GC invocations=55 (full 0):
 garbage-first heap   total 227328K, used 137632K [0x0000000080000000, 0x0000000100000000)
  region size 1024K, 11 young (11264K), 2 survivors (2048K)
 Metaspace       used 107250K, capacity 109973K, committed 110756K, reserved 1144832K
  class space    used 13305K, capacity 14290K, committed 14592K, reserved 1048576K
}
Event: 2762.120 GC heap after
{Heap after GC invocations=56 (full 0):
 garbage-first heap   total 227328K, used 127626K [0x0000000080000000, 0x0000000100000000)
  region size 1024K, 1 young (1024K), 1 survivors (1024K)
 Metaspace       used 107250K, capacity 109973K, committed 110756K, reserved 1144832K
  class space    used 13305K, capacity 14290K, committed 14592K, reserved 1048576K
}
Event: 2763.306 GC heap before
{Heap before GC invocations=56 (full 0):
 garbage-first heap   total 227328K, used 154250K [0x0000000080000000, 0x0000000100000000)
  region size 1024K, 28 young (28672K), 1 survivors (1024K)
 Metaspace       used 108173K, capacity 110897K, committed 111524K, reserved 1146880K
  class space    used 13399K, capacity 14384K, committed 14592K, reserved 1048576K
}
Event: 2763.339 GC heap after
{Heap after GC invocations=57 (full 0):
 garbage-first heap   total 227328K, used 136765K [0x0000000080000000, 0x0000000100000000)
  region size 1024K, 7 young (7168K), 7 survivors (7168K)
 Metaspace       used 108173K, capacity 110897K, committed 111524K, reserved 1146880K
  class space    used 13399K, capacity 14384K, committed 14592K, reserved 1048576K
}
Event: 2765.783 GC heap before
{Heap before GC invocations=58 (full 0):
 garbage-first heap   total 227328K, used 206397K [0x0000000080000000, 0x0000000100000000)
  region size 1024K, 49 young (50176K), 7 survivors (7168K)
 Metaspace       used 109901K, capacity 112714K, committed 113188K, reserved 1148928K
  class space    used 13580K, capacity 14625K, committed 14720K, reserved 1048576K
}
Event: 2765.824 GC heap after
{Heap after GC invocations=59 (full 0):
 garbage-first heap   total 227328K, used 138192K [0x0000000080000000, 0x0000000100000000)
  region size 1024K, 2 young (2048K), 2 survivors (2048K)
 Metaspace       used 109901K, capacity 112714K, committed 113188K, reserved 1148928K
  class space    used 13580K, capacity 14625K, committed 14720K, reserved 1048576K
}
Event: 2766.707 GC heap before
{Heap before GC invocations=59 (full 0):
 garbage-first heap   total 227328K, used 146384K [0x0000000080000000, 0x0000000100000000)
  region size 1024K, 11 young (11264K), 2 survivors (2048K)
 Metaspace       used 110048K, capacity 112842K, committed 113188K, reserved 1148928K
  class space    used 13594K, capacity 14625K, committed 14720K, reserved 1048576K
}
Event: 2766.745 GC heap after
{Heap after GC invocations=60 (full 0):
 garbage-first heap   total 227328K, used 127229K [0x0000000080000000, 0x0000000100000000)
  region size 1024K, 1 young (1024K), 1 survivors (1024K)
 Metaspace       used 110048K, capacity 112842K, committed 113188K, reserved 1148928K
  class space    used 13594K, capacity 14625K, committed 14720K, reserved 1048576K
}

