# JRE version: OpenJDK Runtime Environment (11.0.15) (build 11.0.15+0-b2043.56-9505619)
# Java VM: OpenJDK 64-Bit Server VM (11.0.15+0-b2043.56-9505619, mixed mode, tiered, compressed oops, g1 gc, windows-amd64)
Heap:
 garbage-first heap   total 189440K, used 32093K [0x0000000080000000, 0x0000000100000000)
  region size 1024K, 5 young (5120K), 5 survivors (5120K)
 Metaspace       used 48592K, capacity 50033K, committed 50176K, reserved 1093632K
  class space    used 6150K, capacity 6630K, committed 6656K, reserved 1048576K
GC Heap History (20 events):
Event: 4.569 GC heap after
{Heap after GC invocations=3 (full 0):
 garbage-first heap   total 131072K, used 15574K [0x0000000080000000, 0x0000000100000000)
  region size 1024K, 10 young (10240K), 10 survivors (10240K)
 Metaspace       used 14636K, capacity 14969K, committed 15232K, reserved 1062912K
  class space    used 1531K, capacity 1651K, committed 1664K, reserved 1048576K
}
Event: 6.782 GC heap before
{Heap before GC invocations=3 (full 0):
 garbage-first heap   total 131072K, used 83158K [0x0000000080000000, 0x0000000100000000)
  region size 1024K, 76 young (77824K), 10 survivors (10240K)
 Metaspace       used 18689K, capacity 19092K, committed 19200K, reserved 1067008K
  class space    used 2109K, capacity 2239K, committed 2304K, reserved 1048576K
}
Event: 6.799 GC heap after
{Heap after GC invocations=4 (full 0):
 garbage-first heap   total 131072K, used 16706K [0x0000000080000000, 0x0000000100000000)
  region size 1024K, 7 young (7168K), 7 survivors (7168K)
 Metaspace       used 18689K, capacity 19092K, committed 19200K, reserved 1067008K
  class space    used 2109K, capacity 2239K, committed 2304K, reserved 1048576K
}
Event: 7.832 GC heap before
{Heap before GC invocations=4 (full 0):
 garbage-first heap   total 131072K, used 57666K [0x0000000080000000, 0x0000000100000000)
  region size 1024K, 48 young (49152K), 7 survivors (7168K)
 Metaspace       used 20796K, capacity 21216K, committed 21248K, reserved 1069056K
  class space    used 2396K, capacity 2544K, committed 2560K, reserved 1048576K
}
Event: 7.852 GC heap after
{Heap after GC invocations=5 (full 0):
 garbage-first heap   total 131072K, used 17117K [0x0000000080000000, 0x0000000100000000)
  region size 1024K, 3 young (3072K), 3 survivors (3072K)
 Metaspace       used 20796K, capacity 21216K, committed 21248K, reserved 1069056K
  class space    used 2396K, capacity 2544K, committed 2560K, reserved 1048576K
}
Event: 9.023 GC heap before
{Heap before GC invocations=6 (full 0):
 garbage-first heap   total 131072K, used 91869K [0x0000000080000000, 0x0000000100000000)
  region size 1024K, 76 young (77824K), 3 survivors (3072K)
 Metaspace       used 23747K, capacity 24188K, committed 24448K, reserved 1071104K
  class space    used 2917K, capacity 3094K, committed 3200K, reserved 1048576K
}
Event: 9.032 GC heap after
{Heap after GC invocations=7 (full 0):
 garbage-first heap   total 157696K, used 17845K [0x0000000080000000, 0x0000000100000000)
  region size 1024K, 3 young (3072K), 3 survivors (3072K)
 Metaspace       used 23747K, capacity 24188K, committed 24448K, reserved 1071104K
  class space    used 2917K, capacity 3094K, committed 3200K, reserved 1048576K
}
Event: 10.294 GC heap before
{Heap before GC invocations=7 (full 0):
 garbage-first heap   total 157696K, used 107957K [0x0000000080000000, 0x0000000100000000)
  region size 1024K, 91 young (93184K), 3 survivors (3072K)
 Metaspace       used 28105K, capacity 28792K, committed 28928K, reserved 1075200K
  class space    used 3581K, capacity 3830K, committed 3840K, reserved 1048576K
}
Event: 10.302 GC heap after
{Heap after GC invocations=8 (full 0):
 garbage-first heap   total 157696K, used 19352K [0x0000000080000000, 0x0000000100000000)
  region size 1024K, 5 young (5120K), 5 survivors (5120K)
 Metaspace       used 28105K, capacity 28792K, committed 28928K, reserved 1075200K
  class space    used 3581K, capacity 3830K, committed 3840K, reserved 1048576K
}
Event: 11.468 GC heap before
{Heap before GC invocations=8 (full 0):
 garbage-first heap   total 157696K, used 108440K [0x0000000080000000, 0x0000000100000000)
  region size 1024K, 92 young (94208K), 5 survivors (5120K)
 Metaspace       used 31855K, capacity 32666K, committed 33024K, reserved 1077248K
  class space    used 4181K, capacity 4484K, committed 4608K, reserved 1048576K
}
Event: 11.478 GC heap after
{Heap after GC invocations=9 (full 0):
 garbage-first heap   total 157696K, used 20727K [0x0000000080000000, 0x0000000100000000)
  region size 1024K, 6 young (6144K), 6 survivors (6144K)
 Metaspace       used 31855K, capacity 32666K, committed 33024K, reserved 1077248K
  class space    used 4181K, capacity 4484K, committed 4608K, reserved 1048576K
}
Event: 12.212 GC heap before
{Heap before GC invocations=9 (full 0):
 garbage-first heap   total 157696K, used 76023K [0x0000000080000000, 0x0000000100000000)
  region size 1024K, 61 young (62464K), 6 survivors (6144K)
 Metaspace       used 34931K, capacity 35734K, committed 35840K, reserved 1081344K
  class space    used 4575K, capacity 4912K, committed 4992K, reserved 1048576K
}
Event: 12.228 GC heap after
{Heap after GC invocations=10 (full 0):
 garbage-first heap   total 157696K, used 21754K [0x0000000080000000, 0x0000000100000000)
  region size 1024K, 7 young (7168K), 7 survivors (7168K)
 Metaspace       used 34931K, capacity 35734K, committed 35840K, reserved 1081344K
  class space    used 4575K, capacity 4912K, committed 4992K, reserved 1048576K
}
Event: 13.366 GC heap before
{Heap before GC invocations=11 (full 0):
 garbage-first heap   total 157696K, used 107770K [0x0000000080000000, 0x0000000100000000)
  region size 1024K, 92 young (94208K), 7 survivors (7168K)
 Metaspace       used 39427K, capacity 40393K, committed 40448K, reserved 1085440K
  class space    used 5013K, capacity 5357K, committed 5376K, reserved 1048576K
}
Event: 13.385 GC heap after
{Heap after GC invocations=12 (full 0):
 garbage-first heap   total 157696K, used 24942K [0x0000000080000000, 0x0000000100000000)
  region size 1024K, 9 young (9216K), 9 survivors (9216K)
 Metaspace       used 39427K, capacity 40393K, committed 40448K, reserved 1085440K
  class space    used 5013K, capacity 5357K, committed 5376K, reserved 1048576K
}
Event: 14.496 GC heap before
{Heap before GC invocations=12 (full 0):
 garbage-first heap   total 157696K, used 120174K [0x0000000080000000, 0x0000000100000000)
  region size 1024K, 92 young (94208K), 9 survivors (9216K)
 Metaspace       used 41939K, capacity 43026K, committed 43136K, reserved 1087488K
  class space    used 5267K, capacity 5656K, committed 5760K, reserved 1048576K
}
Event: 14.518 GC heap after
{Heap after GC invocations=13 (full 0):
 garbage-first heap   total 157696K, used 28246K [0x0000000080000000, 0x0000000100000000)
  region size 1024K, 9 young (9216K), 9 survivors (9216K)
 Metaspace       used 41939K, capacity 43026K, committed 43136K, reserved 1087488K
  class space    used 5267K, capacity 5656K, committed 5760K, reserved 1048576K
}
Event: 15.515 GC heap before
{Heap before GC invocations=13 (full 0):
 garbage-first heap   total 157696K, used 114262K [0x0000000080000000, 0x0000000100000000)
  region size 1024K, 92 young (94208K), 9 survivors (9216K)
 Metaspace       used 44994K, capacity 46178K, committed 46336K, reserved 1089536K
  class space    used 5714K, capacity 6132K, committed 6144K, reserved 1048576K
}
Event: 15.545 GC heap after
{Heap after GC invocations=14 (full 0):
 garbage-first heap   total 157696K, used 35048K [0x0000000080000000, 0x0000000100000000)
  region size 1024K, 11 young (11264K), 11 survivors (11264K)
 Metaspace       used 44994K, capacity 46178K, committed 46336K, reserved 1089536K
  class space    used 5714K, capacity 6132K, committed 6144K, reserved 1048576K
}
Event: 16.506 GC heap before
{Heap before GC invocations=14 (full 0):
 garbage-first heap   total 157696K, used 119016K [0x0000000080000000, 0x0000000100000000)
  region size 1024K, 92 young (94208K), 11 survivors (11264K)
 Metaspace       used 48592K, capacity 50033K, committed 50176K, reserved 1093632K
  class space    used 6150K, capacity 6630K, committed 6656K, reserved 1048576K
}

