# JRE version: OpenJDK Runtime Environment (11.0.15) (build 11.0.15+0-b2043.56-9505619)
# Java VM: OpenJDK 64-Bit Server VM (11.0.15+0-b2043.56-9505619, mixed mode, tiered, compressed oops, g1 gc, windows-amd64)
Heap:
 garbage-first heap   total 273408K, used 103878K [0x0000000080000000, 0x0000000100000000)
  region size 1024K, 48 young (49152K), 11 survivors (11264K)
 Metaspace       used 83020K, capacity 85138K, committed 85324K, reserved 1122304K
  class space    used 10797K, capacity 11584K, committed 11596K, reserved 1048576K
GC Heap History (20 events):
Event: 21.580 GC heap before
{Heap before GC invocations=23 (full 0):
 garbage-first heap   total 189440K, used 100996K [0x0000000080000000, 0x0000000100000000)
  region size 1024K, 65 young (66560K), 7 survivors (7168K)
 Metaspace       used 53908K, capacity 55422K, committed 55552K, reserved 1097728K
  class space    used 6805K, capacity 7365K, committed 7424K, reserved 1048576K
}
Event: 21.590 GC heap after
{Heap after GC invocations=24 (full 0):
 garbage-first heap   total 189440K, used 42412K [0x0000000080000000, 0x0000000100000000)
  region size 1024K, 1 young (1024K), 1 survivors (1024K)
 Metaspace       used 53908K, capacity 55422K, committed 55552K, reserved 1097728K
  class space    used 6805K, capacity 7365K, committed 7424K, reserved 1048576K
}
Event: 22.227 GC heap before
{Heap before GC invocations=24 (full 0):
 garbage-first heap   total 189440K, used 114092K [0x0000000080000000, 0x0000000100000000)
  region size 1024K, 71 young (72704K), 1 survivors (1024K)
 Metaspace       used 57464K, capacity 59072K, committed 59264K, reserved 1101824K
  class space    used 7163K, capacity 7730K, committed 7808K, reserved 1048576K
}
Event: 22.232 GC heap after
{Heap after GC invocations=25 (full 0):
 garbage-first heap   total 189440K, used 43235K [0x0000000080000000, 0x0000000100000000)
  region size 1024K, 2 young (2048K), 2 survivors (2048K)
 Metaspace       used 57464K, capacity 59072K, committed 59264K, reserved 1101824K
  class space    used 7163K, capacity 7730K, committed 7808K, reserved 1048576K
}
Event: 22.506 GC heap before
{Heap before GC invocations=25 (full 0):
 garbage-first heap   total 189440K, used 62691K [0x0000000080000000, 0x0000000100000000)
  region size 1024K, 22 young (22528K), 2 survivors (2048K)
 Metaspace       used 58461K, capacity 60100K, committed 60160K, reserved 1101824K
  class space    used 7310K, capacity 7886K, committed 7936K, reserved 1048576K
}
Event: 22.513 GC heap after
{Heap after GC invocations=26 (full 0):
 garbage-first heap   total 189440K, used 43511K [0x0000000080000000, 0x0000000100000000)
  region size 1024K, 3 young (3072K), 3 survivors (3072K)
 Metaspace       used 58461K, capacity 60100K, committed 60160K, reserved 1101824K
  class space    used 7310K, capacity 7886K, committed 7936K, reserved 1048576K
}
Event: 23.615 GC heap before
{Heap before GC invocations=27 (full 0):
 garbage-first heap   total 189440K, used 115191K [0x0000000080000000, 0x0000000100000000)
  region size 1024K, 72 young (73728K), 3 survivors (3072K)
 Metaspace       used 62163K, capacity 63921K, committed 64076K, reserved 1105920K
  class space    used 7797K, capacity 8418K, committed 8524K, reserved 1048576K
}
Event: 23.628 GC heap after
{Heap after GC invocations=28 (full 0):
 garbage-first heap   total 189440K, used 47895K [0x0000000080000000, 0x0000000100000000)
  region size 1024K, 6 young (6144K), 6 survivors (6144K)
 Metaspace       used 62163K, capacity 63921K, committed 64076K, reserved 1105920K
  class space    used 7797K, capacity 8418K, committed 8524K, reserved 1048576K
}
Event: 24.696 GC heap before
{Heap before GC invocations=28 (full 0):
 garbage-first heap   total 189440K, used 127767K [0x0000000080000000, 0x0000000100000000)
  region size 1024K, 78 young (79872K), 6 survivors (6144K)
 Metaspace       used 64853K, capacity 66630K, committed 66764K, reserved 1107968K
  class space    used 8131K, capacity 8783K, committed 8908K, reserved 1048576K
}
Event: 24.711 GC heap after
{Heap after GC invocations=29 (full 0):
 garbage-first heap   total 189440K, used 50218K [0x0000000080000000, 0x0000000100000000)
  region size 1024K, 8 young (8192K), 8 survivors (8192K)
 Metaspace       used 64853K, capacity 66630K, committed 66764K, reserved 1107968K
  class space    used 8131K, capacity 8783K, committed 8908K, reserved 1048576K
}
Event: 25.726 GC heap before
{Heap before GC invocations=29 (full 0):
 garbage-first heap   total 189440K, used 127018K [0x0000000080000000, 0x0000000100000000)
  region size 1024K, 83 young (84992K), 8 survivors (8192K)
 Metaspace       used 67031K, capacity 68750K, committed 69068K, reserved 1110016K
  class space    used 8451K, capacity 9099K, committed 9164K, reserved 1048576K
}
Event: 25.749 GC heap after
{Heap after GC invocations=30 (full 0):
 garbage-first heap   total 227328K, used 52719K [0x0000000080000000, 0x0000000100000000)
  region size 1024K, 6 young (6144K), 6 survivors (6144K)
 Metaspace       used 67031K, capacity 68750K, committed 69068K, reserved 1110016K
  class space    used 8451K, capacity 9099K, committed 9164K, reserved 1048576K
}
Event: 26.826 GC heap before
{Heap before GC invocations=30 (full 0):
 garbage-first heap   total 227328K, used 140783K [0x0000000080000000, 0x0000000100000000)
  region size 1024K, 92 young (94208K), 6 survivors (6144K)
 Metaspace       used 70052K, capacity 71898K, committed 72140K, reserved 1112064K
  class space    used 8878K, capacity 9551K, committed 9676K, reserved 1048576K
}
Event: 26.846 GC heap after
{Heap after GC invocations=31 (full 0):
 garbage-first heap   total 227328K, used 55791K [0x0000000080000000, 0x0000000100000000)
  region size 1024K, 9 young (9216K), 9 survivors (9216K)
 Metaspace       used 70052K, capacity 71898K, committed 72140K, reserved 1112064K
  class space    used 8878K, capacity 9551K, committed 9676K, reserved 1048576K
}
Event: 28.164 GC heap before
{Heap before GC invocations=31 (full 0):
 garbage-first heap   total 227328K, used 151023K [0x0000000080000000, 0x0000000100000000)
  region size 1024K, 102 young (104448K), 9 survivors (9216K)
 Metaspace       used 73799K, capacity 75660K, committed 75852K, reserved 1114112K
  class space    used 9522K, capacity 10204K, committed 10316K, reserved 1048576K
}
Event: 28.188 GC heap after
{Heap after GC invocations=32 (full 0):
 garbage-first heap   total 227328K, used 59233K [0x0000000080000000, 0x0000000100000000)
  region size 1024K, 10 young (10240K), 10 survivors (10240K)
 Metaspace       used 73799K, capacity 75660K, committed 75852K, reserved 1114112K
  class space    used 9522K, capacity 10204K, committed 10316K, reserved 1048576K
}
Event: 29.482 GC heap before
{Heap before GC invocations=32 (full 0):
 garbage-first heap   total 227328K, used 159585K [0x0000000080000000, 0x0000000100000000)
  region size 1024K, 108 young (110592K), 10 survivors (10240K)
 Metaspace       used 77469K, capacity 79489K, committed 79820K, reserved 1118208K
  class space    used 10065K, capacity 10817K, committed 10956K, reserved 1048576K
}
Event: 29.516 GC heap after
{Heap after GC invocations=33 (full 0):
 garbage-first heap   total 227328K, used 62825K [0x0000000080000000, 0x0000000100000000)
  region size 1024K, 10 young (10240K), 10 survivors (10240K)
 Metaspace       used 77469K, capacity 79489K, committed 79820K, reserved 1118208K
  class space    used 10065K, capacity 10817K, committed 10956K, reserved 1048576K
}
Event: 30.903 GC heap before
{Heap before GC invocations=33 (full 0):
 garbage-first heap   total 227328K, used 171369K [0x0000000080000000, 0x0000000100000000)
  region size 1024K, 116 young (118784K), 10 survivors (10240K)
 Metaspace       used 82198K, capacity 84369K, committed 84556K, reserved 1122304K
  class space    used 10703K, capacity 11501K, committed 11596K, reserved 1048576K
}
Event: 30.931 GC heap after
{Heap after GC invocations=34 (full 0):
 garbage-first heap   total 273408K, used 67014K [0x0000000080000000, 0x0000000100000000)
  region size 1024K, 11 young (11264K), 11 survivors (11264K)
 Metaspace       used 82198K, capacity 84369K, committed 84556K, reserved 1122304K
  class space    used 10703K, capacity 11501K, committed 11596K, reserved 1048576K
}

