# JRE version: OpenJDK Runtime Environment (11.0.15) (build 11.0.15+0-b2043.56-9505619)
# Java VM: OpenJDK 64-Bit Server VM (11.0.15+0-b2043.56-9505619, mixed mode, tiered, compressed oops, g1 gc, windows-amd64)
Heap:
 garbage-first heap   total 395264K, used 137373K [0x0000000080000000, 0x0000000100000000)
  region size 1024K, 5 young (5120K), 5 survivors (5120K)
 Metaspace       used 111079K, capacity 114479K, committed 114644K, reserved 1148928K
  class space    used 14275K, capacity 15592K, committed 15692K, reserved 1048576K
GC Heap History (20 events):
Event: 38.658 GC heap after
{Heap after GC invocations=42 (full 0):
 garbage-first heap   total 328704K, used 134610K [0x0000000080000000, 0x0000000100000000)
  region size 1024K, 6 young (6144K), 6 survivors (6144K)
 Metaspace       used 108170K, capacity 111183K, committed 111572K, reserved 1146880K
  class space    used 13897K, capacity 15035K, committed 15180K, reserved 1048576K
}
Event: 39.313 GC heap before
{Heap before GC invocations=42 (full 0):
 garbage-first heap   total 328704K, used 248274K [0x0000000080000000, 0x0000000100000000)
  region size 1024K, 117 young (119808K), 6 survivors (6144K)
 Metaspace       used 108387K, capacity 111400K, committed 111956K, reserved 1146880K
  class space    used 13924K, capacity 15086K, committed 15308K, reserved 1048576K
}
Event: 39.332 GC heap after
{Heap after GC invocations=43 (full 0):
 garbage-first heap   total 328704K, used 135674K [0x0000000080000000, 0x0000000100000000)
  region size 1024K, 7 young (7168K), 7 survivors (7168K)
 Metaspace       used 108387K, capacity 111400K, committed 111956K, reserved 1146880K
  class space    used 13924K, capacity 15086K, committed 15308K, reserved 1048576K
}
Event: 39.986 GC heap before
{Heap before GC invocations=43 (full 0):
 garbage-first heap   total 328704K, used 253434K [0x0000000080000000, 0x0000000100000000)
  region size 1024K, 122 young (124928K), 7 survivors (7168K)
 Metaspace       used 108466K, capacity 111479K, committed 111956K, reserved 1146880K
  class space    used 13931K, capacity 15089K, committed 15308K, reserved 1048576K
}
Event: 40.002 GC heap after
{Heap after GC invocations=44 (full 0):
 garbage-first heap   total 328704K, used 136485K [0x0000000080000000, 0x0000000100000000)
  region size 1024K, 8 young (8192K), 8 survivors (8192K)
 Metaspace       used 108466K, capacity 111479K, committed 111956K, reserved 1146880K
  class space    used 13931K, capacity 15089K, committed 15308K, reserved 1048576K
}
Event: 40.550 GC heap before
{Heap before GC invocations=44 (full 0):
 garbage-first heap   total 328704K, used 258341K [0x0000000080000000, 0x0000000100000000)
  region size 1024K, 127 young (130048K), 8 survivors (8192K)
 Metaspace       used 108512K, capacity 111560K, committed 111956K, reserved 1146880K
  class space    used 13934K, capacity 15095K, committed 15308K, reserved 1048576K
}
Event: 40.568 GC heap after
{Heap after GC invocations=45 (full 0):
 garbage-first heap   total 328704K, used 138201K [0x0000000080000000, 0x0000000100000000)
  region size 1024K, 9 young (9216K), 9 survivors (9216K)
 Metaspace       used 108512K, capacity 111560K, committed 111956K, reserved 1146880K
  class space    used 13934K, capacity 15095K, committed 15308K, reserved 1048576K
}
Event: 41.121 GC heap before
{Heap before GC invocations=45 (full 0):
 garbage-first heap   total 328704K, used 267225K [0x0000000080000000, 0x0000000100000000)
  region size 1024K, 135 young (138240K), 9 survivors (9216K)
 Metaspace       used 108538K, capacity 111560K, committed 111956K, reserved 1146880K
  class space    used 13934K, capacity 15095K, committed 15308K, reserved 1048576K
}
Event: 41.140 GC heap after
{Heap after GC invocations=46 (full 0):
 garbage-first heap   total 328704K, used 137993K [0x0000000080000000, 0x0000000100000000)
  region size 1024K, 9 young (9216K), 9 survivors (9216K)
 Metaspace       used 108538K, capacity 111560K, committed 111956K, reserved 1146880K
  class space    used 13934K, capacity 15095K, committed 15308K, reserved 1048576K
}
Event: 41.789 GC heap before
{Heap before GC invocations=46 (full 0):
 garbage-first heap   total 328704K, used 272137K [0x0000000080000000, 0x0000000100000000)
  region size 1024K, 140 young (143360K), 9 survivors (9216K)
 Metaspace       used 108608K, capacity 111638K, committed 111956K, reserved 1146880K
  class space    used 13936K, capacity 15097K, committed 15308K, reserved 1048576K
}
Event: 41.808 GC heap after
{Heap after GC invocations=47 (full 0):
 garbage-first heap   total 328704K, used 137615K [0x0000000080000000, 0x0000000100000000)
  region size 1024K, 9 young (9216K), 9 survivors (9216K)
 Metaspace       used 108608K, capacity 111638K, committed 111956K, reserved 1146880K
  class space    used 13936K, capacity 15097K, committed 15308K, reserved 1048576K
}
Event: 42.476 GC heap before
{Heap before GC invocations=47 (full 0):
 garbage-first heap   total 328704K, used 275855K [0x0000000080000000, 0x0000000100000000)
  region size 1024K, 144 young (147456K), 9 survivors (9216K)
 Metaspace       used 108647K, capacity 111648K, committed 111956K, reserved 1146880K
  class space    used 13939K, capacity 15101K, committed 15308K, reserved 1048576K
}
Event: 42.497 GC heap after
{Heap after GC invocations=48 (full 0):
 garbage-first heap   total 328704K, used 138240K [0x0000000080000000, 0x0000000100000000)
  region size 1024K, 9 young (9216K), 9 survivors (9216K)
 Metaspace       used 108647K, capacity 111648K, committed 111956K, reserved 1146880K
  class space    used 13939K, capacity 15101K, committed 15308K, reserved 1048576K
}
Event: 43.117 GC heap before
{Heap before GC invocations=48 (full 0):
 garbage-first heap   total 328704K, used 278528K [0x0000000080000000, 0x0000000100000000)
  region size 1024K, 146 young (149504K), 9 survivors (9216K)
 Metaspace       used 108658K, capacity 111715K, committed 112212K, reserved 1146880K
  class space    used 13939K, capacity 15102K, committed 15308K, reserved 1048576K
}
Event: 43.139 GC heap after
{Heap after GC invocations=49 (full 0):
 garbage-first heap   total 328704K, used 139096K [0x0000000080000000, 0x0000000100000000)
  region size 1024K, 10 young (10240K), 10 survivors (10240K)
 Metaspace       used 108658K, capacity 111715K, committed 112212K, reserved 1146880K
  class space    used 13939K, capacity 15102K, committed 15308K, reserved 1048576K
}
Event: 43.932 GC heap before
{Heap before GC invocations=49 (full 0):
 garbage-first heap   total 328704K, used 279384K [0x0000000080000000, 0x0000000100000000)
  region size 1024K, 147 young (150528K), 10 survivors (10240K)
 Metaspace       used 109543K, capacity 112789K, committed 113108K, reserved 1146880K
  class space    used 14088K, capacity 15333K, committed 15436K, reserved 1048576K
}
Event: 43.959 GC heap after
{Heap after GC invocations=50 (full 0):
 garbage-first heap   total 328704K, used 140154K [0x0000000080000000, 0x0000000100000000)
  region size 1024K, 11 young (11264K), 11 survivors (11264K)
 Metaspace       used 109543K, capacity 112789K, committed 113108K, reserved 1146880K
  class space    used 14088K, capacity 15333K, committed 15436K, reserved 1048576K
}
Event: 44.881 GC heap before
{Heap before GC invocations=50 (full 0):
 garbage-first heap   total 328704K, used 283514K [0x0000000080000000, 0x0000000100000000)
  region size 1024K, 149 young (152576K), 11 survivors (11264K)
 Metaspace       used 111070K, capacity 114477K, committed 114644K, reserved 1148928K
  class space    used 14275K, capacity 15592K, committed 15692K, reserved 1048576K
}
Event: 44.908 GC heap after
{Heap after GC invocations=51 (full 0):
 garbage-first heap   total 328704K, used 137782K [0x0000000080000000, 0x0000000100000000)
  region size 1024K, 5 young (5120K), 5 survivors (5120K)
 Metaspace       used 111070K, capacity 114477K, committed 114644K, reserved 1148928K
  class space    used 14275K, capacity 15592K, committed 15692K, reserved 1048576K
}
Event: 45.622 GC heap before
{Heap before GC invocations=51 (full 0):
 garbage-first heap   total 328704K, used 283190K [0x0000000080000000, 0x0000000100000000)
  region size 1024K, 147 young (150528K), 5 survivors (5120K)
 Metaspace       used 111079K, capacity 114479K, committed 114644K, reserved 1148928K
  class space    used 14275K, capacity 15592K, committed 15692K, reserved 1048576K
}

