# JRE version: OpenJDK Runtime Environment (11.0.15) (build 11.0.15+0-b2043.56-9505619)
# Java VM: OpenJDK 64-Bit Server VM (11.0.15+0-b2043.56-9505619, mixed mode, tiered, compressed oops, g1 gc, windows-amd64)
Heap:
 garbage-first heap   total 189440K, used 32036K [0x0000000080000000, 0x0000000100000000)
  region size 1024K, 5 young (5120K), 5 survivors (5120K)
 Metaspace       used 48477K, capacity 49780K, committed 49920K, reserved 1093632K
  class space    used 6134K, capacity 6594K, committed 6656K, reserved 1048576K
GC Heap History (20 events):
Event: 4.927 GC heap after
{Heap after GC invocations=3 (full 0):
 garbage-first heap   total 131072K, used 15091K [0x0000000080000000, 0x0000000100000000)
  region size 1024K, 10 young (10240K), 10 survivors (10240K)
 Metaspace       used 14560K, capacity 14889K, committed 14976K, reserved 1062912K
  class space    used 1527K, capacity 1651K, committed 1664K, reserved 1048576K
}
Event: 7.178 GC heap before
{Heap before GC invocations=3 (full 0):
 garbage-first heap   total 131072K, used 82675K [0x0000000080000000, 0x0000000100000000)
  region size 1024K, 76 young (77824K), 10 survivors (10240K)
 Metaspace       used 18635K, capacity 19011K, committed 19200K, reserved 1067008K
  class space    used 2101K, capacity 2239K, committed 2304K, reserved 1048576K
}
Event: 7.201 GC heap after
{Heap after GC invocations=4 (full 0):
 garbage-first heap   total 131072K, used 16496K [0x0000000080000000, 0x0000000100000000)
  region size 1024K, 2 young (2048K), 2 survivors (2048K)
 Metaspace       used 18635K, capacity 19011K, committed 19200K, reserved 1067008K
  class space    used 2101K, capacity 2239K, committed 2304K, reserved 1048576K
}
Event: 7.854 GC heap before
{Heap before GC invocations=4 (full 0):
 garbage-first heap   total 131072K, used 58480K [0x0000000080000000, 0x0000000100000000)
  region size 1024K, 44 young (45056K), 2 survivors (2048K)
 Metaspace       used 20782K, capacity 21199K, committed 21248K, reserved 1069056K
  class space    used 2398K, capacity 2544K, committed 2560K, reserved 1048576K
}
Event: 7.861 GC heap after
{Heap after GC invocations=5 (full 0):
 garbage-first heap   total 157696K, used 16968K [0x0000000080000000, 0x0000000100000000)
  region size 1024K, 2 young (2048K), 2 survivors (2048K)
 Metaspace       used 20782K, capacity 21199K, committed 21248K, reserved 1069056K
  class space    used 2398K, capacity 2544K, committed 2560K, reserved 1048576K
}
Event: 9.030 GC heap before
{Heap before GC invocations=6 (full 0):
 garbage-first heap   total 157696K, used 99912K [0x0000000080000000, 0x0000000100000000)
  region size 1024K, 83 young (84992K), 2 survivors (2048K)
 Metaspace       used 24014K, capacity 24507K, committed 24704K, reserved 1071104K
  class space    used 2961K, capacity 3164K, committed 3200K, reserved 1048576K
}
Event: 9.038 GC heap after
{Heap after GC invocations=7 (full 0):
 garbage-first heap   total 157696K, used 17992K [0x0000000080000000, 0x0000000100000000)
  region size 1024K, 3 young (3072K), 3 survivors (3072K)
 Metaspace       used 24014K, capacity 24507K, committed 24704K, reserved 1071104K
  class space    used 2961K, capacity 3164K, committed 3200K, reserved 1048576K
}
Event: 10.548 GC heap before
{Heap before GC invocations=7 (full 0):
 garbage-first heap   total 157696K, used 105032K [0x0000000080000000, 0x0000000100000000)
  region size 1024K, 88 young (90112K), 3 survivors (3072K)
 Metaspace       used 28171K, capacity 28839K, committed 28928K, reserved 1075200K
  class space    used 3591K, capacity 3830K, committed 3840K, reserved 1048576K
}
Event: 10.560 GC heap after
{Heap after GC invocations=8 (full 0):
 garbage-first heap   total 157696K, used 19445K [0x0000000080000000, 0x0000000100000000)
  region size 1024K, 5 young (5120K), 5 survivors (5120K)
 Metaspace       used 28171K, capacity 28839K, committed 28928K, reserved 1075200K
  class space    used 3591K, capacity 3830K, committed 3840K, reserved 1048576K
}
Event: 11.975 GC heap before
{Heap before GC invocations=8 (full 0):
 garbage-first heap   total 157696K, used 108533K [0x0000000080000000, 0x0000000100000000)
  region size 1024K, 92 young (94208K), 5 survivors (5120K)
 Metaspace       used 31901K, capacity 32649K, committed 33024K, reserved 1077248K
  class space    used 4190K, capacity 4484K, committed 4608K, reserved 1048576K
}
Event: 11.987 GC heap after
{Heap after GC invocations=9 (full 0):
 garbage-first heap   total 157696K, used 20604K [0x0000000080000000, 0x0000000100000000)
  region size 1024K, 6 young (6144K), 6 survivors (6144K)
 Metaspace       used 31901K, capacity 32649K, committed 33024K, reserved 1077248K
  class space    used 4190K, capacity 4484K, committed 4608K, reserved 1048576K
}
Event: 12.750 GC heap before
{Heap before GC invocations=9 (full 0):
 garbage-first heap   total 157696K, used 71804K [0x0000000080000000, 0x0000000100000000)
  region size 1024K, 57 young (58368K), 6 survivors (6144K)
 Metaspace       used 34848K, capacity 35686K, committed 35840K, reserved 1081344K
  class space    used 4556K, capacity 4880K, committed 4992K, reserved 1048576K
}
Event: 12.767 GC heap after
{Heap after GC invocations=10 (full 0):
 garbage-first heap   total 157696K, used 22332K [0x0000000080000000, 0x0000000100000000)
  region size 1024K, 8 young (8192K), 8 survivors (8192K)
 Metaspace       used 34848K, capacity 35686K, committed 35840K, reserved 1081344K
  class space    used 4556K, capacity 4880K, committed 4992K, reserved 1048576K
}
Event: 13.934 GC heap before
{Heap before GC invocations=11 (full 0):
 garbage-first heap   total 157696K, used 107324K [0x0000000080000000, 0x0000000100000000)
  region size 1024K, 92 young (94208K), 8 survivors (8192K)
 Metaspace       used 39424K, capacity 40377K, committed 40448K, reserved 1085440K
  class space    used 5012K, capacity 5357K, committed 5376K, reserved 1048576K
}
Event: 13.951 GC heap after
{Heap after GC invocations=12 (full 0):
 garbage-first heap   total 157696K, used 24684K [0x0000000080000000, 0x0000000100000000)
  region size 1024K, 9 young (9216K), 9 survivors (9216K)
 Metaspace       used 39424K, capacity 40377K, committed 40448K, reserved 1085440K
  class space    used 5012K, capacity 5357K, committed 5376K, reserved 1048576K
}
Event: 15.169 GC heap before
{Heap before GC invocations=12 (full 0):
 garbage-first heap   total 157696K, used 118892K [0x0000000080000000, 0x0000000100000000)
  region size 1024K, 92 young (94208K), 9 survivors (9216K)
 Metaspace       used 41936K, capacity 43010K, committed 43136K, reserved 1087488K
  class space    used 5264K, capacity 5656K, committed 5760K, reserved 1048576K
}
Event: 15.191 GC heap after
{Heap after GC invocations=13 (full 0):
 garbage-first heap   total 157696K, used 28087K [0x0000000080000000, 0x0000000100000000)
  region size 1024K, 9 young (9216K), 9 survivors (9216K)
 Metaspace       used 41936K, capacity 43010K, committed 43136K, reserved 1087488K
  class space    used 5264K, capacity 5656K, committed 5760K, reserved 1048576K
}
Event: 16.212 GC heap before
{Heap before GC invocations=13 (full 0):
 garbage-first heap   total 157696K, used 114103K [0x0000000080000000, 0x0000000100000000)
  region size 1024K, 92 young (94208K), 9 survivors (9216K)
 Metaspace       used 45008K, capacity 46227K, committed 46336K, reserved 1089536K
  class space    used 5711K, capacity 6132K, committed 6144K, reserved 1048576K
}
Event: 16.239 GC heap after
{Heap after GC invocations=14 (full 0):
 garbage-first heap   total 157696K, used 34162K [0x0000000080000000, 0x0000000100000000)
  region size 1024K, 10 young (10240K), 10 survivors (10240K)
 Metaspace       used 45008K, capacity 46227K, committed 46336K, reserved 1089536K
  class space    used 5711K, capacity 6132K, committed 6144K, reserved 1048576K
}
Event: 17.287 GC heap before
{Heap before GC invocations=14 (full 0):
 garbage-first heap   total 157696K, used 119154K [0x0000000080000000, 0x0000000100000000)
  region size 1024K, 92 young (94208K), 10 survivors (10240K)
 Metaspace       used 48477K, capacity 49780K, committed 49920K, reserved 1093632K
  class space    used 6134K, capacity 6594K, committed 6656K, reserved 1048576K
}

