# JRE version: OpenJDK Runtime Environment (11.0.15) (build 11.0.15+0-b2043.56-9505619)
# Java VM: OpenJDK 64-Bit Server VM (11.0.15+0-b2043.56-9505619, mixed mode, tiered, compressed oops, g1 gc, windows-amd64)
Heap:
 garbage-first heap   total 131072K, used 26809K [0x0000000080000000, 0x0000000100000000)
  region size 1024K, 12 young (12288K), 2 survivors (2048K)
 Metaspace       used 21687K, capacity 22209K, committed 22576K, reserved 1069056K
  class space    used 2657K, capacity 2849K, committed 2944K, reserved 1048576K
GC Heap History (8 events):
Event: 1.266 GC heap before
{Heap before GC invocations=0 (full 0):
 garbage-first heap   total 131072K, used 16384K [0x0000000080000000, 0x0000000100000000)
  region size 1024K, 14 young (14336K), 0 survivors (0K)
 Metaspace       used 6745K, capacity 6929K, committed 7168K, reserved 1056768K
  class space    used 575K, capacity 650K, committed 768K, reserved 1048576K
}
Event: 1.271 GC heap after
{Heap after GC invocations=1 (full 0):
 garbage-first heap   total 131072K, used 3314K [0x0000000080000000, 0x0000000100000000)
  region size 1024K, 2 young (2048K), 2 survivors (2048K)
 Metaspace       used 6745K, capacity 6929K, committed 7168K, reserved 1056768K
  class space    used 575K, capacity 650K, committed 768K, reserved 1048576K
}
Event: 5.141 GC heap before
{Heap before GC invocations=1 (full 0):
 garbage-first heap   total 131072K, used 82162K [0x0000000080000000, 0x0000000100000000)
  region size 1024K, 76 young (77824K), 2 survivors (2048K)
 Metaspace       used 16633K, capacity 16976K, committed 17152K, reserved 1064960K
  class space    used 1875K, capacity 2002K, committed 2048K, reserved 1048576K
}
Event: 5.153 GC heap after
{Heap after GC invocations=2 (full 0):
 garbage-first heap   total 131072K, used 15864K [0x0000000080000000, 0x0000000100000000)
  region size 1024K, 10 young (10240K), 10 survivors (10240K)
 Metaspace       used 16633K, capacity 16976K, committed 17152K, reserved 1064960K
  class space    used 1875K, capacity 2002K, committed 2048K, reserved 1048576K
}
Event: 5.376 GC heap before
{Heap before GC invocations=2 (full 0):
 garbage-first heap   total 131072K, used 22008K [0x0000000080000000, 0x0000000100000000)
  region size 1024K, 16 young (16384K), 10 survivors (10240K)
 Metaspace       used 17884K, capacity 18280K, committed 18432K, reserved 1064960K
  class space    used 2052K, capacity 2194K, committed 2304K, reserved 1048576K
}
Event: 5.391 GC heap after
{Heap after GC invocations=3 (full 0):
 garbage-first heap   total 131072K, used 16971K [0x0000000080000000, 0x0000000100000000)
  region size 1024K, 1 young (1024K), 1 survivors (1024K)
 Metaspace       used 17884K, capacity 18280K, committed 18432K, reserved 1064960K
  class space    used 2052K, capacity 2194K, committed 2304K, reserved 1048576K
}
Event: 6.486 GC heap before
{Heap before GC invocations=3 (full 0):
 garbage-first heap   total 131072K, used 42571K [0x0000000080000000, 0x0000000100000000)
  region size 1024K, 27 young (27648K), 1 survivors (1024K)
 Metaspace       used 20780K, capacity 21190K, committed 21296K, reserved 1069056K
  class space    used 2493K, capacity 2633K, committed 2688K, reserved 1048576K
}
Event: 6.491 GC heap after
{Heap after GC invocations=4 (full 0):
 garbage-first heap   total 131072K, used 17593K [0x0000000080000000, 0x0000000100000000)
  region size 1024K, 2 young (2048K), 2 survivors (2048K)
 Metaspace       used 20780K, capacity 21190K, committed 21296K, reserved 1069056K
  class space    used 2493K, capacity 2633K, committed 2688K, reserved 1048576K
}

