# JRE version: OpenJDK Runtime Environment (11.0.15) (build 11.0.15+0-b2043.56-9505619)
# Java VM: OpenJDK 64-Bit Server VM (11.0.15+0-b2043.56-9505619, mixed mode, tiered, compressed oops, g1 gc, windows-amd64)
Heap:
 garbage-first heap   total 273408K, used 146371K [0x0000000080000000, 0x0000000100000000)
  region size 1024K, 16 young (16384K), 11 survivors (11264K)
 Metaspace       used 110842K, capacity 114002K, committed 115404K, reserved 1148928K
  class space    used 13795K, capacity 14961K, committed 15384K, reserved 1048576K
GC Heap History (20 events):
Event: 78.541 GC heap before
{Heap before GC invocations=38 (full 0):
 garbage-first heap   total 273408K, used 221030K [0x0000000080000000, 0x0000000100000000)
  region size 1024K, 118 young (120832K), 6 survivors (6144K)
 Metaspace       used 100407K, capacity 103631K, committed 103884K, reserved 1138688K
  class space    used 12937K, capacity 14167K, committed 14284K, reserved 1048576K
}
Event: 78.570 GC heap after
{Heap after GC invocations=39 (full 0):
 garbage-first heap   total 273408K, used 113415K [0x0000000080000000, 0x0000000100000000)
  region size 1024K, 12 young (12288K), 12 survivors (12288K)
 Metaspace       used 100407K, capacity 103631K, committed 103884K, reserved 1138688K
  class space    used 12937K, capacity 14167K, committed 14284K, reserved 1048576K
}
Event: 81.669 GC heap before
{Heap before GC invocations=39 (full 0):
 garbage-first heap   total 273408K, used 224007K [0x0000000080000000, 0x0000000100000000)
  region size 1024K, 121 young (123904K), 12 survivors (12288K)
 Metaspace       used 101474K, capacity 104731K, committed 105036K, reserved 1140736K
  class space    used 13056K, capacity 14315K, committed 14412K, reserved 1048576K
}
Event: 81.725 GC heap after
{Heap after GC invocations=40 (full 0):
 garbage-first heap   total 273408K, used 119422K [0x0000000080000000, 0x0000000100000000)
  region size 1024K, 13 young (13312K), 13 survivors (13312K)
 Metaspace       used 101474K, capacity 104731K, committed 105036K, reserved 1140736K
  class space    used 13056K, capacity 14315K, committed 14412K, reserved 1048576K
}
Event: 86.516 GC heap before
{Heap before GC invocations=40 (full 0):
 garbage-first heap   total 273408K, used 216702K [0x0000000080000000, 0x0000000100000000)
  region size 1024K, 110 young (112640K), 13 survivors (13312K)
 Metaspace       used 102987K, capacity 106233K, committed 106368K, reserved 1140736K
  class space    used 13215K, capacity 14494K, committed 14540K, reserved 1048576K
}
Event: 86.556 GC heap after
{Heap after GC invocations=41 (full 0):
 garbage-first heap   total 273408K, used 124629K [0x0000000080000000, 0x0000000100000000)
  region size 1024K, 11 young (11264K), 11 survivors (11264K)
 Metaspace       used 102987K, capacity 106233K, committed 106368K, reserved 1140736K
  class space    used 13215K, capacity 14494K, committed 14540K, reserved 1048576K
}
Event: 88.194 GC heap before
{Heap before GC invocations=42 (full 0):
 garbage-first heap   total 273408K, used 181973K [0x0000000080000000, 0x0000000100000000)
  region size 1024K, 69 young (70656K), 11 survivors (11264K)
 Metaspace       used 104615K, capacity 107913K, committed 108108K, reserved 1142784K
  class space    used 13389K, capacity 14663K, committed 14744K, reserved 1048576K
}
Event: 88.238 GC heap after
{Heap after GC invocations=43 (full 0):
 garbage-first heap   total 273408K, used 126515K [0x0000000080000000, 0x0000000100000000)
  region size 1024K, 7 young (7168K), 7 survivors (7168K)
 Metaspace       used 104615K, capacity 107913K, committed 108108K, reserved 1142784K
  class space    used 13389K, capacity 14663K, committed 14744K, reserved 1048576K
}
Event: 89.185 GC heap before
{Heap before GC invocations=44 (full 0):
 garbage-first heap   total 273408K, used 163379K [0x0000000080000000, 0x0000000100000000)
  region size 1024K, 23 young (23552K), 7 survivors (7168K)
 Metaspace       used 105017K, capacity 108427K, committed 108620K, reserved 1142784K
  class space    used 13437K, capacity 14706K, committed 14744K, reserved 1048576K
}
Event: 89.209 GC heap after
{Heap after GC invocations=45 (full 0):
 garbage-first heap   total 273408K, used 147702K [0x0000000080000000, 0x0000000100000000)
  region size 1024K, 3 young (3072K), 3 survivors (3072K)
 Metaspace       used 105017K, capacity 108427K, committed 108620K, reserved 1142784K
  class space    used 13437K, capacity 14706K, committed 14744K, reserved 1048576K
}
Event: 90.651 GC heap before
{Heap before GC invocations=46 (full 0):
 garbage-first heap   total 273408K, used 206070K [0x0000000080000000, 0x0000000100000000)
  region size 1024K, 52 young (53248K), 3 survivors (3072K)
 Metaspace       used 106022K, capacity 109327K, committed 109516K, reserved 1144832K
  class space    used 13545K, capacity 14814K, committed 14872K, reserved 1048576K
}
Event: 90.696 GC heap after
{Heap after GC invocations=47 (full 0):
 garbage-first heap   total 273408K, used 132384K [0x0000000080000000, 0x0000000100000000)
  region size 1024K, 8 young (8192K), 8 survivors (8192K)
 Metaspace       used 106022K, capacity 109327K, committed 109516K, reserved 1144832K
  class space    used 13545K, capacity 14814K, committed 14872K, reserved 1048576K
}
Event: 93.934 GC heap before
{Heap before GC invocations=48 (full 0):
 garbage-first heap   total 273408K, used 223520K [0x0000000080000000, 0x0000000100000000)
  region size 1024K, 83 young (84992K), 8 survivors (8192K)
 Metaspace       used 108533K, capacity 111985K, committed 112204K, reserved 1146880K
  class space    used 13823K, capacity 15117K, committed 15256K, reserved 1048576K
}
Event: 93.963 GC heap after
{Heap after GC invocations=49 (full 0):
 garbage-first heap   total 273408K, used 132534K [0x0000000080000000, 0x0000000100000000)
  region size 1024K, 2 young (2048K), 2 survivors (2048K)
 Metaspace       used 108533K, capacity 111985K, committed 112204K, reserved 1146880K
  class space    used 13823K, capacity 15117K, committed 15256K, reserved 1048576K
}
Event: 1437.207 GC heap before
{Heap before GC invocations=49 (full 0):
 garbage-first heap   total 273408K, used 212406K [0x0000000080000000, 0x0000000100000000)
  region size 1024K, 81 young (82944K), 2 survivors (2048K)
 Metaspace       used 110611K, capacity 113988K, committed 114124K, reserved 1148928K
  class space    used 13949K, capacity 15248K, committed 15384K, reserved 1048576K
}
Event: 1437.214 GC heap after
{Heap after GC invocations=50 (full 0):
 garbage-first heap   total 273408K, used 132443K [0x0000000080000000, 0x0000000100000000)
  region size 1024K, 2 young (2048K), 2 survivors (2048K)
 Metaspace       used 110611K, capacity 113988K, committed 114124K, reserved 1148928K
  class space    used 13949K, capacity 15248K, committed 15384K, reserved 1048576K
}
Event: 4157.574 GC heap before
{Heap before GC invocations=51 (full 0):
 garbage-first heap   total 273408K, used 217435K [0x0000000080000000, 0x0000000100000000)
  region size 1024K, 85 young (87040K), 2 survivors (2048K)
 Metaspace       used 111075K, capacity 114590K, committed 114892K, reserved 1148928K
  class space    used 13976K, capacity 15310K, committed 15384K, reserved 1048576K
}
Event: 4157.726 GC heap after
{Heap after GC invocations=52 (full 0):
 garbage-first heap   total 273408K, used 137476K [0x0000000080000000, 0x0000000100000000)
  region size 1024K, 7 young (7168K), 7 survivors (7168K)
 Metaspace       used 111075K, capacity 114590K, committed 114892K, reserved 1148928K
  class space    used 13976K, capacity 15310K, committed 15384K, reserved 1048576K
}
Event: 4163.380 GC heap before
{Heap before GC invocations=52 (full 0):
 garbage-first heap   total 273408K, used 219396K [0x0000000080000000, 0x0000000100000000)
  region size 1024K, 88 young (90112K), 7 survivors (7168K)
 Metaspace       used 111515K, capacity 114965K, committed 115148K, reserved 1148928K
  class space    used 13993K, capacity 15341K, committed 15384K, reserved 1048576K
}
Event: 4163.438 GC heap after
{Heap after GC invocations=53 (full 0):
 garbage-first heap   total 273408K, used 143299K [0x0000000080000000, 0x0000000100000000)
  region size 1024K, 11 young (11264K), 11 survivors (11264K)
 Metaspace       used 111515K, capacity 114965K, committed 115148K, reserved 1148928K
  class space    used 13993K, capacity 15341K, committed 15384K, reserved 1048576K
}

