# JRE version: OpenJDK Runtime Environment (11.0.15) (build 11.0.15+0-b2043.56-9505619)
# Java VM: OpenJDK 64-Bit Server VM (11.0.15+0-b2043.56-9505619, mixed mode, tiered, compressed oops, g1 gc, windows-amd64)
Heap:
 garbage-first heap   total 227328K, used 71324K [0x0000000080000000, 0x0000000100000000)
  region size 1024K, 9 young (9216K), 9 survivors (9216K)
 Metaspace       used 82110K, capacity 84559K, committed 84608K, reserved 1122304K
  class space    used 10706K, capacity 11601K, committed 11648K, reserved 1048576K
GC Heap History (20 events):
Event: 25.076 GC heap after
{Heap after GC invocations=17 (full 0):
 garbage-first heap   total 157696K, used 47297K [0x0000000080000000, 0x0000000100000000)
  region size 1024K, 12 young (12288K), 12 survivors (12288K)
 Metaspace       used 54660K, capacity 56410K, committed 56448K, reserved 1097728K
  class space    used 6937K, capacity 7547K, committed 7552K, reserved 1048576K
}
Event: 26.074 GC heap before
{Heap before GC invocations=17 (full 0):
 garbage-first heap   total 157696K, used 126145K [0x0000000080000000, 0x0000000100000000)
  region size 1024K, 89 young (91136K), 12 survivors (12288K)
 Metaspace       used 58067K, capacity 59901K, committed 60032K, reserved 1101824K
  class space    used 7348K, capacity 8009K, committed 8064K, reserved 1048576K
}
Event: 26.100 GC heap after
{Heap after GC invocations=18 (full 0):
 garbage-first heap   total 189440K, used 49323K [0x0000000080000000, 0x0000000100000000)
  region size 1024K, 2 young (2048K), 2 survivors (2048K)
 Metaspace       used 58067K, capacity 59901K, committed 60032K, reserved 1101824K
  class space    used 7348K, capacity 8009K, committed 8064K, reserved 1048576K
}
Event: 26.143 GC heap before
{Heap before GC invocations=18 (full 0):
 garbage-first heap   total 189440K, used 54443K [0x0000000080000000, 0x0000000100000000)
  region size 1024K, 8 young (8192K), 2 survivors (2048K)
 Metaspace       used 58281K, capacity 60125K, committed 60160K, reserved 1101824K
  class space    used 7363K, capacity 8041K, committed 8064K, reserved 1048576K
}
Event: 26.149 GC heap after
{Heap after GC invocations=19 (full 0):
 garbage-first heap   total 189440K, used 48968K [0x0000000080000000, 0x0000000100000000)
  region size 1024K, 2 young (2048K), 2 survivors (2048K)
 Metaspace       used 58281K, capacity 60125K, committed 60160K, reserved 1101824K
  class space    used 7363K, capacity 8041K, committed 8064K, reserved 1048576K
}
Event: 27.455 GC heap before
{Heap before GC invocations=20 (full 0):
 garbage-first heap   total 189440K, used 129864K [0x0000000080000000, 0x0000000100000000)
  region size 1024K, 81 young (82944K), 2 survivors (2048K)
 Metaspace       used 61639K, capacity 63618K, committed 63872K, reserved 1103872K
  class space    used 7765K, capacity 8501K, committed 8576K, reserved 1048576K
}
Event: 27.463 GC heap after
{Heap after GC invocations=21 (full 0):
 garbage-first heap   total 189440K, used 49548K [0x0000000080000000, 0x0000000100000000)
  region size 1024K, 2 young (2048K), 2 survivors (2048K)
 Metaspace       used 61639K, capacity 63618K, committed 63872K, reserved 1103872K
  class space    used 7765K, capacity 8501K, committed 8576K, reserved 1048576K
}
Event: 28.892 GC heap before
{Heap before GC invocations=21 (full 0):
 garbage-first heap   total 189440K, used 139660K [0x0000000080000000, 0x0000000100000000)
  region size 1024K, 85 young (87040K), 2 survivors (2048K)
 Metaspace       used 65610K, capacity 67633K, committed 67968K, reserved 1107968K
  class space    used 8272K, capacity 8990K, committed 9088K, reserved 1048576K
}
Event: 28.908 GC heap after
{Heap after GC invocations=22 (full 0):
 garbage-first heap   total 189440K, used 59314K [0x0000000080000000, 0x0000000100000000)
  region size 1024K, 9 young (9216K), 9 survivors (9216K)
 Metaspace       used 65610K, capacity 67633K, committed 67968K, reserved 1107968K
  class space    used 8272K, capacity 8990K, committed 9088K, reserved 1048576K
}
Event: 30.159 GC heap before
{Heap before GC invocations=22 (full 0):
 garbage-first heap   total 189440K, used 142258K [0x0000000080000000, 0x0000000100000000)
  region size 1024K, 88 young (90112K), 9 survivors (9216K)
 Metaspace       used 68643K, capacity 70713K, committed 70912K, reserved 1110016K
  class space    used 8657K, capacity 9416K, committed 9472K, reserved 1048576K
}
Event: 30.177 GC heap after
{Heap after GC invocations=23 (full 0):
 garbage-first heap   total 189440K, used 57477K [0x0000000080000000, 0x0000000100000000)
  region size 1024K, 4 young (4096K), 4 survivors (4096K)
 Metaspace       used 68643K, capacity 70713K, committed 70912K, reserved 1110016K
  class space    used 8657K, capacity 9416K, committed 9472K, reserved 1048576K
}
Event: 31.634 GC heap before
{Heap before GC invocations=23 (full 0):
 garbage-first heap   total 189440K, used 141445K [0x0000000080000000, 0x0000000100000000)
  region size 1024K, 86 young (88064K), 4 survivors (4096K)
 Metaspace       used 70759K, capacity 72770K, committed 73088K, reserved 1112064K
  class space    used 8969K, capacity 9732K, committed 9856K, reserved 1048576K
}
Event: 31.648 GC heap after
{Heap after GC invocations=24 (full 0):
 garbage-first heap   total 189440K, used 60254K [0x0000000080000000, 0x0000000100000000)
  region size 1024K, 7 young (7168K), 7 survivors (7168K)
 Metaspace       used 70759K, capacity 72770K, committed 73088K, reserved 1112064K
  class space    used 8969K, capacity 9732K, committed 9856K, reserved 1048576K
}
Event: 32.805 GC heap before
{Heap before GC invocations=24 (full 0):
 garbage-first heap   total 189440K, used 145246K [0x0000000080000000, 0x0000000100000000)
  region size 1024K, 90 young (92160K), 7 survivors (7168K)
 Metaspace       used 73169K, capacity 75400K, committed 75648K, reserved 1114112K
  class space    used 9279K, capacity 10096K, committed 10112K, reserved 1048576K
}
Event: 32.824 GC heap after
{Heap after GC invocations=25 (full 0):
 garbage-first heap   total 189440K, used 62622K [0x0000000080000000, 0x0000000100000000)
  region size 1024K, 9 young (9216K), 9 survivors (9216K)
 Metaspace       used 73169K, capacity 75400K, committed 75648K, reserved 1114112K
  class space    used 9279K, capacity 10096K, committed 10112K, reserved 1048576K
}
Event: 34.356 GC heap before
{Heap before GC invocations=25 (full 0):
 garbage-first heap   total 189440K, used 147614K [0x0000000080000000, 0x0000000100000000)
  region size 1024K, 92 young (94208K), 9 survivors (9216K)
 Metaspace       used 76702K, capacity 78872K, committed 78976K, reserved 1118208K
  class space    used 9941K, capacity 10780K, committed 10880K, reserved 1048576K
}
Event: 34.382 GC heap after
{Heap after GC invocations=26 (full 0):
 garbage-first heap   total 189440K, used 64544K [0x0000000080000000, 0x0000000100000000)
  region size 1024K, 8 young (8192K), 8 survivors (8192K)
 Metaspace       used 76702K, capacity 78872K, committed 78976K, reserved 1118208K
  class space    used 9941K, capacity 10780K, committed 10880K, reserved 1048576K
}
Event: 36.206 GC heap before
{Heap before GC invocations=26 (full 0):
 garbage-first heap   total 189440K, used 150560K [0x0000000080000000, 0x0000000100000000)
  region size 1024K, 92 young (94208K), 8 survivors (8192K)
 Metaspace       used 78892K, capacity 81182K, committed 81280K, reserved 1120256K
  class space    used 10238K, capacity 11118K, committed 11136K, reserved 1048576K
}
Event: 36.233 GC heap after
{Heap after GC invocations=27 (full 0):
 garbage-first heap   total 189440K, used 68809K [0x0000000080000000, 0x0000000100000000)
  region size 1024K, 9 young (9216K), 9 survivors (9216K)
 Metaspace       used 78892K, capacity 81182K, committed 81280K, reserved 1120256K
  class space    used 10238K, capacity 11118K, committed 11136K, reserved 1048576K
}
Event: 37.828 GC heap before
{Heap before GC invocations=27 (full 0):
 garbage-first heap   total 189440K, used 152777K [0x0000000080000000, 0x0000000100000000)
  region size 1024K, 91 young (93184K), 9 survivors (9216K)
 Metaspace       used 82110K, capacity 84559K, committed 84608K, reserved 1122304K
  class space    used 10706K, capacity 11601K, committed 11648K, reserved 1048576K
}

