# JRE version: OpenJDK Runtime Environment (11.0.15) (build 11.0.15+0-b2043.56-9505619)
# Java VM: OpenJDK 64-Bit Server VM (11.0.15+0-b2043.56-9505619, mixed mode, tiered, compressed oops, g1 gc, windows-amd64)
Heap:
 garbage-first heap   total 622592K, used 376315K [0x0000000080000000, 0x0000000100000000)
  region size 1024K, 3 young (3072K), 3 survivors (3072K)
 Metaspace       used 135304K, capacity 140015K, committed 140236K, reserved 1171456K
  class space    used 16737K, capacity 18618K, committed 18636K, reserved 1048576K
GC Heap History (20 events):
Event: 431.794 GC heap after
{Heap after GC invocations=181 (full 0):
 garbage-first heap   total 529408K, used 327493K [0x0000000080000000, 0x0000000100000000)
  region size 1024K, 6 young (6144K), 6 survivors (6144K)
 Metaspace       used 135207K, capacity 139935K, committed 139980K, reserved 1171456K
  class space    used 16737K, capacity 18618K, committed 18636K, reserved 1048576K
}
Event: 432.394 GC heap before
{Heap before GC invocations=181 (full 0):
 garbage-first heap   total 529408K, used 459589K [0x0000000080000000, 0x0000000100000000)
  region size 1024K, 135 young (138240K), 6 survivors (6144K)
 Metaspace       used 135207K, capacity 139935K, committed 139980K, reserved 1171456K
  class space    used 16737K, capacity 18618K, committed 18636K, reserved 1048576K
}
Event: 432.422 GC heap after
{Heap after GC invocations=182 (full 0):
 garbage-first heap   total 529408K, used 333256K [0x0000000080000000, 0x0000000100000000)
  region size 1024K, 12 young (12288K), 12 survivors (12288K)
 Metaspace       used 135207K, capacity 139935K, committed 139980K, reserved 1171456K
  class space    used 16737K, capacity 18618K, committed 18636K, reserved 1048576K
}
Event: 433.164 GC heap before
{Heap before GC invocations=182 (full 0):
 garbage-first heap   total 529408K, used 459208K [0x0000000080000000, 0x0000000100000000)
  region size 1024K, 135 young (138240K), 12 survivors (12288K)
 Metaspace       used 135207K, capacity 139935K, committed 139980K, reserved 1171456K
  class space    used 16737K, capacity 18618K, committed 18636K, reserved 1048576K
}
Event: 433.190 GC heap after
{Heap after GC invocations=183 (full 0):
 garbage-first heap   total 529408K, used 331120K [0x0000000080000000, 0x0000000100000000)
  region size 1024K, 7 young (7168K), 7 survivors (7168K)
 Metaspace       used 135207K, capacity 139935K, committed 139980K, reserved 1171456K
  class space    used 16737K, capacity 18618K, committed 18636K, reserved 1048576K
}
Event: 434.085 GC heap before
{Heap before GC invocations=183 (full 0):
 garbage-first heap   total 529408K, used 461168K [0x0000000080000000, 0x0000000100000000)
  region size 1024K, 134 young (137216K), 7 survivors (7168K)
 Metaspace       used 135217K, capacity 139936K, committed 139980K, reserved 1171456K
  class space    used 16737K, capacity 18618K, committed 18636K, reserved 1048576K
}
Event: 434.100 GC heap after
{Heap after GC invocations=184 (full 0):
 garbage-first heap   total 529408K, used 331986K [0x0000000080000000, 0x0000000100000000)
  region size 1024K, 8 young (8192K), 8 survivors (8192K)
 Metaspace       used 135217K, capacity 139936K, committed 139980K, reserved 1171456K
  class space    used 16737K, capacity 18618K, committed 18636K, reserved 1048576K
}
Event: 435.183 GC heap before
{Heap before GC invocations=184 (full 0):
 garbage-first heap   total 529408K, used 463058K [0x0000000080000000, 0x0000000100000000)
  region size 1024K, 136 young (139264K), 8 survivors (8192K)
 Metaspace       used 135223K, capacity 139939K, committed 139980K, reserved 1171456K
  class space    used 16737K, capacity 18618K, committed 18636K, reserved 1048576K
}
Event: 435.199 GC heap after
{Heap after GC invocations=185 (full 0):
 garbage-first heap   total 529408K, used 332315K [0x0000000080000000, 0x0000000100000000)
  region size 1024K, 8 young (8192K), 8 survivors (8192K)
 Metaspace       used 135223K, capacity 139939K, committed 139980K, reserved 1171456K
  class space    used 16737K, capacity 18618K, committed 18636K, reserved 1048576K
}
Event: 436.252 GC heap before
{Heap before GC invocations=185 (full 0):
 garbage-first heap   total 529408K, used 464411K [0x0000000080000000, 0x0000000100000000)
  region size 1024K, 137 young (140288K), 8 survivors (8192K)
 Metaspace       used 135233K, capacity 139940K, committed 139980K, reserved 1171456K
  class space    used 16737K, capacity 18618K, committed 18636K, reserved 1048576K
}
Event: 436.264 GC heap after
{Heap after GC invocations=186 (full 0):
 garbage-first heap   total 529408K, used 329960K [0x0000000080000000, 0x0000000100000000)
  region size 1024K, 6 young (6144K), 6 survivors (6144K)
 Metaspace       used 135233K, capacity 139940K, committed 139980K, reserved 1171456K
  class space    used 16737K, capacity 18618K, committed 18636K, reserved 1048576K
}
Event: 437.468 GC heap before
{Heap before GC invocations=186 (full 0):
 garbage-first heap   total 529408K, used 467176K [0x0000000080000000, 0x0000000100000000)
  region size 1024K, 138 young (141312K), 6 survivors (6144K)
 Metaspace       used 135251K, capacity 139943K, committed 139980K, reserved 1171456K
  class space    used 16737K, capacity 18618K, committed 18636K, reserved 1048576K
}
Event: 437.490 GC heap after
{Heap after GC invocations=187 (full 0):
 garbage-first heap   total 529408K, used 341144K [0x0000000080000000, 0x0000000100000000)
  region size 1024K, 16 young (16384K), 16 survivors (16384K)
 Metaspace       used 135251K, capacity 139943K, committed 139980K, reserved 1171456K
  class space    used 16737K, capacity 18618K, committed 18636K, reserved 1048576K
}
Event: 438.261 GC heap before
{Heap before GC invocations=187 (full 0):
 garbage-first heap   total 529408K, used 457880K [0x0000000080000000, 0x0000000100000000)
  region size 1024K, 131 young (134144K), 16 survivors (16384K)
 Metaspace       used 135259K, capacity 139944K, committed 139980K, reserved 1171456K
  class space    used 16737K, capacity 18618K, committed 18636K, reserved 1048576K
}
Event: 438.321 GC heap after
{Heap after GC invocations=188 (full 0):
 garbage-first heap   total 529408K, used 353174K [0x0000000080000000, 0x0000000100000000)
  region size 1024K, 16 young (16384K), 16 survivors (16384K)
 Metaspace       used 135259K, capacity 139944K, committed 139980K, reserved 1171456K
  class space    used 16737K, capacity 18618K, committed 18636K, reserved 1048576K
}
Event: 438.999 GC heap before
{Heap before GC invocations=188 (full 0):
 garbage-first heap   total 529408K, used 451478K [0x0000000080000000, 0x0000000100000000)
  region size 1024K, 112 young (114688K), 16 survivors (16384K)
 Metaspace       used 135279K, capacity 140009K, committed 140236K, reserved 1171456K
  class space    used 16737K, capacity 18618K, committed 18636K, reserved 1048576K
}
Event: 439.055 GC heap after
{Heap after GC invocations=189 (full 0):
 garbage-first heap   total 529408K, used 363008K [0x0000000080000000, 0x0000000100000000)
  region size 1024K, 12 young (12288K), 12 survivors (12288K)
 Metaspace       used 135279K, capacity 140009K, committed 140236K, reserved 1171456K
  class space    used 16737K, capacity 18618K, committed 18636K, reserved 1048576K
}
Event: 439.560 GC heap before
{Heap before GC invocations=189 (full 0):
 garbage-first heap   total 529408K, used 453120K [0x0000000080000000, 0x0000000100000000)
  region size 1024K, 100 young (102400K), 12 survivors (12288K)
 Metaspace       used 135280K, capacity 140009K, committed 140236K, reserved 1171456K
  class space    used 16737K, capacity 18618K, committed 18636K, reserved 1048576K
}
Event: 439.627 GC heap after
{Heap after GC invocations=190 (full 0):
 garbage-first heap   total 529408K, used 375296K [0x0000000080000000, 0x0000000100000000)
  region size 1024K, 13 young (13312K), 13 survivors (13312K)
 Metaspace       used 135280K, capacity 140009K, committed 140236K, reserved 1171456K
  class space    used 16737K, capacity 18618K, committed 18636K, reserved 1048576K
}
Event: 440.258 GC heap before
{Heap before GC invocations=190 (full 0):
 garbage-first heap   total 529408K, used 451072K [0x0000000080000000, 0x0000000100000000)
  region size 1024K, 87 young (89088K), 13 survivors (13312K)
 Metaspace       used 135304K, capacity 140015K, committed 140236K, reserved 1171456K
  class space    used 16737K, capacity 18618K, committed 18636K, reserved 1048576K
}

