# JRE version: OpenJDK Runtime Environment (11.0.15) (build 11.0.15+0-b2043.56-9505619)
# Java VM: OpenJDK 64-Bit Server VM (11.0.15+0-b2043.56-9505619, mixed mode, tiered, compressed oops, g1 gc, windows-amd64)
Heap:
 garbage-first heap   total 273408K, used 93412K [0x0000000080000000, 0x0000000100000000)
  region size 1024K, 7 young (7168K), 7 survivors (7168K)
 Metaspace       used 91559K, capacity 94558K, committed 94796K, reserved 1130496K
  class space    used 11926K, capacity 13050K, committed 13132K, reserved 1048576K
GC Heap History (20 events):
Event: 24.864 GC heap after
{Heap after GC invocations=19 (full 0):
 garbage-first heap   total 189440K, used 48966K [0x0000000080000000, 0x0000000100000000)
  region size 1024K, 12 young (12288K), 12 survivors (12288K)
 Metaspace       used 57238K, capacity 59144K, committed 59264K, reserved 1099776K
  class space    used 7282K, capacity 7971K, committed 8064K, reserved 1048576K
}
Event: 25.037 GC heap before
{Heap before GC invocations=19 (full 0):
 garbage-first heap   total 189440K, used 73542K [0x0000000080000000, 0x0000000100000000)
  region size 1024K, 37 young (37888K), 12 survivors (12288K)
 Metaspace       used 58285K, capacity 60123K, committed 60160K, reserved 1101824K
  class space    used 7372K, capacity 8042K, committed 8064K, reserved 1048576K
}
Event: 25.054 GC heap after
{Heap after GC invocations=20 (full 0):
 garbage-first heap   total 189440K, used 49816K [0x0000000080000000, 0x0000000100000000)
  region size 1024K, 6 young (6144K), 6 survivors (6144K)
 Metaspace       used 58285K, capacity 60123K, committed 60160K, reserved 1101824K
  class space    used 7372K, capacity 8042K, committed 8064K, reserved 1048576K
}
Event: 26.421 GC heap before
{Heap before GC invocations=21 (full 0):
 garbage-first heap   total 189440K, used 147096K [0x0000000080000000, 0x0000000100000000)
  region size 1024K, 101 young (103424K), 6 survivors (6144K)
 Metaspace       used 62441K, capacity 64417K, committed 64588K, reserved 1105920K
  class space    used 7917K, capacity 8646K, committed 8780K, reserved 1048576K
}
Event: 26.438 GC heap after
{Heap after GC invocations=22 (full 0):
 garbage-first heap   total 189440K, used 50047K [0x0000000080000000, 0x0000000100000000)
  region size 1024K, 6 young (6144K), 6 survivors (6144K)
 Metaspace       used 62441K, capacity 64417K, committed 64588K, reserved 1105920K
  class space    used 7917K, capacity 8646K, committed 8780K, reserved 1048576K
}
Event: 29.131 GC heap before
{Heap before GC invocations=23 (full 0):
 garbage-first heap   total 189440K, used 158591K [0x0000000080000000, 0x0000000100000000)
  region size 1024K, 105 young (107520K), 6 survivors (6144K)
 Metaspace       used 66793K, capacity 68815K, committed 68940K, reserved 1110016K
  class space    used 8439K, capacity 9192K, committed 9292K, reserved 1048576K
}
Event: 29.148 GC heap after
{Heap after GC invocations=24 (full 0):
 garbage-first heap   total 227328K, used 55986K [0x0000000080000000, 0x0000000100000000)
  region size 1024K, 12 young (12288K), 12 survivors (12288K)
 Metaspace       used 66793K, capacity 68815K, committed 68940K, reserved 1110016K
  class space    used 8439K, capacity 9192K, committed 9292K, reserved 1048576K
}
Event: 31.560 GC heap before
{Heap before GC invocations=24 (full 0):
 garbage-first heap   total 227328K, used 165554K [0x0000000080000000, 0x0000000100000000)
  region size 1024K, 119 young (121856K), 12 survivors (12288K)
 Metaspace       used 70587K, capacity 72671K, committed 72780K, reserved 1112064K
  class space    used 8948K, capacity 9724K, committed 9804K, reserved 1048576K
}
Event: 31.588 GC heap after
{Heap after GC invocations=25 (full 0):
 garbage-first heap   total 227328K, used 58897K [0x0000000080000000, 0x0000000100000000)
  region size 1024K, 10 young (10240K), 10 survivors (10240K)
 Metaspace       used 70587K, capacity 72671K, committed 72780K, reserved 1112064K
  class space    used 8948K, capacity 9724K, committed 9804K, reserved 1048576K
}
Event: 34.173 GC heap before
{Heap before GC invocations=25 (full 0):
 garbage-first heap   total 227328K, used 172561K [0x0000000080000000, 0x0000000100000000)
  region size 1024K, 121 young (123904K), 10 survivors (10240K)
 Metaspace       used 73480K, capacity 75680K, committed 75724K, reserved 1114112K
  class space    used 9333K, capacity 10163K, committed 10188K, reserved 1048576K
}
Event: 34.197 GC heap after
{Heap after GC invocations=26 (full 0):
 garbage-first heap   total 227328K, used 63610K [0x0000000080000000, 0x0000000100000000)
  region size 1024K, 9 young (9216K), 9 survivors (9216K)
 Metaspace       used 73480K, capacity 75680K, committed 75724K, reserved 1114112K
  class space    used 9333K, capacity 10163K, committed 10188K, reserved 1048576K
}
Event: 36.474 GC heap before
{Heap before GC invocations=26 (full 0):
 garbage-first heap   total 227328K, used 178298K [0x0000000080000000, 0x0000000100000000)
  region size 1024K, 121 young (123904K), 9 survivors (9216K)
 Metaspace       used 77627K, capacity 79820K, committed 80076K, reserved 1118208K
  class space    used 10066K, capacity 10897K, committed 10956K, reserved 1048576K
}
Event: 36.495 GC heap after
{Heap after GC invocations=27 (full 0):
 garbage-first heap   total 227328K, used 66256K [0x0000000080000000, 0x0000000100000000)
  region size 1024K, 11 young (11264K), 11 survivors (11264K)
 Metaspace       used 77627K, capacity 79820K, committed 80076K, reserved 1118208K
  class space    used 10066K, capacity 10897K, committed 10956K, reserved 1048576K
}
Event: 38.533 GC heap before
{Heap before GC invocations=27 (full 0):
 garbage-first heap   total 227328K, used 184016K [0x0000000080000000, 0x0000000100000000)
  region size 1024K, 126 young (129024K), 11 survivors (11264K)
 Metaspace       used 81630K, capacity 84031K, committed 84300K, reserved 1122304K
  class space    used 10646K, capacity 11568K, committed 11596K, reserved 1048576K
}
Event: 38.565 GC heap after
{Heap after GC invocations=28 (full 0):
 garbage-first heap   total 227328K, used 71312K [0x0000000080000000, 0x0000000100000000)
  region size 1024K, 13 young (13312K), 13 survivors (13312K)
 Metaspace       used 81630K, capacity 84031K, committed 84300K, reserved 1122304K
  class space    used 10646K, capacity 11568K, committed 11596K, reserved 1048576K
}
Event: 40.412 GC heap before
{Heap before GC invocations=28 (full 0):
 garbage-first heap   total 227328K, used 184976K [0x0000000080000000, 0x0000000100000000)
  region size 1024K, 124 young (126976K), 13 survivors (13312K)
 Metaspace       used 85992K, capacity 88484K, committed 88780K, reserved 1126400K
  class space    used 11235K, capacity 12193K, committed 12236K, reserved 1048576K
}
Event: 40.445 GC heap after
{Heap after GC invocations=29 (full 0):
 garbage-first heap   total 227328K, used 75326K [0x0000000080000000, 0x0000000100000000)
  region size 1024K, 12 young (12288K), 12 survivors (12288K)
 Metaspace       used 85992K, capacity 88484K, committed 88780K, reserved 1126400K
  class space    used 11235K, capacity 12193K, committed 12236K, reserved 1048576K
}
Event: 41.977 GC heap before
{Heap before GC invocations=29 (full 0):
 garbage-first heap   total 227328K, used 187966K [0x0000000080000000, 0x0000000100000000)
  region size 1024K, 122 young (124928K), 12 survivors (12288K)
 Metaspace       used 87822K, capacity 90477K, committed 90828K, reserved 1128448K
  class space    used 11430K, capacity 12387K, committed 12492K, reserved 1048576K
}
Event: 42.029 GC heap after
{Heap after GC invocations=30 (full 0):
 garbage-first heap   total 227328K, used 88445K [0x0000000080000000, 0x0000000100000000)
  region size 1024K, 16 young (16384K), 16 survivors (16384K)
 Metaspace       used 87822K, capacity 90477K, committed 90828K, reserved 1128448K
  class space    used 11430K, capacity 12387K, committed 12492K, reserved 1048576K
}
Event: 45.472 GC heap before
{Heap before GC invocations=30 (full 0):
 garbage-first heap   total 227328K, used 182653K [0x0000000080000000, 0x0000000100000000)
  region size 1024K, 109 young (111616K), 16 survivors (16384K)
 Metaspace       used 91559K, capacity 94558K, committed 94796K, reserved 1130496K
  class space    used 11926K, capacity 13050K, committed 13132K, reserved 1048576K
}

