# JRE version: OpenJDK Runtime Environment (11.0.15) (build 11.0.15+0-b2043.56-9505619)
# Java VM: OpenJDK 64-Bit Server VM (11.0.15+0-b2043.56-9505619, mixed mode, tiered, compressed oops, g1 gc, windows-amd64)
Heap:
 garbage-first heap   total 78848K, used 57528K [0x0000000080000000, 0x0000000100000000)
  region size 1024K, 7 young (7168K), 1 survivors (1024K)
 Metaspace       used 31209K, capacity 32098K, committed 32124K, reserved 1077248K
  class space    used 4171K, capacity 4533K, committed 4556K, reserved 1048576K
GC Heap History (20 events):
Event: 3.153 GC heap before
{Heap before GC invocations=2 (full 0):
 garbage-first heap   total 65536K, used 42574K [0x0000000080000000, 0x0000000100000000)
  region size 1024K, 37 young (37888K), 5 survivors (5120K)
 Metaspace       used 14573K, capacity 14937K, committed 15104K, reserved 1062912K
  class space    used 1627K, capacity 1750K, committed 1792K, reserved 1048576K
}
Event: 3.164 GC heap after
{Heap after GC invocations=3 (full 0):
 garbage-first heap   total 65536K, used 15516K [0x0000000080000000, 0x0000000100000000)
  region size 1024K, 5 young (5120K), 5 survivors (5120K)
 Metaspace       used 14573K, capacity 14937K, committed 15104K, reserved 1062912K
  class space    used 1627K, capacity 1750K, committed 1792K, reserved 1048576K
}
Event: 4.465 GC heap before
{Heap before GC invocations=3 (full 0):
 garbage-first heap   total 65536K, used 44188K [0x0000000080000000, 0x0000000100000000)
  region size 1024K, 34 young (34816K), 5 survivors (5120K)
 Metaspace       used 20119K, capacity 20531K, committed 20736K, reserved 1067008K
  class space    used 2377K, capacity 2500K, committed 2560K, reserved 1048576K
}
Event: 4.475 GC heap after
{Heap after GC invocations=4 (full 0):
 garbage-first heap   total 65536K, used 17294K [0x0000000080000000, 0x0000000100000000)
  region size 1024K, 2 young (2048K), 2 survivors (2048K)
 Metaspace       used 20119K, capacity 20531K, committed 20736K, reserved 1067008K
  class space    used 2377K, capacity 2500K, committed 2560K, reserved 1048576K
}
Event: 4.594 GC heap before
{Heap before GC invocations=4 (full 0):
 garbage-first heap   total 65536K, used 27534K [0x0000000080000000, 0x0000000100000000)
  region size 1024K, 13 young (13312K), 2 survivors (2048K)
 Metaspace       used 20828K, capacity 21218K, committed 21296K, reserved 1069056K
  class space    used 2513K, capacity 2665K, committed 2688K, reserved 1048576K
}
Event: 4.598 GC heap after
{Heap after GC invocations=5 (full 0):
 garbage-first heap   total 78848K, used 17416K [0x0000000080000000, 0x0000000100000000)
  region size 1024K, 2 young (2048K), 2 survivors (2048K)
 Metaspace       used 20828K, capacity 21218K, committed 21296K, reserved 1069056K
  class space    used 2513K, capacity 2665K, committed 2688K, reserved 1048576K
}
Event: 5.103 GC heap before
{Heap before GC invocations=6 (full 0):
 garbage-first heap   total 78848K, used 49160K [0x0000000080000000, 0x0000000100000000)
  region size 1024K, 33 young (33792K), 2 survivors (2048K)
 Metaspace       used 23971K, capacity 24480K, committed 24700K, reserved 1071104K
  class space    used 3014K, capacity 3224K, committed 3276K, reserved 1048576K
}
Event: 5.109 GC heap after
{Heap after GC invocations=7 (full 0):
 garbage-first heap   total 78848K, used 18614K [0x0000000080000000, 0x0000000100000000)
  region size 1024K, 4 young (4096K), 4 survivors (4096K)
 Metaspace       used 23971K, capacity 24480K, committed 24700K, reserved 1071104K
  class space    used 3014K, capacity 3224K, committed 3276K, reserved 1048576K
}
Event: 5.839 GC heap before
{Heap before GC invocations=7 (full 0):
 garbage-first heap   total 78848K, used 55478K [0x0000000080000000, 0x0000000100000000)
  region size 1024K, 35 young (35840K), 4 survivors (4096K)
 Metaspace       used 27486K, capacity 28289K, committed 28412K, reserved 1073152K
  class space    used 3602K, capacity 3904K, committed 3916K, reserved 1048576K
}
Event: 5.847 GC heap after
{Heap after GC invocations=8 (full 0):
 garbage-first heap   total 78848K, used 25789K [0x0000000080000000, 0x0000000100000000)
  region size 1024K, 4 young (4096K), 4 survivors (4096K)
 Metaspace       used 27486K, capacity 28289K, committed 28412K, reserved 1073152K
  class space    used 3602K, capacity 3904K, committed 3916K, reserved 1048576K
}
Event: 5.933 GC heap before
{Heap before GC invocations=8 (full 0):
 garbage-first heap   total 78848K, used 31933K [0x0000000080000000, 0x0000000100000000)
  region size 1024K, 7 young (7168K), 4 survivors (4096K)
 Metaspace       used 27581K, capacity 28389K, committed 28412K, reserved 1073152K
  class space    used 3616K, capacity 3910K, committed 3916K, reserved 1048576K
}
Event: 5.941 GC heap after
{Heap after GC invocations=9 (full 0):
 garbage-first heap   total 78848K, used 33148K [0x0000000080000000, 0x0000000100000000)
  region size 1024K, 5 young (5120K), 5 survivors (5120K)
 Metaspace       used 27581K, capacity 28389K, committed 28412K, reserved 1073152K
  class space    used 3616K, capacity 3910K, committed 3916K, reserved 1048576K
}
Event: 5.999 GC heap before
{Heap before GC invocations=10 (full 0):
 garbage-first heap   total 78848K, used 45436K [0x0000000080000000, 0x0000000100000000)
  region size 1024K, 6 young (6144K), 5 survivors (5120K)
 Metaspace       used 27581K, capacity 28389K, committed 28412K, reserved 1073152K
  class space    used 3616K, capacity 3910K, committed 3916K, reserved 1048576K
}
Event: 6.003 GC heap after
{Heap after GC invocations=11 (full 0):
 garbage-first heap   total 78848K, used 45579K [0x0000000080000000, 0x0000000100000000)
  region size 1024K, 3 young (3072K), 3 survivors (3072K)
 Metaspace       used 27581K, capacity 28389K, committed 28412K, reserved 1073152K
  class space    used 3616K, capacity 3910K, committed 3916K, reserved 1048576K
}
Event: 6.252 GC heap before
{Heap before GC invocations=12 (full 0):
 garbage-first heap   total 78848K, used 66059K [0x0000000080000000, 0x0000000100000000)
  region size 1024K, 18 young (18432K), 3 survivors (3072K)
 Metaspace       used 28836K, capacity 29699K, committed 29948K, reserved 1075200K
  class space    used 3793K, capacity 4135K, committed 4172K, reserved 1048576K
}
Event: 6.255 GC heap after
{Heap after GC invocations=13 (full 0):
 garbage-first heap   total 78848K, used 51181K [0x0000000080000000, 0x0000000100000000)
  region size 1024K, 2 young (2048K), 2 survivors (2048K)
 Metaspace       used 28836K, capacity 29699K, committed 29948K, reserved 1075200K
  class space    used 3793K, capacity 4135K, committed 4172K, reserved 1048576K
}
Event: 6.380 GC heap before
{Heap before GC invocations=13 (full 0):
 garbage-first heap   total 78848K, used 63469K [0x0000000080000000, 0x0000000100000000)
  region size 1024K, 14 young (14336K), 2 survivors (2048K)
 Metaspace       used 29613K, capacity 30489K, committed 30588K, reserved 1075200K
  class space    used 3922K, capacity 4250K, committed 4300K, reserved 1048576K
}
Event: 6.383 GC heap after
{Heap after GC invocations=14 (full 0):
 garbage-first heap   total 78848K, used 51584K [0x0000000080000000, 0x0000000100000000)
  region size 1024K, 2 young (2048K), 2 survivors (2048K)
 Metaspace       used 29613K, capacity 30489K, committed 30588K, reserved 1075200K
  class space    used 3922K, capacity 4250K, committed 4300K, reserved 1048576K
}
Event: 6.608 GC heap before
{Heap before GC invocations=15 (full 0):
 garbage-first heap   total 78848K, used 63872K [0x0000000080000000, 0x0000000100000000)
  region size 1024K, 14 young (14336K), 2 survivors (2048K)
 Metaspace       used 30798K, capacity 31661K, committed 31868K, reserved 1077248K
  class space    used 4108K, capacity 4429K, committed 4556K, reserved 1048576K
}
Event: 6.612 GC heap after
{Heap after GC invocations=16 (full 0):
 garbage-first heap   total 78848K, used 52408K [0x0000000080000000, 0x0000000100000000)
  region size 1024K, 1 young (1024K), 1 survivors (1024K)
 Metaspace       used 30798K, capacity 31661K, committed 31868K, reserved 1077248K
  class space    used 4108K, capacity 4429K, committed 4556K, reserved 1048576K
}

