# JRE version: OpenJDK Runtime Environment (11.0.15) (build 11.0.15+0-b2043.56-9505619)
# Java VM: OpenJDK 64-Bit Server VM (11.0.15+0-b2043.56-9505619, mixed mode, tiered, compressed oops, g1 gc, windows-amd64)
Heap:
 garbage-first heap   total 273408K, used 160122K [0x0000000080000000, 0x0000000100000000)
  region size 1024K, 36 young (36864K), 8 survivors (8192K)
 Metaspace       used 114720K, capacity 118606K, committed 118808K, reserved 1153024K
  class space    used 14797K, capacity 16283K, committed 16284K, reserved 1048576K
GC Heap History (20 events):
Event: 40.739 GC heap before
{Heap before GC invocations=29 (full 0):
 garbage-first heap   total 227328K, used 179883K [0x0000000080000000, 0x0000000100000000)
  region size 1024K, 108 young (110592K), 14 survivors (14336K)
 Metaspace       used 91417K, capacity 94319K, committed 94632K, reserved 1130496K
  class space    used 11885K, capacity 12992K, committed 13084K, reserved 1048576K
}
Event: 40.798 GC heap after
{Heap after GC invocations=30 (full 0):
 garbage-first heap   total 227328K, used 92606K [0x0000000080000000, 0x0000000100000000)
  region size 1024K, 8 young (8192K), 8 survivors (8192K)
 Metaspace       used 91417K, capacity 94319K, committed 94632K, reserved 1130496K
  class space    used 11885K, capacity 12992K, committed 13084K, reserved 1048576K
}
Event: 44.085 GC heap before
{Heap before GC invocations=30 (full 0):
 garbage-first heap   total 227328K, used 183742K [0x0000000080000000, 0x0000000100000000)
  region size 1024K, 97 young (99328K), 8 survivors (8192K)
 Metaspace       used 92666K, capacity 95619K, committed 95784K, reserved 1132544K
  class space    used 12005K, capacity 13146K, committed 13212K, reserved 1048576K
}
Event: 44.124 GC heap after
{Heap after GC invocations=31 (full 0):
 garbage-first heap   total 273408K, used 99328K [0x0000000080000000, 0x0000000100000000)
  region size 1024K, 6 young (6144K), 6 survivors (6144K)
 Metaspace       used 92666K, capacity 95619K, committed 95784K, reserved 1132544K
  class space    used 12005K, capacity 13146K, committed 13212K, reserved 1048576K
}
Event: 46.721 GC heap before
{Heap before GC invocations=31 (full 0):
 garbage-first heap   total 273408K, used 208896K [0x0000000080000000, 0x0000000100000000)
  region size 1024K, 114 young (116736K), 6 survivors (6144K)
 Metaspace       used 93211K, capacity 96270K, committed 96424K, reserved 1132544K
  class space    used 12057K, capacity 13214K, committed 13340K, reserved 1048576K
}
Event: 46.753 GC heap after
{Heap after GC invocations=32 (full 0):
 garbage-first heap   total 273408K, used 105472K [0x0000000080000000, 0x0000000100000000)
  region size 1024K, 12 young (12288K), 12 survivors (12288K)
 Metaspace       used 93211K, capacity 96270K, committed 96424K, reserved 1132544K
  class space    used 12057K, capacity 13214K, committed 13340K, reserved 1048576K
}
Event: 48.532 GC heap before
{Heap before GC invocations=32 (full 0):
 garbage-first heap   total 273408K, used 214016K [0x0000000080000000, 0x0000000100000000)
  region size 1024K, 119 young (121856K), 12 survivors (12288K)
 Metaspace       used 95105K, capacity 98319K, committed 98600K, reserved 1134592K
  class space    used 12330K, capacity 13576K, committed 13724K, reserved 1048576K
}
Event: 48.564 GC heap after
{Heap after GC invocations=33 (full 0):
 garbage-first heap   total 273408K, used 110056K [0x0000000080000000, 0x0000000100000000)
  region size 1024K, 11 young (11264K), 11 survivors (11264K)
 Metaspace       used 95105K, capacity 98319K, committed 98600K, reserved 1134592K
  class space    used 12330K, capacity 13576K, committed 13724K, reserved 1048576K
}
Event: 49.974 GC heap before
{Heap before GC invocations=33 (full 0):
 garbage-first heap   total 273408K, used 219624K [0x0000000080000000, 0x0000000100000000)
  region size 1024K, 118 young (120832K), 11 survivors (11264K)
 Metaspace       used 97101K, capacity 100281K, committed 100520K, reserved 1136640K
  class space    used 12585K, capacity 13803K, committed 13852K, reserved 1048576K
}
Event: 50.012 GC heap after
{Heap after GC invocations=34 (full 0):
 garbage-first heap   total 273408K, used 113146K [0x0000000080000000, 0x0000000100000000)
  region size 1024K, 8 young (8192K), 8 survivors (8192K)
 Metaspace       used 97101K, capacity 100281K, committed 100520K, reserved 1136640K
  class space    used 12585K, capacity 13803K, committed 13852K, reserved 1048576K
}
Event: 51.450 GC heap before
{Heap before GC invocations=34 (full 0):
 garbage-first heap   total 273408K, used 172538K [0x0000000080000000, 0x0000000100000000)
  region size 1024K, 67 young (68608K), 8 survivors (8192K)
 Metaspace       used 98046K, capacity 101227K, committed 101400K, reserved 1136640K
  class space    used 12663K, capacity 13882K, committed 13980K, reserved 1048576K
}
Event: 51.480 GC heap after
{Heap after GC invocations=35 (full 0):
 garbage-first heap   total 273408K, used 116736K [0x0000000080000000, 0x0000000100000000)
  region size 1024K, 11 young (11264K), 11 survivors (11264K)
 Metaspace       used 98046K, capacity 101227K, committed 101400K, reserved 1136640K
  class space    used 12663K, capacity 13882K, committed 13980K, reserved 1048576K
}
Event: 54.078 GC heap before
{Heap before GC invocations=36 (full 0):
 garbage-first heap   total 273408K, used 222207K [0x0000000080000000, 0x0000000100000000)
  region size 1024K, 115 young (117760K), 11 survivors (11264K)
 Metaspace       used 100673K, capacity 103874K, committed 104088K, reserved 1138688K
  class space    used 13002K, capacity 14223K, committed 14364K, reserved 1048576K
}
Event: 54.116 GC heap after
{Heap after GC invocations=37 (full 0):
 garbage-first heap   total 273408K, used 123631K [0x0000000080000000, 0x0000000100000000)
  region size 1024K, 14 young (14336K), 14 survivors (14336K)
 Metaspace       used 100673K, capacity 103874K, committed 104088K, reserved 1138688K
  class space    used 13002K, capacity 14223K, committed 14364K, reserved 1048576K
}
Event: 56.241 GC heap before
{Heap before GC invocations=38 (full 0):
 garbage-first heap   total 273408K, used 225007K [0x0000000080000000, 0x0000000100000000)
  region size 1024K, 114 young (116736K), 14 survivors (14336K)
 Metaspace       used 105161K, capacity 108361K, committed 108440K, reserved 1142784K
  class space    used 13560K, capacity 14813K, committed 14876K, reserved 1048576K
}
Event: 56.279 GC heap after
{Heap after GC invocations=39 (full 0):
 garbage-first heap   total 273408K, used 125398K [0x0000000080000000, 0x0000000100000000)
  region size 1024K, 9 young (9216K), 9 survivors (9216K)
 Metaspace       used 105161K, capacity 108361K, committed 108440K, reserved 1142784K
  class space    used 13560K, capacity 14813K, committed 14876K, reserved 1048576K
}
Event: 57.775 GC heap before
{Heap before GC invocations=39 (full 0):
 garbage-first heap   total 273408K, used 226774K [0x0000000080000000, 0x0000000100000000)
  region size 1024K, 109 young (111616K), 9 survivors (9216K)
 Metaspace       used 109056K, capacity 112577K, committed 112664K, reserved 1146880K
  class space    used 14140K, capacity 15497K, committed 15516K, reserved 1048576K
}
Event: 57.812 GC heap after
{Heap after GC invocations=40 (full 0):
 garbage-first heap   total 273408K, used 130936K [0x0000000080000000, 0x0000000100000000)
  region size 1024K, 10 young (10240K), 10 survivors (10240K)
 Metaspace       used 109056K, capacity 112577K, committed 112664K, reserved 1146880K
  class space    used 14140K, capacity 15497K, committed 15516K, reserved 1048576K
}
Event: 60.166 GC heap before
{Heap before GC invocations=40 (full 0):
 garbage-first heap   total 273408K, used 228216K [0x0000000080000000, 0x0000000100000000)
  region size 1024K, 105 young (107520K), 10 survivors (10240K)
 Metaspace       used 114126K, capacity 117978K, committed 118296K, reserved 1150976K
  class space    used 14739K, capacity 16200K, committed 16284K, reserved 1048576K
}
Event: 60.197 GC heap after
{Heap after GC invocations=41 (full 0):
 garbage-first heap   total 273408K, used 132474K [0x0000000080000000, 0x0000000100000000)
  region size 1024K, 8 young (8192K), 8 survivors (8192K)
 Metaspace       used 114126K, capacity 117978K, committed 118296K, reserved 1150976K
  class space    used 14739K, capacity 16200K, committed 16284K, reserved 1048576K
}

