# JRE version: OpenJDK Runtime Environment (11.0.15) (build 11.0.15+0-b2043.56-9505619)
# Java VM: OpenJDK 64-Bit Server VM (11.0.15+0-b2043.56-9505619, mixed mode, tiered, compressed oops, g1 gc, windows-amd64)
Heap:
 garbage-first heap   total 227328K, used 183148K [0x0000000080000000, 0x0000000100000000)
  region size 1024K, 93 young (95232K), 7 survivors (7168K)
 Metaspace       used 95552K, capacity 98286K, committed 98560K, reserved 1138688K
  class space    used 12253K, capacity 13222K, committed 13312K, reserved 1048576K
GC Heap History (20 events):
Event: 23.880 GC heap before
{Heap before GC invocations=23 (full 0):
 garbage-first heap   total 157696K, used 127726K [0x0000000080000000, 0x0000000100000000)
  region size 1024K, 83 young (84992K), 8 survivors (8192K)
 Metaspace       used 67236K, capacity 69058K, committed 69376K, reserved 1110016K
  class space    used 8451K, capacity 9109K, committed 9216K, reserved 1048576K
}
Event: 23.899 GC heap after
{Heap after GC invocations=24 (full 0):
 garbage-first heap   total 189440K, used 53767K [0x0000000080000000, 0x0000000100000000)
  region size 1024K, 7 young (7168K), 7 survivors (7168K)
 Metaspace       used 67236K, capacity 69058K, committed 69376K, reserved 1110016K
  class space    used 8451K, capacity 9109K, committed 9216K, reserved 1048576K
}
Event: 24.879 GC heap before
{Heap before GC invocations=24 (full 0):
 garbage-first heap   total 189440K, used 142855K [0x0000000080000000, 0x0000000100000000)
  region size 1024K, 94 young (96256K), 7 survivors (7168K)
 Metaspace       used 70312K, capacity 72147K, committed 72320K, reserved 1112064K
  class space    used 8894K, capacity 9562K, committed 9600K, reserved 1048576K
}
Event: 24.893 GC heap after
{Heap after GC invocations=25 (full 0):
 garbage-first heap   total 189440K, used 56498K [0x0000000080000000, 0x0000000100000000)
  region size 1024K, 9 young (9216K), 9 survivors (9216K)
 Metaspace       used 70312K, capacity 72147K, committed 72320K, reserved 1112064K
  class space    used 8894K, capacity 9562K, committed 9600K, reserved 1048576K
}
Event: 26.365 GC heap before
{Heap before GC invocations=25 (full 0):
 garbage-first heap   total 189440K, used 150706K [0x0000000080000000, 0x0000000100000000)
  region size 1024K, 101 young (103424K), 9 survivors (9216K)
 Metaspace       used 73996K, capacity 75907K, committed 76032K, reserved 1116160K
  class space    used 9528K, capacity 10216K, committed 10240K, reserved 1048576K
}
Event: 26.385 GC heap after
{Heap after GC invocations=26 (full 0):
 garbage-first heap   total 189440K, used 59959K [0x0000000080000000, 0x0000000100000000)
  region size 1024K, 10 young (10240K), 10 survivors (10240K)
 Metaspace       used 73996K, capacity 75907K, committed 76032K, reserved 1116160K
  class space    used 9528K, capacity 10216K, committed 10240K, reserved 1048576K
}
Event: 27.487 GC heap before
{Heap before GC invocations=26 (full 0):
 garbage-first heap   total 189440K, used 153143K [0x0000000080000000, 0x0000000100000000)
  region size 1024K, 101 young (103424K), 10 survivors (10240K)
 Metaspace       used 77360K, capacity 79385K, committed 79488K, reserved 1118208K
  class space    used 10036K, capacity 10796K, committed 10880K, reserved 1048576K
}
Event: 27.507 GC heap after
{Heap after GC invocations=27 (full 0):
 garbage-first heap   total 189440K, used 64169K [0x0000000080000000, 0x0000000100000000)
  region size 1024K, 11 young (11264K), 11 survivors (11264K)
 Metaspace       used 77360K, capacity 79385K, committed 79488K, reserved 1118208K
  class space    used 10036K, capacity 10796K, committed 10880K, reserved 1048576K
}
Event: 28.626 GC heap before
{Heap before GC invocations=27 (full 0):
 garbage-first heap   total 189440K, used 155305K [0x0000000080000000, 0x0000000100000000)
  region size 1024K, 100 young (102400K), 11 survivors (11264K)
 Metaspace       used 81538K, capacity 83606K, committed 83840K, reserved 1122304K
  class space    used 10612K, capacity 11392K, committed 11392K, reserved 1048576K
}
Event: 28.649 GC heap after
{Heap after GC invocations=28 (full 0):
 garbage-first heap   total 189440K, used 65995K [0x0000000080000000, 0x0000000100000000)
  region size 1024K, 6 young (6144K), 6 survivors (6144K)
 Metaspace       used 81538K, capacity 83606K, committed 83840K, reserved 1122304K
  class space    used 10612K, capacity 11392K, committed 11392K, reserved 1048576K
}
Event: 29.681 GC heap before
{Heap before GC invocations=28 (full 0):
 garbage-first heap   total 189440K, used 157131K [0x0000000080000000, 0x0000000100000000)
  region size 1024K, 95 young (97280K), 6 survivors (6144K)
 Metaspace       used 83234K, capacity 85400K, committed 85632K, reserved 1124352K
  class space    used 10807K, capacity 11600K, committed 11648K, reserved 1048576K
}
Event: 29.707 GC heap after
{Heap after GC invocations=29 (full 0):
 garbage-first heap   total 227328K, used 74257K [0x0000000080000000, 0x0000000100000000)
  region size 1024K, 12 young (12288K), 12 survivors (12288K)
 Metaspace       used 83234K, capacity 85400K, committed 85632K, reserved 1124352K
  class space    used 10807K, capacity 11600K, committed 11648K, reserved 1048576K
}
Event: 31.554 GC heap before
{Heap before GC invocations=29 (full 0):
 garbage-first heap   total 227328K, used 176657K [0x0000000080000000, 0x0000000100000000)
  region size 1024K, 112 young (114688K), 12 survivors (12288K)
 Metaspace       used 87161K, capacity 89570K, committed 89856K, reserved 1126400K
  class space    used 11275K, capacity 12188K, committed 12288K, reserved 1048576K
}
Event: 31.592 GC heap after
{Heap after GC invocations=30 (full 0):
 garbage-first heap   total 227328K, used 83166K [0x0000000080000000, 0x0000000100000000)
  region size 1024K, 9 young (9216K), 9 survivors (9216K)
 Metaspace       used 87161K, capacity 89570K, committed 89856K, reserved 1126400K
  class space    used 11275K, capacity 12188K, committed 12288K, reserved 1048576K
}
Event: 34.513 GC heap before
{Heap before GC invocations=30 (full 0):
 garbage-first heap   total 227328K, used 180446K [0x0000000080000000, 0x0000000100000000)
  region size 1024K, 105 young (107520K), 9 survivors (9216K)
 Metaspace       used 88308K, capacity 90819K, committed 91008K, reserved 1128448K
  class space    used 11378K, capacity 12348K, committed 12416K, reserved 1048576K
}
Event: 34.541 GC heap after
{Heap after GC invocations=31 (full 0):
 garbage-first heap   total 227328K, used 90061K [0x0000000080000000, 0x0000000100000000)
  region size 1024K, 6 young (6144K), 6 survivors (6144K)
 Metaspace       used 88308K, capacity 90819K, committed 91008K, reserved 1128448K
  class space    used 11378K, capacity 12348K, committed 12416K, reserved 1048576K
}
Event: 36.474 GC heap before
{Heap before GC invocations=31 (full 0):
 garbage-first heap   total 227328K, used 183245K [0x0000000080000000, 0x0000000100000000)
  region size 1024K, 98 young (100352K), 6 survivors (6144K)
 Metaspace       used 89352K, capacity 91913K, committed 92160K, reserved 1128448K
  class space    used 11498K, capacity 12443K, committed 12544K, reserved 1048576K
}
Event: 36.493 GC heap after
{Heap after GC invocations=32 (full 0):
 garbage-first heap   total 227328K, used 95140K [0x0000000080000000, 0x0000000100000000)
  region size 1024K, 11 young (11264K), 11 survivors (11264K)
 Metaspace       used 89352K, capacity 91913K, committed 92160K, reserved 1128448K
  class space    used 11498K, capacity 12443K, committed 12544K, reserved 1048576K
}
Event: 38.536 GC heap before
{Heap before GC invocations=32 (full 0):
 garbage-first heap   total 227328K, used 186276K [0x0000000080000000, 0x0000000100000000)
  region size 1024K, 101 young (103424K), 11 survivors (11264K)
 Metaspace       used 92877K, capacity 95527K, committed 95616K, reserved 1132544K
  class space    used 11926K, capacity 12900K, committed 12928K, reserved 1048576K
}
Event: 38.561 GC heap after
{Heap after GC invocations=33 (full 0):
 garbage-first heap   total 227328K, used 97132K [0x0000000080000000, 0x0000000100000000)
  region size 1024K, 7 young (7168K), 7 survivors (7168K)
 Metaspace       used 92877K, capacity 95527K, committed 95616K, reserved 1132544K
  class space    used 11926K, capacity 12900K, committed 12928K, reserved 1048576K
}

