# JRE version: OpenJDK Runtime Environment (11.0.15) (build 11.0.15+0-b2043.56-9505619)
# Java VM: OpenJDK 64-Bit Server VM (11.0.15+0-b2043.56-9505619, mixed mode, tiered, compressed oops, g1 gc, windows-amd64)
Heap:
 garbage-first heap   total 279552K, used 214887K [0x0000000080000000, 0x0000000100000000)
  region size 1024K, 18 young (18432K), 3 survivors (3072K)
 Metaspace       used 121136K, capacity 125026K, committed 125224K, reserved 1159168K
  class space    used 14787K, capacity 16160K, committed 16256K, reserved 1048576K
GC Heap History (20 events):
Event: 348.425 GC heap before
{Heap before GC invocations=76 (full 0):
 garbage-first heap   total 279552K, used 210173K [0x0000000080000000, 0x0000000100000000)
  region size 1024K, 13 young (13312K), 3 survivors (3072K)
 Metaspace       used 119815K, capacity 123482K, committed 123816K, reserved 1157120K
  class space    used 14722K, capacity 16039K, committed 16128K, reserved 1048576K
}
Event: 348.450 GC heap after
{Heap after GC invocations=77 (full 0):
 garbage-first heap   total 279552K, used 194670K [0x0000000080000000, 0x0000000100000000)
  region size 1024K, 1 young (1024K), 1 survivors (1024K)
 Metaspace       used 119815K, capacity 123482K, committed 123816K, reserved 1157120K
  class space    used 14722K, capacity 16039K, committed 16128K, reserved 1048576K
}
Event: 351.770 GC heap before
{Heap before GC invocations=77 (full 0):
 garbage-first heap   total 279552K, used 237678K [0x0000000080000000, 0x0000000100000000)
  region size 1024K, 44 young (45056K), 1 survivors (1024K)
 Metaspace       used 119877K, capacity 123614K, committed 123816K, reserved 1157120K
  class space    used 14722K, capacity 16039K, committed 16128K, reserved 1048576K
}
Event: 351.778 GC heap after
{Heap after GC invocations=78 (full 0):
 garbage-first heap   total 279552K, used 196205K [0x0000000080000000, 0x0000000100000000)
  region size 1024K, 2 young (2048K), 2 survivors (2048K)
 Metaspace       used 119877K, capacity 123614K, committed 123816K, reserved 1157120K
  class space    used 14722K, capacity 16039K, committed 16128K, reserved 1048576K
}
Event: 358.945 GC heap before
{Heap before GC invocations=79 (full 0):
 garbage-first heap   total 279552K, used 239213K [0x0000000080000000, 0x0000000100000000)
  region size 1024K, 45 young (46080K), 2 survivors (2048K)
 Metaspace       used 119962K, capacity 123617K, committed 123816K, reserved 1157120K
  class space    used 14724K, capacity 16039K, committed 16128K, reserved 1048576K
}
Event: 358.960 GC heap after
{Heap after GC invocations=80 (full 0):
 garbage-first heap   total 279552K, used 197438K [0x0000000080000000, 0x0000000100000000)
  region size 1024K, 4 young (4096K), 4 survivors (4096K)
 Metaspace       used 119962K, capacity 123617K, committed 123816K, reserved 1157120K
  class space    used 14724K, capacity 16039K, committed 16128K, reserved 1048576K
}
Event: 359.438 GC heap before
{Heap before GC invocations=80 (full 0):
 garbage-first heap   total 279552K, used 205630K [0x0000000080000000, 0x0000000100000000)
  region size 1024K, 13 young (13312K), 4 survivors (4096K)
 Metaspace       used 119966K, capacity 123682K, committed 123816K, reserved 1157120K
  class space    used 14724K, capacity 16039K, committed 16128K, reserved 1048576K
}
Event: 359.471 GC heap after
{Heap after GC invocations=81 (full 0):
 garbage-first heap   total 279552K, used 197478K [0x0000000080000000, 0x0000000100000000)
  region size 1024K, 1 young (1024K), 1 survivors (1024K)
 Metaspace       used 119966K, capacity 123682K, committed 123816K, reserved 1157120K
  class space    used 14724K, capacity 16039K, committed 16128K, reserved 1048576K
}
Event: 371.565 GC heap before
{Heap before GC invocations=81 (full 0):
 garbage-first heap   total 279552K, used 240486K [0x0000000080000000, 0x0000000100000000)
  region size 1024K, 44 young (45056K), 1 survivors (1024K)
 Metaspace       used 120155K, capacity 123835K, committed 124072K, reserved 1157120K
  class space    used 14726K, capacity 16041K, committed 16128K, reserved 1048576K
}
Event: 371.573 GC heap after
{Heap after GC invocations=82 (full 0):
 garbage-first heap   total 279552K, used 198117K [0x0000000080000000, 0x0000000100000000)
  region size 1024K, 2 young (2048K), 2 survivors (2048K)
 Metaspace       used 120155K, capacity 123835K, committed 124072K, reserved 1157120K
  class space    used 14726K, capacity 16041K, committed 16128K, reserved 1048576K
}
Event: 544.821 GC heap before
{Heap before GC invocations=83 (full 0):
 garbage-first heap   total 279552K, used 241125K [0x0000000080000000, 0x0000000100000000)
  region size 1024K, 45 young (46080K), 2 survivors (2048K)
 Metaspace       used 120340K, capacity 124085K, committed 124328K, reserved 1157120K
  class space    used 14736K, capacity 16054K, committed 16128K, reserved 1048576K
}
Event: 544.900 GC heap after
{Heap after GC invocations=84 (full 0):
 garbage-first heap   total 279552K, used 200151K [0x0000000080000000, 0x0000000100000000)
  region size 1024K, 4 young (4096K), 4 survivors (4096K)
 Metaspace       used 120340K, capacity 124085K, committed 124328K, reserved 1157120K
  class space    used 14736K, capacity 16054K, committed 16128K, reserved 1048576K
}
Event: 549.611 GC heap before
{Heap before GC invocations=84 (full 0):
 garbage-first heap   total 279552K, used 242135K [0x0000000080000000, 0x0000000100000000)
  region size 1024K, 46 young (47104K), 4 survivors (4096K)
 Metaspace       used 120834K, capacity 124836K, committed 124968K, reserved 1159168K
  class space    used 14791K, capacity 16189K, committed 16256K, reserved 1048576K
}
Event: 549.662 GC heap after
{Heap after GC invocations=85 (full 0):
 garbage-first heap   total 279552K, used 204705K [0x0000000080000000, 0x0000000100000000)
  region size 1024K, 6 young (6144K), 6 survivors (6144K)
 Metaspace       used 120834K, capacity 124836K, committed 124968K, reserved 1159168K
  class space    used 14791K, capacity 16189K, committed 16256K, reserved 1048576K
}
Event: 556.574 GC heap before
{Heap before GC invocations=86 (full 0):
 garbage-first heap   total 279552K, used 240545K [0x0000000080000000, 0x0000000100000000)
  region size 1024K, 42 young (43008K), 6 survivors (6144K)
 Metaspace       used 120895K, capacity 124837K, committed 124968K, reserved 1159168K
  class space    used 14791K, capacity 16189K, committed 16256K, reserved 1048576K
}
Event: 556.609 GC heap after
{Heap after GC invocations=87 (full 0):
 garbage-first heap   total 279552K, used 207058K [0x0000000080000000, 0x0000000100000000)
  region size 1024K, 3 young (3072K), 3 survivors (3072K)
 Metaspace       used 120895K, capacity 124837K, committed 124968K, reserved 1159168K
  class space    used 14791K, capacity 16189K, committed 16256K, reserved 1048576K
}
Event: 558.214 GC heap before
{Heap before GC invocations=87 (full 0):
 garbage-first heap   total 279552K, used 216274K [0x0000000080000000, 0x0000000100000000)
  region size 1024K, 13 young (13312K), 3 survivors (3072K)
 Metaspace       used 120895K, capacity 124837K, committed 124968K, reserved 1159168K
  class space    used 14791K, capacity 16189K, committed 16256K, reserved 1048576K
}
Event: 558.248 GC heap after
{Heap after GC invocations=88 (full 0):
 garbage-first heap   total 279552K, used 199585K [0x0000000080000000, 0x0000000100000000)
  region size 1024K, 1 young (1024K), 1 survivors (1024K)
 Metaspace       used 120895K, capacity 124837K, committed 124968K, reserved 1159168K
  class space    used 14791K, capacity 16189K, committed 16256K, reserved 1048576K
}
Event: 563.368 GC heap before
{Heap before GC invocations=88 (full 0):
 garbage-first heap   total 279552K, used 237473K [0x0000000080000000, 0x0000000100000000)
  region size 1024K, 39 young (39936K), 1 survivors (1024K)
 Metaspace       used 120972K, capacity 124861K, committed 124968K, reserved 1159168K
  class space    used 14794K, capacity 16193K, committed 16256K, reserved 1048576K
}
Event: 563.381 GC heap after
{Heap after GC invocations=89 (full 0):
 garbage-first heap   total 279552K, used 201575K [0x0000000080000000, 0x0000000100000000)
  region size 1024K, 3 young (3072K), 3 survivors (3072K)
 Metaspace       used 120972K, capacity 124861K, committed 124968K, reserved 1159168K
  class space    used 14794K, capacity 16193K, committed 16256K, reserved 1048576K
}

