# JRE version: OpenJDK Runtime Environment (11.0.15) (build 11.0.15+0-b2043.56-9505619)
# Java VM: OpenJDK 64-Bit Server VM (11.0.15+0-b2043.56-9505619, mixed mode, tiered, compressed oops, g1 gc, windows-amd64)
Heap:
 garbage-first heap   total 131072K, used 35179K [0x0000000080000000, 0x0000000100000000)
  region size 1024K, 17 young (17408K), 9 survivors (9216K)
 Metaspace       used 41671K, capacity 42785K, committed 43008K, reserved 1087488K
  class space    used 5199K, capacity 5615K, committed 5632K, reserved 1048576K
GC Heap History (20 events):
Event: 8.671 GC heap before
{Heap before GC invocations=2 (full 0):
 garbage-first heap   total 131072K, used 80011K [0x0000000080000000, 0x0000000100000000)
  region size 1024K, 76 young (77824K), 8 survivors (8192K)
 Metaspace       used 14557K, capacity 14935K, committed 14976K, reserved 1062912K
  class space    used 1518K, capacity 1640K, committed 1664K, reserved 1048576K
}
Event: 8.686 GC heap after
{Heap after GC invocations=3 (full 0):
 garbage-first heap   total 131072K, used 15228K [0x0000000080000000, 0x0000000100000000)
  region size 1024K, 10 young (10240K), 10 survivors (10240K)
 Metaspace       used 14557K, capacity 14935K, committed 14976K, reserved 1062912K
  class space    used 1518K, capacity 1640K, committed 1664K, reserved 1048576K
}
Event: 15.207 GC heap before
{Heap before GC invocations=3 (full 0):
 garbage-first heap   total 131072K, used 82812K [0x0000000080000000, 0x0000000100000000)
  region size 1024K, 76 young (77824K), 10 survivors (10240K)
 Metaspace       used 18692K, capacity 19029K, committed 19200K, reserved 1067008K
  class space    used 2094K, capacity 2239K, committed 2304K, reserved 1048576K
}
Event: 15.241 GC heap after
{Heap after GC invocations=4 (full 0):
 garbage-first heap   total 131072K, used 16837K [0x0000000080000000, 0x0000000100000000)
  region size 1024K, 7 young (7168K), 7 survivors (7168K)
 Metaspace       used 18692K, capacity 19029K, committed 19200K, reserved 1067008K
  class space    used 2094K, capacity 2239K, committed 2304K, reserved 1048576K
}
Event: 16.280 GC heap before
{Heap before GC invocations=4 (full 0):
 garbage-first heap   total 131072K, used 58821K [0x0000000080000000, 0x0000000100000000)
  region size 1024K, 49 young (50176K), 7 survivors (7168K)
 Metaspace       used 20783K, capacity 21217K, committed 21248K, reserved 1069056K
  class space    used 2389K, capacity 2544K, committed 2560K, reserved 1048576K
}
Event: 16.292 GC heap after
{Heap after GC invocations=5 (full 0):
 garbage-first heap   total 131072K, used 17428K [0x0000000080000000, 0x0000000100000000)
  region size 1024K, 3 young (3072K), 3 survivors (3072K)
 Metaspace       used 20783K, capacity 21217K, committed 21248K, reserved 1069056K
  class space    used 2389K, capacity 2544K, committed 2560K, reserved 1048576K
}
Event: 18.712 GC heap before
{Heap before GC invocations=6 (full 0):
 garbage-first heap   total 131072K, used 92180K [0x0000000080000000, 0x0000000100000000)
  region size 1024K, 76 young (77824K), 3 survivors (3072K)
 Metaspace       used 23731K, capacity 24253K, committed 24448K, reserved 1071104K
  class space    used 2907K, capacity 3094K, committed 3200K, reserved 1048576K
}
Event: 18.719 GC heap after
{Heap after GC invocations=7 (full 0):
 garbage-first heap   total 131072K, used 18089K [0x0000000080000000, 0x0000000100000000)
  region size 1024K, 3 young (3072K), 3 survivors (3072K)
 Metaspace       used 23731K, capacity 24253K, committed 24448K, reserved 1071104K
  class space    used 2907K, capacity 3094K, committed 3200K, reserved 1048576K
}
Event: 20.675 GC heap before
{Heap before GC invocations=7 (full 0):
 garbage-first heap   total 131072K, used 92841K [0x0000000080000000, 0x0000000100000000)
  region size 1024K, 76 young (77824K), 3 survivors (3072K)
 Metaspace       used 27354K, capacity 28011K, committed 28160K, reserved 1073152K
  class space    used 3474K, capacity 3714K, committed 3840K, reserved 1048576K
}
Event: 20.684 GC heap after
{Heap after GC invocations=8 (full 0):
 garbage-first heap   total 131072K, used 19375K [0x0000000080000000, 0x0000000100000000)
  region size 1024K, 5 young (5120K), 5 survivors (5120K)
 Metaspace       used 27354K, capacity 28011K, committed 28160K, reserved 1073152K
  class space    used 3474K, capacity 3714K, committed 3840K, reserved 1048576K
}
Event: 22.674 GC heap before
{Heap before GC invocations=8 (full 0):
 garbage-first heap   total 131072K, used 92079K [0x0000000080000000, 0x0000000100000000)
  region size 1024K, 76 young (77824K), 5 survivors (5120K)
 Metaspace       used 30453K, capacity 31140K, committed 31488K, reserved 1077248K
  class space    used 3941K, capacity 4232K, committed 4352K, reserved 1048576K
}
Event: 22.684 GC heap after
{Heap after GC invocations=9 (full 0):
 garbage-first heap   total 131072K, used 20634K [0x0000000080000000, 0x0000000100000000)
  region size 1024K, 6 young (6144K), 6 survivors (6144K)
 Metaspace       used 30453K, capacity 31140K, committed 31488K, reserved 1077248K
  class space    used 3941K, capacity 4232K, committed 4352K, reserved 1048576K
}
Event: 24.650 GC heap before
{Heap before GC invocations=9 (full 0):
 garbage-first heap   total 131072K, used 92314K [0x0000000080000000, 0x0000000100000000)
  region size 1024K, 76 young (77824K), 6 survivors (6144K)
 Metaspace       used 34076K, capacity 34861K, committed 35072K, reserved 1079296K
  class space    used 4495K, capacity 4811K, committed 4864K, reserved 1048576K
}
Event: 24.662 GC heap after
{Heap after GC invocations=10 (full 0):
 garbage-first heap   total 131072K, used 21756K [0x0000000080000000, 0x0000000100000000)
  region size 1024K, 7 young (7168K), 7 survivors (7168K)
 Metaspace       used 34076K, capacity 34861K, committed 35072K, reserved 1079296K
  class space    used 4495K, capacity 4811K, committed 4864K, reserved 1048576K
}
Event: 25.522 GC heap before
{Heap before GC invocations=10 (full 0):
 garbage-first heap   total 131072K, used 36092K [0x0000000080000000, 0x0000000100000000)
  region size 1024K, 23 young (23552K), 7 survivors (7168K)
 Metaspace       used 34868K, capacity 35707K, committed 35840K, reserved 1081344K
  class space    used 4558K, capacity 4880K, committed 4992K, reserved 1048576K
}
Event: 25.539 GC heap after
{Heap after GC invocations=11 (full 0):
 garbage-first heap   total 131072K, used 22694K [0x0000000080000000, 0x0000000100000000)
  region size 1024K, 7 young (7168K), 7 survivors (7168K)
 Metaspace       used 34868K, capacity 35707K, committed 35840K, reserved 1081344K
  class space    used 4558K, capacity 4880K, committed 4992K, reserved 1048576K
}
Event: 27.091 GC heap before
{Heap before GC invocations=12 (full 0):
 garbage-first heap   total 131072K, used 92326K [0x0000000080000000, 0x0000000100000000)
  region size 1024K, 76 young (77824K), 7 survivors (7168K)
 Metaspace       used 38756K, capacity 39695K, committed 39936K, reserved 1083392K
  class space    used 4951K, capacity 5337K, committed 5376K, reserved 1048576K
}
Event: 27.112 GC heap after
{Heap after GC invocations=13 (full 0):
 garbage-first heap   total 131072K, used 23944K [0x0000000080000000, 0x0000000100000000)
  region size 1024K, 6 young (6144K), 6 survivors (6144K)
 Metaspace       used 38756K, capacity 39695K, committed 39936K, reserved 1083392K
  class space    used 4951K, capacity 5337K, committed 5376K, reserved 1048576K
}
Event: 31.830 GC heap before
{Heap before GC invocations=13 (full 0):
 garbage-first heap   total 131072K, used 105864K [0x0000000080000000, 0x0000000100000000)
  region size 1024K, 76 young (77824K), 6 survivors (6144K)
 Metaspace       used 41363K, capacity 42399K, committed 42496K, reserved 1085440K
  class space    used 5169K, capacity 5573K, committed 5632K, reserved 1048576K
}
Event: 31.851 GC heap after
{Heap after GC invocations=14 (full 0):
 garbage-first heap   total 131072K, used 28011K [0x0000000080000000, 0x0000000100000000)
  region size 1024K, 9 young (9216K), 9 survivors (9216K)
 Metaspace       used 41363K, capacity 42399K, committed 42496K, reserved 1085440K
  class space    used 5169K, capacity 5573K, committed 5632K, reserved 1048576K
}

