# JRE version: OpenJDK Runtime Environment (11.0.15) (build 11.0.15+0-b2043.56-9505619)
# Java VM: OpenJDK 64-Bit Server VM (11.0.15+0-b2043.56-9505619, mixed mode, tiered, compressed oops, g1 gc, windows-amd64)
Heap:
 garbage-first heap   total 276480K, used 159325K [0x0000000080000000, 0x0000000100000000)
  region size 1024K, 28 young (28672K), 3 survivors (3072K)
 Metaspace       used 152439K, capacity 158166K, committed 158284K, reserved 1185792K
  class space    used 18694K, capacity 20987K, committed 21068K, reserved 1048576K
GC Heap History (20 events):
Event: 4011.489 GC heap before
{Heap before GC invocations=167 (full 0):
 garbage-first heap   total 276480K, used 140852K [0x0000000080000000, 0x0000000100000000)
  region size 1024K, 7 young (7168K), 1 survivors (1024K)
 Metaspace       used 147097K, capacity 152513K, committed 152652K, reserved 1181696K
  class space    used 18086K, capacity 20243K, committed 20300K, reserved 1048576K
}
Event: 4011.495 GC heap after
{Heap after GC invocations=168 (full 0):
 garbage-first heap   total 276480K, used 135809K [0x0000000080000000, 0x0000000100000000)
  region size 1024K, 1 young (1024K), 1 survivors (1024K)
 Metaspace       used 147097K, capacity 152513K, committed 152652K, reserved 1181696K
  class space    used 18086K, capacity 20243K, committed 20300K, reserved 1048576K
}
Event: 4589.194 GC heap before
{Heap before GC invocations=169 (full 0):
 garbage-first heap   total 276480K, used 222849K [0x0000000080000000, 0x0000000100000000)
  region size 1024K, 73 young (74752K), 1 survivors (1024K)
 Metaspace       used 147603K, capacity 153070K, committed 153292K, reserved 1181696K
  class space    used 18157K, capacity 20344K, committed 20428K, reserved 1048576K
}
Event: 4589.219 GC heap after
{Heap after GC invocations=170 (full 0):
 garbage-first heap   total 276480K, used 140603K [0x0000000080000000, 0x0000000100000000)
  region size 1024K, 7 young (7168K), 7 survivors (7168K)
 Metaspace       used 147603K, capacity 153070K, committed 153292K, reserved 1181696K
  class space    used 18157K, capacity 20344K, committed 20428K, reserved 1048576K
}
Event: 4589.449 GC heap before
{Heap before GC invocations=170 (full 0):
 garbage-first heap   total 276480K, used 145723K [0x0000000080000000, 0x0000000100000000)
  region size 1024K, 13 young (13312K), 7 survivors (7168K)
 Metaspace       used 147608K, capacity 153070K, committed 153292K, reserved 1181696K
  class space    used 18157K, capacity 20344K, committed 20428K, reserved 1048576K
}
Event: 4589.478 GC heap after
{Heap after GC invocations=171 (full 0):
 garbage-first heap   total 276480K, used 133283K [0x0000000080000000, 0x0000000100000000)
  region size 1024K, 1 young (1024K), 1 survivors (1024K)
 Metaspace       used 147608K, capacity 153070K, committed 153292K, reserved 1181696K
  class space    used 18157K, capacity 20344K, committed 20428K, reserved 1048576K
}
Event: 4591.040 GC heap before
{Heap before GC invocations=171 (full 0):
 garbage-first heap   total 276480K, used 210083K [0x0000000080000000, 0x0000000100000000)
  region size 1024K, 77 young (78848K), 1 survivors (1024K)
 Metaspace       used 147803K, capacity 153206K, committed 153292K, reserved 1181696K
  class space    used 18176K, capacity 20367K, committed 20428K, reserved 1048576K
}
Event: 4591.067 GC heap after
{Heap after GC invocations=172 (full 0):
 garbage-first heap   total 276480K, used 138403K [0x0000000080000000, 0x0000000100000000)
  region size 1024K, 6 young (6144K), 6 survivors (6144K)
 Metaspace       used 147803K, capacity 153206K, committed 153292K, reserved 1181696K
  class space    used 18176K, capacity 20367K, committed 20428K, reserved 1048576K
}
Event: 4593.672 GC heap before
{Heap before GC invocations=173 (full 0):
 garbage-first heap   total 276480K, used 212131K [0x0000000080000000, 0x0000000100000000)
  region size 1024K, 82 young (83968K), 6 survivors (6144K)
 Metaspace       used 149975K, capacity 155608K, committed 155852K, reserved 1183744K
  class space    used 18418K, capacity 20655K, committed 20684K, reserved 1048576K
}
Event: 4593.696 GC heap after
{Heap after GC invocations=174 (full 0):
 garbage-first heap   total 276480K, used 137635K [0x0000000080000000, 0x0000000100000000)
  region size 1024K, 8 young (8192K), 8 survivors (8192K)
 Metaspace       used 149975K, capacity 155608K, committed 155852K, reserved 1183744K
  class space    used 18418K, capacity 20655K, committed 20684K, reserved 1048576K
}
Event: 4593.746 GC heap before
{Heap before GC invocations=174 (full 0):
 garbage-first heap   total 276480K, used 141731K [0x0000000080000000, 0x0000000100000000)
  region size 1024K, 13 young (13312K), 8 survivors (8192K)
 Metaspace       used 149976K, capacity 155608K, committed 155852K, reserved 1183744K
  class space    used 18418K, capacity 20655K, committed 20684K, reserved 1048576K
}
Event: 4593.774 GC heap after
{Heap after GC invocations=175 (full 0):
 garbage-first heap   total 276480K, used 129528K [0x0000000080000000, 0x0000000100000000)
  region size 1024K, 1 young (1024K), 1 survivors (1024K)
 Metaspace       used 149976K, capacity 155608K, committed 155852K, reserved 1183744K
  class space    used 18418K, capacity 20655K, committed 20684K, reserved 1048576K
}
Event: 4595.197 GC heap before
{Heap before GC invocations=175 (full 0):
 garbage-first heap   total 276480K, used 163320K [0x0000000080000000, 0x0000000100000000)
  region size 1024K, 36 young (36864K), 1 survivors (1024K)
 Metaspace       used 150325K, capacity 155901K, committed 156236K, reserved 1185792K
  class space    used 18469K, capacity 20710K, committed 20812K, reserved 1048576K
}
Event: 4595.212 GC heap after
{Heap after GC invocations=176 (full 0):
 garbage-first heap   total 276480K, used 130468K [0x0000000080000000, 0x0000000100000000)
  region size 1024K, 2 young (2048K), 2 survivors (2048K)
 Metaspace       used 150325K, capacity 155901K, committed 156236K, reserved 1185792K
  class space    used 18469K, capacity 20710K, committed 20812K, reserved 1048576K
}
Event: 4596.939 GC heap before
{Heap before GC invocations=177 (full 0):
 garbage-first heap   total 276480K, used 216484K [0x0000000080000000, 0x0000000100000000)
  region size 1024K, 86 young (88064K), 2 survivors (2048K)
 Metaspace       used 151066K, capacity 156648K, committed 157004K, reserved 1185792K
  class space    used 18505K, capacity 20723K, committed 20812K, reserved 1048576K
}
Event: 4596.951 GC heap after
{Heap after GC invocations=178 (full 0):
 garbage-first heap   total 276480K, used 131567K [0x0000000080000000, 0x0000000100000000)
  region size 1024K, 3 young (3072K), 3 survivors (3072K)
 Metaspace       used 151066K, capacity 156648K, committed 157004K, reserved 1185792K
  class space    used 18505K, capacity 20723K, committed 20812K, reserved 1048576K
}
Event: 4597.056 GC heap before
{Heap before GC invocations=178 (full 0):
 garbage-first heap   total 276480K, used 141807K [0x0000000080000000, 0x0000000100000000)
  region size 1024K, 13 young (13312K), 3 survivors (3072K)
 Metaspace       used 151069K, capacity 156648K, committed 157004K, reserved 1185792K
  class space    used 18505K, capacity 20723K, committed 20812K, reserved 1048576K
}
Event: 4597.066 GC heap after
{Heap after GC invocations=179 (full 0):
 garbage-first heap   total 276480K, used 131705K [0x0000000080000000, 0x0000000100000000)
  region size 1024K, 1 young (1024K), 1 survivors (1024K)
 Metaspace       used 151069K, capacity 156648K, committed 157004K, reserved 1185792K
  class space    used 18505K, capacity 20723K, committed 20812K, reserved 1048576K
}
Event: 4598.857 GC heap before
{Heap before GC invocations=179 (full 0):
 garbage-first heap   total 276480K, used 199289K [0x0000000080000000, 0x0000000100000000)
  region size 1024K, 69 young (70656K), 1 survivors (1024K)
 Metaspace       used 152209K, capacity 157872K, committed 157900K, reserved 1185792K
  class space    used 18656K, capacity 20931K, committed 20940K, reserved 1048576K
}
Event: 4598.873 GC heap after
{Heap after GC invocations=180 (full 0):
 garbage-first heap   total 276480K, used 133725K [0x0000000080000000, 0x0000000100000000)
  region size 1024K, 3 young (3072K), 3 survivors (3072K)
 Metaspace       used 152209K, capacity 157872K, committed 157900K, reserved 1185792K
  class space    used 18656K, capacity 20931K, committed 20940K, reserved 1048576K
}

