# JRE version: OpenJDK Runtime Environment (11.0.15) (build 11.0.15+0-b2043.56-9505619)
# Java VM: OpenJDK 64-Bit Server VM (11.0.15+0-b2043.56-9505619, mixed mode, tiered, compressed oops, g1 gc, windows-amd64)
Heap:
 garbage-first heap   total 273408K, used 200156K [0x0000000080000000, 0x0000000100000000)
  region size 1024K, 69 young (70656K), 5 survivors (5120K)
 Metaspace       used 138334K, capacity 142015K, committed 142924K, reserved 1173504K
  class space    used 17001K, capacity 18386K, committed 18764K, reserved 1048576K
GC Heap History (20 events):
Event: 2959.211 GC heap before
{Heap before GC invocations=104 (full 0):
 garbage-first heap   total 273408K, used 228152K [0x0000000080000000, 0x0000000100000000)
  region size 1024K, 81 young (82944K), 11 survivors (11264K)
 Metaspace       used 136191K, capacity 139825K, committed 140748K, reserved 1171456K
  class space    used 16896K, capacity 18291K, committed 18636K, reserved 1048576K
}
Event: 2959.269 GC heap after
{Heap after GC invocations=105 (full 0):
 garbage-first heap   total 273408K, used 159287K [0x0000000080000000, 0x0000000100000000)
  region size 1024K, 11 young (11264K), 11 survivors (11264K)
 Metaspace       used 136191K, capacity 139825K, committed 140748K, reserved 1171456K
  class space    used 16896K, capacity 18291K, committed 18636K, reserved 1048576K
}
Event: 2959.346 GC heap before
{Heap before GC invocations=105 (full 0):
 garbage-first heap   total 273408K, used 160311K [0x0000000080000000, 0x0000000100000000)
  region size 1024K, 13 young (13312K), 11 survivors (11264K)
 Metaspace       used 136191K, capacity 139825K, committed 140748K, reserved 1171456K
  class space    used 16896K, capacity 18291K, committed 18636K, reserved 1048576K
}
Event: 2959.403 GC heap after
{Heap after GC invocations=106 (full 0):
 garbage-first heap   total 273408K, used 149504K [0x0000000080000000, 0x0000000100000000)
  region size 1024K, 2 young (2048K), 2 survivors (2048K)
 Metaspace       used 136191K, capacity 139825K, committed 140748K, reserved 1171456K
  class space    used 16896K, capacity 18291K, committed 18636K, reserved 1048576K
}
Event: 2963.421 GC heap before
{Heap before GC invocations=106 (full 0):
 garbage-first heap   total 273408K, used 180224K [0x0000000080000000, 0x0000000100000000)
  region size 1024K, 34 young (34816K), 2 survivors (2048K)
 Metaspace       used 136224K, capacity 139829K, committed 140748K, reserved 1171456K
  class space    used 16896K, capacity 18291K, committed 18636K, reserved 1048576K
}
Event: 2963.446 GC heap after
{Heap after GC invocations=107 (full 0):
 garbage-first heap   total 273408K, used 154328K [0x0000000080000000, 0x0000000100000000)
  region size 1024K, 7 young (7168K), 7 survivors (7168K)
 Metaspace       used 136224K, capacity 139829K, committed 140748K, reserved 1171456K
  class space    used 16896K, capacity 18291K, committed 18636K, reserved 1048576K
}
Event: 2964.709 GC heap before
{Heap before GC invocations=108 (full 0):
 garbage-first heap   total 273408K, used 241368K [0x0000000080000000, 0x0000000100000000)
  region size 1024K, 68 young (69632K), 7 survivors (7168K)
 Metaspace       used 136264K, capacity 139893K, committed 140748K, reserved 1171456K
  class space    used 16896K, capacity 18291K, committed 18636K, reserved 1048576K
}
Event: 2964.731 GC heap after
{Heap after GC invocations=109 (full 0):
 garbage-first heap   total 273408K, used 159424K [0x0000000080000000, 0x0000000100000000)
  region size 1024K, 9 young (9216K), 9 survivors (9216K)
 Metaspace       used 136264K, capacity 139893K, committed 140748K, reserved 1171456K
  class space    used 16896K, capacity 18291K, committed 18636K, reserved 1048576K
}
Event: 2964.797 GC heap before
{Heap before GC invocations=109 (full 0):
 garbage-first heap   total 273408K, used 163520K [0x0000000080000000, 0x0000000100000000)
  region size 1024K, 13 young (13312K), 9 survivors (9216K)
 Metaspace       used 136267K, capacity 139893K, committed 140748K, reserved 1171456K
  class space    used 16896K, capacity 18291K, committed 18636K, reserved 1048576K
}
Event: 2964.819 GC heap after
{Heap after GC invocations=110 (full 0):
 garbage-first heap   total 273408K, used 158701K [0x0000000080000000, 0x0000000100000000)
  region size 1024K, 2 young (2048K), 2 survivors (2048K)
 Metaspace       used 136267K, capacity 139893K, committed 140748K, reserved 1171456K
  class space    used 16896K, capacity 18291K, committed 18636K, reserved 1048576K
}
Event: 2965.519 GC heap before
{Heap before GC invocations=110 (full 0):
 garbage-first heap   total 273408K, used 216045K [0x0000000080000000, 0x0000000100000000)
  region size 1024K, 59 young (60416K), 2 survivors (2048K)
 Metaspace       used 136608K, capacity 140253K, committed 141132K, reserved 1171456K
  class space    used 16921K, capacity 18323K, committed 18764K, reserved 1048576K
}
Event: 2965.540 GC heap after
{Heap after GC invocations=111 (full 0):
 garbage-first heap   total 273408K, used 165021K [0x0000000080000000, 0x0000000100000000)
  region size 1024K, 8 young (8192K), 8 survivors (8192K)
 Metaspace       used 136608K, capacity 140253K, committed 141132K, reserved 1171456K
  class space    used 16921K, capacity 18323K, committed 18764K, reserved 1048576K
}
Event: 2967.215 GC heap before
{Heap before GC invocations=112 (full 0):
 garbage-first heap   total 273408K, used 198813K [0x0000000080000000, 0x0000000100000000)
  region size 1024K, 62 young (63488K), 8 survivors (8192K)
 Metaspace       used 136844K, capacity 140457K, committed 141388K, reserved 1171456K
  class space    used 16932K, capacity 18324K, committed 18764K, reserved 1048576K
}
Event: 2967.238 GC heap after
{Heap after GC invocations=113 (full 0):
 garbage-first heap   total 273408K, used 140792K [0x0000000080000000, 0x0000000100000000)
  region size 1024K, 2 young (2048K), 2 survivors (2048K)
 Metaspace       used 136844K, capacity 140457K, committed 141388K, reserved 1171456K
  class space    used 16932K, capacity 18324K, committed 18764K, reserved 1048576K
}
Event: 2968.642 GC heap before
{Heap before GC invocations=113 (full 0):
 garbage-first heap   total 273408K, used 151032K [0x0000000080000000, 0x0000000100000000)
  region size 1024K, 13 young (13312K), 2 survivors (2048K)
 Metaspace       used 136854K, capacity 140457K, committed 141388K, reserved 1171456K
  class space    used 16932K, capacity 18324K, committed 18764K, reserved 1048576K
}
Event: 2968.666 GC heap after
{Heap after GC invocations=114 (full 0):
 garbage-first heap   total 273408K, used 129384K [0x0000000080000000, 0x0000000100000000)
  region size 1024K, 2 young (2048K), 2 survivors (2048K)
 Metaspace       used 136854K, capacity 140457K, committed 141388K, reserved 1171456K
  class space    used 16932K, capacity 18324K, committed 18764K, reserved 1048576K
}
Event: 3000.031 GC heap before
{Heap before GC invocations=114 (full 0):
 garbage-first heap   total 273408K, used 213352K [0x0000000080000000, 0x0000000100000000)
  region size 1024K, 83 young (84992K), 2 survivors (2048K)
 Metaspace       used 137046K, capacity 140712K, committed 141644K, reserved 1171456K
  class space    used 16944K, capacity 18344K, committed 18764K, reserved 1048576K
}
Event: 3000.057 GC heap after
{Heap after GC invocations=115 (full 0):
 garbage-first heap   total 273408K, used 136988K [0x0000000080000000, 0x0000000100000000)
  region size 1024K, 9 young (9216K), 9 survivors (9216K)
 Metaspace       used 137046K, capacity 140712K, committed 141644K, reserved 1171456K
  class space    used 16944K, capacity 18344K, committed 18764K, reserved 1048576K
}
Event: 3005.622 GC heap before
{Heap before GC invocations=115 (full 0):
 garbage-first heap   total 273408K, used 201500K [0x0000000080000000, 0x0000000100000000)
  region size 1024K, 74 young (75776K), 9 survivors (9216K)
 Metaspace       used 137758K, capacity 141438K, committed 142412K, reserved 1173504K
  class space    used 16987K, capacity 18349K, committed 18764K, reserved 1048576K
}
Event: 3005.658 GC heap after
{Heap after GC invocations=116 (full 0):
 garbage-first heap   total 273408K, used 138716K [0x0000000080000000, 0x0000000100000000)
  region size 1024K, 5 young (5120K), 5 survivors (5120K)
 Metaspace       used 137758K, capacity 141438K, committed 142412K, reserved 1173504K
  class space    used 16987K, capacity 18349K, committed 18764K, reserved 1048576K
}

