# JRE version: OpenJDK Runtime Environment (11.0.15) (build 11.0.15+0-b2043.56-9505619)
# Java VM: OpenJDK 64-Bit Server VM (11.0.15+0-b2043.56-9505619, mixed mode, tiered, compressed oops, g1 gc, windows-amd64)
Heap:
 garbage-first heap   total 157696K, used 16921K [0x0000000080000000, 0x0000000100000000)
  region size 1024K, 2 young (2048K), 2 survivors (2048K)
 Metaspace       used 20794K, capacity 21216K, committed 21248K, reserved 1069056K
  class space    used 2397K, capacity 2544K, committed 2560K, reserved 1048576K
GC Heap History (9 events):
Event: 0.834 GC heap before
{Heap before GC invocations=0 (full 0):
 garbage-first heap   total 131072K, used 14336K [0x0000000080000000, 0x0000000100000000)
  region size 1024K, 14 young (14336K), 0 survivors (0K)
 Metaspace       used 8267K, capacity 8378K, committed 8448K, reserved 1056768K
  class space    used 716K, capacity 747K, committed 768K, reserved 1048576K
}
Event: 0.840 GC heap after
{Heap after GC invocations=1 (full 0):
 garbage-first heap   total 131072K, used 1626K [0x0000000080000000, 0x0000000100000000)
  region size 1024K, 2 young (2048K), 2 survivors (2048K)
 Metaspace       used 8267K, capacity 8378K, committed 8448K, reserved 1056768K
  class space    used 716K, capacity 747K, committed 768K, reserved 1048576K
}
Event: 2.403 GC heap before
{Heap before GC invocations=1 (full 0):
 garbage-first heap   total 131072K, used 82522K [0x0000000080000000, 0x0000000100000000)
  region size 1024K, 76 young (77824K), 2 survivors (2048K)
 Metaspace       used 12452K, capacity 12742K, committed 12928K, reserved 1060864K
  class space    used 1251K, capacity 1356K, committed 1408K, reserved 1048576K
}
Event: 2.412 GC heap after
{Heap after GC invocations=2 (full 0):
 garbage-first heap   total 131072K, used 10067K [0x0000000080000000, 0x0000000100000000)
  region size 1024K, 7 young (7168K), 7 survivors (7168K)
 Metaspace       used 12452K, capacity 12742K, committed 12928K, reserved 1060864K
  class space    used 1251K, capacity 1356K, committed 1408K, reserved 1048576K
}
Event: 3.616 GC heap before
{Heap before GC invocations=2 (full 0):
 garbage-first heap   total 131072K, used 81747K [0x0000000080000000, 0x0000000100000000)
  region size 1024K, 76 young (77824K), 7 survivors (7168K)
 Metaspace       used 14579K, capacity 14905K, committed 14976K, reserved 1062912K
  class space    used 1527K, capacity 1651K, committed 1664K, reserved 1048576K
}
Event: 3.627 GC heap after
{Heap after GC invocations=3 (full 0):
 garbage-first heap   total 131072K, used 14953K [0x0000000080000000, 0x0000000100000000)
  region size 1024K, 10 young (10240K), 10 survivors (10240K)
 Metaspace       used 14579K, capacity 14905K, committed 14976K, reserved 1062912K
  class space    used 1527K, capacity 1651K, committed 1664K, reserved 1048576K
}
Event: 5.315 GC heap before
{Heap before GC invocations=3 (full 0):
 garbage-first heap   total 131072K, used 82537K [0x0000000080000000, 0x0000000100000000)
  region size 1024K, 76 young (77824K), 10 survivors (10240K)
 Metaspace       used 18668K, capacity 19028K, committed 19200K, reserved 1067008K
  class space    used 2105K, capacity 2239K, committed 2304K, reserved 1048576K
}
Event: 5.328 GC heap after
{Heap after GC invocations=4 (full 0):
 garbage-first heap   total 131072K, used 16724K [0x0000000080000000, 0x0000000100000000)
  region size 1024K, 2 young (2048K), 2 survivors (2048K)
 Metaspace       used 18668K, capacity 19028K, committed 19200K, reserved 1067008K
  class space    used 2105K, capacity 2239K, committed 2304K, reserved 1048576K
}
Event: 5.822 GC heap before
{Heap before GC invocations=4 (full 0):
 garbage-first heap   total 131072K, used 58708K [0x0000000080000000, 0x0000000100000000)
  region size 1024K, 44 young (45056K), 2 survivors (2048K)
 Metaspace       used 20794K, capacity 21216K, committed 21248K, reserved 1069056K
  class space    used 2397K, capacity 2544K, committed 2560K, reserved 1048576K
}

