# JRE version: OpenJDK Runtime Environment (11.0.15) (build 11.0.15+0-b2043.56-9505619)
# Java VM: OpenJDK 64-Bit Server VM (11.0.15+0-b2043.56-9505619, mixed mode, tiered, compressed oops, g1 gc, windows-amd64)
Heap:
 garbage-first heap   total 157696K, used 116629K [0x0000000080000000, 0x0000000100000000)
  region size 1024K, 60 young (61440K), 7 survivors (7168K)
 Metaspace       used 79069K, capacity 81110K, committed 81280K, reserved 1120256K
  class space    used 10306K, capacity 11058K, committed 11136K, reserved 1048576K
GC Heap History (20 events):
Event: 43.065 GC heap before
{Heap before GC invocations=20 (full 0):
 garbage-first heap   total 131072K, used 65353K [0x0000000080000000, 0x0000000100000000)
  region size 1024K, 25 young (25600K), 2 survivors (2048K)
 Metaspace       used 58398K, capacity 60015K, committed 60160K, reserved 1101824K
  class space    used 7269K, capacity 7854K, committed 7936K, reserved 1048576K
}
Event: 43.070 GC heap after
{Heap after GC invocations=21 (full 0):
 garbage-first heap   total 131072K, used 43209K [0x0000000080000000, 0x0000000100000000)
  region size 1024K, 2 young (2048K), 2 survivors (2048K)
 Metaspace       used 58398K, capacity 60015K, committed 60160K, reserved 1101824K
  class space    used 7269K, capacity 7854K, committed 7936K, reserved 1048576K
}
Event: 44.339 GC heap before
{Heap before GC invocations=22 (full 0):
 garbage-first heap   total 131072K, used 98505K [0x0000000080000000, 0x0000000100000000)
  region size 1024K, 56 young (57344K), 2 survivors (2048K)
 Metaspace       used 61257K, capacity 62905K, committed 63104K, reserved 1103872K
  class space    used 7676K, capacity 8289K, committed 8320K, reserved 1048576K
}
Event: 44.348 GC heap after
{Heap after GC invocations=23 (full 0):
 garbage-first heap   total 131072K, used 44970K [0x0000000080000000, 0x0000000100000000)
  region size 1024K, 4 young (4096K), 4 survivors (4096K)
 Metaspace       used 61257K, capacity 62905K, committed 63104K, reserved 1103872K
  class space    used 7676K, capacity 8289K, committed 8320K, reserved 1048576K
}
Event: 45.757 GC heap before
{Heap before GC invocations=23 (full 0):
 garbage-first heap   total 131072K, used 107434K [0x0000000080000000, 0x0000000100000000)
  region size 1024K, 58 young (59392K), 4 survivors (4096K)
 Metaspace       used 63560K, capacity 65361K, committed 65536K, reserved 1105920K
  class space    used 7960K, capacity 8615K, committed 8704K, reserved 1048576K
}
Event: 45.767 GC heap after
{Heap after GC invocations=24 (full 0):
 garbage-first heap   total 131072K, used 47903K [0x0000000080000000, 0x0000000100000000)
  region size 1024K, 7 young (7168K), 7 survivors (7168K)
 Metaspace       used 63560K, capacity 65361K, committed 65536K, reserved 1105920K
  class space    used 7960K, capacity 8615K, committed 8704K, reserved 1048576K
}
Event: 46.751 GC heap before
{Heap before GC invocations=24 (full 0):
 garbage-first heap   total 131072K, used 102175K [0x0000000080000000, 0x0000000100000000)
  region size 1024K, 60 young (61440K), 7 survivors (7168K)
 Metaspace       used 65641K, capacity 67425K, committed 67584K, reserved 1107968K
  class space    used 8202K, capacity 8852K, committed 8960K, reserved 1048576K
}
Event: 46.764 GC heap after
{Heap after GC invocations=25 (full 0):
 garbage-first heap   total 131072K, used 50606K [0x0000000080000000, 0x0000000100000000)
  region size 1024K, 7 young (7168K), 7 survivors (7168K)
 Metaspace       used 65641K, capacity 67425K, committed 67584K, reserved 1107968K
  class space    used 8202K, capacity 8852K, committed 8960K, reserved 1048576K
}
Event: 47.584 GC heap before
{Heap before GC invocations=25 (full 0):
 garbage-first heap   total 131072K, used 103854K [0x0000000080000000, 0x0000000100000000)
  region size 1024K, 59 young (60416K), 7 survivors (7168K)
 Metaspace       used 67198K, capacity 69014K, committed 69376K, reserved 1110016K
  class space    used 8449K, capacity 9099K, committed 9216K, reserved 1048576K
}
Event: 47.595 GC heap after
{Heap after GC invocations=26 (full 0):
 garbage-first heap   total 131072K, used 52964K [0x0000000080000000, 0x0000000100000000)
  region size 1024K, 5 young (5120K), 5 survivors (5120K)
 Metaspace       used 67198K, capacity 69014K, committed 69376K, reserved 1110016K
  class space    used 8449K, capacity 9099K, committed 9216K, reserved 1048576K
}
Event: 48.258 GC heap before
{Heap before GC invocations=26 (full 0):
 garbage-first heap   total 131072K, used 106212K [0x0000000080000000, 0x0000000100000000)
  region size 1024K, 57 young (58368K), 5 survivors (5120K)
 Metaspace       used 68334K, capacity 70145K, committed 70272K, reserved 1110016K
  class space    used 8570K, capacity 9263K, committed 9344K, reserved 1048576K
}
Event: 48.270 GC heap after
{Heap after GC invocations=27 (full 0):
 garbage-first heap   total 131072K, used 55401K [0x0000000080000000, 0x0000000100000000)
  region size 1024K, 5 young (5120K), 5 survivors (5120K)
 Metaspace       used 68334K, capacity 70145K, committed 70272K, reserved 1110016K
  class space    used 8570K, capacity 9263K, committed 9344K, reserved 1048576K
}
Event: 49.101 GC heap before
{Heap before GC invocations=27 (full 0):
 garbage-first heap   total 131072K, used 106601K [0x0000000080000000, 0x0000000100000000)
  region size 1024K, 55 young (56320K), 5 survivors (5120K)
 Metaspace       used 70676K, capacity 72524K, committed 72704K, reserved 1112064K
  class space    used 8961K, capacity 9651K, committed 9728K, reserved 1048576K
}
Event: 49.112 GC heap after
{Heap after GC invocations=28 (full 0):
 garbage-first heap   total 131072K, used 56601K [0x0000000080000000, 0x0000000100000000)
  region size 1024K, 4 young (4096K), 4 survivors (4096K)
 Metaspace       used 70676K, capacity 72524K, committed 72704K, reserved 1112064K
  class space    used 8961K, capacity 9651K, committed 9728K, reserved 1048576K
}
Event: 49.859 GC heap before
{Heap before GC invocations=28 (full 0):
 garbage-first heap   total 131072K, used 107801K [0x0000000080000000, 0x0000000100000000)
  region size 1024K, 54 young (55296K), 4 survivors (4096K)
 Metaspace       used 73176K, capacity 75015K, committed 75136K, reserved 1114112K
  class space    used 9412K, capacity 10095K, committed 10112K, reserved 1048576K
}
Event: 49.869 GC heap after
{Heap after GC invocations=29 (full 0):
 garbage-first heap   total 131072K, used 57645K [0x0000000080000000, 0x0000000100000000)
  region size 1024K, 5 young (5120K), 5 survivors (5120K)
 Metaspace       used 73176K, capacity 75015K, committed 75136K, reserved 1114112K
  class space    used 9412K, capacity 10095K, committed 10112K, reserved 1048576K
}
Event: 50.647 GC heap before
{Heap before GC invocations=29 (full 0):
 garbage-first heap   total 131072K, used 108845K [0x0000000080000000, 0x0000000100000000)
  region size 1024K, 55 young (56320K), 5 survivors (5120K)
 Metaspace       used 74499K, capacity 76385K, committed 76672K, reserved 1116160K
  class space    used 9606K, capacity 10295K, committed 10368K, reserved 1048576K
}
Event: 50.660 GC heap after
{Heap after GC invocations=30 (full 0):
 garbage-first heap   total 157696K, used 60481K [0x0000000080000000, 0x0000000100000000)
  region size 1024K, 6 young (6144K), 6 survivors (6144K)
 Metaspace       used 74499K, capacity 76385K, committed 76672K, reserved 1116160K
  class space    used 9606K, capacity 10295K, committed 10368K, reserved 1048576K
}
Event: 51.828 GC heap before
{Heap before GC invocations=30 (full 0):
 garbage-first heap   total 157696K, used 121921K [0x0000000080000000, 0x0000000100000000)
  region size 1024K, 66 young (67584K), 6 survivors (6144K)
 Metaspace       used 76681K, capacity 78711K, committed 78848K, reserved 1118208K
  class space    used 9927K, capacity 10685K, committed 10752K, reserved 1048576K
}
Event: 51.843 GC heap after
{Heap after GC invocations=31 (full 0):
 garbage-first heap   total 157696K, used 63381K [0x0000000080000000, 0x0000000100000000)
  region size 1024K, 7 young (7168K), 7 survivors (7168K)
 Metaspace       used 76681K, capacity 78711K, committed 78848K, reserved 1118208K
  class space    used 9927K, capacity 10685K, committed 10752K, reserved 1048576K
}

