# JRE version: OpenJDK Runtime Environment (11.0.15) (build 11.0.15+0-b2043.56-9505619)
# Java VM: OpenJDK 64-Bit Server VM (11.0.15+0-b2043.56-9505619, mixed mode, tiered, compressed oops, g1 gc, windows-amd64)
Heap:
 garbage-first heap   total 273408K, used 131527K [0x0000000080000000, 0x0000000100000000)
  region size 1024K, 15 young (15360K), 11 survivors (11264K)
 Metaspace       used 117827K, capacity 121440K, committed 121728K, reserved 1155072K
  class space    used 15321K, capacity 16703K, committed 16768K, reserved 1048576K
GC Heap History (20 events):
Event: 28.721 GC heap before
{Heap before GC invocations=27 (full 0):
 garbage-first heap   total 227328K, used 178472K [0x0000000080000000, 0x0000000100000000)
  region size 1024K, 112 young (114688K), 15 survivors (15360K)
 Metaspace       used 87736K, capacity 90284K, committed 90368K, reserved 1128448K
  class space    used 11333K, capacity 12279K, committed 12288K, reserved 1048576K
}
Event: 28.753 GC heap after
{Heap after GC invocations=28 (full 0):
 garbage-first heap   total 227328K, used 84991K [0x0000000080000000, 0x0000000100000000)
  region size 1024K, 7 young (7168K), 7 survivors (7168K)
 Metaspace       used 87736K, capacity 90284K, committed 90368K, reserved 1128448K
  class space    used 11333K, capacity 12279K, committed 12288K, reserved 1048576K
}
Event: 30.910 GC heap before
{Heap before GC invocations=28 (full 0):
 garbage-first heap   total 227328K, used 183295K [0x0000000080000000, 0x0000000100000000)
  region size 1024K, 103 young (105472K), 7 survivors (7168K)
 Metaspace       used 88609K, capacity 91155K, committed 91264K, reserved 1128448K
  class space    used 11385K, capacity 12346K, committed 12416K, reserved 1048576K
}
Event: 30.933 GC heap after
{Heap after GC invocations=29 (full 0):
 garbage-first heap   total 273408K, used 90111K [0x0000000080000000, 0x0000000100000000)
  region size 1024K, 12 young (12288K), 12 survivors (12288K)
 Metaspace       used 88609K, capacity 91155K, committed 91264K, reserved 1128448K
  class space    used 11385K, capacity 12346K, committed 12416K, reserved 1048576K
}
Event: 32.794 GC heap before
{Heap before GC invocations=29 (full 0):
 garbage-first heap   total 273408K, used 204799K [0x0000000080000000, 0x0000000100000000)
  region size 1024K, 125 young (128000K), 12 survivors (12288K)
 Metaspace       used 90044K, capacity 92724K, committed 93056K, reserved 1130496K
  class space    used 11603K, capacity 12590K, committed 12672K, reserved 1048576K
}
Event: 32.824 GC heap after
{Heap after GC invocations=30 (full 0):
 garbage-first heap   total 273408K, used 96446K [0x0000000080000000, 0x0000000100000000)
  region size 1024K, 13 young (13312K), 13 survivors (13312K)
 Metaspace       used 90044K, capacity 92724K, committed 93056K, reserved 1130496K
  class space    used 11603K, capacity 12590K, committed 12672K, reserved 1048576K
}
Event: 34.453 GC heap before
{Heap before GC invocations=30 (full 0):
 garbage-first heap   total 273408K, used 213182K [0x0000000080000000, 0x0000000100000000)
  region size 1024K, 126 young (129024K), 13 survivors (13312K)
 Metaspace       used 95479K, capacity 98270K, committed 98560K, reserved 1134592K
  class space    used 12254K, capacity 13266K, committed 13312K, reserved 1048576K
}
Event: 34.476 GC heap after
{Heap after GC invocations=31 (full 0):
 garbage-first heap   total 273408K, used 103633K [0x0000000080000000, 0x0000000100000000)
  region size 1024K, 12 young (12288K), 12 survivors (12288K)
 Metaspace       used 95479K, capacity 98270K, committed 98560K, reserved 1134592K
  class space    used 12254K, capacity 13266K, committed 13312K, reserved 1048576K
}
Event: 36.554 GC heap before
{Heap before GC invocations=31 (full 0):
 garbage-first heap   total 273408K, used 175313K [0x0000000080000000, 0x0000000100000000)
  region size 1024K, 83 young (84992K), 12 survivors (12288K)
 Metaspace       used 97726K, capacity 100461K, committed 100608K, reserved 1136640K
  class space    used 12458K, capacity 13477K, committed 13568K, reserved 1048576K
}
Event: 36.620 GC heap after
{Heap after GC invocations=32 (full 0):
 garbage-first heap   total 273408K, used 112682K [0x0000000080000000, 0x0000000100000000)
  region size 1024K, 15 young (15360K), 15 survivors (15360K)
 Metaspace       used 97726K, capacity 100461K, committed 100608K, reserved 1136640K
  class space    used 12458K, capacity 13477K, committed 13568K, reserved 1048576K
}
Event: 38.817 GC heap before
{Heap before GC invocations=33 (full 0):
 garbage-first heap   total 273408K, used 217130K [0x0000000080000000, 0x0000000100000000)
  region size 1024K, 118 young (120832K), 15 survivors (15360K)
 Metaspace       used 98885K, capacity 101726K, committed 102016K, reserved 1138688K
  class space    used 12550K, capacity 13616K, committed 13696K, reserved 1048576K
}
Event: 38.845 GC heap after
{Heap after GC invocations=34 (full 0):
 garbage-first heap   total 273408K, used 110357K [0x0000000080000000, 0x0000000100000000)
  region size 1024K, 10 young (10240K), 10 survivors (10240K)
 Metaspace       used 98885K, capacity 101726K, committed 102016K, reserved 1138688K
  class space    used 12550K, capacity 13616K, committed 13696K, reserved 1048576K
}
Event: 40.242 GC heap before
{Heap before GC invocations=34 (full 0):
 garbage-first heap   total 273408K, used 216853K [0x0000000080000000, 0x0000000100000000)
  region size 1024K, 115 young (117760K), 10 survivors (10240K)
 Metaspace       used 101594K, capacity 104543K, committed 104704K, reserved 1140736K
  class space    used 12937K, capacity 14043K, committed 14080K, reserved 1048576K
}
Event: 40.264 GC heap after
{Heap after GC invocations=35 (full 0):
 garbage-first heap   total 273408K, used 113786K [0x0000000080000000, 0x0000000100000000)
  region size 1024K, 5 young (5120K), 5 survivors (5120K)
 Metaspace       used 101594K, capacity 104543K, committed 104704K, reserved 1140736K
  class space    used 12937K, capacity 14043K, committed 14080K, reserved 1048576K
}
Event: 41.501 GC heap before
{Heap before GC invocations=35 (full 0):
 garbage-first heap   total 273408K, used 221306K [0x0000000080000000, 0x0000000100000000)
  region size 1024K, 110 young (112640K), 5 survivors (5120K)
 Metaspace       used 108565K, capacity 111770K, committed 112000K, reserved 1146880K
  class space    used 13959K, capacity 15204K, committed 15232K, reserved 1048576K
}
Event: 41.513 GC heap after
{Heap after GC invocations=36 (full 0):
 garbage-first heap   total 273408K, used 114116K [0x0000000080000000, 0x0000000100000000)
  region size 1024K, 6 young (6144K), 6 survivors (6144K)
 Metaspace       used 108565K, capacity 111770K, committed 112000K, reserved 1146880K
  class space    used 13959K, capacity 15204K, committed 15232K, reserved 1048576K
}
Event: 42.988 GC heap before
{Heap before GC invocations=36 (full 0):
 garbage-first heap   total 273408K, used 222660K [0x0000000080000000, 0x0000000100000000)
  region size 1024K, 113 young (115712K), 6 survivors (6144K)
 Metaspace       used 113526K, capacity 117004K, committed 117120K, reserved 1150976K
  class space    used 14789K, capacity 16158K, committed 16256K, reserved 1048576K
}
Event: 43.007 GC heap after
{Heap after GC invocations=37 (full 0):
 garbage-first heap   total 273408K, used 115650K [0x0000000080000000, 0x0000000100000000)
  region size 1024K, 7 young (7168K), 7 survivors (7168K)
 Metaspace       used 113526K, capacity 117004K, committed 117120K, reserved 1150976K
  class space    used 14789K, capacity 16158K, committed 16256K, reserved 1048576K
}
Event: 44.482 GC heap before
{Heap before GC invocations=37 (full 0):
 garbage-first heap   total 273408K, used 236482K [0x0000000080000000, 0x0000000100000000)
  region size 1024K, 113 young (115712K), 7 survivors (7168K)
 Metaspace       used 117706K, capacity 121277K, committed 121472K, reserved 1155072K
  class space    used 15304K, capacity 16670K, committed 16768K, reserved 1048576K
}
Event: 44.501 GC heap after
{Heap after GC invocations=38 (full 0):
 garbage-first heap   total 273408K, used 125383K [0x0000000080000000, 0x0000000100000000)
  region size 1024K, 11 young (11264K), 11 survivors (11264K)
 Metaspace       used 117706K, capacity 121277K, committed 121472K, reserved 1155072K
  class space    used 15304K, capacity 16670K, committed 16768K, reserved 1048576K
}

