# JRE version: OpenJDK Runtime Environment (11.0.15) (build 11.0.15+0-b2043.56-9505619)
# Java VM: OpenJDK 64-Bit Server VM (11.0.15+0-b2043.56-9505619, mixed mode, tiered, compressed oops, g1 gc, windows-amd64)
Heap:
 garbage-first heap   total 189440K, used 80664K [0x0000000080000000, 0x0000000100000000)
  region size 1024K, 51 young (52224K), 9 survivors (9216K)
 Metaspace       used 52423K, capacity 53985K, committed 54016K, reserved 1095680K
  class space    used 6613K, capacity 7164K, committed 7168K, reserved 1048576K
GC Heap History (20 events):
Event: 9.177 GC heap before
{Heap before GC invocations=6 (full 0):
 garbage-first heap   total 131072K, used 92587K [0x0000000080000000, 0x0000000100000000)
  region size 1024K, 76 young (77824K), 3 survivors (3072K)
 Metaspace       used 23740K, capacity 24172K, committed 24448K, reserved 1071104K
  class space    used 2916K, capacity 3094K, committed 3200K, reserved 1048576K
}
Event: 9.184 GC heap after
{Heap after GC invocations=7 (full 0):
 garbage-first heap   total 131072K, used 18590K [0x0000000080000000, 0x0000000100000000)
  region size 1024K, 3 young (3072K), 3 survivors (3072K)
 Metaspace       used 23740K, capacity 24172K, committed 24448K, reserved 1071104K
  class space    used 2916K, capacity 3094K, committed 3200K, reserved 1048576K
}
Event: 10.261 GC heap before
{Heap before GC invocations=7 (full 0):
 garbage-first heap   total 131072K, used 93342K [0x0000000080000000, 0x0000000100000000)
  region size 1024K, 76 young (77824K), 3 survivors (3072K)
 Metaspace       used 27329K, capacity 28002K, committed 28160K, reserved 1073152K
  class space    used 3478K, capacity 3717K, committed 3840K, reserved 1048576K
}
Event: 10.270 GC heap after
{Heap after GC invocations=8 (full 0):
 garbage-first heap   total 131072K, used 19938K [0x0000000080000000, 0x0000000100000000)
  region size 1024K, 5 young (5120K), 5 survivors (5120K)
 Metaspace       used 27329K, capacity 28002K, committed 28160K, reserved 1073152K
  class space    used 3478K, capacity 3717K, committed 3840K, reserved 1048576K
}
Event: 11.236 GC heap before
{Heap before GC invocations=8 (full 0):
 garbage-first heap   total 131072K, used 92642K [0x0000000080000000, 0x0000000100000000)
  region size 1024K, 76 young (77824K), 5 survivors (5120K)
 Metaspace       used 30318K, capacity 30995K, committed 31232K, reserved 1077248K
  class space    used 3938K, capacity 4232K, committed 4352K, reserved 1048576K
}
Event: 11.252 GC heap after
{Heap after GC invocations=9 (full 0):
 garbage-first heap   total 131072K, used 20696K [0x0000000080000000, 0x0000000100000000)
  region size 1024K, 5 young (5120K), 5 survivors (5120K)
 Metaspace       used 30318K, capacity 30995K, committed 31232K, reserved 1077248K
  class space    used 3938K, capacity 4232K, committed 4352K, reserved 1048576K
}
Event: 12.113 GC heap before
{Heap before GC invocations=9 (full 0):
 garbage-first heap   total 131072K, used 93400K [0x0000000080000000, 0x0000000100000000)
  region size 1024K, 76 young (77824K), 5 survivors (5120K)
 Metaspace       used 33918K, capacity 34714K, committed 34816K, reserved 1079296K
  class space    used 4488K, capacity 4811K, committed 4864K, reserved 1048576K
}
Event: 12.125 GC heap after
{Heap after GC invocations=10 (full 0):
 garbage-first heap   total 131072K, used 22178K [0x0000000080000000, 0x0000000100000000)
  region size 1024K, 7 young (7168K), 7 survivors (7168K)
 Metaspace       used 33918K, capacity 34714K, committed 34816K, reserved 1079296K
  class space    used 4488K, capacity 4811K, committed 4864K, reserved 1048576K
}
Event: 12.397 GC heap before
{Heap before GC invocations=10 (full 0):
 garbage-first heap   total 131072K, used 39586K [0x0000000080000000, 0x0000000100000000)
  region size 1024K, 25 young (25600K), 7 survivors (7168K)
 Metaspace       used 34861K, capacity 35687K, committed 35840K, reserved 1081344K
  class space    used 4559K, capacity 4880K, committed 4992K, reserved 1048576K
}
Event: 12.413 GC heap after
{Heap after GC invocations=11 (full 0):
 garbage-first heap   total 131072K, used 22824K [0x0000000080000000, 0x0000000100000000)
  region size 1024K, 6 young (6144K), 6 survivors (6144K)
 Metaspace       used 34861K, capacity 35687K, committed 35840K, reserved 1081344K
  class space    used 4559K, capacity 4880K, committed 4992K, reserved 1048576K
}
Event: 13.259 GC heap before
{Heap before GC invocations=12 (full 0):
 garbage-first heap   total 131072K, used 93480K [0x0000000080000000, 0x0000000100000000)
  region size 1024K, 76 young (77824K), 6 survivors (6144K)
 Metaspace       used 38607K, capacity 39515K, committed 39680K, reserved 1083392K
  class space    used 4943K, capacity 5305K, committed 5376K, reserved 1048576K
}
Event: 13.274 GC heap after
{Heap after GC invocations=13 (full 0):
 garbage-first heap   total 157696K, used 24245K [0x0000000080000000, 0x0000000100000000)
  region size 1024K, 7 young (7168K), 7 survivors (7168K)
 Metaspace       used 38607K, capacity 39515K, committed 39680K, reserved 1083392K
  class space    used 4943K, capacity 5305K, committed 5376K, reserved 1048576K
}
Event: 14.365 GC heap before
{Heap before GC invocations=13 (full 0):
 garbage-first heap   total 157696K, used 118453K [0x0000000080000000, 0x0000000100000000)
  region size 1024K, 90 young (92160K), 7 survivors (7168K)
 Metaspace       used 41553K, capacity 42580K, committed 42752K, reserved 1087488K
  class space    used 5198K, capacity 5617K, committed 5632K, reserved 1048576K
}
Event: 14.386 GC heap after
{Heap after GC invocations=14 (full 0):
 garbage-first heap   total 157696K, used 28267K [0x0000000080000000, 0x0000000100000000)
  region size 1024K, 10 young (10240K), 10 survivors (10240K)
 Metaspace       used 41553K, capacity 42580K, committed 42752K, reserved 1087488K
  class space    used 5198K, capacity 5617K, committed 5632K, reserved 1048576K
}
Event: 15.469 GC heap before
{Heap before GC invocations=14 (full 0):
 garbage-first heap   total 157696K, used 111211K [0x0000000080000000, 0x0000000100000000)
  region size 1024K, 92 young (94208K), 10 survivors (10240K)
 Metaspace       used 44510K, capacity 45629K, committed 45824K, reserved 1089536K
  class space    used 5661K, capacity 6060K, committed 6144K, reserved 1048576K
}
Event: 15.494 GC heap after
{Heap after GC invocations=15 (full 0):
 garbage-first heap   total 157696K, used 30897K [0x0000000080000000, 0x0000000100000000)
  region size 1024K, 9 young (9216K), 9 survivors (9216K)
 Metaspace       used 44510K, capacity 45629K, committed 45824K, reserved 1089536K
  class space    used 5661K, capacity 6060K, committed 6144K, reserved 1048576K
}
Event: 16.402 GC heap before
{Heap before GC invocations=15 (full 0):
 garbage-first heap   total 157696K, used 117937K [0x0000000080000000, 0x0000000100000000)
  region size 1024K, 92 young (94208K), 9 survivors (9216K)
 Metaspace       used 47622K, capacity 48912K, committed 49024K, reserved 1091584K
  class space    used 6034K, capacity 6475K, committed 6528K, reserved 1048576K
}
Event: 16.423 GC heap after
{Heap after GC invocations=16 (full 0):
 garbage-first heap   total 157696K, used 32536K [0x0000000080000000, 0x0000000100000000)
  region size 1024K, 5 young (5120K), 5 survivors (5120K)
 Metaspace       used 47622K, capacity 48912K, committed 49024K, reserved 1091584K
  class space    used 6034K, capacity 6475K, committed 6528K, reserved 1048576K
}
Event: 18.242 GC heap before
{Heap before GC invocations=16 (full 0):
 garbage-first heap   total 157696K, used 122648K [0x0000000080000000, 0x0000000100000000)
  region size 1024K, 92 young (94208K), 5 survivors (5120K)
 Metaspace       used 50741K, capacity 52267K, committed 52608K, reserved 1095680K
  class space    used 6392K, capacity 6950K, committed 7040K, reserved 1048576K
}
Event: 18.260 GC heap after
{Heap after GC invocations=17 (full 0):
 garbage-first heap   total 189440K, used 38680K [0x0000000080000000, 0x0000000100000000)
  region size 1024K, 9 young (9216K), 9 survivors (9216K)
 Metaspace       used 50741K, capacity 52267K, committed 52608K, reserved 1095680K
  class space    used 6392K, capacity 6950K, committed 7040K, reserved 1048576K
}

