# JRE version: OpenJDK Runtime Environment (11.0.15) (build 11.0.15+0-b2043.56-9505619)
# Java VM: OpenJDK 64-Bit Server VM (11.0.15+0-b2043.56-9505619, mixed mode, tiered, compressed oops, g1 gc, windows-amd64)
Heap:
 garbage-first heap   total 227328K, used 137071K [0x0000000080000000, 0x0000000100000000)
  region size 1024K, 50 young (51200K), 10 survivors (10240K)
 Metaspace       used 92644K, capacity 95652K, committed 95820K, reserved 1132544K
  class space    used 11983K, capacity 13122K, committed 13132K, reserved 1048576K
GC Heap History (20 events):
Event: 42.367 GC heap before
{Heap before GC invocations=28 (full 0):
 garbage-first heap   total 157696K, used 128396K [0x0000000080000000, 0x0000000100000000)
  region size 1024K, 72 young (73728K), 7 survivors (7168K)
 Metaspace       used 73986K, capacity 76151K, committed 76364K, reserved 1116160K
  class space    used 9439K, capacity 10260K, committed 10316K, reserved 1048576K
}
Event: 42.382 GC heap after
{Heap after GC invocations=29 (full 0):
 garbage-first heap   total 157696K, used 63574K [0x0000000080000000, 0x0000000100000000)
  region size 1024K, 6 young (6144K), 6 survivors (6144K)
 Metaspace       used 73986K, capacity 76151K, committed 76364K, reserved 1116160K
  class space    used 9439K, capacity 10260K, committed 10316K, reserved 1048576K
}
Event: 43.494 GC heap before
{Heap before GC invocations=29 (full 0):
 garbage-first heap   total 157696K, used 131158K [0x0000000080000000, 0x0000000100000000)
  region size 1024K, 72 young (73728K), 6 survivors (6144K)
 Metaspace       used 76767K, capacity 78875K, committed 78924K, reserved 1118208K
  class space    used 9955K, capacity 10781K, committed 10828K, reserved 1048576K
}
Event: 43.515 GC heap after
{Heap after GC invocations=30 (full 0):
 garbage-first heap   total 157696K, used 65327K [0x0000000080000000, 0x0000000100000000)
  region size 1024K, 3 young (3072K), 3 survivors (3072K)
 Metaspace       used 76767K, capacity 78875K, committed 78924K, reserved 1118208K
  class space    used 9955K, capacity 10781K, committed 10828K, reserved 1048576K
}
Event: 44.573 GC heap before
{Heap before GC invocations=30 (full 0):
 garbage-first heap   total 157696K, used 132911K [0x0000000080000000, 0x0000000100000000)
  region size 1024K, 69 young (70656K), 3 survivors (3072K)
 Metaspace       used 78281K, capacity 80533K, committed 80716K, reserved 1118208K
  class space    used 10173K, capacity 11032K, committed 11084K, reserved 1048576K
}
Event: 44.592 GC heap after
{Heap after GC invocations=31 (full 0):
 garbage-first heap   total 157696K, used 68399K [0x0000000080000000, 0x0000000100000000)
  region size 1024K, 6 young (6144K), 6 survivors (6144K)
 Metaspace       used 78281K, capacity 80533K, committed 80716K, reserved 1118208K
  class space    used 10173K, capacity 11032K, committed 11084K, reserved 1048576K
}
Event: 45.932 GC heap before
{Heap before GC invocations=31 (full 0):
 garbage-first heap   total 157696K, used 132911K [0x0000000080000000, 0x0000000100000000)
  region size 1024K, 69 young (70656K), 6 survivors (6144K)
 Metaspace       used 80786K, capacity 83209K, committed 83404K, reserved 1122304K
  class space    used 10528K, capacity 11429K, committed 11468K, reserved 1048576K
}
Event: 45.960 GC heap after
{Heap after GC invocations=32 (full 0):
 garbage-first heap   total 189440K, used 71411K [0x0000000080000000, 0x0000000100000000)
  region size 1024K, 7 young (7168K), 7 survivors (7168K)
 Metaspace       used 80786K, capacity 83209K, committed 83404K, reserved 1122304K
  class space    used 10528K, capacity 11429K, committed 11468K, reserved 1048576K
}
Event: 47.874 GC heap before
{Heap before GC invocations=32 (full 0):
 garbage-first heap   total 189440K, used 147187K [0x0000000080000000, 0x0000000100000000)
  region size 1024K, 81 young (82944K), 7 survivors (7168K)
 Metaspace       used 83680K, capacity 86178K, committed 86476K, reserved 1124352K
  class space    used 10971K, capacity 11906K, committed 11980K, reserved 1048576K
}
Event: 47.897 GC heap after
{Heap after GC invocations=33 (full 0):
 garbage-first heap   total 189440K, used 72926K [0x0000000080000000, 0x0000000100000000)
  region size 1024K, 5 young (5120K), 5 survivors (5120K)
 Metaspace       used 83680K, capacity 86178K, committed 86476K, reserved 1124352K
  class space    used 10971K, capacity 11906K, committed 11980K, reserved 1048576K
}
Event: 49.460 GC heap before
{Heap before GC invocations=33 (full 0):
 garbage-first heap   total 189440K, used 149726K [0x0000000080000000, 0x0000000100000000)
  region size 1024K, 80 young (81920K), 5 survivors (5120K)
 Metaspace       used 86634K, capacity 89182K, committed 89420K, reserved 1126400K
  class space    used 11330K, capacity 12302K, committed 12364K, reserved 1048576K
}
Event: 49.477 GC heap after
{Heap after GC invocations=34 (full 0):
 garbage-first heap   total 189440K, used 75914K [0x0000000080000000, 0x0000000100000000)
  region size 1024K, 8 young (8192K), 8 survivors (8192K)
 Metaspace       used 86634K, capacity 89182K, committed 89420K, reserved 1126400K
  class space    used 11330K, capacity 12302K, committed 12364K, reserved 1048576K
}
Event: 51.220 GC heap before
{Heap before GC invocations=34 (full 0):
 garbage-first heap   total 189440K, used 152714K [0x0000000080000000, 0x0000000100000000)
  region size 1024K, 83 young (84992K), 8 survivors (8192K)
 Metaspace       used 87387K, capacity 90039K, committed 90316K, reserved 1126400K
  class space    used 11387K, capacity 12374K, committed 12492K, reserved 1048576K
}
Event: 51.277 GC heap after
{Heap after GC invocations=35 (full 0):
 garbage-first heap   total 189440K, used 85779K [0x0000000080000000, 0x0000000100000000)
  region size 1024K, 11 young (11264K), 11 survivors (11264K)
 Metaspace       used 87387K, capacity 90039K, committed 90316K, reserved 1126400K
  class space    used 11387K, capacity 12374K, committed 12492K, reserved 1048576K
}
Event: 52.691 GC heap before
{Heap before GC invocations=35 (full 0):
 garbage-first heap   total 189440K, used 152339K [0x0000000080000000, 0x0000000100000000)
  region size 1024K, 77 young (78848K), 11 survivors (11264K)
 Metaspace       used 90359K, capacity 93216K, committed 93388K, reserved 1130496K
  class space    used 11805K, capacity 12881K, committed 13004K, reserved 1048576K
}
Event: 52.720 GC heap after
{Heap after GC invocations=36 (full 0):
 garbage-first heap   total 189440K, used 89041K [0x0000000080000000, 0x0000000100000000)
  region size 1024K, 3 young (3072K), 3 survivors (3072K)
 Metaspace       used 90359K, capacity 93216K, committed 93388K, reserved 1130496K
  class space    used 11805K, capacity 12881K, committed 13004K, reserved 1048576K
}
Event: 57.215 GC heap before
{Heap before GC invocations=36 (full 0):
 garbage-first heap   total 189440K, used 154577K [0x0000000080000000, 0x0000000100000000)
  region size 1024K, 68 young (69632K), 3 survivors (3072K)
 Metaspace       used 91732K, capacity 94733K, committed 95052K, reserved 1130496K
  class space    used 11923K, capacity 13045K, committed 13132K, reserved 1048576K
}
Event: 57.243 GC heap after
{Heap after GC invocations=37 (full 0):
 garbage-first heap   total 227328K, used 93380K [0x0000000080000000, 0x0000000100000000)
  region size 1024K, 8 young (8192K), 8 survivors (8192K)
 Metaspace       used 91732K, capacity 94733K, committed 95052K, reserved 1130496K
  class space    used 11923K, capacity 13045K, committed 13132K, reserved 1048576K
}
Event: 60.580 GC heap before
{Heap before GC invocations=38 (full 0):
 garbage-first heap   total 227328K, used 172228K [0x0000000080000000, 0x0000000100000000)
  region size 1024K, 85 young (87040K), 8 survivors (8192K)
 Metaspace       used 92468K, capacity 95453K, committed 95564K, reserved 1132544K
  class space    used 11970K, capacity 13105K, committed 13132K, reserved 1048576K
}
Event: 60.622 GC heap after
{Heap after GC invocations=39 (full 0):
 garbage-first heap   total 227328K, used 98159K [0x0000000080000000, 0x0000000100000000)
  region size 1024K, 10 young (10240K), 10 survivors (10240K)
 Metaspace       used 92468K, capacity 95453K, committed 95564K, reserved 1132544K
  class space    used 11970K, capacity 13105K, committed 13132K, reserved 1048576K
}

