# JRE version: OpenJDK Runtime Environment (11.0.15) (build 11.0.15+0-b2043.56-9505619)
# Java VM: OpenJDK 64-Bit Server VM (11.0.15+0-b2043.56-9505619, mixed mode, tiered, compressed oops, g1 gc, windows-amd64)
Heap:
 garbage-first heap   total 242688K, used 70275K [0x0000000080000000, 0x0000000100000000)
  region size 1024K, 9 young (9216K), 9 survivors (9216K)
 Metaspace       used 80215K, capacity 82644K, committed 82892K, reserved 1120256K
  class space    used 10441K, capacity 11369K, committed 11468K, reserved 1048576K
GC Heap History (20 events):
Event: 25.272 GC heap after
{Heap after GC invocations=19 (full 0):
 garbage-first heap   total 201728K, used 49123K [0x0000000080000000, 0x0000000100000000)
  region size 1024K, 2 young (2048K), 2 survivors (2048K)
 Metaspace       used 58242K, capacity 60064K, committed 60160K, reserved 1101824K
  class space    used 7359K, capacity 8043K, committed 8064K, reserved 1048576K
}
Event: 25.283 GC heap before
{Heap before GC invocations=19 (full 0):
 garbage-first heap   total 201728K, used 50147K [0x0000000080000000, 0x0000000100000000)
  region size 1024K, 4 young (4096K), 2 survivors (2048K)
 Metaspace       used 58313K, capacity 60128K, committed 60160K, reserved 1101824K
  class space    used 7365K, capacity 8043K, committed 8064K, reserved 1048576K
}
Event: 25.287 GC heap after
{Heap after GC invocations=20 (full 0):
 garbage-first heap   total 201728K, used 48099K [0x0000000080000000, 0x0000000100000000)
  region size 1024K, 1 young (1024K), 1 survivors (1024K)
 Metaspace       used 58313K, capacity 60128K, committed 60160K, reserved 1101824K
  class space    used 7365K, capacity 8043K, committed 8064K, reserved 1048576K
}
Event: 26.630 GC heap before
{Heap before GC invocations=21 (full 0):
 garbage-first heap   total 201728K, used 145379K [0x0000000080000000, 0x0000000100000000)
  region size 1024K, 96 young (98304K), 1 survivors (1024K)
 Metaspace       used 62487K, capacity 64438K, committed 64716K, reserved 1105920K
  class space    used 7908K, capacity 8609K, committed 8652K, reserved 1048576K
}
Event: 26.640 GC heap after
{Heap after GC invocations=22 (full 0):
 garbage-first heap   total 201728K, used 49331K [0x0000000080000000, 0x0000000100000000)
  region size 1024K, 3 young (3072K), 3 survivors (3072K)
 Metaspace       used 62487K, capacity 64438K, committed 64716K, reserved 1105920K
  class space    used 7908K, capacity 8609K, committed 8652K, reserved 1048576K
}
Event: 28.185 GC heap before
{Heap before GC invocations=23 (full 0):
 garbage-first heap   total 201728K, used 154803K [0x0000000080000000, 0x0000000100000000)
  region size 1024K, 99 young (101376K), 3 survivors (3072K)
 Metaspace       used 66645K, capacity 68714K, committed 68940K, reserved 1110016K
  class space    used 8411K, capacity 9159K, committed 9292K, reserved 1048576K
}
Event: 28.199 GC heap after
{Heap after GC invocations=24 (full 0):
 garbage-first heap   total 201728K, used 54341K [0x0000000080000000, 0x0000000100000000)
  region size 1024K, 8 young (8192K), 8 survivors (8192K)
 Metaspace       used 66645K, capacity 68714K, committed 68940K, reserved 1110016K
  class space    used 8411K, capacity 9159K, committed 9292K, reserved 1048576K
}
Event: 28.419 GC heap before
{Heap before GC invocations=24 (full 0):
 garbage-first heap   total 201728K, used 65605K [0x0000000080000000, 0x0000000100000000)
  region size 1024K, 20 young (20480K), 8 survivors (8192K)
 Metaspace       used 67201K, capacity 69264K, committed 69452K, reserved 1110016K
  class space    used 8475K, capacity 9235K, committed 9292K, reserved 1048576K
}
Event: 28.433 GC heap after
{Heap after GC invocations=25 (full 0):
 garbage-first heap   total 201728K, used 55091K [0x0000000080000000, 0x0000000100000000)
  region size 1024K, 1 young (1024K), 1 survivors (1024K)
 Metaspace       used 67201K, capacity 69264K, committed 69452K, reserved 1110016K
  class space    used 8475K, capacity 9235K, committed 9292K, reserved 1048576K
}
Event: 29.334 GC heap before
{Heap before GC invocations=25 (full 0):
 garbage-first heap   total 201728K, used 112435K [0x0000000080000000, 0x0000000100000000)
  region size 1024K, 57 young (58368K), 1 survivors (1024K)
 Metaspace       used 69227K, capacity 71298K, committed 71500K, reserved 1112064K
  class space    used 8724K, capacity 9482K, committed 9548K, reserved 1048576K
}
Event: 29.342 GC heap after
{Heap after GC invocations=26 (full 0):
 garbage-first heap   total 201728K, used 56570K [0x0000000080000000, 0x0000000100000000)
  region size 1024K, 3 young (3072K), 3 survivors (3072K)
 Metaspace       used 69227K, capacity 71298K, committed 71500K, reserved 1112064K
  class space    used 8724K, capacity 9482K, committed 9548K, reserved 1048576K
}
Event: 30.441 GC heap before
{Heap before GC invocations=26 (full 0):
 garbage-first heap   total 201728K, used 121082K [0x0000000080000000, 0x0000000100000000)
  region size 1024K, 66 young (67584K), 3 survivors (3072K)
 Metaspace       used 70748K, capacity 72767K, committed 73036K, reserved 1112064K
  class space    used 8971K, capacity 9732K, committed 9804K, reserved 1048576K
}
Event: 30.454 GC heap after
{Heap after GC invocations=27 (full 0):
 garbage-first heap   total 201728K, used 59140K [0x0000000080000000, 0x0000000100000000)
  region size 1024K, 5 young (5120K), 5 survivors (5120K)
 Metaspace       used 70748K, capacity 72767K, committed 73036K, reserved 1112064K
  class space    used 8971K, capacity 9732K, committed 9804K, reserved 1048576K
}
Event: 32.205 GC heap before
{Heap before GC invocations=27 (full 0):
 garbage-first heap   total 201728K, used 125700K [0x0000000080000000, 0x0000000100000000)
  region size 1024K, 70 young (71680K), 5 survivors (5120K)
 Metaspace       used 72399K, capacity 74561K, committed 74828K, reserved 1114112K
  class space    used 9168K, capacity 9965K, committed 10060K, reserved 1048576K
}
Event: 32.227 GC heap after
{Heap after GC invocations=28 (full 0):
 garbage-first heap   total 201728K, used 61524K [0x0000000080000000, 0x0000000100000000)
  region size 1024K, 7 young (7168K), 7 survivors (7168K)
 Metaspace       used 72399K, capacity 74561K, committed 74828K, reserved 1114112K
  class space    used 9168K, capacity 9965K, committed 10060K, reserved 1048576K
}
Event: 33.689 GC heap before
{Heap before GC invocations=28 (full 0):
 garbage-first heap   total 201728K, used 131156K [0x0000000080000000, 0x0000000100000000)
  region size 1024K, 75 young (76800K), 7 survivors (7168K)
 Metaspace       used 75178K, capacity 77346K, committed 77644K, reserved 1116160K
  class space    used 9680K, capacity 10487K, committed 10572K, reserved 1048576K
}
Event: 33.707 GC heap after
{Heap after GC invocations=29 (full 0):
 garbage-first heap   total 201728K, used 62908K [0x0000000080000000, 0x0000000100000000)
  region size 1024K, 7 young (7168K), 7 survivors (7168K)
 Metaspace       used 75178K, capacity 77346K, committed 77644K, reserved 1116160K
  class space    used 9680K, capacity 10487K, committed 10572K, reserved 1048576K
}
Event: 35.086 GC heap before
{Heap before GC invocations=29 (full 0):
 garbage-first heap   total 201728K, used 137660K [0x0000000080000000, 0x0000000100000000)
  region size 1024K, 80 young (81920K), 7 survivors (7168K)
 Metaspace       used 77622K, capacity 79804K, committed 80076K, reserved 1118208K
  class space    used 10065K, capacity 10897K, committed 10956K, reserved 1048576K
}
Event: 35.120 GC heap after
{Heap after GC invocations=30 (full 0):
 garbage-first heap   total 201728K, used 66131K [0x0000000080000000, 0x0000000100000000)
  region size 1024K, 7 young (7168K), 7 survivors (7168K)
 Metaspace       used 77622K, capacity 79804K, committed 80076K, reserved 1118208K
  class space    used 10065K, capacity 10897K, committed 10956K, reserved 1048576K
}
Event: 37.940 GC heap before
{Heap before GC invocations=30 (full 0):
 garbage-first heap   total 201728K, used 146003K [0x0000000080000000, 0x0000000100000000)
  region size 1024K, 85 young (87040K), 7 survivors (7168K)
 Metaspace       used 80215K, capacity 82644K, committed 82892K, reserved 1120256K
  class space    used 10441K, capacity 11369K, committed 11468K, reserved 1048576K
}

