# JRE version: OpenJDK Runtime Environment (11.0.15) (build 11.0.15+0-b2043.56-9505619)
# Java VM: OpenJDK 64-Bit Server VM (11.0.15+0-b2043.56-9505619, mixed mode, tiered, compressed oops, g1 gc, windows-amd64)
Heap:
 garbage-first heap   total 157696K, used 96374K [0x0000000080000000, 0x0000000100000000)
  region size 1024K, 70 young (71680K), 7 survivors (7168K)
 Metaspace       used 40774K, capacity 41853K, committed 41856K, reserved 1085440K
  class space    used 5098K, capacity 5504K, committed 5504K, reserved 1048576K
GC Heap History (20 events):
Event: 3.531 GC heap before
{Heap before GC invocations=1 (full 0):
 garbage-first heap   total 131072K, used 82525K [0x0000000080000000, 0x0000000100000000)
  region size 1024K, 76 young (77824K), 2 survivors (2048K)
 Metaspace       used 12463K, capacity 12727K, committed 12928K, reserved 1060864K
  class space    used 1251K, capacity 1356K, committed 1408K, reserved 1048576K
}
Event: 3.541 GC heap after
{Heap after GC invocations=2 (full 0):
 garbage-first heap   total 131072K, used 10240K [0x0000000080000000, 0x0000000100000000)
  region size 1024K, 7 young (7168K), 7 survivors (7168K)
 Metaspace       used 12463K, capacity 12727K, committed 12928K, reserved 1060864K
  class space    used 1251K, capacity 1356K, committed 1408K, reserved 1048576K
}
Event: 5.482 GC heap before
{Heap before GC invocations=2 (full 0):
 garbage-first heap   total 131072K, used 80896K [0x0000000080000000, 0x0000000100000000)
  region size 1024K, 76 young (77824K), 7 survivors (7168K)
 Metaspace       used 14608K, capacity 14950K, committed 14976K, reserved 1062912K
  class space    used 1526K, capacity 1650K, committed 1664K, reserved 1048576K
}
Event: 5.498 GC heap after
{Heap after GC invocations=3 (full 0):
 garbage-first heap   total 131072K, used 15461K [0x0000000080000000, 0x0000000100000000)
  region size 1024K, 10 young (10240K), 10 survivors (10240K)
 Metaspace       used 14608K, capacity 14950K, committed 14976K, reserved 1062912K
  class space    used 1526K, capacity 1650K, committed 1664K, reserved 1048576K
}
Event: 8.413 GC heap before
{Heap before GC invocations=3 (full 0):
 garbage-first heap   total 131072K, used 83045K [0x0000000080000000, 0x0000000100000000)
  region size 1024K, 76 young (77824K), 10 survivors (10240K)
 Metaspace       used 18714K, capacity 19141K, committed 19456K, reserved 1067008K
  class space    used 2103K, capacity 2239K, committed 2304K, reserved 1048576K
}
Event: 8.423 GC heap after
{Heap after GC invocations=4 (full 0):
 garbage-first heap   total 131072K, used 16214K [0x0000000080000000, 0x0000000100000000)
  region size 1024K, 6 young (6144K), 6 survivors (6144K)
 Metaspace       used 18714K, capacity 19141K, committed 19456K, reserved 1067008K
  class space    used 2103K, capacity 2239K, committed 2304K, reserved 1048576K
}
Event: 8.998 GC heap before
{Heap before GC invocations=4 (full 0):
 garbage-first heap   total 131072K, used 58198K [0x0000000080000000, 0x0000000100000000)
  region size 1024K, 48 young (49152K), 6 survivors (6144K)
 Metaspace       used 20757K, capacity 21201K, committed 21248K, reserved 1069056K
  class space    used 2393K, capacity 2544K, committed 2560K, reserved 1048576K
}
Event: 9.010 GC heap after
{Heap after GC invocations=5 (full 0):
 garbage-first heap   total 131072K, used 17215K [0x0000000080000000, 0x0000000100000000)
  region size 1024K, 3 young (3072K), 3 survivors (3072K)
 Metaspace       used 20757K, capacity 21201K, committed 21248K, reserved 1069056K
  class space    used 2393K, capacity 2544K, committed 2560K, reserved 1048576K
}
Event: 9.881 GC heap before
{Heap before GC invocations=6 (full 0):
 garbage-first heap   total 131072K, used 83775K [0x0000000080000000, 0x0000000100000000)
  region size 1024K, 68 young (69632K), 3 survivors (3072K)
 Metaspace       used 23467K, capacity 24013K, committed 24064K, reserved 1071104K
  class space    used 2863K, capacity 3062K, committed 3072K, reserved 1048576K
}
Event: 9.887 GC heap after
{Heap after GC invocations=7 (full 0):
 garbage-first heap   total 131072K, used 17873K [0x0000000080000000, 0x0000000100000000)
  region size 1024K, 3 young (3072K), 3 survivors (3072K)
 Metaspace       used 23467K, capacity 24013K, committed 24064K, reserved 1071104K
  class space    used 2863K, capacity 3062K, committed 3072K, reserved 1048576K
}
Event: 10.871 GC heap before
{Heap before GC invocations=7 (full 0):
 garbage-first heap   total 131072K, used 87505K [0x0000000080000000, 0x0000000100000000)
  region size 1024K, 71 young (72704K), 3 survivors (3072K)
 Metaspace       used 26619K, capacity 27297K, committed 27520K, reserved 1073152K
  class space    used 3353K, capacity 3609K, committed 3712K, reserved 1048576K
}
Event: 10.882 GC heap after
{Heap after GC invocations=8 (full 0):
 garbage-first heap   total 131072K, used 19163K [0x0000000080000000, 0x0000000100000000)
  region size 1024K, 5 young (5120K), 5 survivors (5120K)
 Metaspace       used 26619K, capacity 27297K, committed 27520K, reserved 1073152K
  class space    used 3353K, capacity 3609K, committed 3712K, reserved 1048576K
}
Event: 11.915 GC heap before
{Heap before GC invocations=8 (full 0):
 garbage-first heap   total 131072K, used 90843K [0x0000000080000000, 0x0000000100000000)
  region size 1024K, 75 young (76800K), 5 survivors (5120K)
 Metaspace       used 29886K, capacity 30515K, committed 30848K, reserved 1075200K
  class space    used 3863K, capacity 4112K, committed 4224K, reserved 1048576K
}
Event: 11.925 GC heap after
{Heap after GC invocations=9 (full 0):
 garbage-first heap   total 131072K, used 20059K [0x0000000080000000, 0x0000000100000000)
  region size 1024K, 5 young (5120K), 5 survivors (5120K)
 Metaspace       used 29886K, capacity 30515K, committed 30848K, reserved 1075200K
  class space    used 3863K, capacity 4112K, committed 4224K, reserved 1048576K
}
Event: 12.869 GC heap before
{Heap before GC invocations=9 (full 0):
 garbage-first heap   total 131072K, used 92763K [0x0000000080000000, 0x0000000100000000)
  region size 1024K, 76 young (77824K), 5 survivors (5120K)
 Metaspace       used 33243K, capacity 34075K, committed 34176K, reserved 1079296K
  class space    used 4387K, capacity 4705K, committed 4736K, reserved 1048576K
}
Event: 12.891 GC heap after
{Heap after GC invocations=10 (full 0):
 garbage-first heap   total 131072K, used 21307K [0x0000000080000000, 0x0000000100000000)
  region size 1024K, 7 young (7168K), 7 survivors (7168K)
 Metaspace       used 33243K, capacity 34075K, committed 34176K, reserved 1079296K
  class space    used 4387K, capacity 4705K, committed 4736K, reserved 1048576K
}
Event: 13.315 GC heap before
{Heap before GC invocations=10 (full 0):
 garbage-first heap   total 131072K, used 49979K [0x0000000080000000, 0x0000000100000000)
  region size 1024K, 36 young (36864K), 7 survivors (7168K)
 Metaspace       used 34851K, capacity 35688K, committed 35840K, reserved 1081344K
  class space    used 4557K, capacity 4880K, committed 4992K, reserved 1048576K
}
Event: 13.332 GC heap after
{Heap after GC invocations=11 (full 0):
 garbage-first heap   total 131072K, used 22197K [0x0000000080000000, 0x0000000100000000)
  region size 1024K, 6 young (6144K), 6 survivors (6144K)
 Metaspace       used 34851K, capacity 35688K, committed 35840K, reserved 1081344K
  class space    used 4557K, capacity 4880K, committed 4992K, reserved 1048576K
}
Event: 13.976 GC heap before
{Heap before GC invocations=12 (full 0):
 garbage-first heap   total 131072K, used 92853K [0x0000000080000000, 0x0000000100000000)
  region size 1024K, 76 young (77824K), 6 survivors (6144K)
 Metaspace       used 38686K, capacity 39580K, committed 39680K, reserved 1083392K
  class space    used 4949K, capacity 5305K, committed 5376K, reserved 1048576K
}
Event: 13.991 GC heap after
{Heap after GC invocations=13 (full 0):
 garbage-first heap   total 157696K, used 23670K [0x0000000080000000, 0x0000000100000000)
  region size 1024K, 7 young (7168K), 7 survivors (7168K)
 Metaspace       used 38686K, capacity 39580K, committed 39680K, reserved 1083392K
  class space    used 4949K, capacity 5305K, committed 5376K, reserved 1048576K
}

