# JRE version: OpenJDK Runtime Environment (11.0.15) (build 11.0.15+0-b2043.56-9505619)
# Java VM: OpenJDK 64-Bit Server VM (11.0.15+0-b2043.56-9505619, mixed mode, tiered, compressed oops, g1 gc, windows-amd64)
Heap:
 garbage-first heap   total 227328K, used 142015K [0x0000000080000000, 0x0000000100000000)
  region size 1024K, 32 young (32768K), 8 survivors (8192K)
 Metaspace       used 138346K, capacity 143065K, committed 144472K, reserved 1173504K
  class space    used 17183K, capacity 19046K, committed 19544K, reserved 1048576K
GC Heap History (20 events):
Event: 2059.381 GC heap before
{Heap before GC invocations=190 (full 0):
 garbage-first heap   total 227328K, used 178536K [0x0000000080000000, 0x0000000100000000)
  region size 1024K, 55 young (56320K), 4 survivors (4096K)
 Metaspace       used 138297K, capacity 143210K, committed 143960K, reserved 1173504K
  class space    used 17307K, capacity 19290K, committed 19544K, reserved 1048576K
}
Event: 2059.392 GC heap after
{Heap after GC invocations=191 (full 0):
 garbage-first heap   total 227328K, used 126461K [0x0000000080000000, 0x0000000100000000)
  region size 1024K, 4 young (4096K), 4 survivors (4096K)
 Metaspace       used 138297K, capacity 143210K, committed 143960K, reserved 1173504K
  class space    used 17307K, capacity 19290K, committed 19544K, reserved 1048576K
}
Event: 2059.436 GC heap before
{Heap before GC invocations=191 (full 0):
 garbage-first heap   total 227328K, used 132605K [0x0000000080000000, 0x0000000100000000)
  region size 1024K, 11 young (11264K), 4 survivors (4096K)
 Metaspace       used 138297K, capacity 143210K, committed 143960K, reserved 1173504K
  class space    used 17307K, capacity 19290K, committed 19544K, reserved 1048576K
}
Event: 2059.459 GC heap after
{Heap after GC invocations=192 (full 0):
 garbage-first heap   total 227328K, used 113278K [0x0000000080000000, 0x0000000100000000)
  region size 1024K, 1 young (1024K), 1 survivors (1024K)
 Metaspace       used 138297K, capacity 143210K, committed 143960K, reserved 1173504K
  class space    used 17307K, capacity 19290K, committed 19544K, reserved 1048576K
}
Event: 2060.291 GC heap before
{Heap before GC invocations=192 (full 0):
 garbage-first heap   total 227328K, used 130686K [0x0000000080000000, 0x0000000100000000)
  region size 1024K, 20 young (20480K), 1 survivors (1024K)
 Metaspace       used 138515K, capacity 143399K, committed 143960K, reserved 1173504K
  class space    used 17312K, capacity 19299K, committed 19544K, reserved 1048576K
}
Event: 2060.304 GC heap after
{Heap after GC invocations=193 (full 0):
 garbage-first heap   total 227328K, used 114061K [0x0000000080000000, 0x0000000100000000)
  region size 1024K, 2 young (2048K), 2 survivors (2048K)
 Metaspace       used 138515K, capacity 143399K, committed 143960K, reserved 1173504K
  class space    used 17312K, capacity 19299K, committed 19544K, reserved 1048576K
}
Event: 2483.391 GC heap before
{Heap before GC invocations=194 (full 0):
 garbage-first heap   total 227328K, used 188813K [0x0000000080000000, 0x0000000100000000)
  region size 1024K, 58 young (59392K), 2 survivors (2048K)
 Metaspace       used 138596K, capacity 143540K, committed 144216K, reserved 1173504K
  class space    used 17313K, capacity 19302K, committed 19544K, reserved 1048576K
}
Event: 2483.408 GC heap after
{Heap after GC invocations=195 (full 0):
 garbage-first heap   total 227328K, used 119186K [0x0000000080000000, 0x0000000100000000)
  region size 1024K, 7 young (7168K), 7 survivors (7168K)
 Metaspace       used 138596K, capacity 143540K, committed 144216K, reserved 1173504K
  class space    used 17313K, capacity 19302K, committed 19544K, reserved 1048576K
}
Event: 2483.473 GC heap before
{Heap before GC invocations=195 (full 0):
 garbage-first heap   total 227328K, used 123282K [0x0000000080000000, 0x0000000100000000)
  region size 1024K, 11 young (11264K), 7 survivors (7168K)
 Metaspace       used 138597K, capacity 143540K, committed 144216K, reserved 1173504K
  class space    used 17313K, capacity 19302K, committed 19544K, reserved 1048576K
}
Event: 2483.488 GC heap after
{Heap after GC invocations=196 (full 0):
 garbage-first heap   total 227328K, used 119538K [0x0000000080000000, 0x0000000100000000)
  region size 1024K, 2 young (2048K), 2 survivors (2048K)
 Metaspace       used 138597K, capacity 143540K, committed 144216K, reserved 1173504K
  class space    used 17313K, capacity 19302K, committed 19544K, reserved 1048576K
}
Event: 2484.065 GC heap before
{Heap before GC invocations=196 (full 0):
 garbage-first heap   total 227328K, used 154354K [0x0000000080000000, 0x0000000100000000)
  region size 1024K, 38 young (38912K), 2 survivors (2048K)
 Metaspace       used 138614K, capacity 143541K, committed 144216K, reserved 1173504K
  class space    used 17313K, capacity 19302K, committed 19544K, reserved 1048576K
}
Event: 2484.082 GC heap after
{Heap after GC invocations=197 (full 0):
 garbage-first heap   total 227328K, used 122951K [0x0000000080000000, 0x0000000100000000)
  region size 1024K, 5 young (5120K), 5 survivors (5120K)
 Metaspace       used 138614K, capacity 143541K, committed 144216K, reserved 1173504K
  class space    used 17313K, capacity 19302K, committed 19544K, reserved 1048576K
}
Event: 2485.748 GC heap before
{Heap before GC invocations=198 (full 0):
 garbage-first heap   total 227328K, used 179271K [0x0000000080000000, 0x0000000100000000)
  region size 1024K, 59 young (60416K), 5 survivors (5120K)
 Metaspace       used 138182K, capacity 142860K, committed 144216K, reserved 1173504K
  class space    used 17181K, capacity 19046K, committed 19544K, reserved 1048576K
}
Event: 2485.757 GC heap after
{Heap after GC invocations=199 (full 0):
 garbage-first heap   total 227328K, used 125448K [0x0000000080000000, 0x0000000100000000)
  region size 1024K, 5 young (5120K), 5 survivors (5120K)
 Metaspace       used 138182K, capacity 142860K, committed 144216K, reserved 1173504K
  class space    used 17181K, capacity 19046K, committed 19544K, reserved 1048576K
}
Event: 2485.818 GC heap before
{Heap before GC invocations=199 (full 0):
 garbage-first heap   total 227328K, used 130568K [0x0000000080000000, 0x0000000100000000)
  region size 1024K, 11 young (11264K), 5 survivors (5120K)
 Metaspace       used 138186K, capacity 142861K, committed 144216K, reserved 1173504K
  class space    used 17181K, capacity 19046K, committed 19544K, reserved 1048576K
}
Event: 2485.844 GC heap after
{Heap after GC invocations=200 (full 0):
 garbage-first heap   total 227328K, used 113037K [0x0000000080000000, 0x0000000100000000)
  region size 1024K, 1 young (1024K), 1 survivors (1024K)
 Metaspace       used 138186K, capacity 142861K, committed 144216K, reserved 1173504K
  class space    used 17181K, capacity 19046K, committed 19544K, reserved 1048576K
}
Event: 2486.115 GC heap before
{Heap before GC invocations=200 (full 0):
 garbage-first heap   total 227328K, used 128397K [0x0000000080000000, 0x0000000100000000)
  region size 1024K, 18 young (18432K), 1 survivors (1024K)
 Metaspace       used 138262K, capacity 142933K, committed 144216K, reserved 1173504K
  class space    used 17182K, capacity 19046K, committed 19544K, reserved 1048576K
}
Event: 2486.126 GC heap after
{Heap after GC invocations=201 (full 0):
 garbage-first heap   total 227328K, used 113376K [0x0000000080000000, 0x0000000100000000)
  region size 1024K, 2 young (2048K), 2 survivors (2048K)
 Metaspace       used 138262K, capacity 142933K, committed 144216K, reserved 1173504K
  class space    used 17182K, capacity 19046K, committed 19544K, reserved 1048576K
}
Event: 2520.125 GC heap before
{Heap before GC invocations=202 (full 0):
 garbage-first heap   total 227328K, used 189152K [0x0000000080000000, 0x0000000100000000)
  region size 1024K, 60 young (61440K), 2 survivors (2048K)
 Metaspace       used 138328K, capacity 143065K, committed 144472K, reserved 1173504K
  class space    used 17183K, capacity 19046K, committed 19544K, reserved 1048576K
}
Event: 2520.142 GC heap after
{Heap after GC invocations=203 (full 0):
 garbage-first heap   total 227328K, used 119487K [0x0000000080000000, 0x0000000100000000)
  region size 1024K, 8 young (8192K), 8 survivors (8192K)
 Metaspace       used 138328K, capacity 143065K, committed 144472K, reserved 1173504K
  class space    used 17183K, capacity 19046K, committed 19544K, reserved 1048576K
}

