# JRE version: OpenJDK Runtime Environment (11.0.15) (build 11.0.15+0-b2043.56-9505619)
# Java VM: OpenJDK 64-Bit Server VM (11.0.15+0-b2043.56-9505619, mixed mode, tiered, compressed oops, g1 gc, windows-amd64)
Heap:
 garbage-first heap   total 328704K, used 164492K [0x0000000080000000, 0x0000000100000000)
  region size 1024K, 41 young (41984K), 1 survivors (1024K)
 Metaspace       used 151133K, capacity 155942K, committed 156748K, reserved 1185792K
  class space    used 18099K, capacity 20027K, committed 20300K, reserved 1048576K
GC Heap History (20 events):
Event: 7836.931 GC heap before
{Heap before GC invocations=194 (full 0):
 garbage-first heap   total 328704K, used 150973K [0x0000000080000000, 0x0000000100000000)
  region size 1024K, 16 young (16384K), 7 survivors (7168K)
 Metaspace       used 151224K, capacity 156256K, committed 156492K, reserved 1185792K
  class space    used 18191K, capacity 20200K, committed 20300K, reserved 1048576K
}
Event: 7837.021 GC heap after
{Heap after GC invocations=195 (full 0):
 garbage-first heap   total 328704K, used 133022K [0x0000000080000000, 0x0000000100000000)
  region size 1024K, 1 young (1024K), 1 survivors (1024K)
 Metaspace       used 151224K, capacity 156256K, committed 156492K, reserved 1185792K
  class space    used 18191K, capacity 20200K, committed 20300K, reserved 1048576K
}
Event: 7837.495 GC heap before
{Heap before GC invocations=195 (full 0):
 garbage-first heap   total 328704K, used 155550K [0x0000000080000000, 0x0000000100000000)
  region size 1024K, 24 young (24576K), 1 survivors (1024K)
 Metaspace       used 151230K, capacity 156256K, committed 156492K, reserved 1185792K
  class space    used 18192K, capacity 20200K, committed 20300K, reserved 1048576K
}
Event: 7837.516 GC heap after
{Heap after GC invocations=196 (full 0):
 garbage-first heap   total 328704K, used 135716K [0x0000000080000000, 0x0000000100000000)
  region size 1024K, 4 young (4096K), 4 survivors (4096K)
 Metaspace       used 151230K, capacity 156256K, committed 156492K, reserved 1185792K
  class space    used 18192K, capacity 20200K, committed 20300K, reserved 1048576K
}
Event: 7840.218 GC heap before
{Heap before GC invocations=197 (full 0):
 garbage-first heap   total 328704K, used 252452K [0x0000000080000000, 0x0000000100000000)
  region size 1024K, 100 young (102400K), 4 survivors (4096K)
 Metaspace       used 150918K, capacity 155722K, committed 156492K, reserved 1185792K
  class space    used 18079K, capacity 19998K, committed 20300K, reserved 1048576K
}
Event: 7840.231 GC heap after
{Heap after GC invocations=198 (full 0):
 garbage-first heap   total 328704K, used 139253K [0x0000000080000000, 0x0000000100000000)
  region size 1024K, 6 young (6144K), 6 survivors (6144K)
 Metaspace       used 150918K, capacity 155722K, committed 156492K, reserved 1185792K
  class space    used 18079K, capacity 19998K, committed 20300K, reserved 1048576K
}
Event: 8008.452 GC heap before
{Heap before GC invocations=198 (full 0):
 garbage-first heap   total 328704K, used 149493K [0x0000000080000000, 0x0000000100000000)
  region size 1024K, 16 young (16384K), 6 survivors (6144K)
 Metaspace       used 150921K, capacity 155722K, committed 156492K, reserved 1185792K
  class space    used 18079K, capacity 19998K, committed 20300K, reserved 1048576K
}
Event: 8008.482 GC heap after
{Heap after GC invocations=199 (full 0):
 garbage-first heap   total 328704K, used 121082K [0x0000000080000000, 0x0000000100000000)
  region size 1024K, 1 young (1024K), 1 survivors (1024K)
 Metaspace       used 150921K, capacity 155722K, committed 156492K, reserved 1185792K
  class space    used 18079K, capacity 19998K, committed 20300K, reserved 1048576K
}
Event: 8010.691 GC heap before
{Heap before GC invocations=199 (full 0):
 garbage-first heap   total 328704K, used 234746K [0x0000000080000000, 0x0000000100000000)
  region size 1024K, 113 young (115712K), 1 survivors (1024K)
 Metaspace       used 151143K, capacity 156035K, committed 156492K, reserved 1185792K
  class space    used 18129K, capacity 20084K, committed 20300K, reserved 1048576K
}
Event: 8010.726 GC heap after
{Heap after GC invocations=200 (full 0):
 garbage-first heap   total 328704K, used 130853K [0x0000000080000000, 0x0000000100000000)
  region size 1024K, 11 young (11264K), 11 survivors (11264K)
 Metaspace       used 151143K, capacity 156035K, committed 156492K, reserved 1185792K
  class space    used 18129K, capacity 20084K, committed 20300K, reserved 1048576K
}
Event: 8158.671 GC heap before
{Heap before GC invocations=201 (full 0):
 garbage-first heap   total 328704K, used 259877K [0x0000000080000000, 0x0000000100000000)
  region size 1024K, 121 young (123904K), 11 survivors (11264K)
 Metaspace       used 151167K, capacity 156065K, committed 156492K, reserved 1185792K
  class space    used 18134K, capacity 20093K, committed 20300K, reserved 1048576K
}
Event: 8158.694 GC heap after
{Heap after GC invocations=202 (full 0):
 garbage-first heap   total 328704K, used 128158K [0x0000000080000000, 0x0000000100000000)
  region size 1024K, 4 young (4096K), 4 survivors (4096K)
 Metaspace       used 151167K, capacity 156065K, committed 156492K, reserved 1185792K
  class space    used 18134K, capacity 20093K, committed 20300K, reserved 1048576K
}
Event: 8159.147 GC heap before
{Heap before GC invocations=202 (full 0):
 garbage-first heap   total 328704K, used 139422K [0x0000000080000000, 0x0000000100000000)
  region size 1024K, 16 young (16384K), 4 survivors (4096K)
 Metaspace       used 151169K, capacity 156065K, committed 156492K, reserved 1185792K
  class space    used 18134K, capacity 20093K, committed 20300K, reserved 1048576K
}
Event: 8159.172 GC heap after
{Heap after GC invocations=203 (full 0):
 garbage-first heap   total 328704K, used 129986K [0x0000000080000000, 0x0000000100000000)
  region size 1024K, 2 young (2048K), 2 survivors (2048K)
 Metaspace       used 151169K, capacity 156065K, committed 156492K, reserved 1185792K
  class space    used 18134K, capacity 20093K, committed 20300K, reserved 1048576K
}
Event: 8161.024 GC heap before
{Heap before GC invocations=203 (full 0):
 garbage-first heap   total 328704K, used 168898K [0x0000000080000000, 0x0000000100000000)
  region size 1024K, 42 young (43008K), 2 survivors (2048K)
 Metaspace       used 151173K, capacity 156066K, committed 156492K, reserved 1185792K
  class space    used 18134K, capacity 20093K, committed 20300K, reserved 1048576K
}
Event: 8161.059 GC heap after
{Heap after GC invocations=204 (full 0):
 garbage-first heap   total 328704K, used 135102K [0x0000000080000000, 0x0000000100000000)
  region size 1024K, 7 young (7168K), 7 survivors (7168K)
 Metaspace       used 151173K, capacity 156066K, committed 156492K, reserved 1185792K
  class space    used 18134K, capacity 20093K, committed 20300K, reserved 1048576K
}
Event: 8167.519 GC heap before
{Heap before GC invocations=205 (full 0):
 garbage-first heap   total 328704K, used 228286K [0x0000000080000000, 0x0000000100000000)
  region size 1024K, 97 young (99328K), 7 survivors (7168K)
 Metaspace       used 151071K, capacity 155863K, committed 156492K, reserved 1185792K
  class space    used 18097K, capacity 20023K, committed 20300K, reserved 1048576K
}
Event: 8167.535 GC heap after
{Heap after GC invocations=206 (full 0):
 garbage-first heap   total 328704K, used 138547K [0x0000000080000000, 0x0000000100000000)
  region size 1024K, 7 young (7168K), 7 survivors (7168K)
 Metaspace       used 151071K, capacity 155863K, committed 156492K, reserved 1185792K
  class space    used 18097K, capacity 20023K, committed 20300K, reserved 1048576K
}
Event: 8229.268 GC heap before
{Heap before GC invocations=206 (full 0):
 garbage-first heap   total 328704K, used 165171K [0x0000000080000000, 0x0000000100000000)
  region size 1024K, 16 young (16384K), 7 survivors (7168K)
 Metaspace       used 151089K, capacity 155866K, committed 156492K, reserved 1185792K
  class space    used 18097K, capacity 20024K, committed 20300K, reserved 1048576K
}
Event: 8229.305 GC heap after
{Heap after GC invocations=207 (full 0):
 garbage-first heap   total 328704K, used 125580K [0x0000000080000000, 0x0000000100000000)
  region size 1024K, 1 young (1024K), 1 survivors (1024K)
 Metaspace       used 151089K, capacity 155866K, committed 156492K, reserved 1185792K
  class space    used 18097K, capacity 20024K, committed 20300K, reserved 1048576K
}

