# JRE version: OpenJDK Runtime Environment (11.0.15) (build 11.0.15+0-b2043.56-9505619)
# Java VM: OpenJDK 64-Bit Server VM (11.0.15+0-b2043.56-9505619, mixed mode, tiered, compressed oops, g1 gc, windows-amd64)
Heap:
 garbage-first heap   total 273408K, used 79017K [0x0000000080000000, 0x0000000100000000)
  region size 1024K, 16 young (16384K), 16 survivors (16384K)
 Metaspace       used 84175K, capacity 86364K, committed 86476K, reserved 1124352K
  class space    used 10876K, capacity 11665K, committed 11724K, reserved 1048576K
GC Heap History (20 events):
Event: 13.986 GC heap after
{Heap after GC invocations=16 (full 0):
 garbage-first heap   total 157696K, used 32694K [0x0000000080000000, 0x0000000100000000)
  region size 1024K, 4 young (4096K), 4 survivors (4096K)
 Metaspace       used 48623K, capacity 50034K, committed 50176K, reserved 1093632K
  class space    used 6150K, capacity 6630K, committed 6656K, reserved 1048576K
}
Event: 15.208 GC heap before
{Heap before GC invocations=16 (full 0):
 garbage-first heap   total 157696K, used 124854K [0x0000000080000000, 0x0000000100000000)
  region size 1024K, 92 young (94208K), 4 survivors (4096K)
 Metaspace       used 51525K, capacity 52958K, committed 53120K, reserved 1095680K
  class space    used 6480K, capacity 6984K, committed 7040K, reserved 1048576K
}
Event: 15.219 GC heap after
{Heap after GC invocations=17 (full 0):
 garbage-first heap   total 189440K, used 41936K [0x0000000080000000, 0x0000000100000000)
  region size 1024K, 11 young (11264K), 11 survivors (11264K)
 Metaspace       used 51525K, capacity 52958K, committed 53120K, reserved 1095680K
  class space    used 6480K, capacity 6984K, committed 7040K, reserved 1048576K
}
Event: 16.000 GC heap before
{Heap before GC invocations=17 (full 0):
 garbage-first heap   total 189440K, used 137168K [0x0000000080000000, 0x0000000100000000)
  region size 1024K, 104 young (106496K), 11 survivors (11264K)
 Metaspace       used 56268K, capacity 57810K, committed 58112K, reserved 1099776K
  class space    used 7051K, capacity 7604K, committed 7680K, reserved 1048576K
}
Event: 16.014 GC heap after
{Heap after GC invocations=18 (full 0):
 garbage-first heap   total 189440K, used 43517K [0x0000000080000000, 0x0000000100000000)
  region size 1024K, 2 young (2048K), 2 survivors (2048K)
 Metaspace       used 56268K, capacity 57810K, committed 58112K, reserved 1099776K
  class space    used 7051K, capacity 7604K, committed 7680K, reserved 1048576K
}
Event: 16.522 GC heap before
{Heap before GC invocations=18 (full 0):
 garbage-first heap   total 189440K, used 90621K [0x0000000080000000, 0x0000000100000000)
  region size 1024K, 49 young (50176K), 2 survivors (2048K)
 Metaspace       used 58553K, capacity 60112K, committed 60160K, reserved 1101824K
  class space    used 7321K, capacity 7929K, committed 7936K, reserved 1048576K
}
Event: 16.529 GC heap after
{Heap after GC invocations=19 (full 0):
 garbage-first heap   total 189440K, used 43517K [0x0000000080000000, 0x0000000100000000)
  region size 1024K, 2 young (2048K), 2 survivors (2048K)
 Metaspace       used 58553K, capacity 60112K, committed 60160K, reserved 1101824K
  class space    used 7321K, capacity 7929K, committed 7936K, reserved 1048576K
}
Event: 17.630 GC heap before
{Heap before GC invocations=20 (full 0):
 garbage-first heap   total 189440K, used 142845K [0x0000000080000000, 0x0000000100000000)
  region size 1024K, 92 young (94208K), 2 survivors (2048K)
 Metaspace       used 62799K, capacity 64588K, committed 64716K, reserved 1105920K
  class space    used 7889K, capacity 8550K, committed 8652K, reserved 1048576K
}
Event: 17.645 GC heap after
{Heap after GC invocations=21 (full 0):
 garbage-first heap   total 189440K, used 47716K [0x0000000080000000, 0x0000000100000000)
  region size 1024K, 7 young (7168K), 7 survivors (7168K)
 Metaspace       used 62799K, capacity 64588K, committed 64716K, reserved 1105920K
  class space    used 7889K, capacity 8550K, committed 8652K, reserved 1048576K
}
Event: 18.785 GC heap before
{Heap before GC invocations=22 (full 0):
 garbage-first heap   total 189440K, used 139876K [0x0000000080000000, 0x0000000100000000)
  region size 1024K, 96 young (98304K), 7 survivors (7168K)
 Metaspace       used 66533K, capacity 68226K, committed 68428K, reserved 1107968K
  class space    used 8344K, capacity 8986K, committed 9036K, reserved 1048576K
}
Event: 18.801 GC heap after
{Heap after GC invocations=23 (full 0):
 garbage-first heap   total 189440K, used 51684K [0x0000000080000000, 0x0000000100000000)
  region size 1024K, 10 young (10240K), 10 survivors (10240K)
 Metaspace       used 66533K, capacity 68226K, committed 68428K, reserved 1107968K
  class space    used 8344K, capacity 8986K, committed 9036K, reserved 1048576K
}
Event: 20.332 GC heap before
{Heap before GC invocations=23 (full 0):
 garbage-first heap   total 189440K, used 143844K [0x0000000080000000, 0x0000000100000000)
  region size 1024K, 100 young (102400K), 10 survivors (10240K)
 Metaspace       used 68600K, capacity 70457K, committed 70604K, reserved 1110016K
  class space    used 8626K, capacity 9295K, committed 9420K, reserved 1048576K
}
Event: 20.373 GC heap after
{Heap after GC invocations=24 (full 0):
 garbage-first heap   total 227328K, used 55577K [0x0000000080000000, 0x0000000100000000)
  region size 1024K, 8 young (8192K), 8 survivors (8192K)
 Metaspace       used 68600K, capacity 70457K, committed 70604K, reserved 1110016K
  class space    used 8626K, capacity 9295K, committed 9420K, reserved 1048576K
}
Event: 21.830 GC heap before
{Heap before GC invocations=24 (full 0):
 garbage-first heap   total 227328K, used 162073K [0x0000000080000000, 0x0000000100000000)
  region size 1024K, 112 young (114688K), 8 survivors (8192K)
 Metaspace       used 73631K, capacity 75497K, committed 75724K, reserved 1114112K
  class space    used 9483K, capacity 10163K, committed 10188K, reserved 1048576K
}
Event: 21.871 GC heap after
{Heap after GC invocations=25 (full 0):
 garbage-first heap   total 227328K, used 57765K [0x0000000080000000, 0x0000000100000000)
  region size 1024K, 7 young (7168K), 7 survivors (7168K)
 Metaspace       used 73631K, capacity 75497K, committed 75724K, reserved 1114112K
  class space    used 9483K, capacity 10163K, committed 10188K, reserved 1048576K
}
Event: 23.101 GC heap before
{Heap before GC invocations=25 (full 0):
 garbage-first heap   total 227328K, used 171429K [0x0000000080000000, 0x0000000100000000)
  region size 1024K, 118 young (120832K), 7 survivors (7168K)
 Metaspace       used 77229K, capacity 79254K, committed 79436K, reserved 1118208K
  class space    used 10024K, capacity 10752K, committed 10828K, reserved 1048576K
}
Event: 23.122 GC heap after
{Heap after GC invocations=26 (full 0):
 garbage-first heap   total 227328K, used 63230K [0x0000000080000000, 0x0000000100000000)
  region size 1024K, 13 young (13312K), 13 survivors (13312K)
 Metaspace       used 77229K, capacity 79254K, committed 79436K, reserved 1118208K
  class space    used 10024K, capacity 10752K, committed 10828K, reserved 1048576K
}
Event: 24.424 GC heap before
{Heap before GC invocations=26 (full 0):
 garbage-first heap   total 227328K, used 175870K [0x0000000080000000, 0x0000000100000000)
  region size 1024K, 123 young (125952K), 13 survivors (13312K)
 Metaspace       used 82127K, capacity 84233K, committed 84556K, reserved 1122304K
  class space    used 10681K, capacity 11469K, committed 11596K, reserved 1048576K
}
Event: 24.447 GC heap after
{Heap after GC invocations=27 (full 0):
 garbage-first heap   total 227328K, used 66734K [0x0000000080000000, 0x0000000100000000)
  region size 1024K, 12 young (12288K), 12 survivors (12288K)
 Metaspace       used 82127K, capacity 84233K, committed 84556K, reserved 1122304K
  class space    used 10681K, capacity 11469K, committed 11596K, reserved 1048576K
}
Event: 25.588 GC heap before
{Heap before GC invocations=27 (full 0):
 garbage-first heap   total 227328K, used 180398K [0x0000000080000000, 0x0000000100000000)
  region size 1024K, 123 young (125952K), 12 survivors (12288K)
 Metaspace       used 84175K, capacity 86364K, committed 86476K, reserved 1124352K
  class space    used 10876K, capacity 11665K, committed 11724K, reserved 1048576K
}

