# JRE version: OpenJDK Runtime Environment (11.0.15) (build 11.0.15+0-b2043.56-9505619)
# Java VM: OpenJDK 64-Bit Server VM (11.0.15+0-b2043.56-9505619, mixed mode, tiered, compressed oops, g1 gc, windows-amd64)
Heap:
 garbage-first heap   total 273408K, used 144351K [0x0000000080000000, 0x0000000100000000)
  region size 1024K, 28 young (28672K), 4 survivors (4096K)
 Metaspace       used 97202K, capacity 99880K, committed 99968K, reserved 1136640K
  class space    used 12416K, capacity 13435K, committed 13440K, reserved 1048576K
GC Heap History (20 events):
Event: 37.433 GC heap before
{Heap before GC invocations=30 (full 0):
 garbage-first heap   total 157696K, used 125613K [0x0000000080000000, 0x0000000100000000)
  region size 1024K, 69 young (70656K), 8 survivors (8192K)
 Metaspace       used 79199K, capacity 81268K, committed 81536K, reserved 1120256K
  class space    used 10335K, capacity 11090K, committed 11136K, reserved 1048576K
}
Event: 37.448 GC heap after
{Heap after GC invocations=31 (full 0):
 garbage-first heap   total 189440K, used 64487K [0x0000000080000000, 0x0000000100000000)
  region size 1024K, 5 young (5120K), 5 survivors (5120K)
 Metaspace       used 79199K, capacity 81268K, committed 81536K, reserved 1120256K
  class space    used 10335K, capacity 11090K, committed 11136K, reserved 1048576K
}
Event: 38.478 GC heap before
{Heap before GC invocations=31 (full 0):
 garbage-first heap   total 189440K, used 142311K [0x0000000080000000, 0x0000000100000000)
  region size 1024K, 81 young (82944K), 5 survivors (5120K)
 Metaspace       used 82497K, capacity 84606K, committed 84864K, reserved 1122304K
  class space    used 10719K, capacity 11535K, committed 11648K, reserved 1048576K
}
Event: 38.491 GC heap after
{Heap after GC invocations=32 (full 0):
 garbage-first heap   total 189440K, used 67457K [0x0000000080000000, 0x0000000100000000)
  region size 1024K, 8 young (8192K), 8 survivors (8192K)
 Metaspace       used 82497K, capacity 84606K, committed 84864K, reserved 1122304K
  class space    used 10719K, capacity 11535K, committed 11648K, reserved 1048576K
}
Event: 39.540 GC heap before
{Heap before GC invocations=32 (full 0):
 garbage-first heap   total 189440K, used 147329K [0x0000000080000000, 0x0000000100000000)
  region size 1024K, 86 young (88064K), 8 survivors (8192K)
 Metaspace       used 83626K, capacity 85771K, committed 85888K, reserved 1124352K
  class space    used 10833K, capacity 11623K, committed 11648K, reserved 1048576K
}
Event: 39.567 GC heap after
{Heap after GC invocations=33 (full 0):
 garbage-first heap   total 189440K, used 76476K [0x0000000080000000, 0x0000000100000000)
  region size 1024K, 11 young (11264K), 11 survivors (11264K)
 Metaspace       used 83626K, capacity 85771K, committed 85888K, reserved 1124352K
  class space    used 10833K, capacity 11623K, committed 11648K, reserved 1048576K
}
Event: 41.083 GC heap before
{Heap before GC invocations=33 (full 0):
 garbage-first heap   total 189440K, used 147132K [0x0000000080000000, 0x0000000100000000)
  region size 1024K, 81 young (82944K), 11 survivors (11264K)
 Metaspace       used 86870K, capacity 89350K, committed 89600K, reserved 1126400K
  class space    used 11247K, capacity 12169K, committed 12288K, reserved 1048576K
}
Event: 41.114 GC heap after
{Heap after GC invocations=34 (full 0):
 garbage-first heap   total 189440K, used 82821K [0x0000000080000000, 0x0000000100000000)
  region size 1024K, 7 young (7168K), 7 survivors (7168K)
 Metaspace       used 86870K, capacity 89350K, committed 89600K, reserved 1126400K
  class space    used 11247K, capacity 12169K, committed 12288K, reserved 1048576K
}
Event: 43.034 GC heap before
{Heap before GC invocations=34 (full 0):
 garbage-first heap   total 189440K, used 150405K [0x0000000080000000, 0x0000000100000000)
  region size 1024K, 74 young (75776K), 7 survivors (7168K)
 Metaspace       used 87783K, capacity 90278K, committed 90368K, reserved 1128448K
  class space    used 11325K, capacity 12270K, committed 12288K, reserved 1048576K
}
Event: 43.053 GC heap after
{Heap after GC invocations=35 (full 0):
 garbage-first heap   total 227328K, used 86539K [0x0000000080000000, 0x0000000100000000)
  region size 1024K, 5 young (5120K), 5 survivors (5120K)
 Metaspace       used 87783K, capacity 90278K, committed 90368K, reserved 1128448K
  class space    used 11325K, capacity 12270K, committed 12288K, reserved 1048576K
}
Event: 44.902 GC heap before
{Heap before GC invocations=35 (full 0):
 garbage-first heap   total 227328K, used 175627K [0x0000000080000000, 0x0000000100000000)
  region size 1024K, 90 young (92160K), 5 survivors (5120K)
 Metaspace       used 90680K, capacity 93270K, committed 93312K, reserved 1130496K
  class space    used 11687K, capacity 12661K, committed 12672K, reserved 1048576K
}
Event: 44.926 GC heap after
{Heap after GC invocations=36 (full 0):
 garbage-first heap   total 227328K, used 96832K [0x0000000080000000, 0x0000000100000000)
  region size 1024K, 12 young (12288K), 12 survivors (12288K)
 Metaspace       used 90680K, capacity 93270K, committed 93312K, reserved 1130496K
  class space    used 11687K, capacity 12661K, committed 12672K, reserved 1048576K
}
Event: 46.477 GC heap before
{Heap before GC invocations=36 (full 0):
 garbage-first heap   total 227328K, used 175680K [0x0000000080000000, 0x0000000100000000)
  region size 1024K, 89 young (91136K), 12 survivors (12288K)
 Metaspace       used 93669K, capacity 96298K, committed 96512K, reserved 1132544K
  class space    used 12052K, capacity 13053K, committed 13056K, reserved 1048576K
}
Event: 46.508 GC heap after
{Heap after GC invocations=37 (full 0):
 garbage-first heap   total 227328K, used 109463K [0x0000000080000000, 0x0000000100000000)
  region size 1024K, 12 young (12288K), 12 survivors (12288K)
 Metaspace       used 93669K, capacity 96298K, committed 96512K, reserved 1132544K
  class space    used 12052K, capacity 13053K, committed 13056K, reserved 1048576K
}
Event: 46.697 GC heap before
{Heap before GC invocations=37 (full 0):
 garbage-first heap   total 227328K, used 119703K [0x0000000080000000, 0x0000000100000000)
  region size 1024K, 20 young (20480K), 12 survivors (12288K)
 Metaspace       used 93686K, capacity 96298K, committed 96512K, reserved 1132544K
  class space    used 12053K, capacity 13053K, committed 13056K, reserved 1048576K
}
Event: 46.722 GC heap after
{Heap after GC invocations=38 (full 0):
 garbage-first heap   total 227328K, used 119275K [0x0000000080000000, 0x0000000100000000)
  region size 1024K, 7 young (7168K), 7 survivors (7168K)
 Metaspace       used 93686K, capacity 96298K, committed 96512K, reserved 1132544K
  class space    used 12053K, capacity 13053K, committed 13056K, reserved 1048576K
}
Event: 47.761 GC heap before
{Heap before GC invocations=39 (full 0):
 garbage-first heap   total 227328K, used 181739K [0x0000000080000000, 0x0000000100000000)
  region size 1024K, 47 young (48128K), 7 survivors (7168K)
 Metaspace       used 95513K, capacity 98144K, committed 98304K, reserved 1134592K
  class space    used 12252K, capacity 13239K, committed 13312K, reserved 1048576K
}
Event: 47.784 GC heap after
{Heap after GC invocations=40 (full 0):
 garbage-first heap   total 273408K, used 119296K [0x0000000080000000, 0x0000000100000000)
  region size 1024K, 2 young (2048K), 2 survivors (2048K)
 Metaspace       used 95513K, capacity 98144K, committed 98304K, reserved 1134592K
  class space    used 12252K, capacity 13239K, committed 13312K, reserved 1048576K
}
Event: 49.464 GC heap before
{Heap before GC invocations=40 (full 0):
 garbage-first heap   total 273408K, used 184832K [0x0000000080000000, 0x0000000100000000)
  region size 1024K, 66 young (67584K), 2 survivors (2048K)
 Metaspace       used 96520K, capacity 99252K, committed 99456K, reserved 1134592K
  class space    used 12349K, capacity 13397K, committed 13440K, reserved 1048576K
}
Event: 49.472 GC heap after
{Heap after GC invocations=41 (full 0):
 garbage-first heap   total 273408K, used 120799K [0x0000000080000000, 0x0000000100000000)
  region size 1024K, 4 young (4096K), 4 survivors (4096K)
 Metaspace       used 96520K, capacity 99252K, committed 99456K, reserved 1134592K
  class space    used 12349K, capacity 13397K, committed 13440K, reserved 1048576K
}

