# JRE version: OpenJDK Runtime Environment (11.0.15) (build 11.0.15+0-b2043.56-9505619)
# Java VM: OpenJDK 64-Bit Server VM (11.0.15+0-b2043.56-9505619, mixed mode, tiered, compressed oops, g1 gc, windows-amd64)
Heap:
 garbage-first heap   total 283648K, used 175474K [0x0000000080000000, 0x0000000100000000)
  region size 1024K, 43 young (44032K), 8 survivors (8192K)
 Metaspace       used 119915K, capacity 123434K, committed 123596K, reserved 1157120K
  class space    used 15345K, capacity 16717K, committed 16844K, reserved 1048576K
GC Heap History (20 events):
Event: 58.341 GC heap before
{Heap before GC invocations=40 (full 0):
 garbage-first heap   total 283648K, used 190668K [0x0000000080000000, 0x0000000100000000)
  region size 1024K, 78 young (79872K), 1 survivors (1024K)
 Metaspace       used 98458K, capacity 101140K, committed 101452K, reserved 1136640K
  class space    used 12538K, capacity 13557K, committed 13644K, reserved 1048576K
}
Event: 58.361 GC heap after
{Heap after GC invocations=41 (full 0):
 garbage-first heap   total 283648K, used 117548K [0x0000000080000000, 0x0000000100000000)
  region size 1024K, 6 young (6144K), 6 survivors (6144K)
 Metaspace       used 98458K, capacity 101140K, committed 101452K, reserved 1136640K
  class space    used 12538K, capacity 13557K, committed 13644K, reserved 1048576K
}
Event: 59.907 GC heap before
{Heap before GC invocations=41 (full 0):
 garbage-first heap   total 283648K, used 198444K [0x0000000080000000, 0x0000000100000000)
  region size 1024K, 86 young (88064K), 6 survivors (6144K)
 Metaspace       used 100409K, capacity 103207K, committed 103500K, reserved 1138688K
  class space    used 12776K, capacity 13861K, committed 13900K, reserved 1048576K
}
Event: 59.921 GC heap after
{Heap after GC invocations=42 (full 0):
 garbage-first heap   total 283648K, used 119745K [0x0000000080000000, 0x0000000100000000)
  region size 1024K, 8 young (8192K), 8 survivors (8192K)
 Metaspace       used 100409K, capacity 103207K, committed 103500K, reserved 1138688K
  class space    used 12776K, capacity 13861K, committed 13900K, reserved 1048576K
}
Event: 60.628 GC heap before
{Heap before GC invocations=42 (full 0):
 garbage-first heap   total 283648K, used 205761K [0x0000000080000000, 0x0000000100000000)
  region size 1024K, 92 young (94208K), 8 survivors (8192K)
 Metaspace       used 103332K, capacity 106055K, committed 106188K, reserved 1140736K
  class space    used 13125K, capacity 14213K, committed 14284K, reserved 1048576K
}
Event: 60.645 GC heap after
{Heap after GC invocations=43 (full 0):
 garbage-first heap   total 283648K, used 122166K [0x0000000080000000, 0x0000000100000000)
  region size 1024K, 5 young (5120K), 5 survivors (5120K)
 Metaspace       used 103332K, capacity 106055K, committed 106188K, reserved 1140736K
  class space    used 13125K, capacity 14213K, committed 14284K, reserved 1048576K
}
Event: 63.053 GC heap before
{Heap before GC invocations=43 (full 0):
 garbage-first heap   total 283648K, used 211254K [0x0000000080000000, 0x0000000100000000)
  region size 1024K, 93 young (95232K), 5 survivors (5120K)
 Metaspace       used 103990K, capacity 106738K, committed 107084K, reserved 1142784K
  class space    used 13211K, capacity 14288K, committed 14412K, reserved 1048576K
}
Event: 63.068 GC heap after
{Heap after GC invocations=44 (full 0):
 garbage-first heap   total 283648K, used 125537K [0x0000000080000000, 0x0000000100000000)
  region size 1024K, 8 young (8192K), 8 survivors (8192K)
 Metaspace       used 103990K, capacity 106738K, committed 107084K, reserved 1142784K
  class space    used 13211K, capacity 14288K, committed 14412K, reserved 1048576K
}
Event: 66.085 GC heap before
{Heap before GC invocations=44 (full 0):
 garbage-first heap   total 283648K, used 217697K [0x0000000080000000, 0x0000000100000000)
  region size 1024K, 99 young (101376K), 8 survivors (8192K)
 Metaspace       used 104732K, capacity 107558K, committed 107852K, reserved 1142784K
  class space    used 13279K, capacity 14366K, committed 14412K, reserved 1048576K
}
Event: 66.113 GC heap after
{Heap after GC invocations=45 (full 0):
 garbage-first heap   total 283648K, used 134926K [0x0000000080000000, 0x0000000100000000)
  region size 1024K, 13 young (13312K), 13 survivors (13312K)
 Metaspace       used 104732K, capacity 107558K, committed 107852K, reserved 1142784K
  class space    used 13279K, capacity 14366K, committed 14412K, reserved 1048576K
}
Event: 67.586 GC heap before
{Heap before GC invocations=45 (full 0):
 garbage-first heap   total 283648K, used 220942K [0x0000000080000000, 0x0000000100000000)
  region size 1024K, 98 young (100352K), 13 survivors (13312K)
 Metaspace       used 106001K, capacity 108816K, committed 109004K, reserved 1144832K
  class space    used 13442K, capacity 14526K, committed 14540K, reserved 1048576K
}
Event: 67.618 GC heap after
{Heap after GC invocations=46 (full 0):
 garbage-first heap   total 283648K, used 144384K [0x0000000080000000, 0x0000000100000000)
  region size 1024K, 9 young (9216K), 9 survivors (9216K)
 Metaspace       used 106001K, capacity 108816K, committed 109004K, reserved 1144832K
  class space    used 13442K, capacity 14526K, committed 14540K, reserved 1048576K
}
Event: 68.429 GC heap before
{Heap before GC invocations=46 (full 0):
 garbage-first heap   total 283648K, used 225280K [0x0000000080000000, 0x0000000100000000)
  region size 1024K, 89 young (91136K), 9 survivors (9216K)
 Metaspace       used 107524K, capacity 110405K, committed 110540K, reserved 1144832K
  class space    used 13653K, capacity 14757K, committed 14796K, reserved 1048576K
}
Event: 68.451 GC heap after
{Heap after GC invocations=47 (full 0):
 garbage-first heap   total 283648K, used 144829K [0x0000000080000000, 0x0000000100000000)
  region size 1024K, 2 young (2048K), 2 survivors (2048K)
 Metaspace       used 107524K, capacity 110405K, committed 110540K, reserved 1144832K
  class space    used 13653K, capacity 14757K, committed 14796K, reserved 1048576K
}
Event: 69.767 GC heap before
{Heap before GC invocations=48 (full 0):
 garbage-first heap   total 283648K, used 219581K [0x0000000080000000, 0x0000000100000000)
  region size 1024K, 85 young (87040K), 2 survivors (2048K)
 Metaspace       used 111648K, capacity 114633K, committed 114764K, reserved 1148928K
  class space    used 14245K, capacity 15407K, committed 15436K, reserved 1048576K
}
Event: 69.778 GC heap after
{Heap after GC invocations=49 (full 0):
 garbage-first heap   total 283648K, used 135168K [0x0000000080000000, 0x0000000100000000)
  region size 1024K, 3 young (3072K), 3 survivors (3072K)
 Metaspace       used 111648K, capacity 114633K, committed 114764K, reserved 1148928K
  class space    used 14245K, capacity 15407K, committed 15436K, reserved 1048576K
}
Event: 71.263 GC heap before
{Heap before GC invocations=49 (full 0):
 garbage-first heap   total 283648K, used 226304K [0x0000000080000000, 0x0000000100000000)
  region size 1024K, 93 young (95232K), 3 survivors (3072K)
 Metaspace       used 116289K, capacity 119597K, committed 119756K, reserved 1153024K
  class space    used 14985K, capacity 16299K, committed 16332K, reserved 1048576K
}
Event: 71.308 GC heap after
{Heap after GC invocations=50 (full 0):
 garbage-first heap   total 283648K, used 140096K [0x0000000080000000, 0x0000000100000000)
  region size 1024K, 8 young (8192K), 8 survivors (8192K)
 Metaspace       used 116289K, capacity 119597K, committed 119756K, reserved 1153024K
  class space    used 14985K, capacity 16299K, committed 16332K, reserved 1048576K
}
Event: 73.868 GC heap before
{Heap before GC invocations=51 (full 0):
 garbage-first heap   total 283648K, used 230208K [0x0000000080000000, 0x0000000100000000)
  region size 1024K, 97 young (99328K), 8 survivors (8192K)
 Metaspace       used 119808K, capacity 123276K, committed 123596K, reserved 1157120K
  class space    used 15337K, capacity 16709K, committed 16844K, reserved 1048576K
}
Event: 73.887 GC heap after
{Heap after GC invocations=52 (full 0):
 garbage-first heap   total 283648K, used 141682K [0x0000000080000000, 0x0000000100000000)
  region size 1024K, 8 young (8192K), 8 survivors (8192K)
 Metaspace       used 119808K, capacity 123276K, committed 123596K, reserved 1157120K
  class space    used 15337K, capacity 16709K, committed 16844K, reserved 1048576K
}

