# JRE version: OpenJDK Runtime Environment (11.0.15) (build 11.0.15+0-b2043.56-9505619)
# Java VM: OpenJDK 64-Bit Server VM (11.0.15+0-b2043.56-9505619, mixed mode, tiered, compressed oops, g1 gc, windows-amd64)
Heap:
 garbage-first heap   total 189440K, used 48017K [0x0000000080000000, 0x0000000100000000)
  region size 1024K, 9 young (9216K), 3 survivors (3072K)
 Metaspace       used 58656K, capacity 60322K, committed 60492K, reserved 1101824K
  class space    used 7340K, capacity 7956K, committed 8012K, reserved 1048576K
GC Heap History (20 events):
Event: 12.018 GC heap before
{Heap before GC invocations=8 (full 0):
 garbage-first heap   total 131072K, used 92191K [0x0000000080000000, 0x0000000100000000)
  region size 1024K, 76 young (77824K), 5 survivors (5120K)
 Metaspace       used 30377K, capacity 31070K, committed 31232K, reserved 1077248K
  class space    used 3945K, capacity 4232K, committed 4352K, reserved 1048576K
}
Event: 12.030 GC heap after
{Heap after GC invocations=9 (full 0):
 garbage-first heap   total 131072K, used 20615K [0x0000000080000000, 0x0000000100000000)
  region size 1024K, 6 young (6144K), 6 survivors (6144K)
 Metaspace       used 30377K, capacity 31070K, committed 31232K, reserved 1077248K
  class space    used 3945K, capacity 4232K, committed 4352K, reserved 1048576K
}
Event: 14.163 GC heap before
{Heap before GC invocations=9 (full 0):
 garbage-first heap   total 131072K, used 92295K [0x0000000080000000, 0x0000000100000000)
  region size 1024K, 76 young (77824K), 6 survivors (6144K)
 Metaspace       used 33970K, capacity 34794K, committed 35072K, reserved 1079296K
  class space    used 4493K, capacity 4813K, committed 4864K, reserved 1048576K
}
Event: 14.178 GC heap after
{Heap after GC invocations=10 (full 0):
 garbage-first heap   total 131072K, used 21739K [0x0000000080000000, 0x0000000100000000)
  region size 1024K, 7 young (7168K), 7 survivors (7168K)
 Metaspace       used 33970K, capacity 34794K, committed 35072K, reserved 1079296K
  class space    used 4493K, capacity 4813K, committed 4864K, reserved 1048576K
}
Event: 16.336 GC heap before
{Heap before GC invocations=10 (full 0):
 garbage-first heap   total 131072K, used 40171K [0x0000000080000000, 0x0000000100000000)
  region size 1024K, 26 young (26624K), 7 survivors (7168K)
 Metaspace       used 34924K, capacity 35730K, committed 35840K, reserved 1081344K
  class space    used 4573K, capacity 4912K, committed 4992K, reserved 1048576K
}
Event: 16.359 GC heap after
{Heap after GC invocations=11 (full 0):
 garbage-first heap   total 131072K, used 22471K [0x0000000080000000, 0x0000000100000000)
  region size 1024K, 6 young (6144K), 6 survivors (6144K)
 Metaspace       used 34924K, capacity 35730K, committed 35840K, reserved 1081344K
  class space    used 4573K, capacity 4912K, committed 4992K, reserved 1048576K
}
Event: 18.270 GC heap before
{Heap before GC invocations=12 (full 0):
 garbage-first heap   total 131072K, used 93127K [0x0000000080000000, 0x0000000100000000)
  region size 1024K, 76 young (77824K), 6 survivors (6144K)
 Metaspace       used 38813K, capacity 39818K, committed 39936K, reserved 1083392K
  class space    used 4971K, capacity 5338K, committed 5376K, reserved 1048576K
}
Event: 18.285 GC heap after
{Heap after GC invocations=13 (full 0):
 garbage-first heap   total 157696K, used 23970K [0x0000000080000000, 0x0000000100000000)
  region size 1024K, 6 young (6144K), 6 survivors (6144K)
 Metaspace       used 38813K, capacity 39818K, committed 39936K, reserved 1083392K
  class space    used 4971K, capacity 5338K, committed 5376K, reserved 1048576K
}
Event: 20.933 GC heap before
{Heap before GC invocations=13 (full 0):
 garbage-first heap   total 157696K, used 121250K [0x0000000080000000, 0x0000000100000000)
  region size 1024K, 92 young (94208K), 6 survivors (6144K)
 Metaspace       used 41701K, capacity 42719K, committed 42752K, reserved 1087488K
  class space    used 5219K, capacity 5616K, committed 5632K, reserved 1048576K
}
Event: 20.955 GC heap after
{Heap after GC invocations=14 (full 0):
 garbage-first heap   total 157696K, used 28537K [0x0000000080000000, 0x0000000100000000)
  region size 1024K, 11 young (11264K), 11 survivors (11264K)
 Metaspace       used 41701K, capacity 42719K, committed 42752K, reserved 1087488K
  class space    used 5219K, capacity 5616K, committed 5632K, reserved 1048576K
}
Event: 22.090 GC heap before
{Heap before GC invocations=14 (full 0):
 garbage-first heap   total 157696K, used 111481K [0x0000000080000000, 0x0000000100000000)
  region size 1024K, 92 young (94208K), 11 survivors (11264K)
 Metaspace       used 44912K, capacity 46148K, committed 46464K, reserved 1089536K
  class space    used 5716K, capacity 6164K, committed 6272K, reserved 1048576K
}
Event: 22.114 GC heap after
{Heap after GC invocations=15 (full 0):
 garbage-first heap   total 157696K, used 29898K [0x0000000080000000, 0x0000000100000000)
  region size 1024K, 8 young (8192K), 8 survivors (8192K)
 Metaspace       used 44912K, capacity 46148K, committed 46464K, reserved 1089536K
  class space    used 5716K, capacity 6164K, committed 6272K, reserved 1048576K
}
Event: 22.905 GC heap before
{Heap before GC invocations=15 (full 0):
 garbage-first heap   total 157696K, used 117962K [0x0000000080000000, 0x0000000100000000)
  region size 1024K, 92 young (94208K), 8 survivors (8192K)
 Metaspace       used 48135K, capacity 49481K, committed 49664K, reserved 1091584K
  class space    used 6093K, capacity 6553K, committed 6656K, reserved 1048576K
}
Event: 22.923 GC heap after
{Heap after GC invocations=16 (full 0):
 garbage-first heap   total 157696K, used 31451K [0x0000000080000000, 0x0000000100000000)
  region size 1024K, 4 young (4096K), 4 survivors (4096K)
 Metaspace       used 48135K, capacity 49481K, committed 49664K, reserved 1091584K
  class space    used 6093K, capacity 6553K, committed 6656K, reserved 1048576K
}
Event: 24.592 GC heap before
{Heap before GC invocations=16 (full 0):
 garbage-first heap   total 157696K, used 123611K [0x0000000080000000, 0x0000000100000000)
  region size 1024K, 92 young (94208K), 4 survivors (4096K)
 Metaspace       used 51186K, capacity 52747K, committed 52864K, reserved 1095680K
  class space    used 6458K, capacity 6998K, committed 7040K, reserved 1048576K
}
Event: 24.608 GC heap after
{Heap after GC invocations=17 (full 0):
 garbage-first heap   total 157696K, used 41605K [0x0000000080000000, 0x0000000100000000)
  region size 1024K, 12 young (12288K), 12 survivors (12288K)
 Metaspace       used 51186K, capacity 52747K, committed 52864K, reserved 1095680K
  class space    used 6458K, capacity 6998K, committed 7040K, reserved 1048576K
}
Event: 25.567 GC heap before
{Heap before GC invocations=17 (full 0):
 garbage-first heap   total 157696K, used 123525K [0x0000000080000000, 0x0000000100000000)
  region size 1024K, 92 young (94208K), 12 survivors (12288K)
 Metaspace       used 55074K, capacity 56691K, committed 56960K, reserved 1099776K
  class space    used 6937K, capacity 7485K, committed 7552K, reserved 1048576K
}
Event: 25.587 GC heap after
{Heap after GC invocations=18 (full 0):
 garbage-first heap   total 157696K, used 42323K [0x0000000080000000, 0x0000000100000000)
  region size 1024K, 2 young (2048K), 2 survivors (2048K)
 Metaspace       used 55074K, capacity 56691K, committed 56960K, reserved 1099776K
  class space    used 6937K, capacity 7485K, committed 7552K, reserved 1048576K
}
Event: 26.362 GC heap before
{Heap before GC invocations=18 (full 0):
 garbage-first heap   total 157696K, used 109907K [0x0000000080000000, 0x0000000100000000)
  region size 1024K, 69 young (70656K), 2 survivors (2048K)
 Metaspace       used 58439K, capacity 60107K, committed 60160K, reserved 1101824K
  class space    used 7299K, capacity 7904K, committed 7936K, reserved 1048576K
}
Event: 26.376 GC heap after
{Heap after GC invocations=19 (full 0):
 garbage-first heap   total 189440K, used 42897K [0x0000000080000000, 0x0000000100000000)
  region size 1024K, 3 young (3072K), 3 survivors (3072K)
 Metaspace       used 58439K, capacity 60107K, committed 60160K, reserved 1101824K
  class space    used 7299K, capacity 7904K, committed 7936K, reserved 1048576K
}

