# JRE version: OpenJDK Runtime Environment (11.0.15) (build 11.0.15+0-b2043.56-9505619)
# Java VM: OpenJDK 64-Bit Server VM (11.0.15+0-b2043.56-9505619, mixed mode, tiered, compressed oops, g1 gc, windows-amd64)
Heap:
 garbage-first heap   total 396288K, used 270336K [0x0000000080000000, 0x0000000100000000)
  region size 1024K, 3 young (3072K), 3 survivors (3072K)
 Metaspace       used 126280K, capacity 129903K, committed 130176K, reserved 1163264K
  class space    used 15756K, capacity 17156K, committed 17280K, reserved 1048576K
GC Heap History (20 events):
Event: 121.129 GC heap after
{Heap after GC invocations=67 (full 0):
 garbage-first heap   total 274432K, used 165586K [0x0000000080000000, 0x0000000100000000)
  region size 1024K, 12 young (12288K), 12 survivors (12288K)
 Metaspace       used 124962K, capacity 128526K, committed 128640K, reserved 1161216K
  class space    used 15616K, capacity 17000K, committed 17024K, reserved 1048576K
}
Event: 122.135 GC heap before
{Heap before GC invocations=67 (full 0):
 garbage-first heap   total 274432K, used 224978K [0x0000000080000000, 0x0000000100000000)
  region size 1024K, 52 young (53248K), 12 survivors (12288K)
 Metaspace       used 125663K, capacity 129277K, committed 129536K, reserved 1161216K
  class space    used 15704K, capacity 17079K, committed 17152K, reserved 1048576K
}
Event: 122.159 GC heap after
{Heap after GC invocations=68 (full 0):
 garbage-first heap   total 274432K, used 187160K [0x0000000080000000, 0x0000000100000000)
  region size 1024K, 10 young (10240K), 10 survivors (10240K)
 Metaspace       used 125663K, capacity 129277K, committed 129536K, reserved 1161216K
  class space    used 15704K, capacity 17079K, committed 17152K, reserved 1048576K
}
Event: 124.414 GC heap before
{Heap before GC invocations=69 (full 0):
 garbage-first heap   total 274432K, used 242456K [0x0000000080000000, 0x0000000100000000)
  region size 1024K, 51 young (52224K), 10 survivors (10240K)
 Metaspace       used 125771K, capacity 129336K, committed 129536K, reserved 1161216K
  class space    used 15709K, capacity 17099K, committed 17152K, reserved 1048576K
}
Event: 124.454 GC heap after
{Heap after GC invocations=70 (full 0):
 garbage-first heap   total 274432K, used 206338K [0x0000000080000000, 0x0000000100000000)
  region size 1024K, 7 young (7168K), 7 survivors (7168K)
 Metaspace       used 125771K, capacity 129336K, committed 129536K, reserved 1161216K
  class space    used 15709K, capacity 17099K, committed 17152K, reserved 1048576K
}
Event: 124.583 GC heap before
{Heap before GC invocations=70 (full 0):
 garbage-first heap   total 274432K, used 213506K [0x0000000080000000, 0x0000000100000000)
  region size 1024K, 13 young (13312K), 7 survivors (7168K)
 Metaspace       used 125771K, capacity 129336K, committed 129536K, reserved 1161216K
  class space    used 15709K, capacity 17099K, committed 17152K, reserved 1048576K
}
Event: 124.639 GC heap after
{Heap after GC invocations=71 (full 0):
 garbage-first heap   total 274432K, used 185344K [0x0000000080000000, 0x0000000100000000)
  region size 1024K, 2 young (2048K), 2 survivors (2048K)
 Metaspace       used 125771K, capacity 129336K, committed 129536K, reserved 1161216K
  class space    used 15709K, capacity 17099K, committed 17152K, reserved 1048576K
}
Event: 125.021 GC heap before
{Heap before GC invocations=71 (full 0):
 garbage-first heap   total 274432K, used 196608K [0x0000000080000000, 0x0000000100000000)
  region size 1024K, 13 young (13312K), 2 survivors (2048K)
 Metaspace       used 125773K, capacity 129336K, committed 129536K, reserved 1161216K
  class space    used 15709K, capacity 17099K, committed 17152K, reserved 1048576K
}
Event: 125.063 GC heap after
{Heap after GC invocations=72 (full 0):
 garbage-first heap   total 274432K, used 188293K [0x0000000080000000, 0x0000000100000000)
  region size 1024K, 2 young (2048K), 2 survivors (2048K)
 Metaspace       used 125773K, capacity 129336K, committed 129536K, reserved 1161216K
  class space    used 15709K, capacity 17099K, committed 17152K, reserved 1048576K
}
Event: 125.900 GC heap before
{Heap before GC invocations=72 (full 0):
 garbage-first heap   total 274432K, used 222085K [0x0000000080000000, 0x0000000100000000)
  region size 1024K, 36 young (36864K), 2 survivors (2048K)
 Metaspace       used 126247K, capacity 129897K, committed 130176K, reserved 1163264K
  class space    used 15755K, capacity 17155K, committed 17280K, reserved 1048576K
}
Event: 125.945 GC heap after
{Heap after GC invocations=73 (full 0):
 garbage-first heap   total 274432K, used 202664K [0x0000000080000000, 0x0000000100000000)
  region size 1024K, 5 young (5120K), 5 survivors (5120K)
 Metaspace       used 126247K, capacity 129897K, committed 130176K, reserved 1163264K
  class space    used 15755K, capacity 17155K, committed 17280K, reserved 1048576K
}
Event: 126.195 GC heap before
{Heap before GC invocations=73 (full 0):
 garbage-first heap   total 274432K, used 226216K [0x0000000080000000, 0x0000000100000000)
  region size 1024K, 28 young (28672K), 5 survivors (5120K)
 Metaspace       used 126267K, capacity 129903K, committed 130176K, reserved 1163264K
  class space    used 15756K, capacity 17156K, committed 17280K, reserved 1048576K
}
Event: 126.251 GC heap after
{Heap after GC invocations=74 (full 0):
 garbage-first heap   total 329728K, used 215040K [0x0000000080000000, 0x0000000100000000)
  region size 1024K, 4 young (4096K), 4 survivors (4096K)
 Metaspace       used 126267K, capacity 129903K, committed 130176K, reserved 1163264K
  class space    used 15756K, capacity 17156K, committed 17280K, reserved 1048576K
}
Event: 127.077 GC heap before
{Heap before GC invocations=74 (full 0):
 garbage-first heap   total 329728K, used 251904K [0x0000000080000000, 0x0000000100000000)
  region size 1024K, 40 young (40960K), 4 survivors (4096K)
 Metaspace       used 126272K, capacity 129903K, committed 130176K, reserved 1163264K
  class space    used 15756K, capacity 17156K, committed 17280K, reserved 1048576K
}
Event: 127.128 GC heap after
{Heap after GC invocations=75 (full 0):
 garbage-first heap   total 329728K, used 233984K [0x0000000080000000, 0x0000000100000000)
  region size 1024K, 5 young (5120K), 5 survivors (5120K)
 Metaspace       used 126272K, capacity 129903K, committed 130176K, reserved 1163264K
  class space    used 15756K, capacity 17156K, committed 17280K, reserved 1048576K
}
Event: 127.402 GC heap before
{Heap before GC invocations=75 (full 0):
 garbage-first heap   total 329728K, used 262656K [0x0000000080000000, 0x0000000100000000)
  region size 1024K, 33 young (33792K), 5 survivors (5120K)
 Metaspace       used 126272K, capacity 129903K, committed 130176K, reserved 1163264K
  class space    used 15756K, capacity 17156K, committed 17280K, reserved 1048576K
}
Event: 127.442 GC heap after
{Heap after GC invocations=76 (full 0):
 garbage-first heap   total 329728K, used 249344K [0x0000000080000000, 0x0000000100000000)
  region size 1024K, 5 young (5120K), 5 survivors (5120K)
 Metaspace       used 126272K, capacity 129903K, committed 130176K, reserved 1163264K
  class space    used 15756K, capacity 17156K, committed 17280K, reserved 1048576K
}
Event: 127.658 GC heap before
{Heap before GC invocations=76 (full 0):
 garbage-first heap   total 329728K, used 270848K [0x0000000080000000, 0x0000000100000000)
  region size 1024K, 26 young (26624K), 5 survivors (5120K)
 Metaspace       used 126280K, capacity 129903K, committed 130176K, reserved 1163264K
  class space    used 15756K, capacity 17156K, committed 17280K, reserved 1048576K
}
Event: 127.692 GC heap after
{Heap after GC invocations=77 (full 0):
 garbage-first heap   total 329728K, used 261632K [0x0000000080000000, 0x0000000100000000)
  region size 1024K, 4 young (4096K), 4 survivors (4096K)
 Metaspace       used 126280K, capacity 129903K, committed 130176K, reserved 1163264K
  class space    used 15756K, capacity 17156K, committed 17280K, reserved 1048576K
}
Event: 128.124 GC heap before
{Heap before GC invocations=77 (full 0):
 garbage-first heap   total 329728K, used 276992K [0x0000000080000000, 0x0000000100000000)
  region size 1024K, 19 young (19456K), 4 survivors (4096K)
 Metaspace       used 126280K, capacity 129903K, committed 130176K, reserved 1163264K
  class space    used 15756K, capacity 17156K, committed 17280K, reserved 1048576K
}

