# JRE version: OpenJDK Runtime Environment (11.0.15) (build 11.0.15+0-b2043.56-9505619)
# Java VM: OpenJDK 64-Bit Server VM (11.0.15+0-b2043.56-9505619, mixed mode, tiered, compressed oops, g1 gc, windows-amd64)
Heap:
 garbage-first heap   total 227328K, used 122926K [0x0000000080000000, 0x0000000100000000)
  region size 1024K, 56 young (57344K), 6 survivors (6144K)
 Metaspace       used 85590K, capacity 88061K, committed 88268K, reserved 1126400K
  class space    used 11183K, capacity 12125K, committed 12236K, reserved 1048576K
GC Heap History (20 events):
Event: 28.230 GC heap before
{Heap before GC invocations=19 (full 0):
 garbage-first heap   total 189440K, used 71471K [0x0000000080000000, 0x0000000100000000)
  region size 1024K, 26 young (26624K), 3 survivors (3072K)
 Metaspace       used 58313K, capacity 60127K, committed 60160K, reserved 1101824K
  class space    used 7362K, capacity 8042K, committed 8064K, reserved 1048576K
}
Event: 28.237 GC heap after
{Heap after GC invocations=20 (full 0):
 garbage-first heap   total 189440K, used 48943K [0x0000000080000000, 0x0000000100000000)
  region size 1024K, 3 young (3072K), 3 survivors (3072K)
 Metaspace       used 58313K, capacity 60127K, committed 60160K, reserved 1101824K
  class space    used 7362K, capacity 8042K, committed 8064K, reserved 1048576K
}
Event: 29.307 GC heap before
{Heap before GC invocations=21 (full 0):
 garbage-first heap   total 189440K, used 119599K [0x0000000080000000, 0x0000000100000000)
  region size 1024K, 72 young (73728K), 3 survivors (3072K)
 Metaspace       used 61204K, capacity 63091K, committed 63308K, reserved 1103872K
  class space    used 7685K, capacity 8388K, committed 8524K, reserved 1048576K
}
Event: 29.316 GC heap after
{Heap after GC invocations=22 (full 0):
 garbage-first heap   total 189440K, used 49719K [0x0000000080000000, 0x0000000100000000)
  region size 1024K, 4 young (4096K), 4 survivors (4096K)
 Metaspace       used 61204K, capacity 63091K, committed 63308K, reserved 1103872K
  class space    used 7685K, capacity 8388K, committed 8524K, reserved 1048576K
}
Event: 30.408 GC heap before
{Heap before GC invocations=22 (full 0):
 garbage-first heap   total 189440K, used 124471K [0x0000000080000000, 0x0000000100000000)
  region size 1024K, 77 young (78848K), 4 survivors (4096K)
 Metaspace       used 65005K, capacity 66990K, committed 67148K, reserved 1107968K
  class space    used 8200K, capacity 8925K, committed 9036K, reserved 1048576K
}
Event: 30.420 GC heap after
{Heap after GC invocations=23 (full 0):
 garbage-first heap   total 189440K, used 51625K [0x0000000080000000, 0x0000000100000000)
  region size 1024K, 6 young (6144K), 6 survivors (6144K)
 Metaspace       used 65005K, capacity 66990K, committed 67148K, reserved 1107968K
  class space    used 8200K, capacity 8925K, committed 9036K, reserved 1048576K
}
Event: 32.126 GC heap before
{Heap before GC invocations=23 (full 0):
 garbage-first heap   total 189440K, used 136617K [0x0000000080000000, 0x0000000100000000)
  region size 1024K, 82 young (83968K), 6 survivors (6144K)
 Metaspace       used 67892K, capacity 69979K, committed 70092K, reserved 1110016K
  class space    used 8561K, capacity 9320K, committed 9420K, reserved 1048576K
}
Event: 32.146 GC heap after
{Heap after GC invocations=24 (full 0):
 garbage-first heap   total 189440K, used 55751K [0x0000000080000000, 0x0000000100000000)
  region size 1024K, 10 young (10240K), 10 survivors (10240K)
 Metaspace       used 67892K, capacity 69979K, committed 70092K, reserved 1110016K
  class space    used 8561K, capacity 9320K, committed 9420K, reserved 1048576K
}
Event: 33.629 GC heap before
{Heap before GC invocations=24 (full 0):
 garbage-first heap   total 189440K, used 134599K [0x0000000080000000, 0x0000000100000000)
  region size 1024K, 86 young (88064K), 10 survivors (10240K)
 Metaspace       used 70537K, capacity 72649K, committed 72780K, reserved 1112064K
  class space    used 8918K, capacity 9714K, committed 9804K, reserved 1048576K
}
Event: 33.651 GC heap after
{Heap after GC invocations=25 (full 0):
 garbage-first heap   total 189440K, used 58617K [0x0000000080000000, 0x0000000100000000)
  region size 1024K, 8 young (8192K), 8 survivors (8192K)
 Metaspace       used 70537K, capacity 72649K, committed 72780K, reserved 1112064K
  class space    used 8918K, capacity 9714K, committed 9804K, reserved 1048576K
}
Event: 34.991 GC heap before
{Heap before GC invocations=25 (full 0):
 garbage-first heap   total 189440K, used 138489K [0x0000000080000000, 0x0000000100000000)
  region size 1024K, 86 young (88064K), 8 survivors (8192K)
 Metaspace       used 71955K, capacity 74174K, committed 74444K, reserved 1114112K
  class space    used 9096K, capacity 9900K, committed 9932K, reserved 1048576K
}
Event: 35.010 GC heap after
{Heap after GC invocations=26 (full 0):
 garbage-first heap   total 189440K, used 62820K [0x0000000080000000, 0x0000000100000000)
  region size 1024K, 7 young (7168K), 7 survivors (7168K)
 Metaspace       used 71955K, capacity 74174K, committed 74444K, reserved 1114112K
  class space    used 9096K, capacity 9900K, committed 9932K, reserved 1048576K
}
Event: 36.068 GC heap before
{Heap before GC invocations=26 (full 0):
 garbage-first heap   total 189440K, used 142692K [0x0000000080000000, 0x0000000100000000)
  region size 1024K, 85 young (87040K), 7 survivors (7168K)
 Metaspace       used 75048K, capacity 77250K, committed 77388K, reserved 1116160K
  class space    used 9648K, capacity 10455K, committed 10572K, reserved 1048576K
}
Event: 36.091 GC heap after
{Heap after GC invocations=27 (full 0):
 garbage-first heap   total 189440K, used 64105K [0x0000000080000000, 0x0000000100000000)
  region size 1024K, 6 young (6144K), 6 survivors (6144K)
 Metaspace       used 75048K, capacity 77250K, committed 77388K, reserved 1116160K
  class space    used 9648K, capacity 10455K, committed 10572K, reserved 1048576K
}
Event: 40.762 GC heap before
{Heap before GC invocations=27 (full 0):
 garbage-first heap   total 189440K, used 146025K [0x0000000080000000, 0x0000000100000000)
  region size 1024K, 86 young (88064K), 6 survivors (6144K)
 Metaspace       used 77728K, capacity 79885K, committed 80076K, reserved 1118208K
  class space    used 10079K, capacity 10902K, committed 10956K, reserved 1048576K
}
Event: 40.789 GC heap after
{Heap after GC invocations=28 (full 0):
 garbage-first heap   total 189440K, used 67102K [0x0000000080000000, 0x0000000100000000)
  region size 1024K, 9 young (9216K), 9 survivors (9216K)
 Metaspace       used 77728K, capacity 79885K, committed 80076K, reserved 1118208K
  class space    used 10079K, capacity 10902K, committed 10956K, reserved 1048576K
}
Event: 42.180 GC heap before
{Heap before GC invocations=28 (full 0):
 garbage-first heap   total 189440K, used 149022K [0x0000000080000000, 0x0000000100000000)
  region size 1024K, 89 young (91136K), 9 survivors (9216K)
 Metaspace       used 80473K, capacity 82867K, committed 83148K, reserved 1120256K
  class space    used 10481K, capacity 11380K, committed 11468K, reserved 1048576K
}
Event: 42.209 GC heap after
{Heap after GC invocations=29 (full 0):
 garbage-first heap   total 189440K, used 70885K [0x0000000080000000, 0x0000000100000000)
  region size 1024K, 9 young (9216K), 9 survivors (9216K)
 Metaspace       used 80473K, capacity 82867K, committed 83148K, reserved 1120256K
  class space    used 10481K, capacity 11380K, committed 11468K, reserved 1048576K
}
Event: 43.749 GC heap before
{Heap before GC invocations=29 (full 0):
 garbage-first heap   total 189440K, used 151781K [0x0000000080000000, 0x0000000100000000)
  region size 1024K, 88 young (90112K), 9 survivors (9216K)
 Metaspace       used 83496K, capacity 85886K, committed 86220K, reserved 1124352K
  class space    used 10941K, capacity 11872K, committed 11980K, reserved 1048576K
}
Event: 43.772 GC heap after
{Heap after GC invocations=30 (full 0):
 garbage-first heap   total 227328K, used 72750K [0x0000000080000000, 0x0000000100000000)
  region size 1024K, 6 young (6144K), 6 survivors (6144K)
 Metaspace       used 83496K, capacity 85886K, committed 86220K, reserved 1124352K
  class space    used 10941K, capacity 11872K, committed 11980K, reserved 1048576K
}

