# JRE version: OpenJDK Runtime Environment (11.0.15) (build 11.0.15+0-b2043.56-9505619)
# Java VM: OpenJDK 64-Bit Server VM (11.0.15+0-b2043.56-9505619, mixed mode, tiered, compressed oops, g1 gc, windows-amd64)
Heap:
 garbage-first heap   total 274432K, used 156897K [0x0000000080000000, 0x0000000100000000)
  region size 1024K, 11 young (11264K), 2 survivors (2048K)
 Metaspace       used 139642K, capacity 143648K, committed 145364K, reserved 1175552K
  class space    used 16956K, capacity 18473K, committed 19072K, reserved 1048576K
GC Heap History (20 events):
Event: 8966.550 GC heap before
{Heap before GC invocations=133 (full 0):
 garbage-first heap   total 274432K, used 190088K [0x0000000080000000, 0x0000000100000000)
  region size 1024K, 74 young (75776K), 1 survivors (1024K)
 Metaspace       used 139126K, capacity 143023K, committed 144468K, reserved 1175552K
  class space    used 16955K, capacity 18505K, committed 18944K, reserved 1048576K
}
Event: 8966.631 GC heap after
{Heap after GC invocations=134 (full 0):
 garbage-first heap   total 274432K, used 115302K [0x0000000080000000, 0x0000000100000000)
  region size 1024K, 1 young (1024K), 1 survivors (1024K)
 Metaspace       used 139126K, capacity 143023K, committed 144468K, reserved 1175552K
  class space    used 16955K, capacity 18505K, committed 18944K, reserved 1048576K
}
Event: 11139.401 GC heap before
{Heap before GC invocations=135 (full 0):
 garbage-first heap   total 274432K, used 194150K [0x0000000080000000, 0x0000000100000000)
  region size 1024K, 79 young (80896K), 1 survivors (1024K)
 Metaspace       used 138962K, capacity 142867K, committed 144724K, reserved 1175552K
  class space    used 16886K, capacity 18367K, committed 18944K, reserved 1048576K
}
Event: 11139.486 GC heap after
{Heap after GC invocations=136 (full 0):
 garbage-first heap   total 274432K, used 118612K [0x0000000080000000, 0x0000000100000000)
  region size 1024K, 4 young (4096K), 4 survivors (4096K)
 Metaspace       used 138962K, capacity 142867K, committed 144724K, reserved 1175552K
  class space    used 16886K, capacity 18367K, committed 18944K, reserved 1048576K
}
Event: 11139.612 GC heap before
{Heap before GC invocations=136 (full 0):
 garbage-first heap   total 274432K, used 126804K [0x0000000080000000, 0x0000000100000000)
  region size 1024K, 13 young (13312K), 4 survivors (4096K)
 Metaspace       used 138990K, capacity 142907K, committed 144724K, reserved 1175552K
  class space    used 16893K, capacity 18379K, committed 18944K, reserved 1048576K
}
Event: 11139.786 GC heap after
{Heap after GC invocations=137 (full 0):
 garbage-first heap   total 274432K, used 112797K [0x0000000080000000, 0x0000000100000000)
  region size 1024K, 1 young (1024K), 1 survivors (1024K)
 Metaspace       used 138990K, capacity 142907K, committed 144724K, reserved 1175552K
  class space    used 16893K, capacity 18379K, committed 18944K, reserved 1048576K
}
Event: 11142.167 GC heap before
{Heap before GC invocations=137 (full 0):
 garbage-first heap   total 274432K, used 182429K [0x0000000080000000, 0x0000000100000000)
  region size 1024K, 71 young (72704K), 1 survivors (1024K)
 Metaspace       used 139283K, capacity 143356K, committed 145108K, reserved 1175552K
  class space    used 16951K, capacity 18485K, committed 19072K, reserved 1048576K
}
Event: 11142.238 GC heap after
{Heap after GC invocations=138 (full 0):
 garbage-first heap   total 274432K, used 121463K [0x0000000080000000, 0x0000000100000000)
  region size 1024K, 10 young (10240K), 10 survivors (10240K)
 Metaspace       used 139283K, capacity 143356K, committed 145108K, reserved 1175552K
  class space    used 16951K, capacity 18485K, committed 19072K, reserved 1048576K
}
Event: 11147.890 GC heap before
{Heap before GC invocations=139 (full 0):
 garbage-first heap   total 274432K, used 203383K [0x0000000080000000, 0x0000000100000000)
  region size 1024K, 88 young (90112K), 10 survivors (10240K)
 Metaspace       used 139498K, capacity 143502K, committed 145364K, reserved 1175552K
  class space    used 16936K, capacity 18446K, committed 19072K, reserved 1048576K
}
Event: 11148.663 GC heap after
{Heap after GC invocations=140 (full 0):
 garbage-first heap   total 274432K, used 145236K [0x0000000080000000, 0x0000000100000000)
  region size 1024K, 11 young (11264K), 11 survivors (11264K)
 Metaspace       used 139498K, capacity 143502K, committed 145364K, reserved 1175552K
  class space    used 16936K, capacity 18446K, committed 19072K, reserved 1048576K
}
Event: 11148.896 GC heap before
{Heap before GC invocations=140 (full 0):
 garbage-first heap   total 274432K, used 147284K [0x0000000080000000, 0x0000000100000000)
  region size 1024K, 13 young (13312K), 11 survivors (11264K)
 Metaspace       used 139499K, capacity 143502K, committed 145364K, reserved 1175552K
  class space    used 16936K, capacity 18446K, committed 19072K, reserved 1048576K
}
Event: 11148.983 GC heap after
{Heap after GC invocations=141 (full 0):
 garbage-first heap   total 274432K, used 135617K [0x0000000080000000, 0x0000000100000000)
  region size 1024K, 2 young (2048K), 2 survivors (2048K)
 Metaspace       used 139499K, capacity 143502K, committed 145364K, reserved 1175552K
  class space    used 16936K, capacity 18446K, committed 19072K, reserved 1048576K
}
Event: 11149.678 GC heap before
{Heap before GC invocations=141 (full 0):
 garbage-first heap   total 274432K, used 145857K [0x0000000080000000, 0x0000000100000000)
  region size 1024K, 13 young (13312K), 2 survivors (2048K)
 Metaspace       used 139499K, capacity 143502K, committed 145364K, reserved 1175552K
  class space    used 16936K, capacity 18446K, committed 19072K, reserved 1048576K
}
Event: 11149.735 GC heap after
{Heap after GC invocations=142 (full 0):
 garbage-first heap   total 274432K, used 132096K [0x0000000080000000, 0x0000000100000000)
  region size 1024K, 2 young (2048K), 2 survivors (2048K)
 Metaspace       used 139499K, capacity 143502K, committed 145364K, reserved 1175552K
  class space    used 16936K, capacity 18446K, committed 19072K, reserved 1048576K
}
Event: 11149.818 GC heap before
{Heap before GC invocations=142 (full 0):
 garbage-first heap   total 274432K, used 135168K [0x0000000080000000, 0x0000000100000000)
  region size 1024K, 6 young (6144K), 2 survivors (2048K)
 Metaspace       used 139500K, capacity 143502K, committed 145364K, reserved 1175552K
  class space    used 16936K, capacity 18446K, committed 19072K, reserved 1048576K
}
Event: 11149.831 GC heap after
{Heap after GC invocations=143 (full 0):
 garbage-first heap   total 274432K, used 133632K [0x0000000080000000, 0x0000000100000000)
  region size 1024K, 4 young (4096K), 4 survivors (4096K)
 Metaspace       used 139500K, capacity 143502K, committed 145364K, reserved 1175552K
  class space    used 16936K, capacity 18446K, committed 19072K, reserved 1048576K
}
Event: 11151.680 GC heap before
{Heap before GC invocations=144 (full 0):
 garbage-first heap   total 274432K, used 174592K [0x0000000080000000, 0x0000000100000000)
  region size 1024K, 35 young (35840K), 4 survivors (4096K)
 Metaspace       used 139492K, capacity 143490K, committed 145364K, reserved 1175552K
  class space    used 16934K, capacity 18442K, committed 19072K, reserved 1048576K
}
Event: 11151.774 GC heap after
{Heap after GC invocations=145 (full 0):
 garbage-first heap   total 274432K, used 149227K [0x0000000080000000, 0x0000000100000000)
  region size 1024K, 5 young (5120K), 5 survivors (5120K)
 Metaspace       used 139492K, capacity 143490K, committed 145364K, reserved 1175552K
  class space    used 16934K, capacity 18442K, committed 19072K, reserved 1048576K
}
Event: 11152.017 GC heap before
{Heap before GC invocations=145 (full 0):
 garbage-first heap   total 274432K, used 157419K [0x0000000080000000, 0x0000000100000000)
  region size 1024K, 13 young (13312K), 5 survivors (5120K)
 Metaspace       used 139503K, capacity 143493K, committed 145364K, reserved 1175552K
  class space    used 16934K, capacity 18442K, committed 19072K, reserved 1048576K
}
Event: 11152.071 GC heap after
{Heap after GC invocations=146 (full 0):
 garbage-first heap   total 274432K, used 148705K [0x0000000080000000, 0x0000000100000000)
  region size 1024K, 2 young (2048K), 2 survivors (2048K)
 Metaspace       used 139503K, capacity 143493K, committed 145364K, reserved 1175552K
  class space    used 16934K, capacity 18442K, committed 19072K, reserved 1048576K
}

