# JRE version: OpenJDK Runtime Environment (11.0.15) (build 11.0.15+0-b2043.56-9505619)
# Java VM: OpenJDK 64-Bit Server VM (11.0.15+0-b2043.56-9505619, mixed mode, tiered, compressed oops, g1 gc, windows-amd64)
Heap:
 garbage-first heap   total 202752K, used 48771K [0x0000000080000000, 0x0000000100000000)
  region size 1024K, 13 young (13312K), 13 survivors (13312K)
 Metaspace       used 56403K, capacity 58143K, committed 58240K, reserved 1099776K
  class space    used 7165K, capacity 7808K, committed 7808K, reserved 1048576K
GC Heap History (20 events):
Event: 12.031 GC heap after
{Heap after GC invocations=7 (full 0):
 garbage-first heap   total 131072K, used 19214K [0x0000000080000000, 0x0000000100000000)
  region size 1024K, 3 young (3072K), 3 survivors (3072K)
 Metaspace       used 23737K, capacity 24361K, committed 24704K, reserved 1071104K
  class space    used 2847K, capacity 3097K, committed 3200K, reserved 1048576K
}
Event: 13.484 GC heap before
{Heap before GC invocations=7 (full 0):
 garbage-first heap   total 131072K, used 93966K [0x0000000080000000, 0x0000000100000000)
  region size 1024K, 76 young (77824K), 3 survivors (3072K)
 Metaspace       used 26533K, capacity 27137K, committed 27392K, reserved 1073152K
  class space    used 3317K, capacity 3557K, committed 3584K, reserved 1048576K
}
Event: 13.493 GC heap after
{Heap after GC invocations=8 (full 0):
 garbage-first heap   total 131072K, used 20517K [0x0000000080000000, 0x0000000100000000)
  region size 1024K, 5 young (5120K), 5 survivors (5120K)
 Metaspace       used 26533K, capacity 27137K, committed 27392K, reserved 1073152K
  class space    used 3317K, capacity 3557K, committed 3584K, reserved 1048576K
}
Event: 14.870 GC heap before
{Heap before GC invocations=8 (full 0):
 garbage-first heap   total 131072K, used 93221K [0x0000000080000000, 0x0000000100000000)
  region size 1024K, 76 young (77824K), 5 survivors (5120K)
 Metaspace       used 29672K, capacity 30345K, committed 30464K, reserved 1075200K
  class space    used 3800K, capacity 4078K, committed 4096K, reserved 1048576K
}
Event: 14.888 GC heap after
{Heap after GC invocations=9 (full 0):
 garbage-first heap   total 131072K, used 21449K [0x0000000080000000, 0x0000000100000000)
  region size 1024K, 6 young (6144K), 6 survivors (6144K)
 Metaspace       used 29672K, capacity 30345K, committed 30464K, reserved 1075200K
  class space    used 3800K, capacity 4078K, committed 4096K, reserved 1048576K
}
Event: 16.657 GC heap before
{Heap before GC invocations=9 (full 0):
 garbage-first heap   total 131072K, used 93129K [0x0000000080000000, 0x0000000100000000)
  region size 1024K, 76 young (77824K), 6 survivors (6144K)
 Metaspace       used 32594K, capacity 33395K, committed 33536K, reserved 1079296K
  class space    used 4260K, capacity 4585K, committed 4608K, reserved 1048576K
}
Event: 16.674 GC heap after
{Heap after GC invocations=10 (full 0):
 garbage-first heap   total 131072K, used 22793K [0x0000000080000000, 0x0000000100000000)
  region size 1024K, 7 young (7168K), 7 survivors (7168K)
 Metaspace       used 32594K, capacity 33395K, committed 33536K, reserved 1079296K
  class space    used 4260K, capacity 4585K, committed 4608K, reserved 1048576K
}
Event: 17.348 GC heap before
{Heap before GC invocations=10 (full 0):
 garbage-first heap   total 131072K, used 65801K [0x0000000080000000, 0x0000000100000000)
  region size 1024K, 50 young (51200K), 7 survivors (7168K)
 Metaspace       used 34934K, capacity 35756K, committed 35840K, reserved 1081344K
  class space    used 4582K, capacity 4927K, committed 4992K, reserved 1048576K
}
Event: 17.368 GC heap after
{Heap after GC invocations=11 (full 0):
 garbage-first heap   total 168960K, used 23466K [0x0000000080000000, 0x0000000100000000)
  region size 1024K, 6 young (6144K), 6 survivors (6144K)
 Metaspace       used 34934K, capacity 35756K, committed 35840K, reserved 1081344K
  class space    used 4582K, capacity 4927K, committed 4992K, reserved 1048576K
}
Event: 18.740 GC heap before
{Heap before GC invocations=12 (full 0):
 garbage-first heap   total 168960K, used 118698K [0x0000000080000000, 0x0000000100000000)
  region size 1024K, 99 young (101376K), 6 survivors (6144K)
 Metaspace       used 39977K, capacity 40961K, committed 41216K, reserved 1085440K
  class space    used 5144K, capacity 5557K, committed 5632K, reserved 1048576K
}
Event: 18.756 GC heap after
{Heap after GC invocations=13 (full 0):
 garbage-first heap   total 168960K, used 25673K [0x0000000080000000, 0x0000000100000000)
  region size 1024K, 8 young (8192K), 8 survivors (8192K)
 Metaspace       used 39977K, capacity 40961K, committed 41216K, reserved 1085440K
  class space    used 5144K, capacity 5557K, committed 5632K, reserved 1048576K
}
Event: 20.289 GC heap before
{Heap before GC invocations=13 (full 0):
 garbage-first heap   total 168960K, used 130121K [0x0000000080000000, 0x0000000100000000)
  region size 1024K, 99 young (101376K), 8 survivors (8192K)
 Metaspace       used 43362K, capacity 44489K, committed 44544K, reserved 1087488K
  class space    used 5438K, capacity 5878K, committed 5888K, reserved 1048576K
}
Event: 20.311 GC heap after
{Heap after GC invocations=14 (full 0):
 garbage-first heap   total 168960K, used 28864K [0x0000000080000000, 0x0000000100000000)
  region size 1024K, 10 young (10240K), 10 survivors (10240K)
 Metaspace       used 43362K, capacity 44489K, committed 44544K, reserved 1087488K
  class space    used 5438K, capacity 5878K, committed 5888K, reserved 1048576K
}
Event: 21.715 GC heap before
{Heap before GC invocations=14 (full 0):
 garbage-first heap   total 168960K, used 118976K [0x0000000080000000, 0x0000000100000000)
  region size 1024K, 99 young (101376K), 10 survivors (10240K)
 Metaspace       used 46327K, capacity 47563K, committed 47616K, reserved 1091584K
  class space    used 5896K, capacity 6350K, committed 6400K, reserved 1048576K
}
Event: 21.741 GC heap after
{Heap after GC invocations=15 (full 0):
 garbage-first heap   total 168960K, used 32493K [0x0000000080000000, 0x0000000100000000)
  region size 1024K, 10 young (10240K), 10 survivors (10240K)
 Metaspace       used 46327K, capacity 47563K, committed 47616K, reserved 1091584K
  class space    used 5896K, capacity 6350K, committed 6400K, reserved 1048576K
}
Event: 23.039 GC heap before
{Heap before GC invocations=15 (full 0):
 garbage-first heap   total 168960K, used 126701K [0x0000000080000000, 0x0000000100000000)
  region size 1024K, 99 young (101376K), 10 survivors (10240K)
 Metaspace       used 49742K, capacity 51184K, committed 51456K, reserved 1093632K
  class space    used 6318K, capacity 6855K, committed 6912K, reserved 1048576K
}
Event: 23.060 GC heap after
{Heap after GC invocations=16 (full 0):
 garbage-first heap   total 168960K, used 34166K [0x0000000080000000, 0x0000000100000000)
  region size 1024K, 9 young (9216K), 9 survivors (9216K)
 Metaspace       used 49742K, capacity 51184K, committed 51456K, reserved 1093632K
  class space    used 6318K, capacity 6855K, committed 6912K, reserved 1048576K
}
Event: 25.034 GC heap before
{Heap before GC invocations=16 (full 0):
 garbage-first heap   total 168960K, used 126326K [0x0000000080000000, 0x0000000100000000)
  region size 1024K, 99 young (101376K), 9 survivors (9216K)
 Metaspace       used 53056K, capacity 54736K, committed 55040K, reserved 1097728K
  class space    used 6725K, capacity 7328K, committed 7424K, reserved 1048576K
}
Event: 25.064 GC heap after
{Heap after GC invocations=17 (full 0):
 garbage-first heap   total 168960K, used 37009K [0x0000000080000000, 0x0000000100000000)
  region size 1024K, 8 young (8192K), 8 survivors (8192K)
 Metaspace       used 53056K, capacity 54736K, committed 55040K, reserved 1097728K
  class space    used 6725K, capacity 7328K, committed 7424K, reserved 1048576K
}
Event: 26.309 GC heap before
{Heap before GC invocations=17 (full 0):
 garbage-first heap   total 168960K, used 134289K [0x0000000080000000, 0x0000000100000000)
  region size 1024K, 99 young (101376K), 8 survivors (8192K)
 Metaspace       used 56403K, capacity 58143K, committed 58240K, reserved 1099776K
  class space    used 7165K, capacity 7808K, committed 7808K, reserved 1048576K
}

