# JRE version: OpenJDK Runtime Environment (11.0.15) (build 11.0.15+0-b2043.56-9505619)
# Java VM: OpenJDK 64-Bit Server VM (11.0.15+0-b2043.56-9505619, mixed mode, tiered, compressed oops, g1 gc, windows-amd64)
Heap:
 garbage-first heap   total 227328K, used 93184K [0x0000000080000000, 0x0000000100000000)
  region size 1024K, 24 young (24576K), 5 survivors (5120K)
 Metaspace       used 86314K, capacity 88871K, committed 89088K, reserved 1126400K
  class space    used 11280K, capacity 12282K, committed 12288K, reserved 1048576K
GC Heap History (20 events):
Event: 27.911 GC heap before
{Heap before GC invocations=22 (full 0):
 garbage-first heap   total 157696K, used 114404K [0x0000000080000000, 0x0000000100000000)
  region size 1024K, 66 young (67584K), 2 survivors (2048K)
 Metaspace       used 61003K, capacity 62885K, committed 63232K, reserved 1103872K
  class space    used 7657K, capacity 8342K, committed 8448K, reserved 1048576K
}
Event: 27.920 GC heap after
{Heap after GC invocations=23 (full 0):
 garbage-first heap   total 157696K, used 49460K [0x0000000080000000, 0x0000000100000000)
  region size 1024K, 2 young (2048K), 2 survivors (2048K)
 Metaspace       used 61003K, capacity 62885K, committed 63232K, reserved 1103872K
  class space    used 7657K, capacity 8342K, committed 8448K, reserved 1048576K
}
Event: 29.195 GC heap before
{Heap before GC invocations=24 (full 0):
 garbage-first heap   total 157696K, used 119092K [0x0000000080000000, 0x0000000100000000)
  region size 1024K, 70 young (71680K), 2 survivors (2048K)
 Metaspace       used 64365K, capacity 66348K, committed 66560K, reserved 1107968K
  class space    used 8137K, capacity 8861K, committed 8960K, reserved 1048576K
}
Event: 29.205 GC heap after
{Heap after GC invocations=25 (full 0):
 garbage-first heap   total 157696K, used 51454K [0x0000000080000000, 0x0000000100000000)
  region size 1024K, 4 young (4096K), 4 survivors (4096K)
 Metaspace       used 64365K, capacity 66348K, committed 66560K, reserved 1107968K
  class space    used 8137K, capacity 8861K, committed 8960K, reserved 1048576K
}
Event: 30.519 GC heap before
{Heap before GC invocations=25 (full 0):
 garbage-first heap   total 157696K, used 128254K [0x0000000080000000, 0x0000000100000000)
  region size 1024K, 72 young (73728K), 4 survivors (4096K)
 Metaspace       used 67142K, capacity 69140K, committed 69504K, reserved 1110016K
  class space    used 8467K, capacity 9235K, committed 9344K, reserved 1048576K
}
Event: 30.536 GC heap after
{Heap after GC invocations=26 (full 0):
 garbage-first heap   total 157696K, used 55024K [0x0000000080000000, 0x0000000100000000)
  region size 1024K, 8 young (8192K), 8 survivors (8192K)
 Metaspace       used 67142K, capacity 69140K, committed 69504K, reserved 1110016K
  class space    used 8467K, capacity 9235K, committed 9344K, reserved 1048576K
}
Event: 31.585 GC heap before
{Heap before GC invocations=26 (full 0):
 garbage-first heap   total 157696K, used 122608K [0x0000000080000000, 0x0000000100000000)
  region size 1024K, 74 young (75776K), 8 survivors (8192K)
 Metaspace       used 69515K, capacity 71661K, committed 71808K, reserved 1112064K
  class space    used 8795K, capacity 9580K, committed 9600K, reserved 1048576K
}
Event: 31.603 GC heap after
{Heap after GC invocations=27 (full 0):
 garbage-first heap   total 189440K, used 57614K [0x0000000080000000, 0x0000000100000000)
  region size 1024K, 7 young (7168K), 7 survivors (7168K)
 Metaspace       used 69515K, capacity 71661K, committed 71808K, reserved 1112064K
  class space    used 8795K, capacity 9580K, committed 9600K, reserved 1048576K
}
Event: 33.013 GC heap before
{Heap before GC invocations=27 (full 0):
 garbage-first heap   total 189440K, used 134414K [0x0000000080000000, 0x0000000100000000)
  region size 1024K, 81 young (82944K), 7 survivors (7168K)
 Metaspace       used 70800K, capacity 72964K, committed 73088K, reserved 1112064K
  class space    used 8977K, capacity 9798K, committed 9856K, reserved 1048576K
}
Event: 33.030 GC heap after
{Heap after GC invocations=28 (full 0):
 garbage-first heap   total 189440K, used 61647K [0x0000000080000000, 0x0000000100000000)
  region size 1024K, 7 young (7168K), 7 survivors (7168K)
 Metaspace       used 70800K, capacity 72964K, committed 73088K, reserved 1112064K
  class space    used 8977K, capacity 9798K, committed 9856K, reserved 1048576K
}
Event: 34.220 GC heap before
{Heap before GC invocations=28 (full 0):
 garbage-first heap   total 189440K, used 142543K [0x0000000080000000, 0x0000000100000000)
  region size 1024K, 86 young (88064K), 7 survivors (7168K)
 Metaspace       used 73763K, capacity 75926K, committed 76032K, reserved 1116160K
  class space    used 9393K, capacity 10227K, committed 10240K, reserved 1048576K
}
Event: 34.235 GC heap after
{Heap after GC invocations=29 (full 0):
 garbage-first heap   total 189440K, used 63810K [0x0000000080000000, 0x0000000100000000)
  region size 1024K, 6 young (6144K), 6 survivors (6144K)
 Metaspace       used 73763K, capacity 75926K, committed 76032K, reserved 1116160K
  class space    used 9393K, capacity 10227K, committed 10240K, reserved 1048576K
}
Event: 35.598 GC heap before
{Heap before GC invocations=29 (full 0):
 garbage-first heap   total 189440K, used 146754K [0x0000000080000000, 0x0000000100000000)
  region size 1024K, 87 young (89088K), 6 survivors (6144K)
 Metaspace       used 77151K, capacity 79411K, committed 79488K, reserved 1118208K
  class space    used 9997K, capacity 10851K, committed 10880K, reserved 1048576K
}
Event: 35.614 GC heap after
{Heap after GC invocations=30 (full 0):
 garbage-first heap   total 189440K, used 65251K [0x0000000080000000, 0x0000000100000000)
  region size 1024K, 8 young (8192K), 8 survivors (8192K)
 Metaspace       used 77151K, capacity 79411K, committed 79488K, reserved 1118208K
  class space    used 9997K, capacity 10851K, committed 10880K, reserved 1048576K
}
Event: 36.808 GC heap before
{Heap before GC invocations=30 (full 0):
 garbage-first heap   total 189440K, used 149219K [0x0000000080000000, 0x0000000100000000)
  region size 1024K, 90 young (92160K), 8 survivors (8192K)
 Metaspace       used 79267K, capacity 81663K, committed 81920K, reserved 1120256K
  class space    used 10299K, capacity 11189K, committed 11264K, reserved 1048576K
}
Event: 36.831 GC heap after
{Heap after GC invocations=31 (full 0):
 garbage-first heap   total 189440K, used 69762K [0x0000000080000000, 0x0000000100000000)
  region size 1024K, 8 young (8192K), 8 survivors (8192K)
 Metaspace       used 79267K, capacity 81663K, committed 81920K, reserved 1120256K
  class space    used 10299K, capacity 11189K, committed 11264K, reserved 1048576K
}
Event: 38.125 GC heap before
{Heap before GC invocations=31 (full 0):
 garbage-first heap   total 189440K, used 151682K [0x0000000080000000, 0x0000000100000000)
  region size 1024K, 88 young (90112K), 8 survivors (8192K)
 Metaspace       used 82327K, capacity 84757K, committed 84992K, reserved 1122304K
  class space    used 10741K, capacity 11665K, committed 11776K, reserved 1048576K
}
Event: 38.146 GC heap after
{Heap after GC invocations=32 (full 0):
 garbage-first heap   total 189440K, used 71751K [0x0000000080000000, 0x0000000100000000)
  region size 1024K, 7 young (7168K), 7 survivors (7168K)
 Metaspace       used 82327K, capacity 84757K, committed 84992K, reserved 1122304K
  class space    used 10741K, capacity 11665K, committed 11776K, reserved 1048576K
}
Event: 39.471 GC heap before
{Heap before GC invocations=32 (full 0):
 garbage-first heap   total 189440K, used 153671K [0x0000000080000000, 0x0000000100000000)
  region size 1024K, 87 young (89088K), 7 survivors (7168K)
 Metaspace       used 85662K, capacity 88203K, committed 88320K, reserved 1126400K
  class space    used 11192K, capacity 12190K, committed 12288K, reserved 1048576K
}
Event: 39.499 GC heap after
{Heap after GC invocations=33 (full 0):
 garbage-first heap   total 227328K, used 74752K [0x0000000080000000, 0x0000000100000000)
  region size 1024K, 5 young (5120K), 5 survivors (5120K)
 Metaspace       used 85662K, capacity 88203K, committed 88320K, reserved 1126400K
  class space    used 11192K, capacity 12190K, committed 12288K, reserved 1048576K
}

