# JRE version: OpenJDK Runtime Environment (11.0.15) (build 11.0.15+0-b2043.56-9505619)
# Java VM: OpenJDK 64-Bit Server VM (11.0.15+0-b2043.56-9505619, mixed mode, tiered, compressed oops, g1 gc, windows-amd64)
Heap:
 garbage-first heap   total 189440K, used 32480K [0x0000000080000000, 0x0000000100000000)
  region size 1024K, 5 young (5120K), 5 survivors (5120K)
 Metaspace       used 48595K, capacity 49953K, committed 50176K, reserved 1093632K
  class space    used 6151K, capacity 6630K, committed 6656K, reserved 1048576K
GC Heap History (20 events):
Event: 4.306 GC heap after
{Heap after GC invocations=3 (full 0):
 garbage-first heap   total 131072K, used 14932K [0x0000000080000000, 0x0000000100000000)
  region size 1024K, 10 young (10240K), 10 survivors (10240K)
 Metaspace       used 14569K, capacity 14953K, committed 14976K, reserved 1062912K
  class space    used 1527K, capacity 1651K, committed 1664K, reserved 1048576K
}
Event: 6.545 GC heap before
{Heap before GC invocations=3 (full 0):
 garbage-first heap   total 131072K, used 82516K [0x0000000080000000, 0x0000000100000000)
  region size 1024K, 76 young (77824K), 10 survivors (10240K)
 Metaspace       used 18667K, capacity 19076K, committed 19200K, reserved 1067008K
  class space    used 2105K, capacity 2239K, committed 2304K, reserved 1048576K
}
Event: 6.593 GC heap after
{Heap after GC invocations=4 (full 0):
 garbage-first heap   total 131072K, used 16595K [0x0000000080000000, 0x0000000100000000)
  region size 1024K, 2 young (2048K), 2 survivors (2048K)
 Metaspace       used 18667K, capacity 19076K, committed 19200K, reserved 1067008K
  class space    used 2105K, capacity 2239K, committed 2304K, reserved 1048576K
}
Event: 7.189 GC heap before
{Heap before GC invocations=4 (full 0):
 garbage-first heap   total 131072K, used 57555K [0x0000000080000000, 0x0000000100000000)
  region size 1024K, 43 young (44032K), 2 survivors (2048K)
 Metaspace       used 20783K, capacity 21200K, committed 21248K, reserved 1069056K
  class space    used 2397K, capacity 2544K, committed 2560K, reserved 1048576K
}
Event: 7.197 GC heap after
{Heap after GC invocations=5 (full 0):
 garbage-first heap   total 131072K, used 16961K [0x0000000080000000, 0x0000000100000000)
  region size 1024K, 2 young (2048K), 2 survivors (2048K)
 Metaspace       used 20783K, capacity 21200K, committed 21248K, reserved 1069056K
  class space    used 2397K, capacity 2544K, committed 2560K, reserved 1048576K
}
Event: 8.166 GC heap before
{Heap before GC invocations=6 (full 0):
 garbage-first heap   total 131072K, used 92737K [0x0000000080000000, 0x0000000100000000)
  region size 1024K, 76 young (77824K), 2 survivors (2048K)
 Metaspace       used 23718K, capacity 24172K, committed 24448K, reserved 1071104K
  class space    used 2919K, capacity 3094K, committed 3200K, reserved 1048576K
}
Event: 8.182 GC heap after
{Heap after GC invocations=7 (full 0):
 garbage-first heap   total 131072K, used 17916K [0x0000000080000000, 0x0000000100000000)
  region size 1024K, 3 young (3072K), 3 survivors (3072K)
 Metaspace       used 23718K, capacity 24172K, committed 24448K, reserved 1071104K
  class space    used 2919K, capacity 3094K, committed 3200K, reserved 1048576K
}
Event: 9.372 GC heap before
{Heap before GC invocations=7 (full 0):
 garbage-first heap   total 131072K, used 92668K [0x0000000080000000, 0x0000000100000000)
  region size 1024K, 76 young (77824K), 3 survivors (3072K)
 Metaspace       used 27334K, capacity 27968K, committed 28160K, reserved 1073152K
  class space    used 3485K, capacity 3729K, committed 3840K, reserved 1048576K
}
Event: 9.384 GC heap after
{Heap after GC invocations=8 (full 0):
 garbage-first heap   total 157696K, used 19081K [0x0000000080000000, 0x0000000100000000)
  region size 1024K, 4 young (4096K), 4 survivors (4096K)
 Metaspace       used 27334K, capacity 27968K, committed 28160K, reserved 1073152K
  class space    used 3485K, capacity 3729K, committed 3840K, reserved 1048576K
}
Event: 10.466 GC heap before
{Heap before GC invocations=8 (full 0):
 garbage-first heap   total 157696K, used 106121K [0x0000000080000000, 0x0000000100000000)
  region size 1024K, 89 young (91136K), 4 survivors (4096K)
 Metaspace       used 31012K, capacity 31720K, committed 31744K, reserved 1077248K
  class space    used 4059K, capacity 4344K, committed 4352K, reserved 1048576K
}
Event: 10.479 GC heap after
{Heap after GC invocations=9 (full 0):
 garbage-first heap   total 157696K, used 20465K [0x0000000080000000, 0x0000000100000000)
  region size 1024K, 6 young (6144K), 6 survivors (6144K)
 Metaspace       used 31012K, capacity 31720K, committed 31744K, reserved 1077248K
  class space    used 4059K, capacity 4344K, committed 4352K, reserved 1048576K
}
Event: 11.418 GC heap before
{Heap before GC invocations=9 (full 0):
 garbage-first heap   total 157696K, used 95217K [0x0000000080000000, 0x0000000100000000)
  region size 1024K, 80 young (81920K), 6 survivors (6144K)
 Metaspace       used 34899K, capacity 35686K, committed 35840K, reserved 1081344K
  class space    used 4570K, capacity 4880K, committed 4992K, reserved 1048576K
}
Event: 11.435 GC heap after
{Heap after GC invocations=10 (full 0):
 garbage-first heap   total 157696K, used 22083K [0x0000000080000000, 0x0000000100000000)
  region size 1024K, 7 young (7168K), 7 survivors (7168K)
 Metaspace       used 34899K, capacity 35686K, committed 35840K, reserved 1081344K
  class space    used 4570K, capacity 4880K, committed 4992K, reserved 1048576K
}
Event: 12.568 GC heap before
{Heap before GC invocations=11 (full 0):
 garbage-first heap   total 157696K, used 108099K [0x0000000080000000, 0x0000000100000000)
  region size 1024K, 92 young (94208K), 7 survivors (7168K)
 Metaspace       used 39389K, capacity 40345K, committed 40576K, reserved 1085440K
  class space    used 5012K, capacity 5389K, committed 5504K, reserved 1048576K
}
Event: 12.591 GC heap after
{Heap after GC invocations=12 (full 0):
 garbage-first heap   total 157696K, used 25781K [0x0000000080000000, 0x0000000100000000)
  region size 1024K, 10 young (10240K), 10 survivors (10240K)
 Metaspace       used 39389K, capacity 40345K, committed 40576K, reserved 1085440K
  class space    used 5012K, capacity 5389K, committed 5504K, reserved 1048576K
}
Event: 13.568 GC heap before
{Heap before GC invocations=12 (full 0):
 garbage-first heap   total 157696K, used 119989K [0x0000000080000000, 0x0000000100000000)
  region size 1024K, 92 young (94208K), 10 survivors (10240K)
 Metaspace       used 41904K, capacity 42949K, committed 43136K, reserved 1087488K
  class space    used 5270K, capacity 5657K, committed 5760K, reserved 1048576K
}
Event: 13.590 GC heap after
{Heap after GC invocations=13 (full 0):
 garbage-first heap   total 157696K, used 28299K [0x0000000080000000, 0x0000000100000000)
  region size 1024K, 9 young (9216K), 9 survivors (9216K)
 Metaspace       used 41904K, capacity 42949K, committed 43136K, reserved 1087488K
  class space    used 5270K, capacity 5657K, committed 5760K, reserved 1048576K
}
Event: 14.558 GC heap before
{Heap before GC invocations=13 (full 0):
 garbage-first heap   total 157696K, used 115339K [0x0000000080000000, 0x0000000100000000)
  region size 1024K, 92 young (94208K), 9 survivors (9216K)
 Metaspace       used 44958K, capacity 46162K, committed 46336K, reserved 1089536K
  class space    used 5714K, capacity 6132K, committed 6144K, reserved 1048576K
}
Event: 14.583 GC heap after
{Heap after GC invocations=14 (full 0):
 garbage-first heap   total 157696K, used 35224K [0x0000000080000000, 0x0000000100000000)
  region size 1024K, 11 young (11264K), 11 survivors (11264K)
 Metaspace       used 44958K, capacity 46162K, committed 46336K, reserved 1089536K
  class space    used 5714K, capacity 6132K, committed 6144K, reserved 1048576K
}
Event: 15.515 GC heap before
{Heap before GC invocations=14 (full 0):
 garbage-first heap   total 157696K, used 119192K [0x0000000080000000, 0x0000000100000000)
  region size 1024K, 92 young (94208K), 11 survivors (11264K)
 Metaspace       used 48595K, capacity 49953K, committed 50176K, reserved 1093632K
  class space    used 6151K, capacity 6630K, committed 6656K, reserved 1048576K
}

