# JRE version: OpenJDK Runtime Environment (11.0.15) (build 11.0.15+0-b2043.56-9505619)
# Java VM: OpenJDK 64-Bit Server VM (11.0.15+0-b2043.56-9505619, mixed mode, tiered, compressed oops, g1 gc, windows-amd64)
Heap:
 garbage-first heap   total 189440K, used 68009K [0x0000000080000000, 0x0000000100000000)
  region size 1024K, 35 young (35840K), 13 survivors (13312K)
 Metaspace       used 55476K, capacity 57231K, committed 57472K, reserved 1099776K
  class space    used 7053K, capacity 7732K, committed 7808K, reserved 1048576K
GC Heap History (20 events):
Event: 14.358 GC heap before
{Heap before GC invocations=7 (full 0):
 garbage-first heap   total 131072K, used 91384K [0x0000000080000000, 0x0000000100000000)
  region size 1024K, 74 young (75776K), 3 survivors (3072K)
 Metaspace       used 26398K, capacity 27023K, committed 27136K, reserved 1073152K
  class space    used 3291K, capacity 3556K, committed 3584K, reserved 1048576K
}
Event: 14.368 GC heap after
{Heap after GC invocations=8 (full 0):
 garbage-first heap   total 131072K, used 19988K [0x0000000080000000, 0x0000000100000000)
  region size 1024K, 5 young (5120K), 5 survivors (5120K)
 Metaspace       used 26398K, capacity 27023K, committed 27136K, reserved 1073152K
  class space    used 3291K, capacity 3556K, committed 3584K, reserved 1048576K
}
Event: 15.811 GC heap before
{Heap before GC invocations=8 (full 0):
 garbage-first heap   total 131072K, used 92692K [0x0000000080000000, 0x0000000100000000)
  region size 1024K, 76 young (77824K), 5 survivors (5120K)
 Metaspace       used 29547K, capacity 30264K, committed 30464K, reserved 1075200K
  class space    used 3776K, capacity 4045K, committed 4096K, reserved 1048576K
}
Event: 15.826 GC heap after
{Heap after GC invocations=9 (full 0):
 garbage-first heap   total 131072K, used 21288K [0x0000000080000000, 0x0000000100000000)
  region size 1024K, 6 young (6144K), 6 survivors (6144K)
 Metaspace       used 29547K, capacity 30264K, committed 30464K, reserved 1075200K
  class space    used 3776K, capacity 4045K, committed 4096K, reserved 1048576K
}
Event: 16.830 GC heap before
{Heap before GC invocations=9 (full 0):
 garbage-first heap   total 131072K, used 92968K [0x0000000080000000, 0x0000000100000000)
  region size 1024K, 76 young (77824K), 6 survivors (6144K)
 Metaspace       used 32474K, capacity 33226K, committed 33536K, reserved 1079296K
  class space    used 4233K, capacity 4546K, committed 4608K, reserved 1048576K
}
Event: 16.842 GC heap after
{Heap after GC invocations=10 (full 0):
 garbage-first heap   total 131072K, used 22180K [0x0000000080000000, 0x0000000100000000)
  region size 1024K, 5 young (5120K), 5 survivors (5120K)
 Metaspace       used 32474K, capacity 33226K, committed 33536K, reserved 1079296K
  class space    used 4233K, capacity 4546K, committed 4608K, reserved 1048576K
}
Event: 17.558 GC heap before
{Heap before GC invocations=10 (full 0):
 garbage-first heap   total 131072K, used 68260K [0x0000000080000000, 0x0000000100000000)
  region size 1024K, 51 young (52224K), 5 survivors (5120K)
 Metaspace       used 34957K, capacity 35776K, committed 35840K, reserved 1081344K
  class space    used 4585K, capacity 4928K, committed 4992K, reserved 1048576K
}
Event: 17.576 GC heap after
{Heap after GC invocations=11 (full 0):
 garbage-first heap   total 131072K, used 22706K [0x0000000080000000, 0x0000000100000000)
  region size 1024K, 6 young (6144K), 6 survivors (6144K)
 Metaspace       used 34957K, capacity 35776K, committed 35840K, reserved 1081344K
  class space    used 4585K, capacity 4928K, committed 4992K, reserved 1048576K
}
Event: 18.697 GC heap before
{Heap before GC invocations=12 (full 0):
 garbage-first heap   total 131072K, used 91314K [0x0000000080000000, 0x0000000100000000)
  region size 1024K, 74 young (75776K), 6 survivors (6144K)
 Metaspace       used 38689K, capacity 39635K, committed 39680K, reserved 1083392K
  class space    used 4972K, capacity 5364K, committed 5376K, reserved 1048576K
}
Event: 18.722 GC heap after
{Heap after GC invocations=13 (full 0):
 garbage-first heap   total 157696K, used 25025K [0x0000000080000000, 0x0000000100000000)
  region size 1024K, 8 young (8192K), 8 survivors (8192K)
 Metaspace       used 38689K, capacity 39635K, committed 39680K, reserved 1083392K
  class space    used 4972K, capacity 5364K, committed 5376K, reserved 1048576K
}
Event: 19.846 GC heap before
{Heap before GC invocations=13 (full 0):
 garbage-first heap   total 157696K, used 105921K [0x0000000080000000, 0x0000000100000000)
  region size 1024K, 88 young (90112K), 8 survivors (8192K)
 Metaspace       used 41674K, capacity 42756K, committed 42880K, reserved 1087488K
  class space    used 5300K, capacity 5740K, committed 5760K, reserved 1048576K
}
Event: 19.869 GC heap after
{Heap after GC invocations=14 (full 0):
 garbage-first heap   total 157696K, used 28384K [0x0000000080000000, 0x0000000100000000)
  region size 1024K, 9 young (9216K), 9 survivors (9216K)
 Metaspace       used 41674K, capacity 42756K, committed 42880K, reserved 1087488K
  class space    used 5300K, capacity 5740K, committed 5760K, reserved 1048576K
}
Event: 21.357 GC heap before
{Heap before GC invocations=14 (full 0):
 garbage-first heap   total 157696K, used 124640K [0x0000000080000000, 0x0000000100000000)
  region size 1024K, 92 young (94208K), 9 survivors (9216K)
 Metaspace       used 44655K, capacity 45883K, committed 46080K, reserved 1089536K
  class space    used 5632K, capacity 6061K, committed 6144K, reserved 1048576K
}
Event: 21.383 GC heap after
{Heap after GC invocations=15 (full 0):
 garbage-first heap   total 157696K, used 31559K [0x0000000080000000, 0x0000000100000000)
  region size 1024K, 10 young (10240K), 10 survivors (10240K)
 Metaspace       used 44655K, capacity 45883K, committed 46080K, reserved 1089536K
  class space    used 5632K, capacity 6061K, committed 6144K, reserved 1048576K
}
Event: 22.417 GC heap before
{Heap before GC invocations=15 (full 0):
 garbage-first heap   total 157696K, used 119623K [0x0000000080000000, 0x0000000100000000)
  region size 1024K, 92 young (94208K), 10 survivors (10240K)
 Metaspace       used 48034K, capacity 49335K, committed 49664K, reserved 1091584K
  class space    used 6048K, capacity 6530K, committed 6656K, reserved 1048576K
}
Event: 22.438 GC heap after
{Heap after GC invocations=16 (full 0):
 garbage-first heap   total 157696K, used 32635K [0x0000000080000000, 0x0000000100000000)
  region size 1024K, 5 young (5120K), 5 survivors (5120K)
 Metaspace       used 48034K, capacity 49335K, committed 49664K, reserved 1091584K
  class space    used 6048K, capacity 6530K, committed 6656K, reserved 1048576K
}
Event: 23.639 GC heap before
{Heap before GC invocations=16 (full 0):
 garbage-first heap   total 157696K, used 121723K [0x0000000080000000, 0x0000000100000000)
  region size 1024K, 92 young (94208K), 5 survivors (5120K)
 Metaspace       used 51152K, capacity 52643K, committed 52864K, reserved 1095680K
  class space    used 6505K, capacity 7036K, committed 7040K, reserved 1048576K
}
Event: 23.661 GC heap after
{Heap after GC invocations=17 (full 0):
 garbage-first heap   total 189440K, used 33416K [0x0000000080000000, 0x0000000100000000)
  region size 1024K, 6 young (6144K), 6 survivors (6144K)
 Metaspace       used 51152K, capacity 52643K, committed 52864K, reserved 1095680K
  class space    used 6505K, capacity 7036K, committed 7040K, reserved 1048576K
}
Event: 25.902 GC heap before
{Heap before GC invocations=17 (full 0):
 garbage-first heap   total 189440K, used 136840K [0x0000000080000000, 0x0000000100000000)
  region size 1024K, 104 young (106496K), 6 survivors (6144K)
 Metaspace       used 54581K, capacity 56330K, committed 56576K, reserved 1097728K
  class space    used 6921K, capacity 7579K, committed 7680K, reserved 1048576K
}
Event: 25.926 GC heap after
{Heap after GC invocations=18 (full 0):
 garbage-first heap   total 189440K, used 46505K [0x0000000080000000, 0x0000000100000000)
  region size 1024K, 13 young (13312K), 13 survivors (13312K)
 Metaspace       used 54581K, capacity 56330K, committed 56576K, reserved 1097728K
  class space    used 6921K, capacity 7579K, committed 7680K, reserved 1048576K
}

