# JRE version: OpenJDK Runtime Environment (11.0.15) (build 11.0.15+0-b2043.56-9505619)
# Java VM: OpenJDK 64-Bit Server VM (11.0.15+0-b2043.56-9505619, mixed mode, tiered, compressed oops, g1 gc, windows-amd64)
Heap:
 garbage-first heap   total 273408K, used 129761K [0x0000000080000000, 0x0000000100000000)
  region size 1024K, 3 young (3072K), 3 survivors (3072K)
 Metaspace       used 83611K, capacity 85985K, committed 86224K, reserved 1124352K
  class space    used 10821K, capacity 11683K, committed 11808K, reserved 1048576K
GC Heap History (20 events):
Event: 12.270 GC heap after
{Heap after GC invocations=21 (full 0):
 garbage-first heap   total 189440K, used 94990K [0x0000000080000000, 0x0000000100000000)
  region size 1024K, 5 young (5120K), 5 survivors (5120K)
 Metaspace       used 51837K, capacity 53553K, committed 53840K, reserved 1095680K
  class space    used 6660K, capacity 7230K, committed 7328K, reserved 1048576K
}
Event: 13.306 GC heap before
{Heap before GC invocations=21 (full 0):
 garbage-first heap   total 189440K, used 142094K [0x0000000080000000, 0x0000000100000000)
  region size 1024K, 52 young (53248K), 5 survivors (5120K)
 Metaspace       used 55158K, capacity 56920K, committed 57168K, reserved 1099776K
  class space    used 7150K, capacity 7753K, committed 7840K, reserved 1048576K
}
Event: 13.330 GC heap after
{Heap after GC invocations=22 (full 0):
 garbage-first heap   total 189440K, used 97597K [0x0000000080000000, 0x0000000100000000)
  region size 1024K, 6 young (6144K), 6 survivors (6144K)
 Metaspace       used 55158K, capacity 56920K, committed 57168K, reserved 1099776K
  class space    used 7150K, capacity 7753K, committed 7840K, reserved 1048576K
}
Event: 14.052 GC heap before
{Heap before GC invocations=23 (full 0):
 garbage-first heap   total 189440K, used 117053K [0x0000000080000000, 0x0000000100000000)
  region size 1024K, 26 young (26624K), 6 survivors (6144K)
 Metaspace       used 57267K, capacity 59080K, committed 59216K, reserved 1099776K
  class space    used 7372K, capacity 7979K, committed 8096K, reserved 1048576K
}
Event: 14.069 GC heap after
{Heap after GC invocations=24 (full 0):
 garbage-first heap   total 189440K, used 98115K [0x0000000080000000, 0x0000000100000000)
  region size 1024K, 4 young (4096K), 4 survivors (4096K)
 Metaspace       used 57267K, capacity 59080K, committed 59216K, reserved 1099776K
  class space    used 7372K, capacity 7979K, committed 8096K, reserved 1048576K
}
Event: 14.856 GC heap before
{Heap before GC invocations=25 (full 0):
 garbage-first heap   total 189440K, used 147267K [0x0000000080000000, 0x0000000100000000)
  region size 1024K, 50 young (51200K), 4 survivors (4096K)
 Metaspace       used 62356K, capacity 64290K, committed 64464K, reserved 1105920K
  class space    used 7997K, capacity 8668K, committed 8736K, reserved 1048576K
}
Event: 14.871 GC heap after
{Heap after GC invocations=26 (full 0):
 garbage-first heap   total 227328K, used 106343K [0x0000000080000000, 0x0000000100000000)
  region size 1024K, 7 young (7168K), 7 survivors (7168K)
 Metaspace       used 62356K, capacity 64290K, committed 64464K, reserved 1105920K
  class space    used 7997K, capacity 8668K, committed 8736K, reserved 1048576K
}
Event: 15.881 GC heap before
{Heap before GC invocations=26 (full 0):
 garbage-first heap   total 227328K, used 153447K [0x0000000080000000, 0x0000000100000000)
  region size 1024K, 51 young (52224K), 7 survivors (7168K)
 Metaspace       used 68761K, capacity 70868K, committed 70992K, reserved 1110016K
  class space    used 8772K, capacity 9524K, committed 9632K, reserved 1048576K
}
Event: 15.893 GC heap after
{Heap after GC invocations=27 (full 0):
 garbage-first heap   total 227328K, used 112793K [0x0000000080000000, 0x0000000100000000)
  region size 1024K, 5 young (5120K), 5 survivors (5120K)
 Metaspace       used 68761K, capacity 70868K, committed 70992K, reserved 1110016K
  class space    used 8772K, capacity 9524K, committed 9632K, reserved 1048576K
}
Event: 16.983 GC heap before
{Heap before GC invocations=28 (full 0):
 garbage-first heap   total 227328K, used 171161K [0x0000000080000000, 0x0000000100000000)
  region size 1024K, 58 young (59392K), 5 survivors (5120K)
 Metaspace       used 72349K, capacity 74449K, committed 74576K, reserved 1114112K
  class space    used 9252K, capacity 10022K, committed 10144K, reserved 1048576K
}
Event: 16.994 GC heap after
{Heap after GC invocations=29 (full 0):
 garbage-first heap   total 227328K, used 114275K [0x0000000080000000, 0x0000000100000000)
  region size 1024K, 4 young (4096K), 4 survivors (4096K)
 Metaspace       used 72349K, capacity 74449K, committed 74576K, reserved 1114112K
  class space    used 9252K, capacity 10022K, committed 10144K, reserved 1048576K
}
Event: 17.019 GC heap before
{Heap before GC invocations=29 (full 0):
 garbage-first heap   total 227328K, used 115299K [0x0000000080000000, 0x0000000100000000)
  region size 1024K, 6 young (6144K), 4 survivors (4096K)
 Metaspace       used 72473K, capacity 74577K, committed 74832K, reserved 1114112K
  class space    used 9260K, capacity 10022K, committed 10144K, reserved 1048576K
}
Event: 17.028 GC heap after
{Heap after GC invocations=30 (full 0):
 garbage-first heap   total 227328K, used 114154K [0x0000000080000000, 0x0000000100000000)
  region size 1024K, 4 young (4096K), 4 survivors (4096K)
 Metaspace       used 72473K, capacity 74577K, committed 74832K, reserved 1114112K
  class space    used 9260K, capacity 10022K, committed 10144K, reserved 1048576K
}
Event: 17.888 GC heap before
{Heap before GC invocations=31 (full 0):
 garbage-first heap   total 227328K, used 173546K [0x0000000080000000, 0x0000000100000000)
  region size 1024K, 61 young (62464K), 4 survivors (4096K)
 Metaspace       used 73787K, capacity 76060K, committed 76368K, reserved 1116160K
  class space    used 9449K, capacity 10273K, committed 10400K, reserved 1048576K
}
Event: 17.902 GC heap after
{Heap after GC invocations=32 (full 0):
 garbage-first heap   total 227328K, used 117358K [0x0000000080000000, 0x0000000100000000)
  region size 1024K, 7 young (7168K), 7 survivors (7168K)
 Metaspace       used 73787K, capacity 76060K, committed 76368K, reserved 1116160K
  class space    used 9449K, capacity 10273K, committed 10400K, reserved 1048576K
}
Event: 19.077 GC heap before
{Heap before GC invocations=32 (full 0):
 garbage-first heap   total 227328K, used 176750K [0x0000000080000000, 0x0000000100000000)
  region size 1024K, 65 young (66560K), 7 survivors (7168K)
 Metaspace       used 79927K, capacity 82141K, committed 82384K, reserved 1120256K
  class space    used 10428K, capacity 11267K, committed 11296K, reserved 1048576K
}
Event: 19.098 GC heap after
{Heap after GC invocations=33 (full 0):
 garbage-first heap   total 227328K, used 120750K [0x0000000080000000, 0x0000000100000000)
  region size 1024K, 7 young (7168K), 7 survivors (7168K)
 Metaspace       used 79927K, capacity 82141K, committed 82384K, reserved 1120256K
  class space    used 10428K, capacity 11267K, committed 11296K, reserved 1048576K
}
Event: 19.789 GC heap before
{Heap before GC invocations=34 (full 0):
 garbage-first heap   total 227328K, used 179118K [0x0000000080000000, 0x0000000100000000)
  region size 1024K, 65 young (66560K), 7 survivors (7168K)
 Metaspace       used 82407K, capacity 84855K, committed 84944K, reserved 1122304K
  class space    used 10671K, capacity 11545K, committed 11552K, reserved 1048576K
}
Event: 19.810 GC heap after
{Heap after GC invocations=35 (full 0):
 garbage-first heap   total 227328K, used 126627K [0x0000000080000000, 0x0000000100000000)
  region size 1024K, 9 young (9216K), 9 survivors (9216K)
 Metaspace       used 82407K, capacity 84855K, committed 84944K, reserved 1122304K
  class space    used 10671K, capacity 11545K, committed 11552K, reserved 1048576K
}
Event: 20.000 GC heap before
{Heap before GC invocations=35 (full 0):
 garbage-first heap   total 227328K, used 136867K [0x0000000080000000, 0x0000000100000000)
  region size 1024K, 21 young (21504K), 9 survivors (9216K)
 Metaspace       used 83611K, capacity 85985K, committed 86224K, reserved 1124352K
  class space    used 10821K, capacity 11683K, committed 11808K, reserved 1048576K
}

