# JRE version: OpenJDK Runtime Environment (11.0.15) (build 11.0.15+0-b2043.56-9505619)
# Java VM: OpenJDK 64-Bit Server VM (11.0.15+0-b2043.56-9505619, mixed mode, tiered, compressed oops, g1 gc, windows-amd64)
Heap:
 garbage-first heap   total 189440K, used 48767K [0x0000000080000000, 0x0000000100000000)
  region size 1024K, 13 young (13312K), 13 survivors (13312K)
 Metaspace       used 55891K, capacity 57590K, committed 57728K, reserved 1110016K
  class space    used 7086K, capacity 7705K, committed 7808K, reserved 1048576K
GC Heap History (20 events):
Event: 14.609 GC heap before
{Heap before GC invocations=8 (full 0):
 garbage-first heap   total 131072K, used 93609K [0x0000000080000000, 0x0000000100000000)
  region size 1024K, 76 young (77824K), 5 survivors (5120K)
 Metaspace       used 29717K, capacity 30434K, committed 30464K, reserved 1075200K
  class space    used 3807K, capacity 4081K, committed 4096K, reserved 1048576K
}
Event: 14.623 GC heap after
{Heap after GC invocations=9 (full 0):
 garbage-first heap   total 131072K, used 22025K [0x0000000080000000, 0x0000000100000000)
  region size 1024K, 6 young (6144K), 6 survivors (6144K)
 Metaspace       used 29717K, capacity 30434K, committed 30464K, reserved 1075200K
  class space    used 3807K, capacity 4081K, committed 4096K, reserved 1048576K
}
Event: 15.984 GC heap before
{Heap before GC invocations=9 (full 0):
 garbage-first heap   total 131072K, used 93705K [0x0000000080000000, 0x0000000100000000)
  region size 1024K, 76 young (77824K), 6 survivors (6144K)
 Metaspace       used 32666K, capacity 33481K, committed 33536K, reserved 1079296K
  class space    used 4271K, capacity 4587K, committed 4608K, reserved 1048576K
}
Event: 15.997 GC heap after
{Heap after GC invocations=10 (full 0):
 garbage-first heap   total 131072K, used 23008K [0x0000000080000000, 0x0000000100000000)
  region size 1024K, 5 young (5120K), 5 survivors (5120K)
 Metaspace       used 32666K, capacity 33481K, committed 33536K, reserved 1079296K
  class space    used 4271K, capacity 4587K, committed 4608K, reserved 1048576K
}
Event: 16.709 GC heap before
{Heap before GC invocations=10 (full 0):
 garbage-first heap   total 131072K, used 63968K [0x0000000080000000, 0x0000000100000000)
  region size 1024K, 46 young (47104K), 5 survivors (5120K)
 Metaspace       used 34951K, capacity 35775K, committed 35840K, reserved 1081344K
  class space    used 4586K, capacity 4928K, committed 4992K, reserved 1048576K
}
Event: 16.728 GC heap after
{Heap after GC invocations=11 (full 0):
 garbage-first heap   total 131072K, used 23724K [0x0000000080000000, 0x0000000100000000)
  region size 1024K, 6 young (6144K), 6 survivors (6144K)
 Metaspace       used 34951K, capacity 35775K, committed 35840K, reserved 1081344K
  class space    used 4586K, capacity 4928K, committed 4992K, reserved 1048576K
}
Event: 17.953 GC heap before
{Heap before GC invocations=12 (full 0):
 garbage-first heap   total 131072K, used 91308K [0x0000000080000000, 0x0000000100000000)
  region size 1024K, 72 young (73728K), 6 survivors (6144K)
 Metaspace       used 38469K, capacity 39410K, committed 39680K, reserved 1083392K
  class space    used 4932K, capacity 5332K, committed 5376K, reserved 1048576K
}
Event: 17.978 GC heap after
{Heap after GC invocations=13 (full 0):
 garbage-first heap   total 131072K, used 25624K [0x0000000080000000, 0x0000000100000000)
  region size 1024K, 7 young (7168K), 7 survivors (7168K)
 Metaspace       used 38469K, capacity 39410K, committed 39680K, reserved 1083392K
  class space    used 4932K, capacity 5332K, committed 5376K, reserved 1048576K
}
Event: 19.112 GC heap before
{Heap before GC invocations=13 (full 0):
 garbage-first heap   total 131072K, used 93208K [0x0000000080000000, 0x0000000100000000)
  region size 1024K, 74 young (75776K), 7 survivors (7168K)
 Metaspace       used 41202K, capacity 42193K, committed 42368K, reserved 1085440K
  class space    used 5233K, capacity 5640K, committed 5760K, reserved 1048576K
}
Event: 19.131 GC heap after
{Heap after GC invocations=14 (full 0):
 garbage-first heap   total 157696K, used 28585K [0x0000000080000000, 0x0000000100000000)
  region size 1024K, 8 young (8192K), 8 survivors (8192K)
 Metaspace       used 41202K, capacity 42193K, committed 42368K, reserved 1085440K
  class space    used 5233K, capacity 5640K, committed 5760K, reserved 1048576K
}
Event: 20.614 GC heap before
{Heap before GC invocations=14 (full 0):
 garbage-first heap   total 157696K, used 122793K [0x0000000080000000, 0x0000000100000000)
  region size 1024K, 88 young (90112K), 8 survivors (8192K)
 Metaspace       used 43884K, capacity 45087K, committed 45184K, reserved 1089536K
  class space    used 5527K, capacity 5964K, committed 6016K, reserved 1048576K
}
Event: 20.634 GC heap after
{Heap after GC invocations=15 (full 0):
 garbage-first heap   total 157696K, used 31002K [0x0000000080000000, 0x0000000100000000)
  region size 1024K, 8 young (8192K), 8 survivors (8192K)
 Metaspace       used 43884K, capacity 45087K, committed 45184K, reserved 1089536K
  class space    used 5527K, capacity 5964K, committed 6016K, reserved 1048576K
}
Event: 21.822 GC heap before
{Heap before GC invocations=15 (full 0):
 garbage-first heap   total 157696K, used 117018K [0x0000000080000000, 0x0000000100000000)
  region size 1024K, 90 young (92160K), 8 survivors (8192K)
 Metaspace       used 47109K, capacity 48446K, committed 48512K, reserved 1091584K
  class space    used 5996K, capacity 6490K, committed 6528K, reserved 1048576K
}
Event: 21.845 GC heap after
{Heap after GC invocations=16 (full 0):
 garbage-first heap   total 157696K, used 35824K [0x0000000080000000, 0x0000000100000000)
  region size 1024K, 9 young (9216K), 9 survivors (9216K)
 Metaspace       used 47109K, capacity 48446K, committed 48512K, reserved 1091584K
  class space    used 5996K, capacity 6490K, committed 6528K, reserved 1048576K
}
Event: 23.046 GC heap before
{Heap before GC invocations=16 (full 0):
 garbage-first heap   total 157696K, used 120816K [0x0000000080000000, 0x0000000100000000)
  region size 1024K, 90 young (92160K), 9 survivors (9216K)
 Metaspace       used 50170K, capacity 51699K, committed 51968K, reserved 1093632K
  class space    used 6367K, capacity 6894K, committed 6912K, reserved 1048576K
}
Event: 23.068 GC heap after
{Heap after GC invocations=17 (full 0):
 garbage-first heap   total 157696K, used 34627K [0x0000000080000000, 0x0000000100000000)
  region size 1024K, 7 young (7168K), 7 survivors (7168K)
 Metaspace       used 50170K, capacity 51699K, committed 51968K, reserved 1093632K
  class space    used 6367K, capacity 6894K, committed 6912K, reserved 1048576K
}
Event: 25.173 GC heap before
{Heap before GC invocations=17 (full 0):
 garbage-first heap   total 157696K, used 120643K [0x0000000080000000, 0x0000000100000000)
  region size 1024K, 90 young (92160K), 7 survivors (7168K)
 Metaspace       used 53319K, capacity 55004K, committed 55296K, reserved 1097728K
  class space    used 6751K, capacity 7369K, committed 7424K, reserved 1048576K
}
Event: 25.197 GC heap after
{Heap after GC invocations=18 (full 0):
 garbage-first heap   total 189440K, used 41603K [0x0000000080000000, 0x0000000100000000)
  region size 1024K, 9 young (9216K), 9 survivors (9216K)
 Metaspace       used 53319K, capacity 55004K, committed 55296K, reserved 1097728K
  class space    used 6751K, capacity 7369K, committed 7424K, reserved 1048576K
}
Event: 26.030 GC heap before
{Heap before GC invocations=18 (full 0):
 garbage-first heap   total 189440K, used 115331K [0x0000000080000000, 0x0000000100000000)
  region size 1024K, 81 young (82944K), 9 survivors (9216K)
 Metaspace       used 55891K, capacity 57590K, committed 57728K, reserved 1107968K
  class space    used 7086K, capacity 7705K, committed 7808K, reserved 1048576K
}
Event: 26.052 GC heap after
{Heap after GC invocations=19 (full 0):
 garbage-first heap   total 189440K, used 48767K [0x0000000080000000, 0x0000000100000000)
  region size 1024K, 13 young (13312K), 13 survivors (13312K)
 Metaspace       used 55891K, capacity 57590K, committed 57728K, reserved 1107968K
  class space    used 7086K, capacity 7705K, committed 7808K, reserved 1048576K
}

